Log file open, 10/18/21 19:04:18
LogInit:Display: Running engine for game: Pinball
LogPlatformFile: Not using cached read wrapper
LogInit:Display: RandInit(-976034391) SRandInit(-976034391).
LogTaskGraph: Started task graph with 5 named threads and 10 total threads with 1 sets of task threads.
LogStats: Stats thread started at 3.656747
LogPluginManager: Loaded Plugin Paper2D, From D:/EpicGames/UE_4.14/Engine/Plugins/2D/Paper2D/Paper2D.uplugin
LogPluginManager: Loaded Plugin LightPropagationVolume, From D:/EpicGames/UE_4.14/Engine/Plugins/Blendables/LightPropagationVolume/LightPropagationVolume.uplugin
LogPluginManager: Loaded Plugin BlankPlugin, From D:/EpicGames/UE_4.14/Engine/Plugins/Developer/BlankPlugin/BlankPlugin.uplugin
LogPluginManager: Loaded Plugin CodeLiteSourceCodeAccess, From D:/EpicGames/UE_4.14/Engine/Plugins/Developer/CodeLiteSourceCodeAccess/CodeLiteSourceCodeAccess.uplugin
LogPluginManager: Loaded Plugin GitSourceControl, From D:/EpicGames/UE_4.14/Engine/Plugins/Developer/GitSourceControl/GitSourceControl.uplugin
LogPluginManager: Loaded Plugin KDevelopSourceCodeAccess, From D:/EpicGames/UE_4.14/Engine/Plugins/Developer/KDevelopSourceCodeAccess/KDevelopSourceCodeAccess.uplugin
LogPluginManager: Loaded Plugin NullSourceCodeAccess, From D:/EpicGames/UE_4.14/Engine/Plugins/Developer/NullSourceCodeAccess/NullSourceCodeAccess.uplugin
LogPluginManager: Loaded Plugin OneSkyLocalizationService, From D:/EpicGames/UE_4.14/Engine/Plugins/Developer/OneSkyLocalizationService/OneSkyLocalizationService.uplugin
LogPluginManager: Loaded Plugin PerforceSourceControl, From D:/EpicGames/UE_4.14/Engine/Plugins/Developer/PerforceSourceControl/PerforceSourceControl.uplugin
LogPluginManager: Loaded Plugin SubversionSourceControl, From D:/EpicGames/UE_4.14/Engine/Plugins/Developer/SubversionSourceControl/SubversionSourceControl.uplugin
LogPluginManager: Loaded Plugin UObjectPlugin, From D:/EpicGames/UE_4.14/Engine/Plugins/Developer/UObjectPlugin/UObjectPlugin.uplugin
LogPluginManager: Loaded Plugin VisualStudioSourceCodeAccess, From D:/EpicGames/UE_4.14/Engine/Plugins/Developer/VisualStudioSourceCodeAccess/VisualStudioSourceCodeAccess.uplugin
LogPluginManager: Loaded Plugin XCodeSourceCodeAccess, From D:/EpicGames/UE_4.14/Engine/Plugins/Developer/XCodeSourceCodeAccess/XCodeSourceCodeAccess.uplugin
LogPluginManager: Loaded Plugin AudioCapture, From D:/EpicGames/UE_4.14/Engine/Plugins/Editor/AudioCapture/AudioCapture.uplugin
LogPluginManager: Loaded Plugin EpicSurvey, From D:/EpicGames/UE_4.14/Engine/Plugins/Editor/EpicSurvey/EpicSurvey.uplugin
LogPluginManager: Loaded Plugin MacGraphicsSwitching, From D:/EpicGames/UE_4.14/Engine/Plugins/Editor/MacGraphicsSwitching/MacGraphicsSwitching.uplugin
LogPluginManager: Loaded Plugin MobileLauncherProfileWizard, From D:/EpicGames/UE_4.14/Engine/Plugins/Editor/MobileLauncherProfileWizard/MobileLauncherProfileWizard.uplugin
LogPluginManager: Loaded Plugin PluginBrowser, From D:/EpicGames/UE_4.14/Engine/Plugins/Editor/PluginBrowser/PluginBrowser.uplugin
LogPluginManager: Loaded Plugin SpeedTreeImporter, From D:/EpicGames/UE_4.14/Engine/Plugins/Editor/SpeedTreeImporter/SpeedTreeImporter.uplugin
LogPluginManager: Loaded Plugin SuperSearchEditor, From D:/EpicGames/UE_4.14/Engine/Plugins/Editor/SuperSearchEditor/SuperSearchEditor.uplugin
LogPluginManager: Loaded Plugin AlembicImporter, From D:/EpicGames/UE_4.14/Engine/Plugins/Experimental/AlembicImporter/AlembicImporter.uplugin
LogPluginManager: Loaded Plugin BlueprintStats, From D:/EpicGames/UE_4.14/Engine/Plugins/Experimental/BlueprintStats/BlueprintStats.uplugin
LogPluginManager: Loaded Plugin CharacterAI, From D:/EpicGames/UE_4.14/Engine/Plugins/Experimental/CharacterAI/CharacterAI.uplugin
LogPluginManager: Loaded Plugin CodeEditor, From D:/EpicGames/UE_4.14/Engine/Plugins/Experimental/CodeEditor/CodeEditor.uplugin
LogPluginManager: Loaded Plugin CodeView, From D:/EpicGames/UE_4.14/Engine/Plugins/Experimental/CodeView/CodeView.uplugin
LogPluginManager: Loaded Plugin HTML5Networking, From D:/EpicGames/UE_4.14/Engine/Plugins/Experimental/HTML5Networking/HTML5Networking.uplugin
LogPluginManager: Loaded Plugin OSVR, From D:/EpicGames/UE_4.14/Engine/Plugins/Experimental/OSVR/OSVR.uplugin
LogPluginManager: Loaded Plugin Phya, From D:/EpicGames/UE_4.14/Engine/Plugins/Experimental/Phya/Phya.uplugin
LogPluginManager: Loaded Plugin SignificanceManager, From D:/EpicGames/UE_4.14/Engine/Plugins/Experimental/SignificanceManager/SignificanceManager.uplugin
LogPluginManager: Loaded Plugin SimpleHMD, From D:/EpicGames/UE_4.14/Engine/Plugins/Experimental/SimpleHMD/SimpleHMD.uplugin
LogPluginManager: Loaded Plugin StereoPanorama, From D:/EpicGames/UE_4.14/Engine/Plugins/Experimental/StereoPanorama/StereoPanorama.uplugin
LogPluginManager: Loaded Plugin StructBox, From D:/EpicGames/UE_4.14/Engine/Plugins/Experimental/StructBox/StructBox.uplugin
LogPluginManager: Loaded Plugin AndroidMedia, From D:/EpicGames/UE_4.14/Engine/Plugins/Media/AndroidMedia/AndroidMedia.uplugin
LogPluginManager: Loaded Plugin AvfMedia, From D:/EpicGames/UE_4.14/Engine/Plugins/Media/AvfMedia/AvfMedia.uplugin
LogPluginManager: Loaded Plugin MediaPlayerEditor, From D:/EpicGames/UE_4.14/Engine/Plugins/Media/MediaPlayerEditor/MediaPlayerEditor.uplugin
LogPluginManager: Loaded Plugin WmfMedia, From D:/EpicGames/UE_4.14/Engine/Plugins/Media/WmfMedia/WmfMedia.uplugin
LogPluginManager: Loaded Plugin MessagingDebugger, From D:/EpicGames/UE_4.14/Engine/Plugins/Messaging/MessagingDebugger/MessagingDebugger.uplugin
LogPluginManager: Loaded Plugin TcpMessaging, From D:/EpicGames/UE_4.14/Engine/Plugins/Messaging/TcpMessaging/TcpMessaging.uplugin
LogPluginManager: Loaded Plugin UdpMessaging, From D:/EpicGames/UE_4.14/Engine/Plugins/Messaging/UdpMessaging/UdpMessaging.uplugin
LogPluginManager: Loaded Plugin LevelSequenceEditor, From D:/EpicGames/UE_4.14/Engine/Plugins/MovieScene/LevelSequenceEditor/LevelSequenceEditor.uplugin
LogPluginManager: Loaded Plugin MatineeToLevelSequence, From D:/EpicGames/UE_4.14/Engine/Plugins/MovieScene/MatineeToLevelSequence/MatineeToLevelSequence.uplugin
LogPluginManager: Loaded Plugin NetcodeUnitTest, From D:/EpicGames/UE_4.14/Engine/Plugins/NetcodeUnitTest/NetcodeUnitTest/NetcodeUnitTest.uplugin
LogPluginManager: Loaded Plugin NUTUnrealEngine4, From D:/EpicGames/UE_4.14/Engine/Plugins/NetcodeUnitTest/NUTUnrealEngine4/NUTUnrealEngine4.uplugin
LogPluginManager: Loaded Plugin OnlineSubsystemGameCircle, From D:/EpicGames/UE_4.14/Engine/Plugins/Online/Android/OnlineSubsystemGameCircle/OnlineSubsystemGameCircle.uplugin
LogPluginManager: Loaded Plugin OnlineSubsystemGooglePlay, From D:/EpicGames/UE_4.14/Engine/Plugins/Online/Android/OnlineSubsystemGooglePlay/OnlineSubsystemGooglePlay.uplugin
LogPluginManager: Loaded Plugin OnlineSubsystemIOS, From D:/EpicGames/UE_4.14/Engine/Plugins/Online/IOS/OnlineSubsystemIOS/OnlineSubsystemIOS.uplugin
LogPluginManager: Loaded Plugin OnlineFramework, From D:/EpicGames/UE_4.14/Engine/Plugins/Online/OnlineFramework/OnlineFramework.uplugin
LogPluginManager: Loaded Plugin OnlineSubsystem, From D:/EpicGames/UE_4.14/Engine/Plugins/Online/OnlineSubsystem/OnlineSubsystem.uplugin
LogPluginManager: Loaded Plugin OnlineSubsystemAmazon, From D:/EpicGames/UE_4.14/Engine/Plugins/Online/OnlineSubsystemAmazon/OnlineSubsystemAmazon.uplugin
LogPluginManager: Loaded Plugin OnlineSubsystemFacebook, From D:/EpicGames/UE_4.14/Engine/Plugins/Online/OnlineSubsystemFacebook/OnlineSubsystemFacebook.uplugin
LogPluginManager: Loaded Plugin OnlineSubsystemNull, From D:/EpicGames/UE_4.14/Engine/Plugins/Online/OnlineSubsystemNull/OnlineSubsystemNull.uplugin
LogPluginManager: Loaded Plugin OnlineSubsystemOculus, From D:/EpicGames/UE_4.14/Engine/Plugins/Online/OnlineSubsystemOculus/OnlineSubsystemOculus.uplugin
LogPluginManager: Loaded Plugin OnlineSubsystemSteam, From D:/EpicGames/UE_4.14/Engine/Plugins/Online/OnlineSubsystemSteam/OnlineSubsystemSteam.uplugin
LogPluginManager: Loaded Plugin OnlineSubsystemUtils, From D:/EpicGames/UE_4.14/Engine/Plugins/Online/OnlineSubsystemUtils/OnlineSubsystemUtils.uplugin
LogPluginManager: Loaded Plugin IOSTapJoy, From D:/EpicGames/UE_4.14/Engine/Plugins/Runtime/Advertising/IOSTapJoy/IOSTapJoy.uplugin
LogPluginManager: Loaded Plugin AnalyticsBlueprintLibrary, From D:/EpicGames/UE_4.14/Engine/Plugins/Runtime/Analytics/AnalyticsBlueprintLibrary/AnalyticsBlueprintLibrary.uplugin
LogPluginManager: Loaded Plugin AnalyticsMulticast, From D:/EpicGames/UE_4.14/Engine/Plugins/Runtime/Analytics/AnalyticsMulticast/AnalyticsMulticast.uplugin
LogPluginManager: Loaded Plugin Apsalar, From D:/EpicGames/UE_4.14/Engine/Plugins/Runtime/Analytics/Apsalar/Apsalar.uplugin
LogPluginManager: Loaded Plugin FileLogging, From D:/EpicGames/UE_4.14/Engine/Plugins/Runtime/Analytics/FileLogging/FileLogging.uplugin
LogPluginManager: Loaded Plugin Flurry, From D:/EpicGames/UE_4.14/Engine/Plugins/Runtime/Analytics/Flurry/Flurry.uplugin
LogPluginManager: Loaded Plugin AndroidDeviceProfileSelector, From D:/EpicGames/UE_4.14/Engine/Plugins/Runtime/AndroidDeviceProfileSelector/AndroidDeviceProfileSelector.uplugin
LogPluginManager: Loaded Plugin AndroidMoviePlayer, From D:/EpicGames/UE_4.14/Engine/Plugins/Runtime/AndroidMoviePlayer/AndroidMoviePlayer.uplugin
LogPluginManager: Loaded Plugin AppleMoviePlayer, From D:/EpicGames/UE_4.14/Engine/Plugins/Runtime/AppleMoviePlayer/AppleMoviePlayer.uplugin
LogPluginManager: Loaded Plugin ArchVisCharacter, From D:/EpicGames/UE_4.14/Engine/Plugins/Runtime/ArchVisCharacter/ArchVisCharacter.uplugin
LogPluginManager: Loaded Plugin CableComponent, From D:/EpicGames/UE_4.14/Engine/Plugins/Runtime/CableComponent/CableComponent.uplugin
LogPluginManager: Loaded Plugin CustomMeshComponent, From D:/EpicGames/UE_4.14/Engine/Plugins/Runtime/CustomMeshComponent/CustomMeshComponent.uplugin
LogPluginManager: Loaded Plugin ExampleDeviceProfileSelector, From D:/EpicGames/UE_4.14/Engine/Plugins/Runtime/ExampleDeviceProfileSelector/ExampleDeviceProfileSelector.uplugin
LogPluginManager: Loaded Plugin GearVR, From D:/EpicGames/UE_4.14/Engine/Plugins/Runtime/GearVR/GearVR.uplugin
LogPluginManager: Loaded Plugin GoogleVRController, From D:/EpicGames/UE_4.14/Engine/Plugins/Runtime/GoogleVR/GoogleVRController/GoogleVRController.uplugin
LogPluginManager: Loaded Plugin GoogleVRHMD, From D:/EpicGames/UE_4.14/Engine/Plugins/Runtime/GoogleVR/GoogleVRHMD/GoogleVRHMD.uplugin
LogPluginManager: Loaded Plugin IOSDeviceProfileSelector, From D:/EpicGames/UE_4.14/Engine/Plugins/Runtime/IOSDeviceProfileSelector/IOSDeviceProfileSelector.uplugin
LogPluginManager: Loaded Plugin LeapMotion, From D:/EpicGames/UE_4.14/Engine/Plugins/Runtime/LeapMotion/LeapMotion.uplugin
LogPluginManager: Loaded Plugin LinuxDeviceProfileSelector, From D:/EpicGames/UE_4.14/Engine/Plugins/Runtime/LinuxDeviceProfileSelector/LinuxDeviceProfileSelector.uplugin
LogPluginManager: Loaded Plugin MIDIDevice, From D:/EpicGames/UE_4.14/Engine/Plugins/Runtime/MIDIDevice/MIDIDevice.uplugin
LogPluginManager: Loaded Plugin MobilePatchingUtils, From D:/EpicGames/UE_4.14/Engine/Plugins/Runtime/MobilePatchingUtils/MobilePatchingUtils.uplugin
LogPluginManager: Loaded Plugin Ansel, From D:/EpicGames/UE_4.14/Engine/Plugins/Runtime/Nvidia/Ansel/Ansel.uplugin
LogPluginManager: Loaded Plugin OculusAudio, From D:/EpicGames/UE_4.14/Engine/Plugins/Runtime/OculusAudio/OculusAudio.uplugin
LogPluginManager: Loaded Plugin OculusInput, From D:/EpicGames/UE_4.14/Engine/Plugins/Runtime/OculusInput/OculusInput.uplugin
LogPluginManager: Loaded Plugin OculusLibrary, From D:/EpicGames/UE_4.14/Engine/Plugins/Runtime/OculusLibrary/OculusLibrary.uplugin
LogPluginManager: Loaded Plugin OculusRift, From D:/EpicGames/UE_4.14/Engine/Plugins/Runtime/OculusRift/OculusRift.uplugin
LogPluginManager: Loaded Plugin Oodle, From D:/EpicGames/UE_4.14/Engine/Plugins/Runtime/PacketHandlers/CompressionComponents/Oodle/Oodle.uplugin
LogPluginManager: Loaded Plugin ProceduralMeshComponent, From D:/EpicGames/UE_4.14/Engine/Plugins/Runtime/ProceduralMeshComponent/ProceduralMeshComponent.uplugin
LogPluginManager: Loaded Plugin SoundMod, From D:/EpicGames/UE_4.14/Engine/Plugins/Runtime/SoundMod/SoundMod.uplugin
LogPluginManager: Loaded Plugin SoundVisualizations, From D:/EpicGames/UE_4.14/Engine/Plugins/Runtime/SoundVisualizations/SoundVisualizations.uplugin
LogPluginManager: Loaded Plugin SteamController, From D:/EpicGames/UE_4.14/Engine/Plugins/Runtime/Steam/SteamController/SteamController.uplugin
LogPluginManager: Loaded Plugin SteamVR, From D:/EpicGames/UE_4.14/Engine/Plugins/Runtime/Steam/SteamVR/SteamVR.uplugin
LogPluginManager: Loaded Plugin WebBrowserWidget, From D:/EpicGames/UE_4.14/Engine/Plugins/Runtime/WebBrowserWidget/WebBrowserWidget.uplugin
LogPluginManager: Loaded Plugin WindowsDeviceProfileSelector, From D:/EpicGames/UE_4.14/Engine/Plugins/Runtime/WindowsDeviceProfileSelector/WindowsDeviceProfileSelector.uplugin
LogPluginManager: Loaded Plugin WindowsMoviePlayer, From D:/EpicGames/UE_4.14/Engine/Plugins/Runtime/WindowsMoviePlayer/WindowsMoviePlayer.uplugin
LogPluginManager: Loaded Plugin ScriptPlugin, From D:/EpicGames/UE_4.14/Engine/Plugins/ScriptPlugin/ScriptPlugin.uplugin
LogPluginManager: Loaded Plugin SlateRemote, From D:/EpicGames/UE_4.14/Engine/Plugins/Slate/SlateRemote/SlateRemote.uplugin
LogPluginManager: Loaded Plugin EditorTests, From D:/EpicGames/UE_4.14/Engine/Plugins/Tests/EditorTests/EditorTests.uplugin
LogPluginManager: Loaded Plugin FbxAutomationTestBuilder, From D:/EpicGames/UE_4.14/Engine/Plugins/Tests/FbxAutomationTestBuilder/FbxAutomationTestBuilder.uplugin
LogPluginManager: Loaded Plugin FunctionalTestingEditor, From D:/EpicGames/UE_4.14/Engine/Plugins/Tests/FunctionalTestingEditor/FunctionalTestingEditor.uplugin
LogPluginManager: Loaded Plugin RuntimeTests, From D:/EpicGames/UE_4.14/Engine/Plugins/Tests/RuntimeTests/RuntimeTests.uplugin
LogPluginManager: Loaded Plugin ScreenshotTools, From D:/EpicGames/UE_4.14/Engine/Plugins/Tests/ScreenshotTools/ScreenshotTools.uplugin
LogInit: Using libcurl 7.47.1
LogInit:  - built for x86_64-pc-win32
LogInit:  - supports SSL with OpenSSL/1.0.2g
LogInit:  - supports HTTP deflate (compression) using libz 1.2.8
LogInit:  - other features:
LogInit:      CURL_VERSION_SSL
LogInit:      CURL_VERSION_LIBZ
LogInit:      CURL_VERSION_IPV6
LogInit:      CURL_VERSION_ASYNCHDNS
LogInit:      CURL_VERSION_LARGEFILE
LogInit:      CURL_VERSION_IDN
LogInit:  CurlRequestOptions (configurable via config and command line):
LogInit:  - bVerifyPeer = false  - Libcurl will NOT verify peer certificate
LogInit:  - bUseHttpProxy = false  - Libcurl will NOT use HTTP proxy
LogInit:  - bDontReuseConnections = false  - Libcurl will reuse connections
LogInit:  - CertBundlePath = nullptr  - Libcurl will use whatever was configured at build time.
LogInit: Build: ++UE4+Release-4.14-CL-3249277
LogInit: Engine Version: 4.14.3-3249277+++UE4+Release-4.14
LogInit: Compatible Engine Version: 4.14.0-3195953+++UE4+Release-4.14
LogInit: Net CL: 3195953
LogDevObjectVersion: Number of dev versions registered: 13
LogDevObjectVersion:   Dev-Blueprints (B0D832E4-1F89-4F0D-ACCF-7EB736FD4AA2): 7
LogDevObjectVersion:   Dev-Build (E1C64328-A22C-4D53-A36C-8E866417BD8C): 0
LogDevObjectVersion:   Dev-Core (375EC13C-06E4-48FB-B500-84F0262A717E): 1
LogDevObjectVersion:   Dev-Editor (E4B068ED-F494-42E9-A231-DA0B2E46BB41): 8
LogDevObjectVersion:   Dev-Framework (CFFC743F-43B0-4480-9391-14DF171D2073): 17
LogDevObjectVersion:   Dev-Mobile (B02B49B5-BB20-44E9-A304-32B752E40360): 0
LogDevObjectVersion:   Dev-Networking (A4E4105C-59A1-49B5-A7C5-40C4547EDFEE): 0
LogDevObjectVersion:   Dev-Online (39C831C9-5AE6-47DC-9A44-9C173E1C8E7C): 0
LogDevObjectVersion:   Dev-Physics (78F01B33-EBEA-4F98-B9B4-84EACCB95AA2): 0
LogDevObjectVersion:   Dev-Platform (6631380F-2D4D-43E0-8009-CF276956A95A): 0
LogDevObjectVersion:   Dev-Rendering (12F88B9F-8875-4AFC-A67C-D90C383ABD29): 12
LogDevObjectVersion:   Dev-Sequencer (7B5AE74C-D270-4C10-A958-57980B212A5A): 1
LogDevObjectVersion:   Dev-VR (D7296918-1DD6-4BDD-9DE2-64A83CC13884): 0
LogInit: Compiled (64-bit): Jan  6 2017 10:49:43
LogInit: Compiled with Visual C++: 19.00.23026.00
LogInit: Build Configuration: Development
LogInit: Branch Name: ++UE4+Release-4.14
LogInit: Command line:  
LogInit: Base directory: D:/EpicGames/UE_4.14/Engine/Binaries/Win64/
LogInit: Installed Engine Build: 1
LogInit: Presizing for max 8388607 objects, including 0 objects not considered by GC, pre-allocating 0 bytes for permanent pool.
LogInit: Object subsystem initialized
[2021.10.18-23.04.19:209][  0]LogInit: Selected Device Profile: [Windows]
[2021.10.18-23.04.19:209][  0]LogInit: Applying CVar settings loaded from the selected device profile: [Windows]
[2021.10.18-23.04.19:442][  0]LogInit: Computer: DESKTOP-GK7AF5R
[2021.10.18-23.04.19:442][  0]LogInit: User: jerye
[2021.10.18-23.04.19:442][  0]LogInit: CPU Page size=65536, Cores=6
[2021.10.18-23.04.19:442][  0]LogInit: High frequency timer resolution =10.000000 MHz
[2021.10.18-23.04.19:442][  0]LogMemory: Memory total: Physical=31.9GB (32GB approx)
[2021.10.18-23.04.19:442][  0]LogMemory: Platform Memory Stats for Windows
[2021.10.18-23.04.19:442][  0]LogMemory: Process Physical Memory: 264.39 MB used, 264.39 MB peak
[2021.10.18-23.04.19:442][  0]LogMemory: Process Virtual Memory: 260.05 MB used, 260.05 MB peak
[2021.10.18-23.04.19:442][  0]LogMemory: Physical Memory: 6407.68 MB used,  26270.20 MB free, 32677.88 MB total
[2021.10.18-23.04.19:442][  0]LogMemory: Virtual Memory: 4795.36 MB used,  26270.20 MB free, 134217728.00 MB total
[2021.10.18-23.04.20:714][  0]LogTextLocalizationManager: No specific translations for ('en-CA') exist, so ('en') translations will be used.
[2021.10.18-23.04.24:425][  0]LogD3D11RHI: D3D11 adapters:
[2021.10.18-23.04.24:470][  0]LogD3D11RHI:    0. 'AMD Radeon RX 5700 XT' (Feature Level 11_0)
[2021.10.18-23.04.24:470][  0]LogD3D11RHI:       8151/0/16338 MB DedicatedVideo/DedicatedSystem/SharedSystem, Outputs:2, VendorId:0x1002
[2021.10.18-23.04.24:472][  0]LogD3D11RHI:    1. 'Microsoft Basic Render Driver' (Feature Level 11_0)
[2021.10.18-23.04.24:472][  0]LogD3D11RHI:       0/0/16338 MB DedicatedVideo/DedicatedSystem/SharedSystem, Outputs:0, VendorId:0x1414
[2021.10.18-23.04.24:472][  0]LogD3D11RHI: Chosen D3D11 Adapter: 0
[2021.10.18-23.04.24:480][  0]LogD3D11RHI: Creating new Direct3DDevice
[2021.10.18-23.04.24:480][  0]LogD3D11RHI:     GPU DeviceId: 0x731f (for the marketing name, search the web for "GPU Device Id")
[2021.10.18-23.04.24:480][  0]LogWindows: EnumDisplayDevices:
[2021.10.18-23.04.24:480][  0]LogWindows:    0. 'AMD Radeon RX 5700 XT' (P:1 D:1)
[2021.10.18-23.04.24:480][  0]LogWindows:    1. 'AMD Radeon RX 5700 XT' (P:0 D:1)
[2021.10.18-23.04.24:480][  0]LogWindows:    2. 'AMD Radeon RX 5700 XT' (P:0 D:0)
[2021.10.18-23.04.24:481][  0]LogWindows:    3. 'AMD Radeon RX 5700 XT' (P:0 D:0)
[2021.10.18-23.04.24:481][  0]LogWindows:    4. 'AMD Radeon RX 5700 XT' (P:0 D:0)
[2021.10.18-23.04.24:481][  0]LogWindows:    5. 'AMD Radeon RX 5700 XT' (P:0 D:0)
[2021.10.18-23.04.24:481][  0]LogWindows:    6. 'AMD Radeon RX 5700 XT' (P:0 D:0)
[2021.10.18-23.04.24:481][  0]LogWindows: DebugString: GetVideoDriverDetailsInvalid PrimaryIsNotTheChoosenAdapter GetVideoDriverDetailsInvalid PrimaryIsNotTheChoosenAdapter GetVideoDriverDetailsInvalid PrimaryIsNotTheChoosenAdapter GetVideoDriverDetailsInvalid PrimaryIsNotTheChoosenAdapter GetVideoDriverDetailsInvalid PrimaryIsNotTheChoosenAdapter GetVideoDriverDetailsInvalid PrimaryIsNotTheChoosenAdapter GetVideoDriverDetailsInvalid PrimaryIsNotTheChoosenAdapter FoundDriverCount:0 
[2021.10.18-23.04.24:481][  0]LogD3D11RHI:     Adapter Name: AMD Radeon RX 5700 XT
[2021.10.18-23.04.24:481][  0]LogD3D11RHI:   Driver Version: Unknown (internal:Unknown, unified:Unknown)
[2021.10.18-23.04.24:481][  0]LogD3D11RHI:      Driver Date: Unknown
[2021.10.18-23.04.24:492][  0]LogRHI: Texture pool is 1361 MB (70% of 1945 MB)
[2021.10.18-23.04.24:519][  0]LogD3D11RHI: Async texture creation enabled
[2021.10.18-23.04.24:776][  0]LogD3D11RHI: GPU Timing Frequency: 100.000000 (Debug: 2 1)
[2021.10.18-23.04.25:045][  0]LogShaderCompilers: Guid format shader working directory is -34 characters bigger than the processId version (../../../../../GitHub Projects/Udemy_Unreal/Udemy_Pinball/Udemy_Pinball/Pinball/Intermediate/Shaders/WorkingDirectory/20420/).
[2021.10.18-23.04.25:045][  0]LogShaderCompilers: Cleaned the shader compiler working directory 'C:/Users/jerye/AppData/Local/Temp/UnrealShaderWorkingDir/C6DF0EEF48BDC1DC04AF40AFB8648D0B/'.
[2021.10.18-23.04.25:054][  0]LogShaderCompilers:Display: Using Local Shader Compiler.
[2021.10.18-23.04.29:313][  0]LogTemp:Display: Loaded TP AllDesktopTargetPlatform
[2021.10.18-23.04.29:368][  0]LogTemp:Display: Loaded TP MacClientTargetPlatform
[2021.10.18-23.04.29:421][  0]LogTemp:Display: Loaded TP MacNoEditorTargetPlatform
[2021.10.18-23.04.29:474][  0]LogTemp:Display: Loaded TP MacServerTargetPlatform
[2021.10.18-23.04.29:552][  0]LogTemp:Display: Loaded TP MacTargetPlatform
[2021.10.18-23.04.29:607][  0]LogTemp:Display: Loaded TP WindowsClientTargetPlatform
[2021.10.18-23.04.29:660][  0]LogTemp:Display: Loaded TP WindowsNoEditorTargetPlatform
[2021.10.18-23.04.29:712][  0]LogTemp:Display: Loaded TP WindowsServerTargetPlatform
[2021.10.18-23.04.29:755][  0]LogTemp:Display: Loaded TP WindowsTargetPlatform
[2021.10.18-23.04.29:820][  0]LogTemp:Display: Loaded TP AndroidTargetPlatform
[2021.10.18-23.04.29:878][  0]LogTemp:Display: Loaded TP Android_ASTCTargetPlatform
[2021.10.18-23.04.29:941][  0]LogTemp:Display: Loaded TP Android_ATCTargetPlatform
[2021.10.18-23.04.29:997][  0]LogTemp:Display: Loaded TP Android_DXTTargetPlatform
[2021.10.18-23.04.30:058][  0]LogTemp:Display: Loaded TP Android_ETC1TargetPlatform
[2021.10.18-23.04.30:121][  0]LogTemp:Display: Loaded TP Android_ETC2TargetPlatform
[2021.10.18-23.04.30:257][  0]LogTemp:Display: Loaded TP Android_MultiTargetPlatform
[2021.10.18-23.04.30:257][  0]LogTemp:Display: Loaded TP Android_PVRTCTargetPlatform
[2021.10.18-23.04.30:294][  0]LogTemp:Display: Loaded TP HTML5TargetPlatform
[2021.10.18-23.04.30:581][  0]LogTemp:Display: Loaded TP IOSTargetPlatform
[2021.10.18-23.04.30:613][  0]LogTemp:Display: Loaded TP TVOSTargetPlatform
[2021.10.18-23.04.30:664][  0]LogTemp:Display: Loaded TP LinuxClientTargetPlatform
[2021.10.18-23.04.30:717][  0]LogTemp:Display: Loaded TP LinuxNoEditorTargetPlatform
[2021.10.18-23.04.30:768][  0]LogTemp:Display: Loaded TP LinuxServerTargetPlatform
[2021.10.18-23.04.30:838][  0]LogTemp:Display: Loaded TP LinuxTargetPlatform
[2021.10.18-23.04.30:838][  0]LogTargetPlatformManager:Display: Building Assets For Windows
[2021.10.18-23.04.32:088][  0]LogDerivedDataCache:Display: Max Cache Size: 512 MB
[2021.10.18-23.04.32:281][  0]LogDerivedDataCache: Loaded boot cache 0.19s 50MB C:/Users/jerye/AppData/Local/UnrealEngine/4.14/DerivedDataCache/Boot.ddc.
[2021.10.18-23.04.32:282][  0]LogDerivedDataCache:Display: Loaded Boot cache: C:/Users/jerye/AppData/Local/UnrealEngine/4.14/DerivedDataCache/Boot.ddc
[2021.10.18-23.04.32:282][  0]LogDerivedDataCache: FDerivedDataBackendGraph:  Pak pak cache file ../../../../../GitHub Projects/Udemy_Unreal/Udemy_Pinball/Udemy_Pinball/Pinball/DerivedDataCache/DDC.ddp not found, will not use a pak cache.
[2021.10.18-23.04.32:282][  0]LogDerivedDataCache: Unable to find inner node Pak for hierarchical cache Hierarchy.
[2021.10.18-23.04.32:282][  0]LogDerivedDataCache: FDerivedDataBackendGraph:  CompressedPak pak cache file ../../../../../GitHub Projects/Udemy_Unreal/Udemy_Pinball/Udemy_Pinball/Pinball/DerivedDataCache/Compressed.ddp not found, will not use a pak cache.
[2021.10.18-23.04.32:282][  0]LogDerivedDataCache: Unable to find inner node CompressedPak for hierarchical cache Hierarchy.
[2021.10.18-23.04.32:353][  0]LogDerivedDataCache:Display: Pak cache opened for reading ../../../Engine/DerivedDataCache/Compressed.ddp.
[2021.10.18-23.04.32:366][  0]LogDerivedDataCache: Using Local data cache path C:/Users/jerye/AppData/Local/UnrealEngine/Common/DerivedDataCache: Writable
[2021.10.18-23.04.41:218][  0]LogInit: Selected Device Profile: [Windows]
[2021.10.18-23.04.41:251][  0]LogContentStreaming: Texture pool size is 0.00 MB
[2021.10.18-23.04.41:991][  0]LogMeshUtilities: Using QuadricMeshReduction for automatic static mesh reduction
[2021.10.18-23.04.42:301][  0]LogSimplygon: Simplygon DLL not present - disabling.
[2021.10.18-23.04.42:375][  0]LogMeshUtilities: Using SimplygonSwarm for distributed automatic mesh merging
[2021.10.18-23.04.42:375][  0]LogMeshUtilities: No automatic skeletal mesh reduction module available
[2021.10.18-23.04.42:375][  0]LogMeshUtilities: No automatic mesh merging module available
[2021.10.18-23.04.49:451][  0]LogNetVersion: GetLocalNetworkVersion: CL: 3195953, ProjectName: pinball, ProjectVersion: , EngineNetworkVersion: 2, GameNetworkVersion: 0, NetworkChecksum: 1748929517
[2021.10.18-23.04.49:749][  0]LogAssetRegistry: FAssetRegistry took 0.0257 seconds to start up
[2021.10.18-23.04.50:013][  0]LogPackageLocalizationCache: Processed 3 localized package path(s) for 2 prioritized culture(s) in 0.187562 seconds
[2021.10.18-23.04.50:049][  0]LogUObjectArray: 31946 objects as part of root set at end of initial load.
[2021.10.18-23.04.50:049][  0]LogUObjectAllocator: 6935840 out of 0 bytes used by permanent object pool.
[2021.10.18-23.04.50:049][  0]LogUObjectArray: CloseDisregardForGC: 0/0 objects in disregard for GC pool
[2021.10.18-23.04.50:153][  0]LogInit: WinSock: version 1.1 (2.2), MaxSocks=32767, MaxUdp=65467
[2021.10.18-23.04.54:014][  0]LogSlate: Using Freetype 2.6.0
[2021.10.18-23.04.54:093][  0]LogSlate: SlateFontCache - WITH_FREETYPE: 1, WITH_HARFBUZZ: 1
[2021.10.18-23.04.54:093][  0]LogSlate: SlateFontCache - WITH_FREETYPE: 1, WITH_HARFBUZZ: 1
[2021.10.18-23.05.11:120][  0]LogTcpMessaging: Initializing TcpMessaging bridge
[2021.10.18-23.05.11:188][  0]LogUdpMessaging: Initializing bridge on interface 0.0.0.0:0 to multicast group 230.0.0.1:6666.
[2021.10.18-23.05.12:700][  0]LogMaterial: Uniform references updated for custom material expression Custom.
[2021.10.18-23.05.13:657][  0]SourceControl: Info Source control is disabled
[2021.10.18-23.05.13:665][  0]SourceControl: Info Source control is disabled
[2021.10.18-23.05.13:765][  0]SourceControl: Info Source control is disabled
[2021.10.18-23.05.13:850][  0]SourceControl: Info Source control is disabled
[2021.10.18-23.05.18:605][  0]LogEngine: Initializing Engine...
[2021.10.18-23.05.18:637][  0]LogHMD: Failed to initialize OpenVR with code 110
[2021.10.18-23.05.20:155][  0]LogAIModule: Creating AISystem for world Untitled
[2021.10.18-23.05.20:364][  0]LogInit: XAudio2 using 'Speakers (High Definition Audio Device)' : 2 channels at 48 kHz using 16 bits per sample (channel mask 0x3)
[2021.10.18-23.05.20:388][  0]LogInit: FAudioDevice initialized.
[2021.10.18-23.05.20:417][  0]LogDerivedDataCache: Saved boot cache 0.03s 50MB C:/Users/jerye/AppData/Local/UnrealEngine/4.14/DerivedDataCache/Boot.ddc.
[2021.10.18-23.05.20:422][  0]LogInit: Texture streaming: Enabled
[2021.10.18-23.05.20:920][  0]LogInit: Transaction tracking system initialized
[2021.10.18-23.05.21:581][  0]BlueprintLog: New page: Editor Load
[2021.10.18-23.05.27:691][  0]LocalizationService: Info Localization service is disabled
[2021.10.18-23.05.30:453][  0]LogConsoleResponse:Display: 
[2021.10.18-23.05.33:343][  0]LogFileCache: Scanning file cache for directory 'D:/GitHub Projects/Udemy_Unreal/Udemy_Pinball/Udemy_Pinball/Pinball/Content/' took 0.03s
[2021.10.18-23.05.33:343][  0]LogCook:Display: Max memory allowance for cook 16384mb min free memory 0mb
[2021.10.18-23.05.33:343][  0]LogCook:Display: Mobile HDR setting 1
[2021.10.18-23.05.37:998][  0]SourceControl: Info Source control is disabled
[2021.10.18-23.05.38:049][  0]Cmd: MAP LOAD FILE="../../../../../GitHub Projects/Udemy_Unreal/Udemy_Pinball/Udemy_Pinball/Pinball/Content/Maps/MainLevel.umap" TEMPLATE=0 SHOWPROGRESS=1 FEATURELEVEL=3
[2021.10.18-23.05.38:318][  0]LightingResults: New page: Lighting Build
[2021.10.18-23.05.38:511][  0]MapCheck: New page: Map Check
[2021.10.18-23.05.38:511][  0]LightingResults: New page: Lighting Build
[2021.10.18-23.05.40:885][  0]LogAIModule: Creating AISystem for world MainLevel
[2021.10.18-23.05.41:264][  0]LogEditorServer: Finished looking for orphan Actors (0.000 secs)
[2021.10.18-23.05.41:282][  0]Cmd: MAP CHECKDEP NOCLEARLOG
[2021.10.18-23.05.41:362][  0]MapCheck: Info Map check complete: 0 Error(s), 0 Warning(s), took 79.595ms to complete.
[2021.10.18-23.05.41:362][  0]LogFileHelpers: Loading map 'MainLevel' took 3.335
[2021.10.18-23.05.42:743][  0]LogCollectionManager: Loaded 0 collections in 0.001131 seconds
[2021.10.18-23.05.43:099][  0]LogFileCache: Scanning file cache for directory 'D:/GitHub Projects/Udemy_Unreal/Udemy_Pinball/Udemy_Pinball/Pinball/Saved/Collections/' took 0.01s
[2021.10.18-23.05.43:099][  0]LogFileCache: Scanning file cache for directory 'D:/GitHub Projects/Udemy_Unreal/Udemy_Pinball/Udemy_Pinball/Pinball/Content/Developers/jerye/Collections/' took 0.01s
[2021.10.18-23.05.43:099][  0]LogFileCache: Scanning file cache for directory 'D:/GitHub Projects/Udemy_Unreal/Udemy_Pinball/Udemy_Pinball/Pinball/Content/Collections/' took 0.01s
[2021.10.18-23.05.43:099][  0]LogCollectionManager: Rebuilt the GUID cache for 0 collections in 0.000002 seconds
[2021.10.18-23.05.43:125][  0]LogContentBrowser: Native class hierarchy populated in 0.0174 seconds. Added 2190 classes and 428 folders.
[2021.10.18-23.05.43:207][  0]LogStats: UGameplayTagsManager::ConstructGameplayTagTree: Construct from data asset -  0.000 s
[2021.10.18-23.05.43:207][  0]LogStats: UGameplayTagsManager::ConstructGameplayTagTree: GameplayTagTreeChangedEvent.Broadcast -  0.000 s
[2021.10.18-23.05.43:209][  0]LogContentBrowser: Native class hierarchy updated for 'GameplayTags' in 0.0007 seconds. Added 13 classes and 0 folders.
[2021.10.18-23.05.43:462][  0]LogContentBrowser: Native class hierarchy updated for 'WidgetCarousel' in 0.0009 seconds. Added 0 classes and 0 folders.
[2021.10.18-23.05.45:325][  0]LogContentBrowser: Native class hierarchy updated for 'AddContentDialog' in 0.0006 seconds. Added 0 classes and 0 folders.
[2021.10.18-23.05.45:505][  0]LogContentBrowser: Native class hierarchy updated for 'SceneOutliner' in 0.0007 seconds. Added 1 classes and 2 folders.
[2021.10.18-23.05.45:845][  0]LogCrashTracker: Crashtracker disabled due to settings.
[2021.10.18-23.05.46:004][  0]LogUObjectGlobals:Warning: Failed to find object 'Class None.'
[2021.10.18-23.05.46:152][  0]LogContentBrowser: Native class hierarchy updated for 'HierarchicalLODOutliner' in 0.0007 seconds. Added 1 classes and 2 folders.
[2021.10.18-23.05.46:152][  0]LogLoad: (Engine Initialization) Total time: 100.47 seconds
[2021.10.18-23.05.46:152][  0]LogLoad: (Engine Initialization) Total Blueprint compile time: 0.91 seconds
[2021.10.18-23.05.46:152][  0]LogExternalProfiler: No external profilers were discovered.  External profiling features will not be available.
[2021.10.18-23.05.46:171][  0]LogOcInput: OculusInput pre-init called
[2021.10.18-23.05.46:342][  0]LogContentStreaming: Texture pool size now 1000 MB
[2021.10.18-23.05.47:337][  0]LogRenderer: Reallocating scene render targets to support 1172x576 NumSamples 1 (Frame:2).
[2021.10.18-23.05.47:851][  2]LogAssetRegistry: Asset discovery search completed in 59.1589 seconds
[2021.10.18-23.05.47:865][  2]LogCollectionManager: Rebuilt the object cache for 0 collections in 0.000001 seconds (found 0 objects)
[2021.10.18-23.05.47:865][  2]LogCollectionManager: Fixed up redirectors for 0 collections in 0.014218 seconds (updated 0 objects)
[2021.10.19-00.55.36:124][507]LogContentBrowser: Native class hierarchy updated for 'BlueprintGraph' in 0.0010 seconds. Added 111 classes and 0 folders.
[2021.10.19-01.13.12:678][150]LogFileHelpers: Editor autosave (incl. sublevels) for '/Game/Maps/MainLevel' took 0.086
[2021.10.19-01.13.12:694][150]OBJ SavePackage: Generating thumbnails for [0] asset(s) in package [/Game/Blueprints/PinballGameMode] ([1] browsable assets)...
[2021.10.19-01.13.12:694][150]OBJ SavePackage: Finished generating thumbnails for package [/Game/Blueprints/PinballGameMode]
[2021.10.19-01.13.12:896][150]LogSavePackage: Save=41.49ms
[2021.10.19-01.13.12:896][150]LogSavePackage: Moving '../../../../../GitHub Projects/Udemy_Unreal/Udemy_Pinball/Udemy_Pinball/Pinball/Saved/PinballGameMode_Auto1605189EB47CE15F8B9EB66AD74639D20.tmp' to '../../../../../GitHub Projects/Udemy_Unreal/Udemy_Pinball/Udemy_Pinball/Pinball/Saved/Autosaves/Game/Blueprints/PinballGameMode_Auto1.uasset'
[2021.10.19-01.13.12:914][150]LogSavePackage:Display: Finished SavePackage ../../../../../GitHub Projects/Udemy_Unreal/Udemy_Pinball/Udemy_Pinball/Pinball/Saved/Autosaves/Game/Blueprints/PinballGameMode_Auto1.uasset
[2021.10.19-01.13.12:914][150]LogFileHelpers: Auto-saving content packages took 0.236
[2021.10.19-01.20.02:800][225]BlueprintLog: New page: Compile HighScoreSave
[2021.10.19-01.20.03:793][302]Cmd: OBJ SAVEPACKAGE PACKAGE="/Game/Blueprints/HighScoreSave" FILE="../../../../../GitHub Projects/Udemy_Unreal/Udemy_Pinball/Udemy_Pinball/Pinball/Content/Blueprints/HighScoreSave.uasset" SILENT=true
[2021.10.19-01.20.03:838][302]LogSavePackage: Save=34.74ms
[2021.10.19-01.20.03:838][302]LogSavePackage: Moving '../../../../../GitHub Projects/Udemy_Unreal/Udemy_Pinball/Udemy_Pinball/Pinball/Saved/HighScoreSave2DAB49FD4DD2815505709D9BF3776F39.tmp' to '../../../../../GitHub Projects/Udemy_Unreal/Udemy_Pinball/Udemy_Pinball/Pinball/Content/Blueprints/HighScoreSave.uasset'
[2021.10.19-01.20.03:845][302]LogSavePackage:Display: Finished SavePackage ../../../../../GitHub Projects/Udemy_Unreal/Udemy_Pinball/Udemy_Pinball/Pinball/Content/Blueprints/HighScoreSave.uasset
[2021.10.19-01.20.06:391][601]Cmd: OBJ SAVEPACKAGE PACKAGE="/Game/Blueprints/PinballGameMode" FILE="../../../../../GitHub Projects/Udemy_Unreal/Udemy_Pinball/Udemy_Pinball/Pinball/Content/Blueprints/PinballGameMode.uasset" SILENT=true
[2021.10.19-01.20.06:433][601]LogSavePackage: Save=32.72ms
[2021.10.19-01.20.06:433][601]LogSavePackage: Moving '../../../../../GitHub Projects/Udemy_Unreal/Udemy_Pinball/Udemy_Pinball/Pinball/Saved/PinballGameModeB33750E14BBE3FC59B243C8EC3837F78.tmp' to '../../../../../GitHub Projects/Udemy_Unreal/Udemy_Pinball/Udemy_Pinball/Pinball/Content/Blueprints/PinballGameMode.uasset'
[2021.10.19-01.20.06:441][601]LogSavePackage:Display: Finished SavePackage ../../../../../GitHub Projects/Udemy_Unreal/Udemy_Pinball/Udemy_Pinball/Pinball/Content/Blueprints/PinballGameMode.uasset
[2021.10.19-01.20.21:778][433]BlueprintLog: New page: Compile HighScoreSave
[2021.10.19-01.20.22:392][485]Cmd: OBJ SAVEPACKAGE PACKAGE="/Game/Blueprints/HighScoreSave" FILE="../../../../../GitHub Projects/Udemy_Unreal/Udemy_Pinball/Udemy_Pinball/Pinball/Content/Blueprints/HighScoreSave.uasset" SILENT=true
[2021.10.19-01.20.22:438][485]LogSavePackage: Save=36.99ms
[2021.10.19-01.20.22:438][485]LogSavePackage: Moving '../../../../../GitHub Projects/Udemy_Unreal/Udemy_Pinball/Udemy_Pinball/Pinball/Saved/HighScoreSave57A1E64C402DA46584BA08918983A574.tmp' to '../../../../../GitHub Projects/Udemy_Unreal/Udemy_Pinball/Udemy_Pinball/Pinball/Content/Blueprints/HighScoreSave.uasset'
[2021.10.19-01.20.22:446][485]LogSavePackage:Display: Finished SavePackage ../../../../../GitHub Projects/Udemy_Unreal/Udemy_Pinball/Udemy_Pinball/Pinball/Content/Blueprints/HighScoreSave.uasset
[2021.10.19-01.21.39:499][906]LogEditorTransaction: Undo Changed Anchors
[2021.10.19-01.21.40:029][956]LogEditorTransaction: Undo Edit Top
[2021.10.19-01.21.40:528][ 13]LogEditorTransaction: Undo Edit Left
[2021.10.19-01.23.48:978][849]LogFileHelpers: Editor autosave (incl. sublevels) for '/Game/Maps/MainLevel' took 0.021
[2021.10.19-01.23.48:982][849]OBJ SavePackage: Generating thumbnails for [0] asset(s) in package [/Game/Blueprints/PinballGameMode] ([1] browsable assets)...
[2021.10.19-01.23.48:982][849]OBJ SavePackage: Finished generating thumbnails for package [/Game/Blueprints/PinballGameMode]
[2021.10.19-01.23.49:021][849]LogSavePackage: Save=31.96ms
[2021.10.19-01.23.49:021][849]LogSavePackage: Moving '../../../../../GitHub Projects/Udemy_Unreal/Udemy_Pinball/Udemy_Pinball/Pinball/Saved/PinballGameMode_Auto2E91BAFA14C72E23A7EBE95BE4C1A2719.tmp' to '../../../../../GitHub Projects/Udemy_Unreal/Udemy_Pinball/Udemy_Pinball/Pinball/Saved/Autosaves/Game/Blueprints/PinballGameMode_Auto2.uasset'
[2021.10.19-01.23.49:024][849]LogSavePackage:Display: Finished SavePackage ../../../../../GitHub Projects/Udemy_Unreal/Udemy_Pinball/Udemy_Pinball/Pinball/Saved/Autosaves/Game/Blueprints/PinballGameMode_Auto2.uasset
[2021.10.19-01.23.49:027][849]OBJ SavePackage: Generating thumbnails for [0] asset(s) in package [/Game/Blueprints/HighScoreEntry] ([1] browsable assets)...
[2021.10.19-01.23.49:027][849]OBJ SavePackage: Finished generating thumbnails for package [/Game/Blueprints/HighScoreEntry]
[2021.10.19-01.23.49:036][849]LogSavePackage: Save=7.04ms
[2021.10.19-01.23.49:036][849]LogSavePackage: Moving '../../../../../GitHub Projects/Udemy_Unreal/Udemy_Pinball/Udemy_Pinball/Pinball/Saved/HighScoreEntry_Auto29DCA13D043E50871346243ADE6E7B0A2.tmp' to '../../../../../GitHub Projects/Udemy_Unreal/Udemy_Pinball/Udemy_Pinball/Pinball/Saved/Autosaves/Game/Blueprints/HighScoreEntry_Auto2.uasset'
[2021.10.19-01.23.49:039][849]LogSavePackage:Display: Finished SavePackage ../../../../../GitHub Projects/Udemy_Unreal/Udemy_Pinball/Udemy_Pinball/Pinball/Saved/Autosaves/Game/Blueprints/HighScoreEntry_Auto2.uasset
[2021.10.19-01.23.49:039][849]LogFileHelpers: Auto-saving content packages took 0.060
[2021.10.19-01.33.49:336][620]LogFileHelpers: Editor autosave (incl. sublevels) for '/Game/Maps/MainLevel' took 0.024
[2021.10.19-01.33.49:341][620]OBJ SavePackage: Generating thumbnails for [0] asset(s) in package [/Game/Blueprints/HighScoreEntry] ([1] browsable assets)...
[2021.10.19-01.33.49:341][620]OBJ SavePackage: Finished generating thumbnails for package [/Game/Blueprints/HighScoreEntry]
[2021.10.19-01.33.49:350][620]LogSavePackage: Save=7.24ms
[2021.10.19-01.33.49:350][620]LogSavePackage: Moving '../../../../../GitHub Projects/Udemy_Unreal/Udemy_Pinball/Udemy_Pinball/Pinball/Saved/HighScoreEntry_Auto39CAB418D4F77C2E96B62C482EF308E00.tmp' to '../../../../../GitHub Projects/Udemy_Unreal/Udemy_Pinball/Udemy_Pinball/Pinball/Saved/Autosaves/Game/Blueprints/HighScoreEntry_Auto3.uasset'
[2021.10.19-01.33.49:354][620]LogSavePackage:Display: Finished SavePackage ../../../../../GitHub Projects/Udemy_Unreal/Udemy_Pinball/Udemy_Pinball/Pinball/Saved/Autosaves/Game/Blueprints/HighScoreEntry_Auto3.uasset
[2021.10.19-01.33.49:354][620]LogFileHelpers: Auto-saving content packages took 0.016
[2021.10.19-02.06.21:463][586]LogFileHelpers: Editor autosave (incl. sublevels) for '/Game/Maps/MainLevel' took 0.018
[2021.10.19-02.06.21:467][586]OBJ SavePackage: Generating thumbnails for [0] asset(s) in package [/Game/Blueprints/HighScoreEntry] ([1] browsable assets)...
[2021.10.19-02.06.21:467][586]OBJ SavePackage: Finished generating thumbnails for package [/Game/Blueprints/HighScoreEntry]
[2021.10.19-02.06.21:477][586]LogSavePackage: Save=6.88ms
[2021.10.19-02.06.21:477][586]LogSavePackage: Moving '../../../../../GitHub Projects/Udemy_Unreal/Udemy_Pinball/Udemy_Pinball/Pinball/Saved/HighScoreEntry_Auto4E8840C314F78BDEA2D72B48995A0D30D.tmp' to '../../../../../GitHub Projects/Udemy_Unreal/Udemy_Pinball/Udemy_Pinball/Pinball/Saved/Autosaves/Game/Blueprints/HighScoreEntry_Auto4.uasset'
[2021.10.19-02.06.21:480][586]LogSavePackage:Display: Finished SavePackage ../../../../../GitHub Projects/Udemy_Unreal/Udemy_Pinball/Udemy_Pinball/Pinball/Saved/Autosaves/Game/Blueprints/HighScoreEntry_Auto4.uasset
[2021.10.19-02.06.21:480][586]LogFileHelpers: Auto-saving content packages took 0.016
[2021.10.19-02.13.11:964][560]LogEditorTransaction: Undo Edit Text
