Log file open, 04/24/22 10:51:23
LogInit:Display: Running engine for game: Pinball
LogPlatformFile: Not using cached read wrapper
LogInit:Display: RandInit(-1354769713) SRandInit(-1354769713).
LogTaskGraph: Started task graph with 5 named threads and 10 total threads with 1 sets of task threads.
LogStats: Stats thread started at 0.314640
LogPluginManager: Loaded Plugin Paper2D, From F:/EpicGames/UE_4.14/Engine/Plugins/2D/Paper2D/Paper2D.uplugin
LogPluginManager: Loaded Plugin LightPropagationVolume, From F:/EpicGames/UE_4.14/Engine/Plugins/Blendables/LightPropagationVolume/LightPropagationVolume.uplugin
LogPluginManager: Loaded Plugin BlankPlugin, From F:/EpicGames/UE_4.14/Engine/Plugins/Developer/BlankPlugin/BlankPlugin.uplugin
LogPluginManager: Loaded Plugin CodeLiteSourceCodeAccess, From F:/EpicGames/UE_4.14/Engine/Plugins/Developer/CodeLiteSourceCodeAccess/CodeLiteSourceCodeAccess.uplugin
LogPluginManager: Loaded Plugin GitSourceControl, From F:/EpicGames/UE_4.14/Engine/Plugins/Developer/GitSourceControl/GitSourceControl.uplugin
LogPluginManager: Loaded Plugin KDevelopSourceCodeAccess, From F:/EpicGames/UE_4.14/Engine/Plugins/Developer/KDevelopSourceCodeAccess/KDevelopSourceCodeAccess.uplugin
LogPluginManager: Loaded Plugin NullSourceCodeAccess, From F:/EpicGames/UE_4.14/Engine/Plugins/Developer/NullSourceCodeAccess/NullSourceCodeAccess.uplugin
LogPluginManager: Loaded Plugin OneSkyLocalizationService, From F:/EpicGames/UE_4.14/Engine/Plugins/Developer/OneSkyLocalizationService/OneSkyLocalizationService.uplugin
LogPluginManager: Loaded Plugin PerforceSourceControl, From F:/EpicGames/UE_4.14/Engine/Plugins/Developer/PerforceSourceControl/PerforceSourceControl.uplugin
LogPluginManager: Loaded Plugin SubversionSourceControl, From F:/EpicGames/UE_4.14/Engine/Plugins/Developer/SubversionSourceControl/SubversionSourceControl.uplugin
LogPluginManager: Loaded Plugin UObjectPlugin, From F:/EpicGames/UE_4.14/Engine/Plugins/Developer/UObjectPlugin/UObjectPlugin.uplugin
LogPluginManager: Loaded Plugin VisualStudioSourceCodeAccess, From F:/EpicGames/UE_4.14/Engine/Plugins/Developer/VisualStudioSourceCodeAccess/VisualStudioSourceCodeAccess.uplugin
LogPluginManager: Loaded Plugin XCodeSourceCodeAccess, From F:/EpicGames/UE_4.14/Engine/Plugins/Developer/XCodeSourceCodeAccess/XCodeSourceCodeAccess.uplugin
LogPluginManager: Loaded Plugin AudioCapture, From F:/EpicGames/UE_4.14/Engine/Plugins/Editor/AudioCapture/AudioCapture.uplugin
LogPluginManager: Loaded Plugin EpicSurvey, From F:/EpicGames/UE_4.14/Engine/Plugins/Editor/EpicSurvey/EpicSurvey.uplugin
LogPluginManager: Loaded Plugin MacGraphicsSwitching, From F:/EpicGames/UE_4.14/Engine/Plugins/Editor/MacGraphicsSwitching/MacGraphicsSwitching.uplugin
LogPluginManager: Loaded Plugin MobileLauncherProfileWizard, From F:/EpicGames/UE_4.14/Engine/Plugins/Editor/MobileLauncherProfileWizard/MobileLauncherProfileWizard.uplugin
LogPluginManager: Loaded Plugin PluginBrowser, From F:/EpicGames/UE_4.14/Engine/Plugins/Editor/PluginBrowser/PluginBrowser.uplugin
LogPluginManager: Loaded Plugin SpeedTreeImporter, From F:/EpicGames/UE_4.14/Engine/Plugins/Editor/SpeedTreeImporter/SpeedTreeImporter.uplugin
LogPluginManager: Loaded Plugin SuperSearchEditor, From F:/EpicGames/UE_4.14/Engine/Plugins/Editor/SuperSearchEditor/SuperSearchEditor.uplugin
LogPluginManager: Loaded Plugin AlembicImporter, From F:/EpicGames/UE_4.14/Engine/Plugins/Experimental/AlembicImporter/AlembicImporter.uplugin
LogPluginManager: Loaded Plugin BlueprintStats, From F:/EpicGames/UE_4.14/Engine/Plugins/Experimental/BlueprintStats/BlueprintStats.uplugin
LogPluginManager: Loaded Plugin CharacterAI, From F:/EpicGames/UE_4.14/Engine/Plugins/Experimental/CharacterAI/CharacterAI.uplugin
LogPluginManager: Loaded Plugin CodeEditor, From F:/EpicGames/UE_4.14/Engine/Plugins/Experimental/CodeEditor/CodeEditor.uplugin
LogPluginManager: Loaded Plugin CodeView, From F:/EpicGames/UE_4.14/Engine/Plugins/Experimental/CodeView/CodeView.uplugin
LogPluginManager: Loaded Plugin HTML5Networking, From F:/EpicGames/UE_4.14/Engine/Plugins/Experimental/HTML5Networking/HTML5Networking.uplugin
LogPluginManager: Loaded Plugin OSVR, From F:/EpicGames/UE_4.14/Engine/Plugins/Experimental/OSVR/OSVR.uplugin
LogPluginManager: Loaded Plugin Phya, From F:/EpicGames/UE_4.14/Engine/Plugins/Experimental/Phya/Phya.uplugin
LogPluginManager: Loaded Plugin SignificanceManager, From F:/EpicGames/UE_4.14/Engine/Plugins/Experimental/SignificanceManager/SignificanceManager.uplugin
LogPluginManager: Loaded Plugin SimpleHMD, From F:/EpicGames/UE_4.14/Engine/Plugins/Experimental/SimpleHMD/SimpleHMD.uplugin
LogPluginManager: Loaded Plugin StereoPanorama, From F:/EpicGames/UE_4.14/Engine/Plugins/Experimental/StereoPanorama/StereoPanorama.uplugin
LogPluginManager: Loaded Plugin StructBox, From F:/EpicGames/UE_4.14/Engine/Plugins/Experimental/StructBox/StructBox.uplugin
LogPluginManager: Loaded Plugin AndroidMedia, From F:/EpicGames/UE_4.14/Engine/Plugins/Media/AndroidMedia/AndroidMedia.uplugin
LogPluginManager: Loaded Plugin AvfMedia, From F:/EpicGames/UE_4.14/Engine/Plugins/Media/AvfMedia/AvfMedia.uplugin
LogPluginManager: Loaded Plugin MediaPlayerEditor, From F:/EpicGames/UE_4.14/Engine/Plugins/Media/MediaPlayerEditor/MediaPlayerEditor.uplugin
LogPluginManager: Loaded Plugin WmfMedia, From F:/EpicGames/UE_4.14/Engine/Plugins/Media/WmfMedia/WmfMedia.uplugin
LogPluginManager: Loaded Plugin MessagingDebugger, From F:/EpicGames/UE_4.14/Engine/Plugins/Messaging/MessagingDebugger/MessagingDebugger.uplugin
LogPluginManager: Loaded Plugin TcpMessaging, From F:/EpicGames/UE_4.14/Engine/Plugins/Messaging/TcpMessaging/TcpMessaging.uplugin
LogPluginManager: Loaded Plugin UdpMessaging, From F:/EpicGames/UE_4.14/Engine/Plugins/Messaging/UdpMessaging/UdpMessaging.uplugin
LogPluginManager: Loaded Plugin LevelSequenceEditor, From F:/EpicGames/UE_4.14/Engine/Plugins/MovieScene/LevelSequenceEditor/LevelSequenceEditor.uplugin
LogPluginManager: Loaded Plugin MatineeToLevelSequence, From F:/EpicGames/UE_4.14/Engine/Plugins/MovieScene/MatineeToLevelSequence/MatineeToLevelSequence.uplugin
LogPluginManager: Loaded Plugin NetcodeUnitTest, From F:/EpicGames/UE_4.14/Engine/Plugins/NetcodeUnitTest/NetcodeUnitTest/NetcodeUnitTest.uplugin
LogPluginManager: Loaded Plugin NUTUnrealEngine4, From F:/EpicGames/UE_4.14/Engine/Plugins/NetcodeUnitTest/NUTUnrealEngine4/NUTUnrealEngine4.uplugin
LogPluginManager: Loaded Plugin OnlineSubsystemGameCircle, From F:/EpicGames/UE_4.14/Engine/Plugins/Online/Android/OnlineSubsystemGameCircle/OnlineSubsystemGameCircle.uplugin
LogPluginManager: Loaded Plugin OnlineSubsystemGooglePlay, From F:/EpicGames/UE_4.14/Engine/Plugins/Online/Android/OnlineSubsystemGooglePlay/OnlineSubsystemGooglePlay.uplugin
LogPluginManager: Loaded Plugin OnlineSubsystemIOS, From F:/EpicGames/UE_4.14/Engine/Plugins/Online/IOS/OnlineSubsystemIOS/OnlineSubsystemIOS.uplugin
LogPluginManager: Loaded Plugin OnlineFramework, From F:/EpicGames/UE_4.14/Engine/Plugins/Online/OnlineFramework/OnlineFramework.uplugin
LogPluginManager: Loaded Plugin OnlineSubsystem, From F:/EpicGames/UE_4.14/Engine/Plugins/Online/OnlineSubsystem/OnlineSubsystem.uplugin
LogPluginManager: Loaded Plugin OnlineSubsystemAmazon, From F:/EpicGames/UE_4.14/Engine/Plugins/Online/OnlineSubsystemAmazon/OnlineSubsystemAmazon.uplugin
LogPluginManager: Loaded Plugin OnlineSubsystemFacebook, From F:/EpicGames/UE_4.14/Engine/Plugins/Online/OnlineSubsystemFacebook/OnlineSubsystemFacebook.uplugin
LogPluginManager: Loaded Plugin OnlineSubsystemNull, From F:/EpicGames/UE_4.14/Engine/Plugins/Online/OnlineSubsystemNull/OnlineSubsystemNull.uplugin
LogPluginManager: Loaded Plugin OnlineSubsystemOculus, From F:/EpicGames/UE_4.14/Engine/Plugins/Online/OnlineSubsystemOculus/OnlineSubsystemOculus.uplugin
LogPluginManager: Loaded Plugin OnlineSubsystemSteam, From F:/EpicGames/UE_4.14/Engine/Plugins/Online/OnlineSubsystemSteam/OnlineSubsystemSteam.uplugin
LogPluginManager: Loaded Plugin OnlineSubsystemUtils, From F:/EpicGames/UE_4.14/Engine/Plugins/Online/OnlineSubsystemUtils/OnlineSubsystemUtils.uplugin
LogPluginManager: Loaded Plugin IOSTapJoy, From F:/EpicGames/UE_4.14/Engine/Plugins/Runtime/Advertising/IOSTapJoy/IOSTapJoy.uplugin
LogPluginManager: Loaded Plugin AnalyticsBlueprintLibrary, From F:/EpicGames/UE_4.14/Engine/Plugins/Runtime/Analytics/AnalyticsBlueprintLibrary/AnalyticsBlueprintLibrary.uplugin
LogPluginManager: Loaded Plugin AnalyticsMulticast, From F:/EpicGames/UE_4.14/Engine/Plugins/Runtime/Analytics/AnalyticsMulticast/AnalyticsMulticast.uplugin
LogPluginManager: Loaded Plugin Apsalar, From F:/EpicGames/UE_4.14/Engine/Plugins/Runtime/Analytics/Apsalar/Apsalar.uplugin
LogPluginManager: Loaded Plugin FileLogging, From F:/EpicGames/UE_4.14/Engine/Plugins/Runtime/Analytics/FileLogging/FileLogging.uplugin
LogPluginManager: Loaded Plugin Flurry, From F:/EpicGames/UE_4.14/Engine/Plugins/Runtime/Analytics/Flurry/Flurry.uplugin
LogPluginManager: Loaded Plugin AndroidDeviceProfileSelector, From F:/EpicGames/UE_4.14/Engine/Plugins/Runtime/AndroidDeviceProfileSelector/AndroidDeviceProfileSelector.uplugin
LogPluginManager: Loaded Plugin AndroidMoviePlayer, From F:/EpicGames/UE_4.14/Engine/Plugins/Runtime/AndroidMoviePlayer/AndroidMoviePlayer.uplugin
LogPluginManager: Loaded Plugin AppleMoviePlayer, From F:/EpicGames/UE_4.14/Engine/Plugins/Runtime/AppleMoviePlayer/AppleMoviePlayer.uplugin
LogPluginManager: Loaded Plugin ArchVisCharacter, From F:/EpicGames/UE_4.14/Engine/Plugins/Runtime/ArchVisCharacter/ArchVisCharacter.uplugin
LogPluginManager: Loaded Plugin CableComponent, From F:/EpicGames/UE_4.14/Engine/Plugins/Runtime/CableComponent/CableComponent.uplugin
LogPluginManager: Loaded Plugin CustomMeshComponent, From F:/EpicGames/UE_4.14/Engine/Plugins/Runtime/CustomMeshComponent/CustomMeshComponent.uplugin
LogPluginManager: Loaded Plugin ExampleDeviceProfileSelector, From F:/EpicGames/UE_4.14/Engine/Plugins/Runtime/ExampleDeviceProfileSelector/ExampleDeviceProfileSelector.uplugin
LogPluginManager: Loaded Plugin GearVR, From F:/EpicGames/UE_4.14/Engine/Plugins/Runtime/GearVR/GearVR.uplugin
LogPluginManager: Loaded Plugin GoogleVRController, From F:/EpicGames/UE_4.14/Engine/Plugins/Runtime/GoogleVR/GoogleVRController/GoogleVRController.uplugin
LogPluginManager: Loaded Plugin GoogleVRHMD, From F:/EpicGames/UE_4.14/Engine/Plugins/Runtime/GoogleVR/GoogleVRHMD/GoogleVRHMD.uplugin
LogPluginManager: Loaded Plugin IOSDeviceProfileSelector, From F:/EpicGames/UE_4.14/Engine/Plugins/Runtime/IOSDeviceProfileSelector/IOSDeviceProfileSelector.uplugin
LogPluginManager: Loaded Plugin LeapMotion, From F:/EpicGames/UE_4.14/Engine/Plugins/Runtime/LeapMotion/LeapMotion.uplugin
LogPluginManager: Loaded Plugin LinuxDeviceProfileSelector, From F:/EpicGames/UE_4.14/Engine/Plugins/Runtime/LinuxDeviceProfileSelector/LinuxDeviceProfileSelector.uplugin
LogPluginManager: Loaded Plugin MIDIDevice, From F:/EpicGames/UE_4.14/Engine/Plugins/Runtime/MIDIDevice/MIDIDevice.uplugin
LogPluginManager: Loaded Plugin MobilePatchingUtils, From F:/EpicGames/UE_4.14/Engine/Plugins/Runtime/MobilePatchingUtils/MobilePatchingUtils.uplugin
LogPluginManager: Loaded Plugin Ansel, From F:/EpicGames/UE_4.14/Engine/Plugins/Runtime/Nvidia/Ansel/Ansel.uplugin
LogPluginManager: Loaded Plugin OculusAudio, From F:/EpicGames/UE_4.14/Engine/Plugins/Runtime/OculusAudio/OculusAudio.uplugin
LogPluginManager: Loaded Plugin OculusInput, From F:/EpicGames/UE_4.14/Engine/Plugins/Runtime/OculusInput/OculusInput.uplugin
LogPluginManager: Loaded Plugin OculusLibrary, From F:/EpicGames/UE_4.14/Engine/Plugins/Runtime/OculusLibrary/OculusLibrary.uplugin
LogPluginManager: Loaded Plugin OculusRift, From F:/EpicGames/UE_4.14/Engine/Plugins/Runtime/OculusRift/OculusRift.uplugin
LogPluginManager: Loaded Plugin Oodle, From F:/EpicGames/UE_4.14/Engine/Plugins/Runtime/PacketHandlers/CompressionComponents/Oodle/Oodle.uplugin
LogPluginManager: Loaded Plugin ProceduralMeshComponent, From F:/EpicGames/UE_4.14/Engine/Plugins/Runtime/ProceduralMeshComponent/ProceduralMeshComponent.uplugin
LogPluginManager: Loaded Plugin SoundMod, From F:/EpicGames/UE_4.14/Engine/Plugins/Runtime/SoundMod/SoundMod.uplugin
LogPluginManager: Loaded Plugin SoundVisualizations, From F:/EpicGames/UE_4.14/Engine/Plugins/Runtime/SoundVisualizations/SoundVisualizations.uplugin
LogPluginManager: Loaded Plugin SteamController, From F:/EpicGames/UE_4.14/Engine/Plugins/Runtime/Steam/SteamController/SteamController.uplugin
LogPluginManager: Loaded Plugin SteamVR, From F:/EpicGames/UE_4.14/Engine/Plugins/Runtime/Steam/SteamVR/SteamVR.uplugin
LogPluginManager: Loaded Plugin WebBrowserWidget, From F:/EpicGames/UE_4.14/Engine/Plugins/Runtime/WebBrowserWidget/WebBrowserWidget.uplugin
LogPluginManager: Loaded Plugin WindowsDeviceProfileSelector, From F:/EpicGames/UE_4.14/Engine/Plugins/Runtime/WindowsDeviceProfileSelector/WindowsDeviceProfileSelector.uplugin
LogPluginManager: Loaded Plugin WindowsMoviePlayer, From F:/EpicGames/UE_4.14/Engine/Plugins/Runtime/WindowsMoviePlayer/WindowsMoviePlayer.uplugin
LogPluginManager: Loaded Plugin ScriptPlugin, From F:/EpicGames/UE_4.14/Engine/Plugins/ScriptPlugin/ScriptPlugin.uplugin
LogPluginManager: Loaded Plugin SlateRemote, From F:/EpicGames/UE_4.14/Engine/Plugins/Slate/SlateRemote/SlateRemote.uplugin
LogPluginManager: Loaded Plugin EditorTests, From F:/EpicGames/UE_4.14/Engine/Plugins/Tests/EditorTests/EditorTests.uplugin
LogPluginManager: Loaded Plugin FbxAutomationTestBuilder, From F:/EpicGames/UE_4.14/Engine/Plugins/Tests/FbxAutomationTestBuilder/FbxAutomationTestBuilder.uplugin
LogPluginManager: Loaded Plugin FunctionalTestingEditor, From F:/EpicGames/UE_4.14/Engine/Plugins/Tests/FunctionalTestingEditor/FunctionalTestingEditor.uplugin
LogPluginManager: Loaded Plugin RuntimeTests, From F:/EpicGames/UE_4.14/Engine/Plugins/Tests/RuntimeTests/RuntimeTests.uplugin
LogPluginManager: Loaded Plugin ScreenshotTools, From F:/EpicGames/UE_4.14/Engine/Plugins/Tests/ScreenshotTools/ScreenshotTools.uplugin
LogInit: Using libcurl 7.47.1
LogInit:  - built for x86_64-pc-win32
LogInit:  - supports SSL with OpenSSL/1.0.2g
LogInit:  - supports HTTP deflate (compression) using libz 1.2.8
LogInit:  - other features:
LogInit:      CURL_VERSION_SSL
LogInit:      CURL_VERSION_LIBZ
LogInit:      CURL_VERSION_IPV6
LogInit:      CURL_VERSION_ASYNCHDNS
LogInit:      CURL_VERSION_LARGEFILE
LogInit:      CURL_VERSION_IDN
LogInit:  CurlRequestOptions (configurable via config and command line):
LogInit:  - bVerifyPeer = false  - Libcurl will NOT verify peer certificate
LogInit:  - bUseHttpProxy = false  - Libcurl will NOT use HTTP proxy
LogInit:  - bDontReuseConnections = false  - Libcurl will reuse connections
LogInit:  - CertBundlePath = nullptr  - Libcurl will use whatever was configured at build time.
LogInit: Build: ++UE4+Release-4.14-CL-3249277
LogInit: Engine Version: 4.14.3-3249277+++UE4+Release-4.14
LogInit: Compatible Engine Version: 4.14.0-3195953+++UE4+Release-4.14
LogInit: Net CL: 3195953
LogDevObjectVersion: Number of dev versions registered: 13
LogDevObjectVersion:   Dev-Blueprints (B0D832E4-1F89-4F0D-ACCF-7EB736FD4AA2): 7
LogDevObjectVersion:   Dev-Build (E1C64328-A22C-4D53-A36C-8E866417BD8C): 0
LogDevObjectVersion:   Dev-Core (375EC13C-06E4-48FB-B500-84F0262A717E): 1
LogDevObjectVersion:   Dev-Editor (E4B068ED-F494-42E9-A231-DA0B2E46BB41): 8
LogDevObjectVersion:   Dev-Framework (CFFC743F-43B0-4480-9391-14DF171D2073): 17
LogDevObjectVersion:   Dev-Mobile (B02B49B5-BB20-44E9-A304-32B752E40360): 0
LogDevObjectVersion:   Dev-Networking (A4E4105C-59A1-49B5-A7C5-40C4547EDFEE): 0
LogDevObjectVersion:   Dev-Online (39C831C9-5AE6-47DC-9A44-9C173E1C8E7C): 0
LogDevObjectVersion:   Dev-Physics (78F01B33-EBEA-4F98-B9B4-84EACCB95AA2): 0
LogDevObjectVersion:   Dev-Platform (6631380F-2D4D-43E0-8009-CF276956A95A): 0
LogDevObjectVersion:   Dev-Rendering (12F88B9F-8875-4AFC-A67C-D90C383ABD29): 12
LogDevObjectVersion:   Dev-Sequencer (7B5AE74C-D270-4C10-A958-57980B212A5A): 1
LogDevObjectVersion:   Dev-VR (D7296918-1DD6-4BDD-9DE2-64A83CC13884): 0
LogInit: Compiled (64-bit): Jan  6 2017 10:49:43
LogInit: Compiled with Visual C++: 19.00.23026.00
LogInit: Build Configuration: Development
LogInit: Branch Name: ++UE4+Release-4.14
LogInit: Command line:  
LogInit: Base directory: F:/EpicGames/UE_4.14/Engine/Binaries/Win64/
LogInit: Installed Engine Build: 1
LogInit: Presizing for max 8388607 objects, including 0 objects not considered by GC, pre-allocating 0 bytes for permanent pool.
LogInit: Object subsystem initialized
[2022.04.24-14.51.23:744][  0]LogInit: Selected Device Profile: [Windows]
[2022.04.24-14.51.23:744][  0]LogInit: Applying CVar settings loaded from the selected device profile: [Windows]
[2022.04.24-14.51.23:789][  0]LogInit: Computer: DESKTOP-GK7AF5R
[2022.04.24-14.51.23:789][  0]LogInit: User: jerye
[2022.04.24-14.51.23:789][  0]LogInit: CPU Page size=65536, Cores=6
[2022.04.24-14.51.23:789][  0]LogInit: High frequency timer resolution =10.000000 MHz
[2022.04.24-14.51.23:790][  0]LogMemory: Memory total: Physical=15.9GB (16GB approx)
[2022.04.24-14.51.23:790][  0]LogMemory: Platform Memory Stats for Windows
[2022.04.24-14.51.23:790][  0]LogMemory: Process Physical Memory: 267.73 MB used, 267.73 MB peak
[2022.04.24-14.51.23:790][  0]LogMemory: Process Virtual Memory: 260.19 MB used, 260.19 MB peak
[2022.04.24-14.51.23:790][  0]LogMemory: Physical Memory: 7984.88 MB used,  8308.54 MB free, 16293.42 MB total
[2022.04.24-14.51.23:790][  0]LogMemory: Virtual Memory: 4801.83 MB used,  8308.54 MB free, 134217728.00 MB total
[2022.04.24-14.51.24:006][  0]LogTextLocalizationManager: No specific translations for ('en-CA') exist, so ('en') translations will be used.
[2022.04.24-14.51.26:062][  0]LogD3D11RHI: D3D11 adapters:
[2022.04.24-14.51.26:109][  0]LogD3D11RHI:    0. 'AMD Radeon RX 5700 XT' (Feature Level 11_0)
[2022.04.24-14.51.26:109][  0]LogD3D11RHI:       8151/0/8146 MB DedicatedVideo/DedicatedSystem/SharedSystem, Outputs:2, VendorId:0x1002
[2022.04.24-14.51.26:111][  0]LogD3D11RHI:    1. 'Microsoft Basic Render Driver' (Feature Level 11_0)
[2022.04.24-14.51.26:111][  0]LogD3D11RHI:       0/0/8146 MB DedicatedVideo/DedicatedSystem/SharedSystem, Outputs:0, VendorId:0x1414
[2022.04.24-14.51.26:111][  0]LogD3D11RHI: Chosen D3D11 Adapter: 0
[2022.04.24-14.51.26:118][  0]LogD3D11RHI: Creating new Direct3DDevice
[2022.04.24-14.51.26:119][  0]LogD3D11RHI:     GPU DeviceId: 0x731f (for the marketing name, search the web for "GPU Device Id")
[2022.04.24-14.51.26:119][  0]LogWindows: EnumDisplayDevices:
[2022.04.24-14.51.26:119][  0]LogWindows:    0. 'AMD Radeon RX 5700 XT' (P:1 D:1)
[2022.04.24-14.51.26:119][  0]LogWindows:    1. 'AMD Radeon RX 5700 XT' (P:0 D:1)
[2022.04.24-14.51.26:119][  0]LogWindows:    2. 'AMD Radeon RX 5700 XT' (P:0 D:0)
[2022.04.24-14.51.26:119][  0]LogWindows:    3. 'AMD Radeon RX 5700 XT' (P:0 D:0)
[2022.04.24-14.51.26:119][  0]LogWindows:    4. 'AMD Radeon RX 5700 XT' (P:0 D:0)
[2022.04.24-14.51.26:119][  0]LogWindows:    5. 'AMD Radeon RX 5700 XT' (P:0 D:0)
[2022.04.24-14.51.26:119][  0]LogWindows:    6. 'AMD Radeon RX 5700 XT' (P:0 D:0)
[2022.04.24-14.51.26:119][  0]LogWindows: DebugString: GetVideoDriverDetailsInvalid PrimaryIsNotTheChoosenAdapter GetVideoDriverDetailsInvalid PrimaryIsNotTheChoosenAdapter GetVideoDriverDetailsInvalid PrimaryIsNotTheChoosenAdapter GetVideoDriverDetailsInvalid PrimaryIsNotTheChoosenAdapter GetVideoDriverDetailsInvalid PrimaryIsNotTheChoosenAdapter GetVideoDriverDetailsInvalid PrimaryIsNotTheChoosenAdapter GetVideoDriverDetailsInvalid PrimaryIsNotTheChoosenAdapter FoundDriverCount:0 
[2022.04.24-14.51.26:119][  0]LogD3D11RHI:     Adapter Name: AMD Radeon RX 5700 XT
[2022.04.24-14.51.26:119][  0]LogD3D11RHI:   Driver Version: Unknown (internal:Unknown, unified:Unknown)
[2022.04.24-14.51.26:119][  0]LogD3D11RHI:      Driver Date: Unknown
[2022.04.24-14.51.26:119][  0]LogRHI: Texture pool is 1361 MB (70% of 1945 MB)
[2022.04.24-14.51.26:145][  0]LogD3D11RHI: Async texture creation enabled
[2022.04.24-14.51.26:175][  0]LogD3D11RHI: GPU Timing Frequency: 100.000000 (Debug: 2 1)
[2022.04.24-14.51.26:179][  0]LogShaderCompilers: Guid format shader working directory is -5 characters bigger than the processId version (D:/EpicGames/Unreal Projects/Udemy_Pinball/Pinball/Intermediate/Shaders/WorkingDirectory/11736/).
[2022.04.24-14.51.26:179][  0]LogShaderCompilers: Cleaned the shader compiler working directory 'C:/Users/jerye/AppData/Local/Temp/UnrealShaderWorkingDir/1169081442964A0B70FB1493E02B2AE7/'.
[2022.04.24-14.51.26:179][  0]LogShaderCompilers:Display: Using Local Shader Compiler.
[2022.04.24-14.51.27:755][  0]LogTemp:Display: Loaded TP AllDesktopTargetPlatform
[2022.04.24-14.51.27:792][  0]LogTemp:Display: Loaded TP MacClientTargetPlatform
[2022.04.24-14.51.27:829][  0]LogTemp:Display: Loaded TP MacNoEditorTargetPlatform
[2022.04.24-14.51.27:867][  0]LogTemp:Display: Loaded TP MacServerTargetPlatform
[2022.04.24-14.51.27:908][  0]LogTemp:Display: Loaded TP MacTargetPlatform
[2022.04.24-14.51.27:952][  0]LogTemp:Display: Loaded TP WindowsClientTargetPlatform
[2022.04.24-14.51.27:990][  0]LogTemp:Display: Loaded TP WindowsNoEditorTargetPlatform
[2022.04.24-14.51.28:027][  0]LogTemp:Display: Loaded TP WindowsServerTargetPlatform
[2022.04.24-14.51.28:056][  0]LogTemp:Display: Loaded TP WindowsTargetPlatform
[2022.04.24-14.51.28:096][  0]LogTemp:Display: Loaded TP AndroidTargetPlatform
[2022.04.24-14.51.28:133][  0]LogTemp:Display: Loaded TP Android_ASTCTargetPlatform
[2022.04.24-14.51.28:170][  0]LogTemp:Display: Loaded TP Android_ATCTargetPlatform
[2022.04.24-14.51.28:206][  0]LogTemp:Display: Loaded TP Android_DXTTargetPlatform
[2022.04.24-14.51.28:243][  0]LogTemp:Display: Loaded TP Android_ETC1TargetPlatform
[2022.04.24-14.51.28:279][  0]LogTemp:Display: Loaded TP Android_ETC2TargetPlatform
[2022.04.24-14.51.28:354][  0]LogTemp:Display: Loaded TP Android_MultiTargetPlatform
[2022.04.24-14.51.28:354][  0]LogTemp:Display: Loaded TP Android_PVRTCTargetPlatform
[2022.04.24-14.51.28:376][  0]LogTemp:Display: Loaded TP HTML5TargetPlatform
[2022.04.24-14.51.28:465][  0]LogTemp:Display: Loaded TP IOSTargetPlatform
[2022.04.24-14.51.28:488][  0]LogTemp:Display: Loaded TP TVOSTargetPlatform
[2022.04.24-14.51.28:525][  0]LogTemp:Display: Loaded TP LinuxClientTargetPlatform
[2022.04.24-14.51.28:562][  0]LogTemp:Display: Loaded TP LinuxNoEditorTargetPlatform
[2022.04.24-14.51.28:600][  0]LogTemp:Display: Loaded TP LinuxServerTargetPlatform
[2022.04.24-14.51.28:641][  0]LogTemp:Display: Loaded TP LinuxTargetPlatform
[2022.04.24-14.51.28:641][  0]LogTargetPlatformManager:Display: Building Assets For Windows
[2022.04.24-14.51.29:164][  0]LogDerivedDataCache:Display: Max Cache Size: 512 MB
[2022.04.24-14.51.29:165][  0]LogDerivedDataCache:Display: Starting with empty Boot cache
[2022.04.24-14.51.29:165][  0]LogDerivedDataCache: FDerivedDataBackendGraph:  Pak pak cache file D:/EpicGames/Unreal Projects/Udemy_Pinball/Pinball/DerivedDataCache/DDC.ddp not found, will not use a pak cache.
[2022.04.24-14.51.29:165][  0]LogDerivedDataCache: Unable to find inner node Pak for hierarchical cache Hierarchy.
[2022.04.24-14.51.29:165][  0]LogDerivedDataCache: FDerivedDataBackendGraph:  CompressedPak pak cache file D:/EpicGames/Unreal Projects/Udemy_Pinball/Pinball/DerivedDataCache/Compressed.ddp not found, will not use a pak cache.
[2022.04.24-14.51.29:165][  0]LogDerivedDataCache: Unable to find inner node CompressedPak for hierarchical cache Hierarchy.
[2022.04.24-14.51.29:186][  0]LogDerivedDataCache:Display: Pak cache opened for reading ../../../Engine/DerivedDataCache/Compressed.ddp.
[2022.04.24-14.51.29:199][  0]LogDerivedDataCache: Using Local data cache path C:/Users/jerye/AppData/Local/UnrealEngine/Common/DerivedDataCache: Writable
[2022.04.24-14.51.32:027][  0]LogInit: Selected Device Profile: [Windows]
[2022.04.24-14.51.32:036][  0]LogTexture:Display: Building textures: DefaultTexture (DXT1)
[2022.04.24-14.51.32:051][  0]LogContentStreaming: Texture pool size is 0.00 MB
[2022.04.24-14.51.32:057][  0]LogTexture:Display: Building textures: T_Default_Material_Grid_M (AutoDXT)
[2022.04.24-14.51.32:144][  0]LogTexture:Display: Building textures: T_Default_Material_Grid_N (BC5)
[2022.04.24-14.51.32:224][  0]LogTexture:Display: Building textures: DefaultDiffuse (AutoDXT)
[2022.04.24-14.51.32:545][  0]LogTexture:Display: Building textures: WhiteSquareTexture (AutoDXT)
[2022.04.24-14.51.32:672][  0]LogMeshUtilities: Using QuadricMeshReduction for automatic static mesh reduction
[2022.04.24-14.51.32:716][  0]LogSimplygon: Simplygon DLL not present - disabling.
[2022.04.24-14.51.32:750][  0]LogMeshUtilities: Using SimplygonSwarm for distributed automatic mesh merging
[2022.04.24-14.51.32:750][  0]LogMeshUtilities: No automatic skeletal mesh reduction module available
[2022.04.24-14.51.32:750][  0]LogMeshUtilities: No automatic mesh merging module available
[2022.04.24-14.51.32:798][  0]LogTexture:Display: Building textures: UE4_Logo (AutoDXT)
[2022.04.24-14.51.32:898][  0]LogTexture:Display: Building textures: VR_LaserPower_01 (AutoDXT)
[2022.04.24-14.51.33:002][  0]LogTexture:Display: Building textures: GizmoText_RobotoDistanceField_PageA (G8)
[2022.04.24-14.51.33:024][  0]LogTexture:Display: Building textures: RobotoDistanceField_PageA (G8)
[2022.04.24-14.51.33:154][  0]LogTexture:Display: Building textures: SimpleGrid (AutoDXT)
[2022.04.24-14.51.33:252][  0]LogTexture:Display: Building textures: AICON-Red (AutoDXT)
[2022.04.24-14.51.33:261][  0]LogTexture:Display: Building textures: AICON-Green (AutoDXT)
[2022.04.24-14.51.33:352][  0]LogTexture:Display: Building textures: MatineeCam_D (AutoDXT)
[2022.04.24-14.51.33:436][  0]LogTexture:Display: Building textures: S_Actor (BGRA8)
[2022.04.24-14.51.33:444][  0]LogTexture:Display: Building textures: S_LevelSequence (BGRA8)
[2022.04.24-14.51.33:461][  0]LogTexture:Display: Building textures: EpicQuadPanorama_CC+EV1 (RGBA16F)
[2022.04.24-14.51.38:316][  0]LogTexture:Display: Building textures: RGBTable16x1_AssetViewer (BGRA8)
[2022.04.24-14.51.38:331][  0]LogTexture:Display: Building textures: Bad (BGRA8)
[2022.04.24-14.51.38:373][  0]LogTexture:Display: Building textures: Default (BGRA8)
[2022.04.24-14.51.38:385][  0]LogTexture:Display: Building textures: VR-Basic (BGRA8)
[2022.04.24-14.51.38:423][  0]LogTexture:Display: Building textures: Grid (AutoDXT)
[2022.04.24-14.51.38:478][  0]LogTexture:Display: Building textures: DaylightAmbientCubemap (RGBA16F)
[2022.04.24-14.51.43:414][  0]LogTexture:Display: Building textures: PSysThumbnail_NoImage (AutoDXT)
[2022.04.24-14.51.43:425][  0]LogTexture:Display: Building textures: PSysThumbnail_OOD (AutoDXT)
[2022.04.24-14.51.43:437][  0]LogTexture:Display: Building textures: S_DecalActorIcon (AutoDXT)
[2022.04.24-14.51.43:495][  0]LogTexture:Display: Building textures: S_Terrain (BGRA8)
[2022.04.24-14.51.43:593][  0]LogTexture:Display: Building textures: T_EditorHelp (AutoDXT)
[2022.04.24-14.51.43:944][  0]LogTexture:Display: Building textures: flipbook (AutoDXT)
[2022.04.24-14.51.43:957][  0]LogTexture:Display: Building textures: S_Emitter (BGRA8)
[2022.04.24-14.51.43:970][  0]LogTexture:Display: Building textures: S_ExpoHeightFog (BGRA8)
[2022.04.24-14.51.43:982][  0]LogTexture:Display: Building textures: S_NavP (BGRA8)
[2022.04.24-14.51.43:992][  0]LogTexture:Display: Building textures: S_Player (BGRA8)
[2022.04.24-14.51.44:004][  0]LogTexture:Display: Building textures: SkyLight (BGRA8)
[2022.04.24-14.51.44:017][  0]LogTexture:Display: Building textures: S_WindDirectional (AutoDXT)
[2022.04.24-14.51.44:111][  0]LogTexture:Display: Building textures: S_LightDirectional (BGRA8)
[2022.04.24-14.51.44:125][  0]LogTexture:Display: Building textures: S_LightDirectionalMove (BGRA8)
[2022.04.24-14.51.44:137][  0]LogTexture:Display: Building textures: S_LightPoint (BGRA8)
[2022.04.24-14.51.44:148][  0]LogTexture:Display: Building textures: S_LightPointMove (BGRA8)
[2022.04.24-14.51.44:158][  0]LogTexture:Display: Building textures: S_LightSpot (BGRA8)
[2022.04.24-14.51.44:170][  0]LogTexture:Display: Building textures: S_LightSpotMove (BGRA8)
[2022.04.24-14.51.44:181][  0]LogTexture:Display: Building textures: S_PortalActorIcon2 (AutoDXT)
[2022.04.24-14.51.44:205][  0]LogTexture:Display: Building textures: MatInstActSprite (BGRA8)
[2022.04.24-14.51.44:211][  0]LogTexture:Display: Building textures: SceneManager (BGRA8)
[2022.04.24-14.51.44:224][  0]LogTexture:Display: Building textures: S_NavLink (AutoDXT)
[2022.04.24-14.51.44:238][  0]LogTexture:Display: Building textures: S_Note (BGRA8)
[2022.04.24-14.51.44:255][  0]LogTexture:Display: Building textures: S_ReflActorIcon (AutoDXT)
[2022.04.24-14.51.44:281][  0]LogTexture:Display: Building textures: S_Thruster (BGRA8)
[2022.04.24-14.51.44:291][  0]LogTexture:Display: Building textures: S_RadForce (BGRA8)
[2022.04.24-14.51.44:300][  0]LogTexture:Display: Building textures: TargetIcon (BGRA8)
[2022.04.24-14.51.44:308][  0]LogTexture:Display: Building textures: S_TextRenderActorIcon (AutoDXT)
[2022.04.24-14.51.44:325][  0]LogTexture:Display: Building textures: S_Trigger (BGRA8)
[2022.04.24-14.51.44:337][  0]LogTexture:Display: Building textures: S_VectorFieldVol (BGRA8)
[2022.04.24-14.51.44:347][  0]LogTexture:Display: Building textures: GradientTexture0 (BGRA8)
[2022.04.24-14.51.44:353][  0]LogTexture:Display: Building textures: Black (AutoDXT)
[2022.04.24-14.51.44:365][  0]LogTexture:Display: Building textures: MAT_Groups_Float (AutoDXT)
[2022.04.24-14.51.44:369][  0]LogTexture:Display: Building textures: MAT_Groups_Director (AutoDXT)
[2022.04.24-14.51.44:373][  0]LogTexture:Display: Building textures: MAT_Groups_Event (AutoDXT)
[2022.04.24-14.51.44:377][  0]LogTexture:Display: Building textures: MAT_Groups_Anim (AutoDXT)
[2022.04.24-14.51.44:382][  0]LogTexture:Display: Building textures: MAT_Groups_Fade (AutoDXT)
[2022.04.24-14.51.44:386][  0]LogTexture:Display: Building textures: MAT_Groups_Move (AutoDXT)
[2022.04.24-14.51.44:391][  0]LogTexture:Display: Building textures: MAT_Groups_Slomo (AutoDXT)
[2022.04.24-14.51.44:396][  0]LogTexture:Display: Building textures: MAT_ColorTrack (AutoDXT)
[2022.04.24-14.51.44:401][  0]LogTexture:Display: Building textures: MAT_Groups_Toggle (AutoDXT)
[2022.04.24-14.51.44:405][  0]LogTexture:Display: Building textures: MAT_Groups_AudioMaster (AutoDXT)
[2022.04.24-14.51.44:409][  0]LogTexture:Display: Building textures: MAT_Groups_Sound (AutoDXT)
[2022.04.24-14.51.44:414][  0]LogTexture:Display: Building textures: MAT_Groups_Vector (AutoDXT)
[2022.04.24-14.51.44:418][  0]LogTexture:Display: Building textures: MAT_Groups_Visibility (AutoDXT)
[2022.04.24-14.51.44:425][  0]LogTexture:Display: Building textures: DefaultTextureCube (DXT1)
[2022.04.24-14.51.44:793][  0]LogNetVersion: GetLocalNetworkVersion: CL: 3195953, ProjectName: pinball, ProjectVersion: , EngineNetworkVersion: 2, GameNetworkVersion: 0, NetworkChecksum: 1748929517
[2022.04.24-14.51.44:853][  0]LogAssetRegistry: FAssetRegistry took 0.0225 seconds to start up
[2022.04.24-14.51.44:915][  0]LogPackageLocalizationCache: Processed 3 localized package path(s) for 2 prioritized culture(s) in 0.049393 seconds
[2022.04.24-14.51.44:919][  0]LogUObjectArray: 31946 objects as part of root set at end of initial load.
[2022.04.24-14.51.44:919][  0]LogUObjectAllocator: 6935848 out of 0 bytes used by permanent object pool.
[2022.04.24-14.51.44:919][  0]LogUObjectArray: CloseDisregardForGC: 0/0 objects in disregard for GC pool
[2022.04.24-14.51.44:951][  0]LogInit: WinSock: version 1.1 (2.2), MaxSocks=32767, MaxUdp=65467
[2022.04.24-14.51.45:329][  0]LogTexture:Display: Building textures: S_FTest (AutoDXT)
[2022.04.24-14.51.45:529][  0]LogSlate: Using Freetype 2.6.0
[2022.04.24-14.51.45:537][  0]LogSlate: SlateFontCache - WITH_FREETYPE: 1, WITH_HARFBUZZ: 1
[2022.04.24-14.51.45:537][  0]LogSlate: SlateFontCache - WITH_FREETYPE: 1, WITH_HARFBUZZ: 1
[2022.04.24-14.51.50:745][  0]LogTexture:Display: Building textures: DummySpriteTexture (AutoDXT)
[2022.04.24-14.51.50:820][  0]LogTcpMessaging: Initializing TcpMessaging bridge
[2022.04.24-14.51.50:854][  0]LogUdpMessaging: Initializing bridge on interface 0.0.0.0:0 to multicast group 230.0.0.1:6666.
[2022.04.24-14.51.51:214][  0]LogMaterial: Uniform references updated for custom material expression Custom.
[2022.04.24-14.51.51:215][  0]LogTexture:Display: Building textures: MiniFont (AutoDXT)
[2022.04.24-14.51.51:498][  0]SourceControl: Info Source control is disabled
[2022.04.24-14.51.51:563][  0]SourceControl: Info Source control is disabled
[2022.04.24-14.51.51:599][  0]SourceControl: Info Source control is disabled
[2022.04.24-14.51.51:634][  0]SourceControl: Info Source control is disabled
[2022.04.24-14.51.52:608][  0]LogEngine: Initializing Engine...
[2022.04.24-14.51.52:609][  0]LogHMD: Failed to initialize OpenVR with code 110
[2022.04.24-14.51.52:637][  0]LogTexture:Display: Building textures: DefaultWhiteGrid (AutoDXT)
[2022.04.24-14.51.52:696][  0]LogTexture:Display: Building textures: InvalidLightmapSettings (AutoDXT)
[2022.04.24-14.51.52:731][  0]LogTexture:Display: Building textures: HeatmapGradient (BGRA8)
[2022.04.24-14.51.52:740][  0]LogTexture:Display: Building textures: PreviewShadowIndicator (BGRA8)
[2022.04.24-14.51.52:758][  0]LogTexture:Display: Building textures: BSPVertex (AutoDXT)
[2022.04.24-14.51.52:759][  0]LogTexture:Display: Building textures: Good64x64TilingNoiseHighFreq (G8)
[2022.04.24-14.51.52:760][  0]LogTexture:Display: Building textures: DefaultBokeh (BGRA8)
[2022.04.24-14.51.52:762][  0]LogTexture:Display: Building textures: PreintegratedSkinBRDF (BGRA8)
[2022.04.24-14.51.52:766][  0]LogTexture:Display: Building textures: WeightMapPlaceholderTexture (BGRA8)
[2022.04.24-14.51.52:875][  0]LogAIModule: Creating AISystem for world Untitled
[2022.04.24-14.51.52:917][  0]LogInit: XAudio2 using 'Speakers (High Definition Audio Device)' : 2 channels at 48 kHz using 16 bits per sample (channel mask 0x3)
[2022.04.24-14.51.52:931][  0]LogInit: FAudioDevice initialized.
[2022.04.24-14.51.52:961][  0]LogDerivedDataCache: Saved boot cache 0.03s 64MB C:/Users/jerye/AppData/Local/UnrealEngine/4.14/DerivedDataCache/Boot.ddc.
[2022.04.24-14.51.52:971][  0]LogInit: Texture streaming: Enabled
[2022.04.24-14.51.53:118][  0]LogInit: Transaction tracking system initialized
[2022.04.24-14.51.53:368][  0]BlueprintLog: New page: Editor Load
[2022.04.24-14.51.53:963][  0]LocalizationService: Info Localization service is disabled
[2022.04.24-14.51.54:422][  0]LogConsoleResponse:Display: 
[2022.04.24-14.51.54:443][  0]LogTexture:Display: Building textures: Cross (AutoDXT)
[2022.04.24-14.51.54:454][  0]LogTexture:Display: Building textures: Tick (AutoDXT)
[2022.04.24-14.51.54:459][  0]LogTexture:Display: Building textures: WidgetGridVertexColorMaterial (AutoDXT)
[2022.04.24-14.51.54:492][  0]LogTexture:Display: Building textures: CASC_None (AutoDXT)
[2022.04.24-14.51.54:492][  0]LogTexture:Display: Building textures: CASC_Cross (AutoDXT)
[2022.04.24-14.51.54:497][  0]LogTexture:Display: Building textures: Texture2D_28 (AutoDXT)
[2022.04.24-14.51.54:503][  0]LogTexture:Display: Building textures: S_KBSJoint (BGRA8)
[2022.04.24-14.51.54:507][  0]LogTexture:Display: Building textures: S_KHinge (BGRA8)
[2022.04.24-14.51.54:510][  0]LogTexture:Display: Building textures: S_KPrismatic (BGRA8)
[2022.04.24-14.51.54:514][  0]LogTexture:Display: Building textures: S_LightError (BGRA8)
[2022.04.24-14.51.54:519][  0]LogTexture:Display: Building textures: T_Loft_Spline (AutoDXT)
[2022.04.24-14.51.54:558][  0]LogTexture:Display: Building textures: DefaultNormal (BC5)
[2022.04.24-14.51.54:620][  0]LogTexture:Display: Building textures: Grid_N (BC5)
[2022.04.24-14.51.54:644][  0]LogTexture:Display: Building textures: PaperDiffuse (AutoDXT)
[2022.04.24-14.51.54:714][  0]LogTexture:Display: Building textures: PaperNormal (BC5)
[2022.04.24-14.51.54:732][  0]LogTexture:Display: Building textures: Texture2D_28 (AutoDXT)
[2022.04.24-14.51.54:743][  0]LogTexture:Display: Building textures: Texture2D_29 (AutoDXT)
[2022.04.24-14.51.54:748][  0]LogTexture:Display: Building textures: StreamingPauseIcon (AutoDXT)
[2022.04.24-14.51.54:775][  0]LogFileCache: Scanning file cache for directory 'D:/EpicGames/Unreal Projects/Udemy_Pinball/Pinball/Content/' took 0.02s
[2022.04.24-14.51.54:775][  0]LogCook:Display: Max memory allowance for cook 16384mb min free memory 0mb
[2022.04.24-14.51.54:776][  0]LogCook:Display: Mobile HDR setting 1
[2022.04.24-14.51.54:874][  0]LogTexture:Display: Building textures: Countdown (AutoDXT)
[2022.04.24-14.51.54:917][  0]LogTexture:Display: Building textures: RecordingIndicator (AutoDXT)
[2022.04.24-14.51.55:490][  0]LogTexture:Display: Building textures: DefaultAlphaTexture (BGRA8)
[2022.04.24-14.51.55:528][  0]SourceControl: Info Source control is disabled
[2022.04.24-14.51.55:529][  0]Cmd: MAP LOAD FILE="D:/EpicGames/Unreal Projects/Udemy_Pinball/Pinball/Content/Maps/MainLevel.umap" TEMPLATE=0 SHOWPROGRESS=1 FEATURELEVEL=3
[2022.04.24-14.51.55:531][  0]LightingResults: New page: Lighting Build
[2022.04.24-14.51.55:564][  0]MapCheck: New page: Map Check
[2022.04.24-14.51.55:564][  0]LightingResults: New page: Lighting Build
[2022.04.24-14.51.56:009][  0]LogStaticMesh: Building static mesh SM_RailMid...
[2022.04.24-14.51.56:033][  0]LogStaticMesh: Built static mesh [0.02s] /Game/Assets/SM_RailMid.SM_RailMid
[2022.04.24-14.51.56:039][  0]LogStaticMesh: Building static mesh SM_RailMouth...
[2022.04.24-14.51.56:059][  0]LogStaticMesh: Built static mesh [0.02s] /Game/Assets/SM_RailMouth.SM_RailMouth
[2022.04.24-14.51.56:063][  0]LogStaticMesh: Building static mesh SM_Plunger...
[2022.04.24-14.51.56:089][  0]LogStaticMesh: Built static mesh [0.03s] /Game/Assets/SM_Plunger.SM_Plunger
[2022.04.24-14.51.56:102][  0]LogMaterial: Missing cached shader map for material M_SimplePlastic, compiling. 
[2022.04.24-14.51.56:136][  0]LogStaticMesh: Building static mesh Flipper...
[2022.04.24-14.51.56:147][  0]LogStaticMesh: Built static mesh [0.01s] /Game/Assets/Flipper.Flipper
[2022.04.24-14.51.56:157][  0]LogStaticMesh: Building static mesh BallSphere...
[2022.04.24-14.51.56:178][  0]LogStaticMesh: Built static mesh [0.02s] /Game/Assets/BallSphere.BallSphere
[2022.04.24-14.51.56:193][  0]LogMaterial: Missing cached shader map for material M_SimpleMetal, compiling. 
[2022.04.24-14.51.56:226][  0]LogTexture:Display: Building textures: T_Sky_Stars (AutoDXT)
[2022.04.24-14.51.56:251][  0]LogStaticMesh: Building static mesh SM_RampNoTop...
[2022.04.24-14.51.56:280][  0]LogStaticMesh: Built static mesh [0.03s] /Game/Assets/SM_RampNoTop.SM_RampNoTop
[2022.04.24-14.51.56:284][  0]LogStaticMesh: Building static mesh SM_PlasticRamp_End...
[2022.04.24-14.51.56:304][  0]LogStaticMesh: Built static mesh [0.02s] /Game/Assets/SM_PlasticRamp_End.SM_PlasticRamp_End
[2022.04.24-14.51.56:314][  0]LogTexture:Display: Building textures: HQ_Lightmap0_2 (AutoDXT)
[2022.04.24-14.51.56:315][  0]LogTexture:Display: Building textures: HQ_Lightmap1_1 (AutoDXT)
[2022.04.24-14.51.56:318][  0]LogTexture:Display: Building textures: LQ_Lightmap_0_2 (DXT1)
[2022.04.24-14.51.56:319][  0]LogTexture:Display: Building textures: LQ_Lightmap_1_1 (DXT1)
[2022.04.24-14.51.56:322][  0]LogStaticMesh: Building static mesh SM_SlingbandMT...
[2022.04.24-14.51.56:368][  0]LogStaticMesh: Built static mesh [0.05s] /Game/Assets/SM_SlingbandMT.SM_SlingbandMT
[2022.04.24-14.51.56:370][  0]LogMaterial: Missing cached shader map for material M_MorphBand, compiling. 
[2022.04.24-14.51.56:448][  0]LogTexture:Display: Building textures: T_Sky_Clouds_M (BGRA8)
[2022.04.24-14.51.56:987][  0]LogTexture:Display: Building textures: T_Sky_Blue (AutoDXT)
[2022.04.24-14.51.57:730][  0]LogTexture:Display: Building textures: ShadowMapTexture2D_1 (BGRA8)
[2022.04.24-14.51.57:731][  0]LogTexture:Display: Building textures: ShadowMapTexture2D_2 (BGRA8)
[2022.04.24-14.51.57:911][  0]LogStaticMesh: Building static mesh SM_RailEnd...
[2022.04.24-14.51.57:958][  0]LogStaticMesh: Built static mesh [0.05s] /Game/Assets/SM_RailEnd.SM_RailEnd
[2022.04.24-14.51.57:964][  0]LogAIModule: Creating AISystem for world MainLevel
[2022.04.24-14.51.57:976][  0]LogTexture:Display: Building textures: EmptyActor (BGRA8)
[2022.04.24-14.51.58:028][  0]LogEditorServer: Finished looking for orphan Actors (0.000 secs)
[2022.04.24-14.51.58:032][  0]Cmd: MAP CHECKDEP NOCLEARLOG
[2022.04.24-14.51.58:097][  0]MapCheck: Info Map check complete: 0 Error(s), 0 Warning(s), took 64.358ms to complete.
[2022.04.24-14.51.58:097][  0]LogFileHelpers: Loading map 'MainLevel' took 2.569
[2022.04.24-14.51.58:360][  0]LogCollectionManager: Loaded 0 collections in 0.001255 seconds
[2022.04.24-14.51.58:496][  0]LogFileCache: Scanning file cache for directory 'D:/EpicGames/Unreal Projects/Udemy_Pinball/Pinball/Saved/Collections/' took 0.01s
[2022.04.24-14.51.58:496][  0]LogFileCache: Scanning file cache for directory 'D:/EpicGames/Unreal Projects/Udemy_Pinball/Pinball/Content/Developers/jerye/Collections/' took 0.01s
[2022.04.24-14.51.58:496][  0]LogFileCache: Scanning file cache for directory 'D:/EpicGames/Unreal Projects/Udemy_Pinball/Pinball/Content/Collections/' took 0.01s
[2022.04.24-14.51.58:496][  0]LogCollectionManager: Rebuilt the GUID cache for 0 collections in 0.000003 seconds
[2022.04.24-14.51.58:510][  0]LogContentBrowser: Native class hierarchy populated in 0.0132 seconds. Added 2190 classes and 428 folders.
[2022.04.24-14.51.58:554][  0]LogStats: UGameplayTagsManager::ConstructGameplayTagTree: Construct from data asset -  0.000 s
[2022.04.24-14.51.58:555][  0]LogStats: UGameplayTagsManager::ConstructGameplayTagTree: GameplayTagTreeChangedEvent.Broadcast -  0.000 s
[2022.04.24-14.51.58:556][  0]LogContentBrowser: Native class hierarchy updated for 'GameplayTags' in 0.0009 seconds. Added 13 classes and 0 folders.
[2022.04.24-14.51.58:619][  0]LogContentBrowser: Native class hierarchy updated for 'WidgetCarousel' in 0.0007 seconds. Added 0 classes and 0 folders.
[2022.04.24-14.51.58:766][  0]LogContentBrowser: Native class hierarchy updated for 'AddContentDialog' in 0.0011 seconds. Added 0 classes and 0 folders.
[2022.04.24-14.51.58:817][  0]LogContentBrowser: Native class hierarchy updated for 'SceneOutliner' in 0.0008 seconds. Added 1 classes and 2 folders.
[2022.04.24-14.51.58:879][  0]LogCrashTracker: Crashtracker disabled due to settings.
[2022.04.24-14.51.58:918][  0]LogTexture:Display: Building textures: Blueprint_64x (BGRA8)
[2022.04.24-14.51.58:920][  0]LogTexture:Display: Building textures: icon_Editor_Preferences_General_40x (BGRA8)
[2022.04.24-14.51.58:922][  0]LogTexture:Display: Building textures: Paper2DSprite_TutorialIcon (BGRA8)
[2022.04.24-14.51.58:924][  0]LogTexture:Display: Building textures: icon_ShowSkeletalMeshes_40x (BGRA8)
[2022.04.24-14.51.58:926][  0]LogTexture:Display: Building textures: Landscape (BGRA8)
[2022.04.24-14.51.58:927][  0]LogTexture:Display: Building textures: Foliage (BGRA8)
[2022.04.24-14.51.59:003][  0]LogContentBrowser: Native class hierarchy updated for 'HierarchicalLODOutliner' in 0.0006 seconds. Added 1 classes and 2 folders.
[2022.04.24-14.51.59:003][  0]LogLoad: (Engine Initialization) Total time: 38.09 seconds
[2022.04.24-14.51.59:004][  0]LogLoad: (Engine Initialization) Total Blueprint compile time: 0.24 seconds
[2022.04.24-14.51.59:004][  0]LogExternalProfiler: No external profilers were discovered.  External profiling features will not be available.
[2022.04.24-14.51.59:014][  0]LogOcInput: OculusInput pre-init called
[2022.04.24-14.51.59:044][  0]LogContentStreaming: Texture pool size now 1000 MB
[2022.04.24-14.51.59:088][  0]LogTexture:Display: Building textures: icon_tab_Levels_40x (BGRA8)
[2022.04.24-14.51.59:196][  0]LogTexture:Display: Building textures: LevelGrid1DStripes (BGRA8)
[2022.04.24-14.51.59:252][  0]LogRenderer: Reallocating scene render targets to support 1208x568 NumSamples 1 (Frame:2).
[2022.04.24-14.51.59:605][  1]LogAssetRegistry: Asset discovery search completed in 14.7742 seconds
[2022.04.24-14.51.59:605][  1]LogCollectionManager: Rebuilt the object cache for 0 collections in 0.000001 seconds (found 0 objects)
[2022.04.24-14.51.59:605][  1]LogCollectionManager: Fixed up redirectors for 0 collections in 0.000012 seconds (updated 0 objects)
[2022.04.24-15.22.28:966][598]LogContentBrowser: Native class hierarchy updated for 'BlueprintGraph' in 0.0011 seconds. Added 111 classes and 0 folders.
[2022.04.24-15.22.29:661][598]LogTexture:Display: Building textures: TilePatine_N (BC5)
[2022.04.24-15.22.29:692][598]LogTexture:Display: Building textures: TilePatine_D (AutoDXT)
[2022.04.24-15.24.35:561][922]LogFileHelpers: Editor autosave (incl. sublevels) for '/Game/Maps/MainLevel' took 0.048
[2022.04.24-15.24.35:563][922]OBJ SavePackage: Generating thumbnails for [1] asset(s) in package [/Game/Blueprints/BP_Slingshot] ([1] browsable assets)...
[2022.04.24-15.24.35:577][922]OBJ SavePackage:     Rendered thumbnail for [Blueprint /Game/Blueprints/BP_Slingshot.BP_Slingshot]
[2022.04.24-15.24.35:577][922]OBJ SavePackage: Finished generating thumbnails for package [/Game/Blueprints/BP_Slingshot]
[2022.04.24-15.24.35:633][922]LogSavePackage: Save=44.74ms
[2022.04.24-15.24.35:633][922]LogSavePackage: Moving 'D:/EpicGames/Unreal Projects/Udemy_Pinball/Pinball/Saved/BP_Slingshot_Auto1A1CB361842165FA6DEB129BF9F7CF6A5.tmp' to 'D:/EpicGames/Unreal Projects/Udemy_Pinball/Pinball/Saved/Autosaves/Game/Blueprints/BP_Slingshot_Auto1.uasset'
[2022.04.24-15.24.35:637][922]LogSavePackage:Display: Finished SavePackage D:/EpicGames/Unreal Projects/Udemy_Pinball/Pinball/Saved/Autosaves/Game/Blueprints/BP_Slingshot_Auto1.uasset
[2022.04.24-15.24.35:637][922]LogFileHelpers: Auto-saving content packages took 0.075
[2022.04.24-15.26.01:348][440]BlueprintLog: New page: Compile BP_Slingshot
[2022.04.24-15.26.02:419][545]Cmd: OBJ SAVEPACKAGE PACKAGE="/Game/Blueprints/BP_Slingshot" FILE="D:/EpicGames/Unreal Projects/Udemy_Pinball/Pinball/Content/Blueprints/BP_Slingshot.uasset" SILENT=true
[2022.04.24-15.26.02:491][545]LogSavePackage: Save=66.96ms
[2022.04.24-15.26.02:491][545]LogSavePackage: Moving 'D:/EpicGames/Unreal Projects/Udemy_Pinball/Pinball/Saved/BP_Slingshot8C0ACE214B101BA481723388FE41AF9E.tmp' to 'D:/EpicGames/Unreal Projects/Udemy_Pinball/Pinball/Content/Blueprints/BP_Slingshot.uasset'
[2022.04.24-15.26.02:493][545]LogSavePackage:Display: Finished SavePackage D:/EpicGames/Unreal Projects/Udemy_Pinball/Pinball/Content/Blueprints/BP_Slingshot.uasset
[2022.04.24-15.26.13:332][203]LogRenderer: Reallocating scene render targets to support 1208x892 NumSamples 1 (Frame:7080).
[2022.04.24-15.26.25:032][445]LogTexture:Display: Building textures: SunsetAmbientCubemap (RGBA16F)
[2022.04.24-15.26.30:396][445]LogTexture:Display: Building textures: SimplygonLogo (AutoDXT)
[2022.04.24-15.26.30:634][446]LogRenderer: Reallocating scene render targets to support 1432x916 NumSamples 1 (Frame:10046).
[2022.04.24-15.26.50:648][429]Cmd: OBJ SAVEPACKAGE PACKAGE="/Game/Maps/MainLevel" FILE="D:/EpicGames/Unreal Projects/Udemy_Pinball/Pinball/Content/Maps/MainLevel.umap" SILENT=true AUTOSAVING=false KEEPDIRTY=false
[2022.04.24-15.26.50:740][429]LogSavePackage: Save=50.31ms
[2022.04.24-15.26.50:740][429]LogSavePackage: Moving 'D:/EpicGames/Unreal Projects/Udemy_Pinball/Pinball/Saved/MainLevel1105B1744AB609330400C893530408E1.tmp' to 'D:/EpicGames/Unreal Projects/Udemy_Pinball/Pinball/Content/Maps/MainLevel.umap'
[2022.04.24-15.26.50:742][429]LogSavePackage:Display: Finished SavePackage D:/EpicGames/Unreal Projects/Udemy_Pinball/Pinball/Content/Maps/MainLevel.umap
[2022.04.24-15.26.50:760][429]LogFileHelpers: Saving map 'MainLevel' took 0.165
[2022.04.24-15.27.19:529][150]LogAudioDerivedData:Display: Building compressed audio format OGG wave Arcade_Enemy_Death_02...
[2022.04.24-15.27.19:564][150]LogAudioDerivedData:Display: Building compressed audio format OGG wave Arcade_Enemy_Death_03_m1...
[2022.04.24-15.27.19:584][150]LogAudioDerivedData:Display: Building compressed audio format OGG wave Arcade_Enemy_Fire_02_m1...
[2022.04.24-15.27.19:613][150]LogAudioDerivedData:Display: Building compressed audio format OGG wave Arcade_Enemy_Fire_03_m1...
[2022.04.24-15.27.19:646][150]LogAudioDerivedData:Display: Building compressed audio format OGG wave Arcade_GameStart...
[2022.04.24-15.27.19:679][150]LogAudioDerivedData:Display: Building compressed audio format OGG wave Bell_Impact01...
[2022.04.24-15.27.19:716][150]LogAudioDerivedData:Display: Building compressed audio format OGG wave Impact_Punch_High01...
[2022.04.24-15.27.19:744][150]LogAudioDerivedData:Display: Building compressed audio format OGG wave Impact_Punch_High02...
[2022.04.24-15.27.19:768][150]LogAudioDerivedData:Display: Building compressed audio format OGG wave Impact_Punch_High03...
[2022.04.24-15.27.19:797][150]LogAudioDerivedData:Display: Building compressed audio format OGG wave Impact_Punch_High04...
[2022.04.24-15.27.19:808][150]LogAudioDerivedData:Display: Building compressed audio format OGG wave Pinball_BallAdded...
[2022.04.24-15.27.19:829][150]LogAudioDerivedData:Display: Building compressed audio format OGG wave Pinball_BallDropFromSlide...
[2022.04.24-15.27.19:857][150]LogAudioDerivedData:Display: Building compressed audio format OGG wave Pinball_BallKickout...
[2022.04.24-15.27.19:869][150]LogAudioDerivedData:Display: Building compressed audio format OGG wave Pinball_BallLaunch...
[2022.04.24-15.27.19:930][150]LogAudioDerivedData:Display: Building compressed audio format OGG wave Pinball_BallLoose...
[2022.04.24-15.27.19:959][150]LogAudioDerivedData:Display: Building compressed audio format OGG wave Pinball_BallRelease...
[2022.04.24-15.27.20:022][150]LogAudioDerivedData:Display: Building compressed audio format OGG wave Pinball_Bell01...
[2022.04.24-15.27.20:051][150]LogAudioDerivedData:Display: Building compressed audio format OGG wave Pinball_BumperImpact01...
[2022.04.24-15.27.20:077][150]LogAudioDerivedData:Display: Building compressed audio format OGG wave Pinball_BumperImpact02...
[2022.04.24-15.27.20:086][150]LogAudioDerivedData:Display: Building compressed audio format OGG wave Pinball_BumperImpact03...
[2022.04.24-15.27.20:096][150]LogAudioDerivedData:Display: Building compressed audio format OGG wave Pinball_BumperImpact04...
[2022.04.24-15.27.20:106][150]LogAudioDerivedData:Display: Building compressed audio format OGG wave Pinball_BumperImpact05...
[2022.04.24-15.27.20:119][150]LogAudioDerivedData:Display: Building compressed audio format OGG wave Pinball_Error01...
[2022.04.24-15.27.20:141][150]LogAudioDerivedData:Display: Building compressed audio format OGG wave Pinball_FlipperLeft...
[2022.04.24-15.27.20:159][150]LogAudioDerivedData:Display: Building compressed audio format OGG wave Pinball_FlipperRight...
[2022.04.24-15.27.20:177][150]LogAudioDerivedData:Display: Building compressed audio format OGG wave Pinball_Popup01...
[2022.04.24-15.27.20:187][150]LogAudioDerivedData:Display: Building compressed audio format OGG wave Pinball_Popup02...
[2022.04.24-15.27.20:196][150]LogAudioDerivedData:Display: Building compressed audio format OGG wave Pinball_Popup03...
[2022.04.24-15.27.20:208][150]LogAudioDerivedData:Display: Building compressed audio format OGG wave Pinball_Reset01...
[2022.04.24-15.27.20:230][150]LogAudioDerivedData:Display: Building compressed audio format OGG wave Pinball_Reset02...
[2022.04.24-15.27.20:255][150]LogAudioDerivedData:Display: Building compressed audio format OGG wave Pinball_Rolling01...
[2022.04.24-15.27.20:303][150]LogAudioDerivedData:Display: Building compressed audio format OGG wave SP08_Convoy_Chase_exp...
[2022.04.24-15.42.19:668][908]LogFactory: FactoryCreateFile: SoundWave with ReimportSoundFactory (0 0 C:/Users/jerye/Downloads/PinballAssets/PinballAssets/Sounds/victoryMusic_loop_01.wav)
[2022.04.24-15.42.19:703][908]Error: Unable to read wave file 'victoryMusic_loop_01' - "Unsupported wave file format.  Only PCM, ADPCM, and DVI ADPCM can be imported."
[2022.04.24-15.42.23:431][908]LogAssetTools:Warning: Failed to import 'C:/Users/jerye/Downloads/PinballAssets/PinballAssets/Sounds/victoryMusic_loop_01.wav'. Failed to create asset '/Game/Assets/Sounds/victoryMusic_loop_01'.
Please see Output Log for details.
[2022.04.24-15.42.49:565][948]LogFactory: FactoryCreateFile: FileMediaSource with WmfFileMediaSourceFactory (0 0 C:/Users/jerye/Downloads/PinballAssets/PinballAssets/Sounds/victoryMusic_loop.mp3)
[2022.04.24-15.42.49:644][948]LogFactory: FactoryCreateFile: SoundWave with ReimportSoundFactory (0 0 C:/Users/jerye/Downloads/PinballAssets/PinballAssets/Sounds/victoryMusic_loop_01.wav)
[2022.04.24-15.42.49:683][948]Error: Unable to read wave file 'victoryMusic_loop_01' - "Unsupported wave file format.  Only PCM, ADPCM, and DVI ADPCM can be imported."
[2022.04.24-15.42.51:186][948]LogAssetTools:Warning: Failed to import 'C:/Users/jerye/Downloads/PinballAssets/PinballAssets/Sounds/victoryMusic_loop_01.wav'. Failed to create asset '/Game/Assets/Sounds/victoryMusic_loop_01'.
Please see Output Log for details.
[2022.04.24-15.42.51:246][948]LogFactory: FactoryCreateFile: SoundWave with ReimportSoundFactory (0 0 C:/Users/jerye/Downloads/PinballAssets/PinballAssets/Sounds/victoryMusic_loop_01_01.wav)
[2022.04.24-15.42.51:315][948]LogAudioDerivedData:Display: Building compressed audio format OGG wave victoryMusic_loop_01_01...
[2022.04.24-15.42.52:781][948]LogAudioDerivedData:Warning: Updated SoundWave->RawPCMDataSize during cooking SoundWave /Game/Assets/Sounds/victoryMusic_loop_01_01.victoryMusic_loop_01_01.
[2022.04.24-15.43.18:469][977]Cmd: OBJ SAVEPACKAGE PACKAGE="/Game/Assets/Sounds/victoryMusic_loop_01" FILE="D:/EpicGames/Unreal Projects/Udemy_Pinball/Pinball/Content/Assets/Sounds/victoryMusic_loop_01.uasset" SILENT=true
[2022.04.24-15.43.18:536][977]LogSavePackage: Save=65.69ms
[2022.04.24-15.43.18:536][977]LogSavePackage: Moving 'D:/EpicGames/Unreal Projects/Udemy_Pinball/Pinball/Saved/victoryMusic_loop_011060A2E841639DA806AD8A8DBB9509B3.tmp' to 'D:/EpicGames/Unreal Projects/Udemy_Pinball/Pinball/Content/Assets/Sounds/victoryMusic_loop_01.uasset'
[2022.04.24-15.43.18:538][977]LogSavePackage:Display: Finished SavePackage D:/EpicGames/Unreal Projects/Udemy_Pinball/Pinball/Content/Assets/Sounds/victoryMusic_loop_01.uasset
[2022.04.24-15.52.24:001][419]LogFileHelpers: Editor autosave (incl. sublevels) for '/Game/Maps/MainLevel' took 0.013
[2022.04.24-15.52.24:003][419]OBJ SavePackage: Generating thumbnails for [0] asset(s) in package [/Game/Assets/Sounds/victoryMusic_loop] ([1] browsable assets)...
[2022.04.24-15.52.24:003][419]OBJ SavePackage: Finished generating thumbnails for package [/Game/Assets/Sounds/victoryMusic_loop]
[2022.04.24-15.52.24:006][419]LogSavePackage: Save=1.65ms
[2022.04.24-15.52.24:006][419]LogSavePackage: Moving 'D:/EpicGames/Unreal Projects/Udemy_Pinball/Pinball/Saved/victoryMusic_loop_Auto24E1C439248886F45136956B9464ED135.tmp' to 'D:/EpicGames/Unreal Projects/Udemy_Pinball/Pinball/Saved/Autosaves/Game/Assets/Sounds/victoryMusic_loop_Auto2.uasset'
[2022.04.24-15.52.24:007][419]LogSavePackage:Display: Finished SavePackage D:/EpicGames/Unreal Projects/Udemy_Pinball/Pinball/Saved/Autosaves/Game/Assets/Sounds/victoryMusic_loop_Auto2.uasset
[2022.04.24-15.52.24:011][419]LogSavePackage: Save=1.08ms
[2022.04.24-15.52.24:011][419]LogSavePackage: Moving 'D:/EpicGames/Unreal Projects/Udemy_Pinball/Pinball/Saved/victoryMusic_loop_01_01_Auto22AAE114A47BCDE4CE3440690773DC7E7.tmp' to 'D:/EpicGames/Unreal Projects/Udemy_Pinball/Pinball/Saved/Autosaves/Game/Assets/Sounds/victoryMusic_loop_01_01_Auto2.uasset'
[2022.04.24-15.52.24:013][419]LogSavePackage:Display: Finished SavePackage D:/EpicGames/Unreal Projects/Udemy_Pinball/Pinball/Saved/Autosaves/Game/Assets/Sounds/victoryMusic_loop_01_01_Auto2.uasset
[2022.04.24-15.52.24:013][419]LogFileHelpers: Auto-saving content packages took 0.011
[2022.04.24-15.57.33:826][277]BlueprintLog: New page: Compile PinballGameMode
[2022.04.24-15.57.34:489][333]Cmd: OBJ SAVEPACKAGE PACKAGE="/Game/Blueprints/PinballGameMode" FILE="D:/EpicGames/Unreal Projects/Udemy_Pinball/Pinball/Content/Blueprints/PinballGameMode.uasset" SILENT=true
[2022.04.24-15.57.34:540][333]LogSavePackage: Save=46.49ms
[2022.04.24-15.57.34:540][333]LogSavePackage: Moving 'D:/EpicGames/Unreal Projects/Udemy_Pinball/Pinball/Saved/PinballGameMode3FC443AB4F5A3F8AE0EAA2BE1CC9B519.tmp' to 'D:/EpicGames/Unreal Projects/Udemy_Pinball/Pinball/Content/Blueprints/PinballGameMode.uasset'
[2022.04.24-15.57.34:541][333]LogSavePackage:Display: Finished SavePackage D:/EpicGames/Unreal Projects/Udemy_Pinball/Pinball/Content/Blueprints/PinballGameMode.uasset
[2022.04.24-15.57.46:472][941]LogTemp: Repeting last play command: Selected Viewport
[2022.04.24-15.57.46:486][941]LogPlayLevel: PlayLevel: No blueprints needed recompiling
[2022.04.24-15.57.46:488][941]PIE: New page: PIE session: MainLevel (Apr 24, 2022, 7:57:46 AM)
[2022.04.24-15.57.46:488][941]LogPlayLevel: Creating play world package: /Game/Maps/UEDPIE_0_MainLevel
[2022.04.24-15.57.46:496][941]LogPlayLevel: PIE: StaticDuplicateObject took: (0.007875s)
[2022.04.24-15.57.46:497][941]LogAIModule: Creating AISystem for world MainLevel
[2022.04.24-15.57.46:497][941]LogPlayLevel: PIE: World Init took: (0.000836s)
[2022.04.24-15.57.46:497][941]LogPlayLevel: PIE: Created PIE world by copying editor world from /Game/Maps/MainLevel.MainLevel to /Game/Maps/UEDPIE_0_MainLevel.MainLevel (0.009110s)
[2022.04.24-15.57.46:524][941]LogInit: XAudio2 using 'Headphones (Arctis 5 Game)' : 2 channels at 48 kHz using 16 bits per sample (channel mask 0x3)
[2022.04.24-15.57.46:551][941]LogInit: FAudioDevice initialized.
[2022.04.24-15.57.46:601][941]LogLoad: Game class is 'PinballGameMode_C'
[2022.04.24-15.57.46:606][941]LogWorld: Bringing World /Game/Maps/UEDPIE_0_MainLevel.MainLevel up for play (max tick rate 0) at 2022.04.24-11.57.46
[2022.04.24-15.57.46:608][941]LogWorld: Bringing up level for play took: 0.002522
[2022.04.24-15.57.46:642][941]LogContentBrowser: Native class hierarchy updated for 'MovieSceneCapture' in 0.0008 seconds. Added 11 classes and 0 folders.
[2022.04.24-15.57.46:651][941]PIE: Info Play in editor start time for /Game/Maps/UEDPIE_0_MainLevel 0.525
[2022.04.24-15.57.46:660][941]LogAudio:Warning: Detected orphaned looping sound 'victoryMusic_loop_01'.
[2022.04.24-15.58.14:275][711]Cmd: OBJ SAVEPACKAGE PACKAGE="/Game/Assets/Sounds/victoryMusic_loop_01" FILE="D:/EpicGames/Unreal Projects/Udemy_Pinball/Pinball/Content/Assets/Sounds/victoryMusic_loop_01.uasset" SILENT=true
[2022.04.24-15.58.14:362][711]LogSavePackage: Save=20.23ms
[2022.04.24-15.58.14:362][711]LogSavePackage: Moving 'D:/EpicGames/Unreal Projects/Udemy_Pinball/Pinball/Saved/victoryMusic_loop_01A4A9E744415F5CAB904F1DB5791B7870.tmp' to 'D:/EpicGames/Unreal Projects/Udemy_Pinball/Pinball/Content/Assets/Sounds/victoryMusic_loop_01.uasset'
[2022.04.24-15.58.14:365][711]LogSavePackage:Display: Finished SavePackage D:/EpicGames/Unreal Projects/Udemy_Pinball/Pinball/Content/Assets/Sounds/victoryMusic_loop_01.uasset
[2022.04.24-15.59.48:104][429]Cmd: OBJ SAVEPACKAGE PACKAGE="/Game/Assets/Sounds/PinballAttenuation" FILE="D:/EpicGames/Unreal Projects/Udemy_Pinball/Pinball/Content/Assets/Sounds/PinballAttenuation.uasset" SILENT=true
[2022.04.24-15.59.48:106][429]LogSavePackage: Save=0.90ms
[2022.04.24-15.59.48:106][429]LogSavePackage: Moving 'D:/EpicGames/Unreal Projects/Udemy_Pinball/Pinball/Saved/PinballAttenuationB90064104B9F5326088F7A9AEA88C03F.tmp' to 'D:/EpicGames/Unreal Projects/Udemy_Pinball/Pinball/Content/Assets/Sounds/PinballAttenuation.uasset'
[2022.04.24-15.59.48:107][429]LogSavePackage:Display: Finished SavePackage D:/EpicGames/Unreal Projects/Udemy_Pinball/Pinball/Content/Assets/Sounds/PinballAttenuation.uasset
[2022.04.24-16.00.11:127][871]Cmd: OBJ SAVEPACKAGE PACKAGE="/Game/Assets/Sounds/BumperHit" FILE="D:/EpicGames/Unreal Projects/Udemy_Pinball/Pinball/Content/Assets/Sounds/BumperHit.uasset" SILENT=true
[2022.04.24-16.00.11:157][871]LogSavePackage: Save=25.62ms
[2022.04.24-16.00.11:157][871]LogSavePackage: Moving 'D:/EpicGames/Unreal Projects/Udemy_Pinball/Pinball/Saved/BumperHit8451F2A44902305E38AE1A9A6170E280.tmp' to 'D:/EpicGames/Unreal Projects/Udemy_Pinball/Pinball/Content/Assets/Sounds/BumperHit.uasset'
[2022.04.24-16.00.11:160][871]LogSavePackage:Display: Finished SavePackage D:/EpicGames/Unreal Projects/Udemy_Pinball/Pinball/Content/Assets/Sounds/BumperHit.uasset
[2022.04.24-16.01.12:038][901]Cmd: OBJ SAVEPACKAGE PACKAGE="/Game/Assets/Sounds/Pinball_BallLoose_Cue" FILE="D:/EpicGames/Unreal Projects/Udemy_Pinball/Pinball/Content/Assets/Sounds/Pinball_BallLoose_Cue.uasset" SILENT=true
[2022.04.24-16.01.12:040][901]LogSavePackage: Save=1.19ms
[2022.04.24-16.01.12:040][901]LogSavePackage: Moving 'D:/EpicGames/Unreal Projects/Udemy_Pinball/Pinball/Saved/Pinball_BallLoose_CueEAA9DC884D0D5F7DCADB05AD68FB0081.tmp' to 'D:/EpicGames/Unreal Projects/Udemy_Pinball/Pinball/Content/Assets/Sounds/Pinball_BallLoose_Cue.uasset'
[2022.04.24-16.01.12:041][901]LogSavePackage:Display: Finished SavePackage D:/EpicGames/Unreal Projects/Udemy_Pinball/Pinball/Content/Assets/Sounds/Pinball_BallLoose_Cue.uasset
[2022.04.24-16.01.54:644][265]Cmd: OBJ SAVEPACKAGE PACKAGE="/Game/Assets/Sounds/Pinball_BallLoose_Cue" FILE="D:/EpicGames/Unreal Projects/Udemy_Pinball/Pinball/Content/Assets/Sounds/Pinball_BallLoose_Cue.uasset" SILENT=true
[2022.04.24-16.01.54:650][265]LogSavePackage: Save=1.45ms
[2022.04.24-16.01.54:650][265]LogSavePackage: Moving 'D:/EpicGames/Unreal Projects/Udemy_Pinball/Pinball/Saved/Pinball_BallLoose_Cue6BD307F0474E58247179E6A73ADD66D7.tmp' to 'D:/EpicGames/Unreal Projects/Udemy_Pinball/Pinball/Content/Assets/Sounds/Pinball_BallLoose_Cue.uasset'
[2022.04.24-16.01.54:652][265]LogSavePackage:Display: Finished SavePackage D:/EpicGames/Unreal Projects/Udemy_Pinball/Pinball/Content/Assets/Sounds/Pinball_BallLoose_Cue.uasset
[2022.04.24-16.02.48:557][963]BlueprintLog: New page: Compile BP_Ball
[2022.04.24-16.02.49:693][ 77]Cmd: OBJ SAVEPACKAGE PACKAGE="/Game/Blueprints/BP_Ball" FILE="D:/EpicGames/Unreal Projects/Udemy_Pinball/Pinball/Content/Blueprints/BP_Ball.uasset" SILENT=true
