Log file open, 12/29/21 16:44:21
LogInit:Display: Running engine for game: Pinball
LogPlatformFile: Not using cached read wrapper
LogInit:Display: RandInit(-162276535) SRandInit(-162276535).
LogTaskGraph: Started task graph with 5 named threads and 10 total threads with 1 sets of task threads.
LogStats: Stats thread started at 0.129419
LogPluginManager: Loaded Plugin Paper2D, From C:/Program Files/Epic Games/UE_4.14/Engine/Plugins/2D/Paper2D/Paper2D.uplugin
LogPluginManager: Loaded Plugin LightPropagationVolume, From C:/Program Files/Epic Games/UE_4.14/Engine/Plugins/Blendables/LightPropagationVolume/LightPropagationVolume.uplugin
LogPluginManager: Loaded Plugin BlankPlugin, From C:/Program Files/Epic Games/UE_4.14/Engine/Plugins/Developer/BlankPlugin/BlankPlugin.uplugin
LogPluginManager: Loaded Plugin CodeLiteSourceCodeAccess, From C:/Program Files/Epic Games/UE_4.14/Engine/Plugins/Developer/CodeLiteSourceCodeAccess/CodeLiteSourceCodeAccess.uplugin
LogPluginManager: Loaded Plugin GitSourceControl, From C:/Program Files/Epic Games/UE_4.14/Engine/Plugins/Developer/GitSourceControl/GitSourceControl.uplugin
LogPluginManager: Loaded Plugin KDevelopSourceCodeAccess, From C:/Program Files/Epic Games/UE_4.14/Engine/Plugins/Developer/KDevelopSourceCodeAccess/KDevelopSourceCodeAccess.uplugin
LogPluginManager: Loaded Plugin NullSourceCodeAccess, From C:/Program Files/Epic Games/UE_4.14/Engine/Plugins/Developer/NullSourceCodeAccess/NullSourceCodeAccess.uplugin
LogPluginManager: Loaded Plugin OneSkyLocalizationService, From C:/Program Files/Epic Games/UE_4.14/Engine/Plugins/Developer/OneSkyLocalizationService/OneSkyLocalizationService.uplugin
LogPluginManager: Loaded Plugin PerforceSourceControl, From C:/Program Files/Epic Games/UE_4.14/Engine/Plugins/Developer/PerforceSourceControl/PerforceSourceControl.uplugin
LogPluginManager: Loaded Plugin SubversionSourceControl, From C:/Program Files/Epic Games/UE_4.14/Engine/Plugins/Developer/SubversionSourceControl/SubversionSourceControl.uplugin
LogPluginManager: Loaded Plugin UObjectPlugin, From C:/Program Files/Epic Games/UE_4.14/Engine/Plugins/Developer/UObjectPlugin/UObjectPlugin.uplugin
LogPluginManager: Loaded Plugin VisualStudioSourceCodeAccess, From C:/Program Files/Epic Games/UE_4.14/Engine/Plugins/Developer/VisualStudioSourceCodeAccess/VisualStudioSourceCodeAccess.uplugin
LogPluginManager: Loaded Plugin XCodeSourceCodeAccess, From C:/Program Files/Epic Games/UE_4.14/Engine/Plugins/Developer/XCodeSourceCodeAccess/XCodeSourceCodeAccess.uplugin
LogPluginManager: Loaded Plugin AudioCapture, From C:/Program Files/Epic Games/UE_4.14/Engine/Plugins/Editor/AudioCapture/AudioCapture.uplugin
LogPluginManager: Loaded Plugin EpicSurvey, From C:/Program Files/Epic Games/UE_4.14/Engine/Plugins/Editor/EpicSurvey/EpicSurvey.uplugin
LogPluginManager: Loaded Plugin MacGraphicsSwitching, From C:/Program Files/Epic Games/UE_4.14/Engine/Plugins/Editor/MacGraphicsSwitching/MacGraphicsSwitching.uplugin
LogPluginManager: Loaded Plugin MobileLauncherProfileWizard, From C:/Program Files/Epic Games/UE_4.14/Engine/Plugins/Editor/MobileLauncherProfileWizard/MobileLauncherProfileWizard.uplugin
LogPluginManager: Loaded Plugin PluginBrowser, From C:/Program Files/Epic Games/UE_4.14/Engine/Plugins/Editor/PluginBrowser/PluginBrowser.uplugin
LogPluginManager: Loaded Plugin SpeedTreeImporter, From C:/Program Files/Epic Games/UE_4.14/Engine/Plugins/Editor/SpeedTreeImporter/SpeedTreeImporter.uplugin
LogPluginManager: Loaded Plugin SuperSearchEditor, From C:/Program Files/Epic Games/UE_4.14/Engine/Plugins/Editor/SuperSearchEditor/SuperSearchEditor.uplugin
LogPluginManager: Loaded Plugin AlembicImporter, From C:/Program Files/Epic Games/UE_4.14/Engine/Plugins/Experimental/AlembicImporter/AlembicImporter.uplugin
LogPluginManager: Loaded Plugin BlueprintStats, From C:/Program Files/Epic Games/UE_4.14/Engine/Plugins/Experimental/BlueprintStats/BlueprintStats.uplugin
LogPluginManager: Loaded Plugin CharacterAI, From C:/Program Files/Epic Games/UE_4.14/Engine/Plugins/Experimental/CharacterAI/CharacterAI.uplugin
LogPluginManager: Loaded Plugin CodeEditor, From C:/Program Files/Epic Games/UE_4.14/Engine/Plugins/Experimental/CodeEditor/CodeEditor.uplugin
LogPluginManager: Loaded Plugin CodeView, From C:/Program Files/Epic Games/UE_4.14/Engine/Plugins/Experimental/CodeView/CodeView.uplugin
LogPluginManager: Loaded Plugin HTML5Networking, From C:/Program Files/Epic Games/UE_4.14/Engine/Plugins/Experimental/HTML5Networking/HTML5Networking.uplugin
LogPluginManager: Loaded Plugin OSVR, From C:/Program Files/Epic Games/UE_4.14/Engine/Plugins/Experimental/OSVR/OSVR.uplugin
LogPluginManager: Loaded Plugin Phya, From C:/Program Files/Epic Games/UE_4.14/Engine/Plugins/Experimental/Phya/Phya.uplugin
LogPluginManager: Loaded Plugin SignificanceManager, From C:/Program Files/Epic Games/UE_4.14/Engine/Plugins/Experimental/SignificanceManager/SignificanceManager.uplugin
LogPluginManager: Loaded Plugin SimpleHMD, From C:/Program Files/Epic Games/UE_4.14/Engine/Plugins/Experimental/SimpleHMD/SimpleHMD.uplugin
LogPluginManager: Loaded Plugin StereoPanorama, From C:/Program Files/Epic Games/UE_4.14/Engine/Plugins/Experimental/StereoPanorama/StereoPanorama.uplugin
LogPluginManager: Loaded Plugin StructBox, From C:/Program Files/Epic Games/UE_4.14/Engine/Plugins/Experimental/StructBox/StructBox.uplugin
LogPluginManager: Loaded Plugin AndroidMedia, From C:/Program Files/Epic Games/UE_4.14/Engine/Plugins/Media/AndroidMedia/AndroidMedia.uplugin
LogPluginManager: Loaded Plugin AvfMedia, From C:/Program Files/Epic Games/UE_4.14/Engine/Plugins/Media/AvfMedia/AvfMedia.uplugin
LogPluginManager: Loaded Plugin MediaPlayerEditor, From C:/Program Files/Epic Games/UE_4.14/Engine/Plugins/Media/MediaPlayerEditor/MediaPlayerEditor.uplugin
LogPluginManager: Loaded Plugin WmfMedia, From C:/Program Files/Epic Games/UE_4.14/Engine/Plugins/Media/WmfMedia/WmfMedia.uplugin
LogPluginManager: Loaded Plugin MessagingDebugger, From C:/Program Files/Epic Games/UE_4.14/Engine/Plugins/Messaging/MessagingDebugger/MessagingDebugger.uplugin
LogPluginManager: Loaded Plugin TcpMessaging, From C:/Program Files/Epic Games/UE_4.14/Engine/Plugins/Messaging/TcpMessaging/TcpMessaging.uplugin
LogPluginManager: Loaded Plugin UdpMessaging, From C:/Program Files/Epic Games/UE_4.14/Engine/Plugins/Messaging/UdpMessaging/UdpMessaging.uplugin
LogPluginManager: Loaded Plugin LevelSequenceEditor, From C:/Program Files/Epic Games/UE_4.14/Engine/Plugins/MovieScene/LevelSequenceEditor/LevelSequenceEditor.uplugin
LogPluginManager: Loaded Plugin MatineeToLevelSequence, From C:/Program Files/Epic Games/UE_4.14/Engine/Plugins/MovieScene/MatineeToLevelSequence/MatineeToLevelSequence.uplugin
LogPluginManager: Loaded Plugin NetcodeUnitTest, From C:/Program Files/Epic Games/UE_4.14/Engine/Plugins/NetcodeUnitTest/NetcodeUnitTest/NetcodeUnitTest.uplugin
LogPluginManager: Loaded Plugin NUTUnrealEngine4, From C:/Program Files/Epic Games/UE_4.14/Engine/Plugins/NetcodeUnitTest/NUTUnrealEngine4/NUTUnrealEngine4.uplugin
LogPluginManager: Loaded Plugin OnlineSubsystemGameCircle, From C:/Program Files/Epic Games/UE_4.14/Engine/Plugins/Online/Android/OnlineSubsystemGameCircle/OnlineSubsystemGameCircle.uplugin
LogPluginManager: Loaded Plugin OnlineSubsystemGooglePlay, From C:/Program Files/Epic Games/UE_4.14/Engine/Plugins/Online/Android/OnlineSubsystemGooglePlay/OnlineSubsystemGooglePlay.uplugin
LogPluginManager: Loaded Plugin OnlineSubsystemIOS, From C:/Program Files/Epic Games/UE_4.14/Engine/Plugins/Online/IOS/OnlineSubsystemIOS/OnlineSubsystemIOS.uplugin
LogPluginManager: Loaded Plugin OnlineFramework, From C:/Program Files/Epic Games/UE_4.14/Engine/Plugins/Online/OnlineFramework/OnlineFramework.uplugin
LogPluginManager: Loaded Plugin OnlineSubsystem, From C:/Program Files/Epic Games/UE_4.14/Engine/Plugins/Online/OnlineSubsystem/OnlineSubsystem.uplugin
LogPluginManager: Loaded Plugin OnlineSubsystemAmazon, From C:/Program Files/Epic Games/UE_4.14/Engine/Plugins/Online/OnlineSubsystemAmazon/OnlineSubsystemAmazon.uplugin
LogPluginManager: Loaded Plugin OnlineSubsystemFacebook, From C:/Program Files/Epic Games/UE_4.14/Engine/Plugins/Online/OnlineSubsystemFacebook/OnlineSubsystemFacebook.uplugin
LogPluginManager: Loaded Plugin OnlineSubsystemNull, From C:/Program Files/Epic Games/UE_4.14/Engine/Plugins/Online/OnlineSubsystemNull/OnlineSubsystemNull.uplugin
LogPluginManager: Loaded Plugin OnlineSubsystemOculus, From C:/Program Files/Epic Games/UE_4.14/Engine/Plugins/Online/OnlineSubsystemOculus/OnlineSubsystemOculus.uplugin
LogPluginManager: Loaded Plugin OnlineSubsystemSteam, From C:/Program Files/Epic Games/UE_4.14/Engine/Plugins/Online/OnlineSubsystemSteam/OnlineSubsystemSteam.uplugin
LogPluginManager: Loaded Plugin OnlineSubsystemUtils, From C:/Program Files/Epic Games/UE_4.14/Engine/Plugins/Online/OnlineSubsystemUtils/OnlineSubsystemUtils.uplugin
LogPluginManager: Loaded Plugin IOSTapJoy, From C:/Program Files/Epic Games/UE_4.14/Engine/Plugins/Runtime/Advertising/IOSTapJoy/IOSTapJoy.uplugin
LogPluginManager: Loaded Plugin AnalyticsBlueprintLibrary, From C:/Program Files/Epic Games/UE_4.14/Engine/Plugins/Runtime/Analytics/AnalyticsBlueprintLibrary/AnalyticsBlueprintLibrary.uplugin
LogPluginManager: Loaded Plugin AnalyticsMulticast, From C:/Program Files/Epic Games/UE_4.14/Engine/Plugins/Runtime/Analytics/AnalyticsMulticast/AnalyticsMulticast.uplugin
LogPluginManager: Loaded Plugin Apsalar, From C:/Program Files/Epic Games/UE_4.14/Engine/Plugins/Runtime/Analytics/Apsalar/Apsalar.uplugin
LogPluginManager: Loaded Plugin FileLogging, From C:/Program Files/Epic Games/UE_4.14/Engine/Plugins/Runtime/Analytics/FileLogging/FileLogging.uplugin
LogPluginManager: Loaded Plugin Flurry, From C:/Program Files/Epic Games/UE_4.14/Engine/Plugins/Runtime/Analytics/Flurry/Flurry.uplugin
LogPluginManager: Loaded Plugin AndroidDeviceProfileSelector, From C:/Program Files/Epic Games/UE_4.14/Engine/Plugins/Runtime/AndroidDeviceProfileSelector/AndroidDeviceProfileSelector.uplugin
LogPluginManager: Loaded Plugin AndroidMoviePlayer, From C:/Program Files/Epic Games/UE_4.14/Engine/Plugins/Runtime/AndroidMoviePlayer/AndroidMoviePlayer.uplugin
LogPluginManager: Loaded Plugin AppleMoviePlayer, From C:/Program Files/Epic Games/UE_4.14/Engine/Plugins/Runtime/AppleMoviePlayer/AppleMoviePlayer.uplugin
LogPluginManager: Loaded Plugin ArchVisCharacter, From C:/Program Files/Epic Games/UE_4.14/Engine/Plugins/Runtime/ArchVisCharacter/ArchVisCharacter.uplugin
LogPluginManager: Loaded Plugin CableComponent, From C:/Program Files/Epic Games/UE_4.14/Engine/Plugins/Runtime/CableComponent/CableComponent.uplugin
LogPluginManager: Loaded Plugin CustomMeshComponent, From C:/Program Files/Epic Games/UE_4.14/Engine/Plugins/Runtime/CustomMeshComponent/CustomMeshComponent.uplugin
LogPluginManager: Loaded Plugin ExampleDeviceProfileSelector, From C:/Program Files/Epic Games/UE_4.14/Engine/Plugins/Runtime/ExampleDeviceProfileSelector/ExampleDeviceProfileSelector.uplugin
LogPluginManager: Loaded Plugin GearVR, From C:/Program Files/Epic Games/UE_4.14/Engine/Plugins/Runtime/GearVR/GearVR.uplugin
LogPluginManager: Loaded Plugin GoogleVRController, From C:/Program Files/Epic Games/UE_4.14/Engine/Plugins/Runtime/GoogleVR/GoogleVRController/GoogleVRController.uplugin
LogPluginManager: Loaded Plugin GoogleVRHMD, From C:/Program Files/Epic Games/UE_4.14/Engine/Plugins/Runtime/GoogleVR/GoogleVRHMD/GoogleVRHMD.uplugin
LogPluginManager: Loaded Plugin IOSDeviceProfileSelector, From C:/Program Files/Epic Games/UE_4.14/Engine/Plugins/Runtime/IOSDeviceProfileSelector/IOSDeviceProfileSelector.uplugin
LogPluginManager: Loaded Plugin LeapMotion, From C:/Program Files/Epic Games/UE_4.14/Engine/Plugins/Runtime/LeapMotion/LeapMotion.uplugin
LogPluginManager: Loaded Plugin LinuxDeviceProfileSelector, From C:/Program Files/Epic Games/UE_4.14/Engine/Plugins/Runtime/LinuxDeviceProfileSelector/LinuxDeviceProfileSelector.uplugin
LogPluginManager: Loaded Plugin MIDIDevice, From C:/Program Files/Epic Games/UE_4.14/Engine/Plugins/Runtime/MIDIDevice/MIDIDevice.uplugin
LogPluginManager: Loaded Plugin MobilePatchingUtils, From C:/Program Files/Epic Games/UE_4.14/Engine/Plugins/Runtime/MobilePatchingUtils/MobilePatchingUtils.uplugin
LogPluginManager: Loaded Plugin Ansel, From C:/Program Files/Epic Games/UE_4.14/Engine/Plugins/Runtime/Nvidia/Ansel/Ansel.uplugin
LogPluginManager: Loaded Plugin OculusAudio, From C:/Program Files/Epic Games/UE_4.14/Engine/Plugins/Runtime/OculusAudio/OculusAudio.uplugin
LogPluginManager: Loaded Plugin OculusInput, From C:/Program Files/Epic Games/UE_4.14/Engine/Plugins/Runtime/OculusInput/OculusInput.uplugin
LogPluginManager: Loaded Plugin OculusLibrary, From C:/Program Files/Epic Games/UE_4.14/Engine/Plugins/Runtime/OculusLibrary/OculusLibrary.uplugin
LogPluginManager: Loaded Plugin OculusRift, From C:/Program Files/Epic Games/UE_4.14/Engine/Plugins/Runtime/OculusRift/OculusRift.uplugin
LogPluginManager: Loaded Plugin Oodle, From C:/Program Files/Epic Games/UE_4.14/Engine/Plugins/Runtime/PacketHandlers/CompressionComponents/Oodle/Oodle.uplugin
LogPluginManager: Loaded Plugin ProceduralMeshComponent, From C:/Program Files/Epic Games/UE_4.14/Engine/Plugins/Runtime/ProceduralMeshComponent/ProceduralMeshComponent.uplugin
LogPluginManager: Loaded Plugin SoundMod, From C:/Program Files/Epic Games/UE_4.14/Engine/Plugins/Runtime/SoundMod/SoundMod.uplugin
LogPluginManager: Loaded Plugin SoundVisualizations, From C:/Program Files/Epic Games/UE_4.14/Engine/Plugins/Runtime/SoundVisualizations/SoundVisualizations.uplugin
LogPluginManager: Loaded Plugin SteamController, From C:/Program Files/Epic Games/UE_4.14/Engine/Plugins/Runtime/Steam/SteamController/SteamController.uplugin
LogPluginManager: Loaded Plugin SteamVR, From C:/Program Files/Epic Games/UE_4.14/Engine/Plugins/Runtime/Steam/SteamVR/SteamVR.uplugin
LogPluginManager: Loaded Plugin WebBrowserWidget, From C:/Program Files/Epic Games/UE_4.14/Engine/Plugins/Runtime/WebBrowserWidget/WebBrowserWidget.uplugin
LogPluginManager: Loaded Plugin WindowsDeviceProfileSelector, From C:/Program Files/Epic Games/UE_4.14/Engine/Plugins/Runtime/WindowsDeviceProfileSelector/WindowsDeviceProfileSelector.uplugin
LogPluginManager: Loaded Plugin WindowsMoviePlayer, From C:/Program Files/Epic Games/UE_4.14/Engine/Plugins/Runtime/WindowsMoviePlayer/WindowsMoviePlayer.uplugin
LogPluginManager: Loaded Plugin ScriptPlugin, From C:/Program Files/Epic Games/UE_4.14/Engine/Plugins/ScriptPlugin/ScriptPlugin.uplugin
LogPluginManager: Loaded Plugin SlateRemote, From C:/Program Files/Epic Games/UE_4.14/Engine/Plugins/Slate/SlateRemote/SlateRemote.uplugin
LogPluginManager: Loaded Plugin EditorTests, From C:/Program Files/Epic Games/UE_4.14/Engine/Plugins/Tests/EditorTests/EditorTests.uplugin
LogPluginManager: Loaded Plugin FbxAutomationTestBuilder, From C:/Program Files/Epic Games/UE_4.14/Engine/Plugins/Tests/FbxAutomationTestBuilder/FbxAutomationTestBuilder.uplugin
LogPluginManager: Loaded Plugin FunctionalTestingEditor, From C:/Program Files/Epic Games/UE_4.14/Engine/Plugins/Tests/FunctionalTestingEditor/FunctionalTestingEditor.uplugin
LogPluginManager: Loaded Plugin RuntimeTests, From C:/Program Files/Epic Games/UE_4.14/Engine/Plugins/Tests/RuntimeTests/RuntimeTests.uplugin
LogPluginManager: Loaded Plugin ScreenshotTools, From C:/Program Files/Epic Games/UE_4.14/Engine/Plugins/Tests/ScreenshotTools/ScreenshotTools.uplugin
LogInit: Using libcurl 7.47.1
LogInit:  - built for x86_64-pc-win32
LogInit:  - supports SSL with OpenSSL/1.0.2g
LogInit:  - supports HTTP deflate (compression) using libz 1.2.8
LogInit:  - other features:
LogInit:      CURL_VERSION_SSL
LogInit:      CURL_VERSION_LIBZ
LogInit:      CURL_VERSION_IPV6
LogInit:      CURL_VERSION_ASYNCHDNS
LogInit:      CURL_VERSION_LARGEFILE
LogInit:      CURL_VERSION_IDN
LogInit:  CurlRequestOptions (configurable via config and command line):
LogInit:  - bVerifyPeer = false  - Libcurl will NOT verify peer certificate
LogInit:  - bUseHttpProxy = false  - Libcurl will NOT use HTTP proxy
LogInit:  - bDontReuseConnections = false  - Libcurl will reuse connections
LogInit:  - CertBundlePath = nullptr  - Libcurl will use whatever was configured at build time.
LogInit: Build: ++UE4+Release-4.14-CL-3249277
LogInit: Engine Version: 4.14.3-3249277+++UE4+Release-4.14
LogInit: Compatible Engine Version: 4.14.0-3195953+++UE4+Release-4.14
LogInit: Net CL: 3195953
LogDevObjectVersion: Number of dev versions registered: 13
LogDevObjectVersion:   Dev-Blueprints (B0D832E4-1F89-4F0D-ACCF-7EB736FD4AA2): 7
LogDevObjectVersion:   Dev-Build (E1C64328-A22C-4D53-A36C-8E866417BD8C): 0
LogDevObjectVersion:   Dev-Core (375EC13C-06E4-48FB-B500-84F0262A717E): 1
LogDevObjectVersion:   Dev-Editor (E4B068ED-F494-42E9-A231-DA0B2E46BB41): 8
LogDevObjectVersion:   Dev-Framework (CFFC743F-43B0-4480-9391-14DF171D2073): 17
LogDevObjectVersion:   Dev-Mobile (B02B49B5-BB20-44E9-A304-32B752E40360): 0
LogDevObjectVersion:   Dev-Networking (A4E4105C-59A1-49B5-A7C5-40C4547EDFEE): 0
LogDevObjectVersion:   Dev-Online (39C831C9-5AE6-47DC-9A44-9C173E1C8E7C): 0
LogDevObjectVersion:   Dev-Physics (78F01B33-EBEA-4F98-B9B4-84EACCB95AA2): 0
LogDevObjectVersion:   Dev-Platform (6631380F-2D4D-43E0-8009-CF276956A95A): 0
LogDevObjectVersion:   Dev-Rendering (12F88B9F-8875-4AFC-A67C-D90C383ABD29): 12
LogDevObjectVersion:   Dev-Sequencer (7B5AE74C-D270-4C10-A958-57980B212A5A): 1
LogDevObjectVersion:   Dev-VR (D7296918-1DD6-4BDD-9DE2-64A83CC13884): 0
LogInit: Compiled (64-bit): Jan  6 2017 10:49:43
LogInit: Compiled with Visual C++: 19.00.23026.00
LogInit: Build Configuration: Development
LogInit: Branch Name: ++UE4+Release-4.14
LogInit: Command line:  
LogInit: Base directory: C:/Program Files/Epic Games/UE_4.14/Engine/Binaries/Win64/
LogInit: Installed Engine Build: 1
LogInit: Presizing for max 8388607 objects, including 0 objects not considered by GC, pre-allocating 0 bytes for permanent pool.
LogInit: Object subsystem initialized
[2021.12.29-23.44.21:897][  0]LogInit: Selected Device Profile: [Windows]
[2021.12.29-23.44.21:897][  0]LogInit: Applying CVar settings loaded from the selected device profile: [Windows]
[2021.12.29-23.44.21:906][  0]LogInit: Computer: LAPTOP-7NM099NT
[2021.12.29-23.44.21:906][  0]LogInit: User: jerye
[2021.12.29-23.44.21:906][  0]LogInit: CPU Page size=65536, Cores=6
[2021.12.29-23.44.21:906][  0]LogInit: High frequency timer resolution =10.000000 MHz
[2021.12.29-23.44.21:906][  0]LogMemory: Memory total: Physical=15.8GB (16GB approx)
[2021.12.29-23.44.21:906][  0]LogMemory: Platform Memory Stats for Windows
[2021.12.29-23.44.21:906][  0]LogMemory: Process Physical Memory: 266.05 MB used, 266.05 MB peak
[2021.12.29-23.44.21:906][  0]LogMemory: Process Virtual Memory: 269.34 MB used, 269.34 MB peak
[2021.12.29-23.44.21:906][  0]LogMemory: Physical Memory: 11060.57 MB used,  5125.10 MB free, 16185.68 MB total
[2021.12.29-23.44.21:906][  0]LogMemory: Virtual Memory: 4810.14 MB used,  5125.10 MB free, 134217728.00 MB total
[2021.12.29-23.44.21:983][  0]LogTextLocalizationManager: No specific translations for ('en-CA') exist, so ('en') translations will be used.
[2021.12.29-23.44.22:543][  0]LogD3D11RHI: D3D11 adapters:
[2021.12.29-23.44.22:634][  0]LogD3D11RHI:    0. 'NVIDIA GeForce GTX 1650' (Feature Level 11_0)
[2021.12.29-23.44.22:634][  0]LogD3D11RHI:       3962/0/8092 MB DedicatedVideo/DedicatedSystem/SharedSystem, Outputs:1, VendorId:0x10de
[2021.12.29-23.44.22:815][  0]LogD3D11RHI:    1. 'Intel(R) UHD Graphics' (Feature Level 11_0)
[2021.12.29-23.44.22:815][  0]LogD3D11RHI:       128/0/8092 MB DedicatedVideo/DedicatedSystem/SharedSystem, Outputs:1, VendorId:0x8086
[2021.12.29-23.44.22:817][  0]LogD3D11RHI:    2. 'Microsoft Basic Render Driver' (Feature Level 11_0)
[2021.12.29-23.44.22:817][  0]LogD3D11RHI:       0/0/8092 MB DedicatedVideo/DedicatedSystem/SharedSystem, Outputs:0, VendorId:0x1414
[2021.12.29-23.44.22:817][  0]LogD3D11RHI: Chosen D3D11 Adapter: 0
[2021.12.29-23.44.22:831][  0]LogD3D11RHI: Creating new Direct3DDevice
[2021.12.29-23.44.22:831][  0]LogD3D11RHI:     GPU DeviceId: 0x1f99 (for the marketing name, search the web for "GPU Device Id")
[2021.12.29-23.44.22:831][  0]LogWindows: EnumDisplayDevices:
[2021.12.29-23.44.22:831][  0]LogWindows:    0. 'Intel(R) UHD Graphics' (P:0 D:1)
[2021.12.29-23.44.22:831][  0]LogWindows:    1. 'Intel(R) UHD Graphics' (P:0 D:0)
[2021.12.29-23.44.22:831][  0]LogWindows:    2. 'Intel(R) UHD Graphics' (P:0 D:0)
[2021.12.29-23.44.22:831][  0]LogWindows:    3. 'NVIDIA GeForce GTX 1650' (P:1 D:1)
[2021.12.29-23.44.22:832][  0]LogWindows:    4. 'NVIDIA GeForce GTX 1650' (P:0 D:0)
[2021.12.29-23.44.22:832][  0]LogWindows:    5. 'NVIDIA GeForce GTX 1650' (P:0 D:0)
[2021.12.29-23.44.22:832][  0]LogWindows:    6. 'NVIDIA GeForce GTX 1650' (P:0 D:0)
[2021.12.29-23.44.22:832][  0]LogWindows: DebugString: GetVideoDriverDetailsInvalid PrimaryIsNotTheChoosenAdapter GetVideoDriverDetailsInvalid PrimaryIsNotTheChoosenAdapter GetVideoDriverDetailsInvalid PrimaryIsNotTheChoosenAdapter GetVideoDriverDetailsInvalid PrimaryIsNotTheChoosenAdapter GetVideoDriverDetailsInvalid PrimaryIsNotTheChoosenAdapter GetVideoDriverDetailsInvalid PrimaryIsNotTheChoosenAdapter GetVideoDriverDetailsInvalid PrimaryIsNotTheChoosenAdapter FoundDriverCount:0 
[2021.12.29-23.44.22:832][  0]LogD3D11RHI:     Adapter Name: NVIDIA GeForce GTX 1650
[2021.12.29-23.44.22:832][  0]LogD3D11RHI:   Driver Version: Unknown (internal:Unknown, unified:Unknown)
[2021.12.29-23.44.22:832][  0]LogD3D11RHI:      Driver Date: Unknown
[2021.12.29-23.44.22:832][  0]LogRHI: Texture pool is 1361 MB (70% of 1945 MB)
[2021.12.29-23.44.22:901][  0]LogD3D11RHI: Async texture creation enabled
[2021.12.29-23.44.22:939][  0]LogD3D11RHI: GPU Timing Frequency: 1000.000000 (Debug: 2 2)
[2021.12.29-23.44.22:939][  0]LogShaderCompilers: Guid format shader working directory is -31 characters bigger than the processId version (../../../../../../Users/jerye/Documents/Github Projects/Udemy_Pinball/Pinball/Intermediate/Shaders/WorkingDirectory/8584/).
[2021.12.29-23.44.22:939][  0]LogShaderCompilers: Cleaned the shader compiler working directory 'C:/Users/jerye/AppData/Local/Temp/UnrealShaderWorkingDir/4190054148334B3AA4F522BAF1FF0D93/'.
[2021.12.29-23.44.22:939][  0]LogShaderCompilers:Display: Using Local Shader Compiler.
[2021.12.29-23.44.23:808][  0]LogTemp:Display: Loaded TP AllDesktopTargetPlatform
[2021.12.29-23.44.23:857][  0]LogTemp:Display: Loaded TP MacClientTargetPlatform
[2021.12.29-23.44.23:908][  0]LogTemp:Display: Loaded TP MacNoEditorTargetPlatform
[2021.12.29-23.44.23:961][  0]LogTemp:Display: Loaded TP MacServerTargetPlatform
[2021.12.29-23.44.24:011][  0]LogTemp:Display: Loaded TP MacTargetPlatform
[2021.12.29-23.44.24:057][  0]LogTemp:Display: Loaded TP WindowsClientTargetPlatform
[2021.12.29-23.44.24:107][  0]LogTemp:Display: Loaded TP WindowsNoEditorTargetPlatform
[2021.12.29-23.44.24:155][  0]LogTemp:Display: Loaded TP WindowsServerTargetPlatform
[2021.12.29-23.44.24:195][  0]LogTemp:Display: Loaded TP WindowsTargetPlatform
[2021.12.29-23.44.24:241][  0]LogTemp:Display: Loaded TP AndroidTargetPlatform
[2021.12.29-23.44.24:288][  0]LogTemp:Display: Loaded TP Android_ASTCTargetPlatform
[2021.12.29-23.44.24:347][  0]LogTemp:Display: Loaded TP Android_ATCTargetPlatform
[2021.12.29-23.44.24:393][  0]LogTemp:Display: Loaded TP Android_DXTTargetPlatform
[2021.12.29-23.44.24:439][  0]LogTemp:Display: Loaded TP Android_ETC1TargetPlatform
[2021.12.29-23.44.24:487][  0]LogTemp:Display: Loaded TP Android_ETC2TargetPlatform
[2021.12.29-23.44.24:585][  0]LogTemp:Display: Loaded TP Android_MultiTargetPlatform
[2021.12.29-23.44.24:585][  0]LogTemp:Display: Loaded TP Android_PVRTCTargetPlatform
[2021.12.29-23.44.24:626][  0]LogTemp:Display: Loaded TP HTML5TargetPlatform
[2021.12.29-23.44.24:708][  0]LogTemp:Display: Loaded TP IOSTargetPlatform
[2021.12.29-23.44.24:761][  0]LogTemp:Display: Loaded TP TVOSTargetPlatform
[2021.12.29-23.44.24:821][  0]LogTemp:Display: Loaded TP LinuxClientTargetPlatform
[2021.12.29-23.44.24:874][  0]LogTemp:Display: Loaded TP LinuxNoEditorTargetPlatform
[2021.12.29-23.44.24:922][  0]LogTemp:Display: Loaded TP LinuxServerTargetPlatform
[2021.12.29-23.44.24:973][  0]LogTemp:Display: Loaded TP LinuxTargetPlatform
[2021.12.29-23.44.24:973][  0]LogTargetPlatformManager:Display: Building Assets For Windows
[2021.12.29-23.44.25:365][  0]LogDerivedDataCache:Display: Max Cache Size: 512 MB
[2021.12.29-23.44.25:427][  0]LogDerivedDataCache: Loaded boot cache 0.06s 50MB C:/Users/jerye/AppData/Local/UnrealEngine/4.14/DerivedDataCache/Boot.ddc.
[2021.12.29-23.44.25:427][  0]LogDerivedDataCache:Display: Loaded Boot cache: C:/Users/jerye/AppData/Local/UnrealEngine/4.14/DerivedDataCache/Boot.ddc
[2021.12.29-23.44.25:427][  0]LogDerivedDataCache: FDerivedDataBackendGraph:  Pak pak cache file ../../../../../../Users/jerye/Documents/Github Projects/Udemy_Pinball/Pinball/DerivedDataCache/DDC.ddp not found, will not use a pak cache.
[2021.12.29-23.44.25:427][  0]LogDerivedDataCache: Unable to find inner node Pak for hierarchical cache Hierarchy.
[2021.12.29-23.44.25:427][  0]LogDerivedDataCache: FDerivedDataBackendGraph:  CompressedPak pak cache file ../../../../../../Users/jerye/Documents/Github Projects/Udemy_Pinball/Pinball/DerivedDataCache/Compressed.ddp not found, will not use a pak cache.
[2021.12.29-23.44.25:427][  0]LogDerivedDataCache: Unable to find inner node CompressedPak for hierarchical cache Hierarchy.
[2021.12.29-23.44.25:450][  0]LogDerivedDataCache:Display: Pak cache opened for reading ../../../Engine/DerivedDataCache/Compressed.ddp.
[2021.12.29-23.44.25:463][  0]LogDerivedDataCache: Using Local data cache path C:/Users/jerye/AppData/Local/UnrealEngine/Common/DerivedDataCache: Writable
[2021.12.29-23.44.25:671][  0]LogInit: Selected Device Profile: [Windows]
[2021.12.29-23.44.25:674][  0]LogContentStreaming: Texture pool size is 0.00 MB
[2021.12.29-23.44.25:884][  0]LogMeshUtilities: Using QuadricMeshReduction for automatic static mesh reduction
[2021.12.29-23.44.25:926][  0]LogSimplygon: Simplygon DLL not present - disabling.
[2021.12.29-23.44.25:972][  0]LogMeshUtilities: Using SimplygonSwarm for distributed automatic mesh merging
[2021.12.29-23.44.25:972][  0]LogMeshUtilities: No automatic skeletal mesh reduction module available
[2021.12.29-23.44.25:972][  0]LogMeshUtilities: No automatic mesh merging module available
[2021.12.29-23.44.26:461][  0]LogNetVersion: GetLocalNetworkVersion: CL: 3195953, ProjectName: pinball, ProjectVersion: , EngineNetworkVersion: 2, GameNetworkVersion: 0, NetworkChecksum: 1748929517
[2021.12.29-23.44.26:517][  0]LogAssetRegistry: FAssetRegistry took 0.0222 seconds to start up
[2021.12.29-23.44.26:569][  0]LogPackageLocalizationCache: Processed 3 localized package path(s) for 2 prioritized culture(s) in 0.023818 seconds
[2021.12.29-23.44.26:575][  0]LogUObjectArray: 31946 objects as part of root set at end of initial load.
[2021.12.29-23.44.26:575][  0]LogUObjectAllocator: 6935840 out of 0 bytes used by permanent object pool.
[2021.12.29-23.44.26:575][  0]LogUObjectArray: CloseDisregardForGC: 0/0 objects in disregard for GC pool
[2021.12.29-23.44.26:634][  0]LogInit: WinSock: version 1.1 (2.2), MaxSocks=32767, MaxUdp=65467
[2021.12.29-23.44.27:220][  0]LogSlate: Using Freetype 2.6.0
[2021.12.29-23.44.27:221][  0]LogSlate: SlateFontCache - WITH_FREETYPE: 1, WITH_HARFBUZZ: 1
[2021.12.29-23.44.27:221][  0]LogSlate: SlateFontCache - WITH_FREETYPE: 1, WITH_HARFBUZZ: 1
[2021.12.29-23.44.27:899][  0]LogTcpMessaging: Initializing TcpMessaging bridge
[2021.12.29-23.44.27:935][  0]LogUdpMessaging: Initializing bridge on interface 0.0.0.0:0 to multicast group 230.0.0.1:6666.
[2021.12.29-23.44.28:225][  0]LogMaterial: Uniform references updated for custom material expression Custom.
[2021.12.29-23.44.28:529][  0]SourceControl: Info Source control is disabled
[2021.12.29-23.44.28:530][  0]SourceControl: Info Source control is disabled
[2021.12.29-23.44.28:565][  0]SourceControl: Info Source control is disabled
[2021.12.29-23.44.28:600][  0]SourceControl: Info Source control is disabled
[2021.12.29-23.44.29:644][  0]LogEngine: Initializing Engine...
[2021.12.29-23.44.29:645][  0]LogHMD: Failed to initialize OpenVR with code 110
[2021.12.29-23.44.29:880][  0]LogAIModule: Creating AISystem for world Untitled
[2021.12.29-23.44.29:906][  0]LogInit: XAudio2 using 'Headphones (Arctis 5 Game)' : 2 channels at 48 kHz using 16 bits per sample (channel mask 0x3)
[2021.12.29-23.44.29:917][  0]LogInit: FAudioDevice initialized.
[2021.12.29-23.44.29:937][  0]LogDerivedDataCache: Saved boot cache 0.02s 50MB C:/Users/jerye/AppData/Local/UnrealEngine/4.14/DerivedDataCache/Boot.ddc.
[2021.12.29-23.44.29:945][  0]LogInit: Texture streaming: Enabled
[2021.12.29-23.44.30:103][  0]LogInit: Transaction tracking system initialized
[2021.12.29-23.44.30:469][  0]BlueprintLog: New page: Editor Load
[2021.12.29-23.44.31:177][  0]LocalizationService: Info Localization service is disabled
[2021.12.29-23.44.31:859][  0]LogConsoleResponse:Display: 
[2021.12.29-23.44.31:975][  0]LogCook:Display: Max memory allowance for cook 16384mb min free memory 0mb
[2021.12.29-23.44.31:975][  0]LogCook:Display: Mobile HDR setting 1
[2021.12.29-23.44.32:991][  0]LogFileCache: Scanning file cache for directory 'C:/Users/jerye/Documents/Github Projects/Udemy_Pinball/Pinball/Content/' took 0.01s
[2021.12.29-23.44.33:026][  0]SourceControl: Info Source control is disabled
[2021.12.29-23.44.33:026][  0]Cmd: MAP LOAD FILE="../../../../../../Users/jerye/Documents/Github Projects/Udemy_Pinball/Pinball/Content/Maps/MainLevel.umap" TEMPLATE=0 SHOWPROGRESS=1 FEATURELEVEL=3
[2021.12.29-23.44.33:026][  0]LightingResults: New page: Lighting Build
[2021.12.29-23.44.33:058][  0]MapCheck: New page: Map Check
[2021.12.29-23.44.33:058][  0]LightingResults: New page: Lighting Build
[2021.12.29-23.44.33:597][  0]LogSpawn:Warning: UWorld::DestroyActor: World has no context! World: MainLevel, Actor: /Game/Maps/MainLevel.MainLevel:PersistentLevel.DESTROYED_BP_DropTarget_C_CHILDACTOR_2997
[2021.12.29-23.44.33:597][  0]LogSpawn:Warning: UWorld::DestroyActor: World has no context! World: MainLevel, Actor: /Game/Maps/MainLevel.MainLevel:PersistentLevel.DESTROYED_BP_DropTarget_C_CHILDACTOR_2998
[2021.12.29-23.44.33:597][  0]LogSpawn:Warning: UWorld::DestroyActor: World has no context! World: MainLevel, Actor: /Game/Maps/MainLevel.MainLevel:PersistentLevel.DESTROYED_BP_DropTarget_C_CHILDACTOR_2999
[2021.12.29-23.44.33:597][  0]LogSpawn:Warning: UWorld::DestroyActor: World has no context! World: MainLevel, Actor: /Game/Maps/MainLevel.MainLevel:PersistentLevel.DESTROYED_BP_DropTarget_C_CHILDACTOR_3000
[2021.12.29-23.44.33:598][  0]LogSpawn:Warning: UWorld::DestroyActor: World has no context! World: MainLevel, Actor: /Game/Maps/MainLevel.MainLevel:PersistentLevel.DESTROYED_BP_DropTarget_C_CHILDACTOR_3001
[2021.12.29-23.44.33:622][  0]LogAIModule: Creating AISystem for world MainLevel
[2021.12.29-23.44.33:642][  0]LogEditorServer: Finished looking for orphan Actors (0.000 secs)
[2021.12.29-23.44.33:643][  0]Cmd: MAP CHECKDEP NOCLEARLOG
[2021.12.29-23.44.33:675][  0]MapCheck: Info Map check complete: 0 Error(s), 0 Warning(s), took 32.721ms to complete.
[2021.12.29-23.44.33:675][  0]LogFileHelpers: Loading map 'MainLevel' took 0.649
[2021.12.29-23.44.33:806][  0]LogCollectionManager: Loaded 0 collections in 0.001038 seconds
[2021.12.29-23.44.33:873][  0]LogFileCache: Scanning file cache for directory 'C:/Users/jerye/Documents/Github Projects/Udemy_Pinball/Pinball/Saved/Collections/' took 0.01s
[2021.12.29-23.44.33:873][  0]LogFileCache: Scanning file cache for directory 'C:/Users/jerye/Documents/Github Projects/Udemy_Pinball/Pinball/Content/Developers/jerye/Collections/' took 0.01s
[2021.12.29-23.44.33:873][  0]LogFileCache: Scanning file cache for directory 'C:/Users/jerye/Documents/Github Projects/Udemy_Pinball/Pinball/Content/Collections/' took 0.01s
[2021.12.29-23.44.33:873][  0]LogCollectionManager: Rebuilt the GUID cache for 0 collections in 0.000001 seconds
[2021.12.29-23.44.33:880][  0]LogContentBrowser: Native class hierarchy populated in 0.0063 seconds. Added 2190 classes and 428 folders.
[2021.12.29-23.44.33:912][  0]LogStats: UGameplayTagsManager::ConstructGameplayTagTree: Construct from data asset -  0.000 s
[2021.12.29-23.44.33:912][  0]LogStats: UGameplayTagsManager::ConstructGameplayTagTree: GameplayTagTreeChangedEvent.Broadcast -  0.000 s
[2021.12.29-23.44.33:912][  0]LogContentBrowser: Native class hierarchy updated for 'GameplayTags' in 0.0004 seconds. Added 13 classes and 0 folders.
[2021.12.29-23.44.33:966][  0]LogContentBrowser: Native class hierarchy updated for 'WidgetCarousel' in 0.0004 seconds. Added 0 classes and 0 folders.
[2021.12.29-23.44.33:997][  0]LogContentBrowser: Native class hierarchy updated for 'AddContentDialog' in 0.0003 seconds. Added 0 classes and 0 folders.
[2021.12.29-23.44.34:032][  0]LogContentBrowser: Native class hierarchy updated for 'SceneOutliner' in 0.0003 seconds. Added 1 classes and 2 folders.
[2021.12.29-23.44.34:093][  0]LogCrashTracker: Crashtracker disabled due to settings.
[2021.12.29-23.44.34:101][  0]LogUObjectGlobals:Warning: Failed to find object 'Class None.'
[2021.12.29-23.44.34:162][  0]LogContentBrowser: Native class hierarchy updated for 'HierarchicalLODOutliner' in 0.0005 seconds. Added 1 classes and 2 folders.
[2021.12.29-23.44.34:162][  0]LogLoad: (Engine Initialization) Total time: 13.72 seconds
[2021.12.29-23.44.34:162][  0]LogLoad: (Engine Initialization) Total Blueprint compile time: 0.27 seconds
[2021.12.29-23.44.34:162][  0]LogExternalProfiler: No external profilers were discovered.  External profiling features will not be available.
[2021.12.29-23.44.34:179][  0]LogOcInput: OculusInput pre-init called
[2021.12.29-23.44.34:198][  0]LogContentStreaming: Texture pool size now 1000 MB
[2021.12.29-23.44.34:332][  0]LogRenderer: Reallocating scene render targets to support 1208x564 NumSamples 1 (Frame:2).
[2021.12.29-23.44.34:425][  1]LogAssetRegistry: Asset discovery search completed in 7.9308 seconds
[2021.12.29-23.44.34:425][  1]LogCollectionManager: Rebuilt the object cache for 0 collections in 0.000001 seconds (found 0 objects)
[2021.12.29-23.44.34:425][  1]LogCollectionManager: Fixed up redirectors for 0 collections in 0.000020 seconds (updated 0 objects)
[2021.12.29-23.44.52:326][ 65]LogMaterial: Missing cached shader map for material M_MorphBand, compiling. 
[2021.12.29-23.44.52:427][ 65]LogMaterial: Missing cached shader map for material M_MorphBand, compiling. 
[2021.12.29-23.44.52:532][ 65]LogMaterial: Missing cached shader map for material M_MorphBand, compiling. 
[2021.12.29-23.44.52:542][ 65]LogMaterial: 0.00 seconds spent updating 1 materials, 1 interfaces, 0 instances, 0 with static permutations.
[2021.12.29-23.44.53:620][112]MaterialEditorStats: Info Base pass shader with only dynamic lighting: 22 instructions
[2021.12.29-23.44.53:620][112]MaterialEditorStats: Info Vertex shader: 29 instructions
[2021.12.29-23.44.53:620][112]MaterialEditorStats: Info Texture samplers: 0/16
[2021.12.29-23.45.03:017][652]LogRenderer: Reallocating scene render targets to support 1432x916 NumSamples 1 (Frame:4976).
[2021.12.29-23.46.31:871][369]LogMaterial: Missing cached shader map for material M_MorphBand, compiling. 
[2021.12.29-23.46.31:878][369]LogMaterial: 0.00 seconds spent updating 1 materials, 1 interfaces, 0 instances, 0 with static permutations.
[2021.12.29-23.46.31:879][369]LogMaterial: Missing cached shader map for material FMatExpressionPreview MaterialExpressionVectorParameter_0, compiling. 
[2021.12.29-23.46.32:959][432]MaterialEditorStats: Info Base pass shader with only dynamic lighting: 22 instructions
[2021.12.29-23.46.32:959][432]MaterialEditorStats: Info Vertex shader: 29 instructions
[2021.12.29-23.46.32:959][432]MaterialEditorStats: Info Texture samplers: 0/16
[2021.12.29-23.46.36:467][641]LogMaterial: Missing cached shader map for material M_MorphBand, compiling. 
[2021.12.29-23.46.36:475][641]LogMaterial: 0.00 seconds spent updating 1 materials, 1 interfaces, 0 instances, 0 with static permutations.
[2021.12.29-23.46.36:507][641]LogMaterial: Missing cached shader map for material FMatExpressionPreview MaterialExpressionVectorParameter_0, compiling. 
[2021.12.29-23.46.37:110][675]MaterialEditorStats: Info Base pass shader with only dynamic lighting: 22 instructions
[2021.12.29-23.46.37:110][675]MaterialEditorStats: Info Vertex shader: 29 instructions
[2021.12.29-23.46.37:110][675]MaterialEditorStats: Info Texture samplers: 0/16
[2021.12.29-23.46.45:808][196]LogMaterial: Missing cached shader map for material M_MorphBand, compiling. 
[2021.12.29-23.46.45:815][196]LogMaterial: 0.00 seconds spent updating 1 materials, 1 interfaces, 0 instances, 0 with static permutations.
[2021.12.29-23.46.45:843][196]LogMaterial: Missing cached shader map for material FMatExpressionPreview MaterialExpressionVectorParameter_0, compiling. 
[2021.12.29-23.46.46:397][228]MaterialEditorStats: Info Base pass shader with only dynamic lighting: 22 instructions
[2021.12.29-23.46.46:397][228]MaterialEditorStats: Info Vertex shader: 29 instructions
[2021.12.29-23.46.46:397][228]MaterialEditorStats: Info Texture samplers: 0/16
[2021.12.29-23.47.13:894][ 56]LogMaterial: Missing cached shader map for material M_MorphBand, compiling. 
[2021.12.29-23.47.13:901][ 56]LogMaterial: 0.00 seconds spent updating 1 materials, 1 interfaces, 0 instances, 0 with static permutations.
[2021.12.29-23.47.14:679][101]MaterialEditorStats: Info Base pass shader with only dynamic lighting: 22 instructions
[2021.12.29-23.47.14:679][101]MaterialEditorStats: Info Vertex shader: 29 instructions
[2021.12.29-23.47.14:679][101]MaterialEditorStats: Info Texture samplers: 0/16
[2021.12.29-23.47.21:150][374]LogMaterial: Missing cached shader map for material M_MorphBand, compiling. 
[2021.12.29-23.47.21:160][374]LogMaterial: 0.00 seconds spent updating 1 materials, 1 interfaces, 0 instances, 0 with static permutations.
[2021.12.29-23.47.21:813][411]MaterialEditorStats: Info Base pass shader with only dynamic lighting: 22 instructions
[2021.12.29-23.47.21:813][411]MaterialEditorStats: Info Vertex shader: 29 instructions
[2021.12.29-23.47.21:813][411]MaterialEditorStats: Info Texture samplers: 0/16
[2021.12.29-23.47.29:204][853]LogMaterial: Missing cached shader map for material M_MorphBand, compiling. 
[2021.12.29-23.47.29:213][853]LogMaterial: 0.00 seconds spent updating 1 materials, 1 interfaces, 0 instances, 0 with static permutations.
[2021.12.29-23.47.29:714][882]MaterialEditorStats: Info Base pass shader with only dynamic lighting: 22 instructions
[2021.12.29-23.47.29:714][882]MaterialEditorStats: Info Vertex shader: 29 instructions
[2021.12.29-23.47.29:714][882]MaterialEditorStats: Info Texture samplers: 0/16
[2021.12.29-23.47.53:717][321]LogMaterial: Missing cached shader map for material M_MorphBand, compiling. 
[2021.12.29-23.47.53:737][321]LogMaterial: 0.00 seconds spent updating 1 materials, 1 interfaces, 0 instances, 0 with static permutations.
[2021.12.29-23.47.54:980][396]MaterialEditorStats: Info Base pass shader with only dynamic lighting: 22 instructions
[2021.12.29-23.47.54:980][396]MaterialEditorStats: Info Vertex shader: 33 instructions
[2021.12.29-23.47.54:980][396]MaterialEditorStats: Info Texture samplers: 0/16
[2021.12.29-23.48.22:092][829]LogMaterial: Missing cached shader map for material M_MorphBand, compiling. 
[2021.12.29-23.48.22:104][829]LogMaterial: 0.00 seconds spent updating 1 materials, 1 interfaces, 0 instances, 0 with static permutations.
[2021.12.29-23.48.22:132][829]LogMaterial: Missing cached shader map for material FMatExpressionPreview MaterialExpressionVectorParameter_0, compiling. 
[2021.12.29-23.48.23:181][892]MaterialEditorStats: Info Base pass shader with only dynamic lighting: 22 instructions
[2021.12.29-23.48.23:181][892]MaterialEditorStats: Info Vertex shader: 33 instructions
[2021.12.29-23.48.23:181][892]MaterialEditorStats: Info Texture samplers: 0/16
[2021.12.29-23.48.26:450][ 88]LogMaterial: Missing cached shader map for material M_MorphBand, compiling. 
[2021.12.29-23.48.26:461][ 88]LogMaterial: 0.00 seconds spent updating 1 materials, 1 interfaces, 0 instances, 0 with static permutations.
[2021.12.29-23.48.26:491][ 88]LogMaterial: Missing cached shader map for material FMatExpressionPreview MaterialExpressionVectorParameter_0, compiling. 
[2021.12.29-23.48.27:165][129]MaterialEditorStats: Info Base pass shader with only dynamic lighting: 22 instructions
[2021.12.29-23.48.27:165][129]MaterialEditorStats: Info Vertex shader: 33 instructions
[2021.12.29-23.48.27:165][129]MaterialEditorStats: Info Texture samplers: 0/16
[2021.12.29-23.48.35:542][422]LogMaterialEditor: Saving and Compiling material M_MorphBand
[2021.12.29-23.48.35:877][422]LogMaterial: Missing cached shader map for material M_MorphBand, compiling. 
[2021.12.29-23.48.35:904][422]LogMaterial: 0.00 seconds spent updating 1 materials, 1 interfaces, 0 instances, 0 with static permutations.
[2021.12.29-23.48.35:948][422]LogMaterial: Missing cached shader map for material M_MorphBand, compiling. 
[2021.12.29-23.48.36:002][422]LogMaterial: Missing cached shader map for material M_MorphBand, compiling. 
[2021.12.29-23.48.36:042][422]LogMaterial: 0.00 seconds spent updating 1 materials, 1 interfaces, 0 instances, 0 with static permutations.
[2021.12.29-23.48.38:401][422]Cmd: OBJ SAVEPACKAGE PACKAGE="/Game/Assets/M_MorphBand" FILE="../../../../../../Users/jerye/Documents/Github Projects/Udemy_Pinball/Pinball/Content/Assets/M_MorphBand.uasset" SILENT=true
[2021.12.29-23.48.38:427][422]LogSavePackage: Save=11.16ms
[2021.12.29-23.48.38:427][422]LogSavePackage: Moving '../../../../../../Users/jerye/Documents/Github Projects/Udemy_Pinball/Pinball/Saved/M_MorphBand9907F3B3412E17097D6130954318BEDE.tmp' to '../../../../../../Users/jerye/Documents/Github Projects/Udemy_Pinball/Pinball/Content/Assets/M_MorphBand.uasset'
[2021.12.29-23.48.38:428][422]LogSavePackage:Display: Finished SavePackage ../../../../../../Users/jerye/Documents/Github Projects/Udemy_Pinball/Pinball/Content/Assets/M_MorphBand.uasset
[2021.12.29-23.48.38:436][422]MaterialEditorStats: Info Base pass shader with only dynamic lighting: 58 instructions
[2021.12.29-23.48.38:436][422]MaterialEditorStats: Info Vertex shader: 36 instructions
[2021.12.29-23.48.38:436][422]MaterialEditorStats: Info Texture samplers: 3/16
[2021.12.29-23.49.05:429][881]LogMaterial: Missing cached shader map for material M_MorphBand, compiling. 
[2021.12.29-23.49.05:436][881]LogMaterial: 0.00 seconds spent updating 1 materials, 1 interfaces, 0 instances, 0 with static permutations.
[2021.12.29-23.49.06:278][932]MaterialEditorStats: Info Base pass shader with only dynamic lighting: 22 instructions
[2021.12.29-23.49.06:278][932]MaterialEditorStats: Info Vertex shader: 29 instructions
[2021.12.29-23.49.06:278][932]MaterialEditorStats: Info Texture samplers: 0/16
[2021.12.29-23.49.07:178][986]LogMaterialEditor: Applying material M_MorphBand
[2021.12.29-23.49.07:478][986]LogMaterial: Missing cached shader map for material M_MorphBand, compiling. 
[2021.12.29-23.49.07:491][986]LogMaterial: 0.00 seconds spent updating 1 materials, 1 interfaces, 0 instances, 0 with static permutations.
[2021.12.29-23.49.07:511][986]LogMaterial: Missing cached shader map for material M_MorphBand, compiling. 
[2021.12.29-23.49.07:532][986]LogMaterial: Missing cached shader map for material M_MorphBand, compiling. 
[2021.12.29-23.49.07:549][986]LogMaterial: 0.00 seconds spent updating 1 materials, 1 interfaces, 0 instances, 0 with static permutations.
[2021.12.29-23.49.09:061][ 76]MaterialEditorStats: Info Base pass shader with only dynamic lighting: 58 instructions
[2021.12.29-23.49.09:061][ 76]MaterialEditorStats: Info Vertex shader: 29 instructions
[2021.12.29-23.49.09:061][ 76]MaterialEditorStats: Info Texture samplers: 3/16
[2021.12.29-23.49.31:550][721]LogMaterial: Missing cached shader map for material M_MorphBand, compiling. 
[2021.12.29-23.49.31:557][721]LogMaterial: 0.00 seconds spent updating 1 materials, 1 interfaces, 0 instances, 0 with static permutations.
[2021.12.29-23.49.32:552][779]MaterialEditorStats: Info Base pass shader with only dynamic lighting: 22 instructions
[2021.12.29-23.49.32:552][779]MaterialEditorStats: Info Vertex shader: 29 instructions
[2021.12.29-23.49.32:552][779]MaterialEditorStats: Info Texture samplers: 0/16
[2021.12.29-23.49.36:265][  1]LogMaterial: Missing cached shader map for material M_MorphBand, compiling. 
[2021.12.29-23.49.36:274][  1]LogMaterial: 0.00 seconds spent updating 1 materials, 1 interfaces, 0 instances, 0 with static permutations.
[2021.12.29-23.49.36:834][ 33]MaterialEditorStats: Info Base pass shader with only dynamic lighting: 22 instructions
[2021.12.29-23.49.36:834][ 33]MaterialEditorStats: Info Vertex shader: 29 instructions
[2021.12.29-23.49.36:834][ 33]MaterialEditorStats: Info Texture samplers: 0/16
[2021.12.29-23.49.39:947][219]LogMaterial: Missing cached shader map for material M_MorphBand, compiling. 
[2021.12.29-23.49.39:955][219]LogMaterial: 0.00 seconds spent updating 1 materials, 1 interfaces, 0 instances, 0 with static permutations.
[2021.12.29-23.49.40:578][255]MaterialEditorStats: Info Base pass shader with only dynamic lighting: 22 instructions
[2021.12.29-23.49.40:578][255]MaterialEditorStats: Info Vertex shader: 29 instructions
[2021.12.29-23.49.40:578][255]MaterialEditorStats: Info Texture samplers: 0/16
[2021.12.29-23.49.43:261][415]LogMaterial: Missing cached shader map for material M_MorphBand, compiling. 
[2021.12.29-23.49.43:268][415]LogMaterial: 0.00 seconds spent updating 1 materials, 1 interfaces, 0 instances, 0 with static permutations.
[2021.12.29-23.49.43:801][445]MaterialEditorStats: Info Base pass shader with only dynamic lighting: 22 instructions
[2021.12.29-23.49.43:801][445]MaterialEditorStats: Info Vertex shader: 29 instructions
[2021.12.29-23.49.43:801][445]MaterialEditorStats: Info Texture samplers: 0/16
[2021.12.29-23.49.50:267][832]LogMaterial: Missing cached shader map for material M_MorphBand, compiling. 
[2021.12.29-23.49.50:275][832]LogMaterial: 0.00 seconds spent updating 1 materials, 1 interfaces, 0 instances, 0 with static permutations.
[2021.12.29-23.49.50:872][867]MaterialEditorStats: Info Base pass shader with only dynamic lighting: 22 instructions
[2021.12.29-23.49.50:872][867]MaterialEditorStats: Info Vertex shader: 29 instructions
[2021.12.29-23.49.50:872][867]MaterialEditorStats: Info Texture samplers: 0/16
[2021.12.29-23.49.55:129][121]LogMaterial: Missing cached shader map for material M_MorphBand, compiling. 
[2021.12.29-23.49.55:150][121]LogMaterial: 0.00 seconds spent updating 1 materials, 1 interfaces, 0 instances, 0 with static permutations.
[2021.12.29-23.49.56:098][176]MaterialEditorStats: Info Base pass shader with only dynamic lighting: 22 instructions
[2021.12.29-23.49.56:098][176]MaterialEditorStats: Info Vertex shader: 33 instructions
[2021.12.29-23.49.56:098][176]MaterialEditorStats: Info Texture samplers: 0/16
[2021.12.29-23.50.04:233][663]LogMaterialEditor: Saving and Compiling material M_MorphBand
[2021.12.29-23.50.04:562][663]LogMaterial: Missing cached shader map for material M_MorphBand, compiling. 
[2021.12.29-23.50.04:590][663]LogMaterial: 0.00 seconds spent updating 1 materials, 1 interfaces, 0 instances, 0 with static permutations.
[2021.12.29-23.50.04:618][663]LogMaterial: Missing cached shader map for material M_MorphBand, compiling. 
[2021.12.29-23.50.04:666][663]LogMaterial: Missing cached shader map for material M_MorphBand, compiling. 
[2021.12.29-23.50.04:703][663]LogMaterial: 0.00 seconds spent updating 1 materials, 1 interfaces, 0 instances, 0 with static permutations.
[2021.12.29-23.50.06:744][663]Cmd: OBJ SAVEPACKAGE PACKAGE="/Game/Assets/M_MorphBand" FILE="../../../../../../Users/jerye/Documents/Github Projects/Udemy_Pinball/Pinball/Content/Assets/M_MorphBand.uasset" SILENT=true
[2021.12.29-23.50.06:763][663]LogSavePackage: Save=9.57ms
[2021.12.29-23.50.06:763][663]LogSavePackage: Moving '../../../../../../Users/jerye/Documents/Github Projects/Udemy_Pinball/Pinball/Saved/M_MorphBandC59FBA344070532E9A2DB994ADD9CFA9.tmp' to '../../../../../../Users/jerye/Documents/Github Projects/Udemy_Pinball/Pinball/Content/Assets/M_MorphBand.uasset'
[2021.12.29-23.50.06:765][663]LogSavePackage:Display: Finished SavePackage ../../../../../../Users/jerye/Documents/Github Projects/Udemy_Pinball/Pinball/Content/Assets/M_MorphBand.uasset
[2021.12.29-23.50.06:773][663]MaterialEditorStats: Info Base pass shader with only dynamic lighting: 58 instructions
[2021.12.29-23.50.06:773][663]MaterialEditorStats: Info Vertex shader: 36 instructions
[2021.12.29-23.50.06:773][663]MaterialEditorStats: Info Texture samplers: 3/16
[2021.12.29-23.50.36:829][627]LogContentBrowser: Native class hierarchy updated for 'BlueprintGraph' in 0.0006 seconds. Added 111 classes and 0 folders.
[2021.12.29-23.50.37:321][627]LogTexture:Display: Building textures: TilePatine_N (BC5)
[2021.12.29-23.50.37:350][627]LogTexture:Display: Building textures: TilePatine_D (AutoDXT)
[2021.12.29-23.50.37:517][627]LogTexture:Display: Building textures: Blueprint_64x (BGRA8)
[2021.12.29-23.51.16:903][205]Cmd: OBJ SAVEPACKAGE PACKAGE="/Game/Assets/SM_SlingbandMT" FILE="../../../../../../Users/jerye/Documents/Github Projects/Udemy_Pinball/Pinball/Content/Assets/SM_SlingbandMT.uasset" SILENT=true
[2021.12.29-23.51.16:920][205]LogSavePackage: Save=8.24ms
[2021.12.29-23.51.16:920][205]LogSavePackage: Moving '../../../../../../Users/jerye/Documents/Github Projects/Udemy_Pinball/Pinball/Saved/SM_SlingbandMTBA8A50124608071AF12672853540179A.tmp' to '../../../../../../Users/jerye/Documents/Github Projects/Udemy_Pinball/Pinball/Content/Assets/SM_SlingbandMT.uasset'
[2021.12.29-23.51.16:922][205]LogSavePackage:Display: Finished SavePackage ../../../../../../Users/jerye/Documents/Github Projects/Udemy_Pinball/Pinball/Content/Assets/SM_SlingbandMT.uasset
[2021.12.29-23.51.16:935][205]Cmd: OBJ SAVEPACKAGE PACKAGE="/Game/Blueprints/BP_Slingshot" FILE="../../../../../../Users/jerye/Documents/Github Projects/Udemy_Pinball/Pinball/Content/Blueprints/BP_Slingshot.uasset" SILENT=true
[2021.12.29-23.51.16:947][205]LogSavePackage: Save=11.82ms
[2021.12.29-23.51.16:947][205]LogSavePackage: Moving '../../../../../../Users/jerye/Documents/Github Projects/Udemy_Pinball/Pinball/Saved/BP_Slingshot24803CBA41A13A451DE25C8332241C96.tmp' to '../../../../../../Users/jerye/Documents/Github Projects/Udemy_Pinball/Pinball/Content/Blueprints/BP_Slingshot.uasset'
[2021.12.29-23.51.16:949][205]LogSavePackage:Display: Finished SavePackage ../../../../../../Users/jerye/Documents/Github Projects/Udemy_Pinball/Pinball/Content/Blueprints/BP_Slingshot.uasset
[2021.12.29-23.53.08:041][987]BlueprintLog: New page: Compile BP_Slingshot
[2021.12.29-23.53.08:790][ 21]Cmd: OBJ SAVEPACKAGE PACKAGE="/Game/Blueprints/BP_Slingshot" FILE="../../../../../../Users/jerye/Documents/Github Projects/Udemy_Pinball/Pinball/Content/Blueprints/BP_Slingshot.uasset" SILENT=true
[2021.12.29-23.53.08:811][ 21]LogSavePackage: Save=10.93ms
[2021.12.29-23.53.08:811][ 21]LogSavePackage: Moving '../../../../../../Users/jerye/Documents/Github Projects/Udemy_Pinball/Pinball/Saved/BP_Slingshot6093872A4D91ECA96DDBBBB9FC200BF4.tmp' to '../../../../../../Users/jerye/Documents/Github Projects/Udemy_Pinball/Pinball/Content/Blueprints/BP_Slingshot.uasset'
[2021.12.29-23.53.08:812][ 21]LogSavePackage:Display: Finished SavePackage ../../../../../../Users/jerye/Documents/Github Projects/Udemy_Pinball/Pinball/Content/Blueprints/BP_Slingshot.uasset
[2021.12.29-23.53.14:923][360]Cmd: QUIT_EDITOR
[2021.12.29-23.53.14:967][360]LogWindowsTextInputMethodSystem:Display: IME system now deactivated.
[2021.12.29-23.53.14:983][360]LogExit: Preparing to exit.
[2021.12.29-23.53.15:311][360]LogDirectoryWatcher: A directory notification for 'C:/Users/jerye/Documents/Github Projects/Udemy_Pinball/Pinball/Content/' was aborted.
[2021.12.29-23.53.15:336][360]LogExit: Editor shut down
[2021.12.29-23.53.15:337][360]LogExit: Transaction tracking system shut down
[2021.12.29-23.53.15:405][360]LogObj: Freed 0b from 0 cluster array pools.
[2021.12.29-23.53.15:405][360]LogExit: Object subsystem successfully closed.
[2021.12.29-23.53.15:420][360]LogD3D11RHI: Shutdown
[2021.12.29-23.53.15:420][360]LogD3D11RHI: CleanupD3DDevice
[2021.12.29-23.53.15:494][360]LogD3D11RHI: ~FD3D11DynamicRHI
[2021.12.29-23.53.15:506][360]LogHttp:Display: Http module shutting down, but needs to wait on 1 outstanding Http requests:
[2021.12.29-23.53.15:506][360]LogHttp:Display: 	verb=[POST] url=[https://datarouter.ol.epicgames.com/datarouter/api/v1/public/data?SessionID=%7BAEFB9331-4410-4505-7D42-22B83498FC92%7D&AppID=UEEditor.Rocket.Release&AppVersion=4.14.3-3249277%2B%2B%2BUE4%2BRelease-4.14&UserID=7db31ef3424040b5127926acd693b607%7Cf5476c74213e466690d5d7ff3df1aed1%7Cea129a08-4feb-40de-8b03-1ae58b7a3fb5&AppEnvironment=datacollector-binary&UploadType=eteventstream] status=Processing
[2021.12.29-23.53.15:522][360]LogModuleManager: Shutting down and abandoning module HierarchicalLODUtilities (246)
[2021.12.29-23.53.15:522][360]LogModuleManager: Shutting down and abandoning module BlueprintGraph (245)
[2021.12.29-23.53.15:522][360]LogModuleManager: Shutting down and abandoning module BlueprintProfiler (244)
[2021.12.29-23.53.15:523][360]LogModuleManager: Shutting down and abandoning module StaticMeshEditor (243)
[2021.12.29-23.53.15:523][360]LogModuleManager: Shutting down and abandoning module MaterialEditor (242)
[2021.12.29-23.53.15:523][360]LogModuleManager: Shutting down and abandoning module HierarchicalLODOutliner (241)
[2021.12.29-23.53.15:523][360]LogModuleManager: Shutting down and abandoning module CrashTracker (240)
[2021.12.29-23.53.15:523][360]LogModuleManager: Shutting down and abandoning module SceneOutliner (239)
[2021.12.29-23.53.15:523][360]LogModuleManager: Shutting down and abandoning module WidgetCarousel (238)
[2021.12.29-23.53.15:523][360]LogModuleManager: Shutting down and abandoning module AddContentDialog (237)
[2021.12.29-23.53.15:523][360]LogDirectoryWatcher: A directory notification for 'C:/Program Files/Epic Games/UE_4.14/FeaturePacks/' was aborted.
[2021.12.29-23.53.15:524][360]LogModuleManager: Shutting down and abandoning module GameplayTags (236)
[2021.12.29-23.53.15:524][360]LogModuleManager: Shutting down and abandoning module EditorWidgets (235)
[2021.12.29-23.53.15:524][360]LogModuleManager: Shutting down and abandoning module CollectionManager (234)
[2021.12.29-23.53.15:524][360]LogDirectoryWatcher: A directory notification for 'C:/Users/jerye/Documents/Github Projects/Udemy_Pinball/Pinball/Content/Collections/' was aborted.
[2021.12.29-23.53.15:524][360]LogDirectoryWatcher: A directory notification for 'C:/Users/jerye/Documents/Github Projects/Udemy_Pinball/Pinball/Content/Developers/jerye/Collections/' was aborted.
[2021.12.29-23.53.15:524][360]LogDirectoryWatcher: A directory notification for 'C:/Users/jerye/Documents/Github Projects/Udemy_Pinball/Pinball/Saved/Collections/' was aborted.
[2021.12.29-23.53.15:524][360]LogModuleManager: Shutting down and abandoning module StatsViewer (233)
[2021.12.29-23.53.15:524][360]LogModuleManager: Shutting down and abandoning module FoliageEdit (232)
[2021.12.29-23.53.15:524][360]LogModuleManager: Shutting down and abandoning module LandscapeEditor (231)
[2021.12.29-23.53.15:524][360]LogModuleManager: Shutting down and abandoning module SceneDepthPickerMode (230)
[2021.12.29-23.53.15:524][360]LogModuleManager: Shutting down and abandoning module ActorPickerMode (229)
[2021.12.29-23.53.15:524][360]LogModuleManager: Shutting down and abandoning module GeometryMode (228)
[2021.12.29-23.53.15:524][360]LogModuleManager: Shutting down and abandoning module TextureAlignMode (227)
[2021.12.29-23.53.15:524][360]LogModuleManager: Shutting down and abandoning module BspMode (226)
[2021.12.29-23.53.15:524][360]LogModuleManager: Shutting down and abandoning module HardwareSurvey (225)
[2021.12.29-23.53.15:524][360]LogModuleManager: Shutting down and abandoning module SequenceRecorderSections (224)
[2021.12.29-23.53.15:524][360]LogModuleManager: Shutting down and abandoning module AutomationWorker (223)
[2021.12.29-23.53.15:524][360]LogModuleManager: Shutting down and abandoning module MatineeToLevelSequence (222)
[2021.12.29-23.53.15:524][360]LogModuleManager: Shutting down and abandoning module PlacementMode (221)
[2021.12.29-23.53.15:524][360]LogModuleManager: Shutting down and abandoning module LevelSequenceEditor (220)
[2021.12.29-23.53.15:524][360]LogModuleManager: Shutting down and abandoning module WmfMediaFactory (219)
[2021.12.29-23.53.15:524][360]LogModuleManager: Shutting down and abandoning module WmfMediaEditor (218)
[2021.12.29-23.53.15:524][360]LogModuleManager: Shutting down and abandoning module AvfMediaFactory (217)
[2021.12.29-23.53.15:524][360]LogModuleManager: Shutting down and abandoning module AvfMediaEditor (216)
[2021.12.29-23.53.15:524][360]LogModuleManager: Shutting down and abandoning module Media (215)
[2021.12.29-23.53.15:524][360]LogModuleManager: Shutting down and abandoning module AndroidMediaFactory (214)
[2021.12.29-23.53.15:524][360]LogModuleManager: Shutting down and abandoning module AndroidMediaEditor (213)
[2021.12.29-23.53.15:524][360]LogModuleManager: Shutting down and abandoning module CharacterAI (212)
[2021.12.29-23.53.15:524][360]LogModuleManager: Shutting down and abandoning module SequenceRecorder (211)
[2021.12.29-23.53.15:524][360]LogModuleManager: Shutting down and abandoning module AudioCapture (210)
[2021.12.29-23.53.15:524][360]LogModuleManager: Shutting down and abandoning module SmartSnapping (209)
[2021.12.29-23.53.15:524][360]LogModuleManager: Shutting down and abandoning module SessionServices (208)
[2021.12.29-23.53.15:524][360]LogModuleManager: Shutting down and abandoning module ViewportSnapping (207)
[2021.12.29-23.53.15:524][360]LogModuleManager: Shutting down and abandoning module ViewportInteraction (206)
[2021.12.29-23.53.15:524][360]LogModuleManager: Shutting down and abandoning module LogVisualizer (205)
[2021.12.29-23.53.15:524][360]LogModuleManager: Shutting down and abandoning module GameProjectGeneration (204)
[2021.12.29-23.53.15:524][360]LogModuleManager: Shutting down and abandoning module IntroTutorials (203)
[2021.12.29-23.53.15:524][360]LogModuleManager: Shutting down and abandoning module EditorLiveStreaming (202)
[2021.12.29-23.53.15:524][360]LogModuleManager: Shutting down and abandoning module IOSPlatformEditor (201)
[2021.12.29-23.53.15:524][360]LogModuleManager: Shutting down and abandoning module HTML5PlatformEditor (200)
[2021.12.29-23.53.15:524][360]LogModuleManager: Shutting down and abandoning module AndroidDeviceDetection (199)
[2021.12.29-23.53.15:795][360]LogModuleManager: Shutting down and abandoning module AndroidPlatformEditor (198)
[2021.12.29-23.53.15:795][360]LogModuleManager: Shutting down and abandoning module IOSRuntimeSettings (197)
[2021.12.29-23.53.15:795][360]LogModuleManager: Shutting down and abandoning module AndroidRuntimeSettings (196)
[2021.12.29-23.53.15:795][360]LogModuleManager: Shutting down and abandoning module InputBindingEditor (195)
[2021.12.29-23.53.15:795][360]LogModuleManager: Shutting down and abandoning module NiagaraEditor (194)
[2021.12.29-23.53.15:795][360]LogModuleManager: Shutting down and abandoning module MergeActors (193)
[2021.12.29-23.53.15:795][360]LogModuleManager: Shutting down and abandoning module SizeMap (192)
[2021.12.29-23.53.15:795][360]LogModuleManager: Shutting down and abandoning module TreeMap (191)
[2021.12.29-23.53.15:795][360]LogModuleManager: Shutting down and abandoning module ReferenceViewer (190)
[2021.12.29-23.53.15:795][360]LogModuleManager: Shutting down and abandoning module LocalizationService (189)
[2021.12.29-23.53.15:795][360]LogModuleManager: Shutting down and abandoning module LocalizationDashboard (188)
[2021.12.29-23.53.15:795][360]LogModuleManager: Shutting down and abandoning module HardwareTargeting (187)
[2021.12.29-23.53.15:795][360]LogModuleManager: Shutting down and abandoning module DeviceProfileEditor (186)
[2021.12.29-23.53.15:795][360]LogModuleManager: Shutting down and abandoning module UndoHistory (185)
[2021.12.29-23.53.15:795][360]LogModuleManager: Shutting down and abandoning module UserFeedback (184)
[2021.12.29-23.53.15:795][360]LogModuleManager: Shutting down and abandoning module XmlParser (183)
[2021.12.29-23.53.15:795][360]LogModuleManager: Shutting down and abandoning module Blutility (182)
[2021.12.29-23.53.15:795][360]LogModuleManager: Shutting down and abandoning module ProjectTargetPlatformEditor (181)
[2021.12.29-23.53.15:795][360]LogModuleManager: Shutting down and abandoning module ProjectSettingsViewer (180)
[2021.12.29-23.53.15:795][360]LogModuleManager: Shutting down and abandoning module EditorSettingsViewer (179)
[2021.12.29-23.53.15:795][360]LogModuleManager: Shutting down and abandoning module SettingsEditor (178)
[2021.12.29-23.53.15:795][360]LogModuleManager: Shutting down and abandoning module ProjectLauncher (177)
[2021.12.29-23.53.15:795][360]LogModuleManager: Shutting down and abandoning module SessionFrontend (176)
[2021.12.29-23.53.15:795][360]LogModuleManager: Shutting down and abandoning module ProfilerClient (175)
[2021.12.29-23.53.15:795][360]LogModuleManager: Shutting down and abandoning module TargetDeviceServices (174)
[2021.12.29-23.53.15:795][360]LogModuleManager: Shutting down and abandoning module DeviceManager (173)
[2021.12.29-23.53.15:828][360]LogModuleManager: Shutting down and abandoning module AutomationController (172)
[2021.12.29-23.53.15:828][360]LogModuleManager: Shutting down and abandoning module AutomationWindow (171)
[2021.12.29-23.53.15:828][360]LogModuleManager: Shutting down and abandoning module Layers (170)
[2021.12.29-23.53.15:828][360]LogModuleManager: Shutting down and abandoning module ComponentVisualizers (169)
[2021.12.29-23.53.15:828][360]LogModuleManager: Shutting down and abandoning module DetailCustomizations (168)
[2021.12.29-23.53.15:828][360]LogModuleManager: Shutting down and abandoning module PackagesDialog (167)
[2021.12.29-23.53.15:828][360]LogModuleManager: Shutting down and abandoning module AnimGraph (166)
[2021.12.29-23.53.15:828][360]LogModuleManager: Shutting down and abandoning module Persona (165)
[2021.12.29-23.53.15:828][360]LogModuleManager: Shutting down and abandoning module Kismet (164)
[2021.12.29-23.53.15:832][360]LogModuleManager: Shutting down and abandoning module GraphEditor (163)
[2021.12.29-23.53.15:832][360]LogModuleManager: Shutting down and abandoning module ClassViewer (162)
[2021.12.29-23.53.15:834][360]LogModuleManager: Shutting down and abandoning module Toolbox (161)
[2021.12.29-23.53.15:834][360]LogModuleManager: Shutting down and abandoning module ModuleUI (160)
[2021.12.29-23.53.15:834][360]LogModuleManager: Shutting down and abandoning module MovieSceneTools (159)
[2021.12.29-23.53.15:834][360]LogModuleManager: Shutting down and abandoning module OutputLog (158)
[2021.12.29-23.53.15:834][360]LogModuleManager: Shutting down and abandoning module GammaUI (157)
[2021.12.29-23.53.15:834][360]LogModuleManager: Shutting down and abandoning module Documentation (156)
[2021.12.29-23.53.15:834][360]LogModuleManager: Shutting down and abandoning module Niagara (155)
[2021.12.29-23.53.15:834][360]LogModuleManager: Shutting down and abandoning module StreamingPauseRendering (154)
[2021.12.29-23.53.15:834][360]LogModuleManager: Shutting down and abandoning module AnalyticsET (153)
[2021.12.29-23.53.15:834][360]LogModuleManager: Shutting down and abandoning module PortalServices (152)
[2021.12.29-23.53.15:834][360]LogModuleManager: Shutting down and abandoning module PortalRpc (151)
[2021.12.29-23.53.15:834][360]LogModuleManager: Shutting down and abandoning module MessagingRpc (150)
[2021.12.29-23.53.15:834][360]LogModuleManager: Shutting down and abandoning module GameplayDebugger (149)
[2021.12.29-23.53.15:834][360]LogModuleManager: Shutting down and abandoning module AITestSuite (148)
[2021.12.29-23.53.15:834][360]LogModuleManager: Shutting down and abandoning module AIModule (147)
[2021.12.29-23.53.15:834][360]LogModuleManager: Shutting down and abandoning module ProfilerService (146)
[2021.12.29-23.53.15:892][360]LogModuleManager: Shutting down and abandoning module TaskGraph (145)
[2021.12.29-23.53.15:892][360]LogModuleManager: Shutting down and abandoning module SlateRemote (144)
[2021.12.29-23.53.15:892][360]LogModuleManager: Shutting down and abandoning module SteamVRController (143)
[2021.12.29-23.53.15:892][360]LogModuleManager: Shutting down and abandoning module SteamVR (142)
[2021.12.29-23.53.15:892][360]LogModuleManager: Shutting down and abandoning module ProceduralMeshComponentEditor (141)
[2021.12.29-23.53.15:892][360]LogModuleManager: Shutting down and abandoning module ProceduralMeshComponent (140)
[2021.12.29-23.53.15:892][360]LogModuleManager: Shutting down and abandoning module OculusLibrary (139)
[2021.12.29-23.53.15:892][360]LogModuleManager: Shutting down and abandoning module OculusInput (138)
[2021.12.29-23.53.15:892][360]LogModuleManager: Shutting down and abandoning module MobilePatchingUtils (137)
[2021.12.29-23.53.15:892][360]LogModuleManager: Shutting down and abandoning module CustomMeshComponent (136)
[2021.12.29-23.53.15:892][360]LogModuleManager: Shutting down and abandoning module CableComponent (135)
[2021.12.29-23.53.15:892][360]LogModuleManager: Shutting down and abandoning module ArchVisCharacter (134)
[2021.12.29-23.53.15:892][360]LogModuleManager: Shutting down and abandoning module MediaPlayerEditor (132)
[2021.12.29-23.53.15:892][360]LogModuleManager: Shutting down and abandoning module HTML5Networking (131)
[2021.12.29-23.53.15:892][360]LogModuleManager: Shutting down and abandoning module GeometryCacheEd (130)
[2021.12.29-23.53.15:892][360]LogModuleManager: Shutting down and abandoning module GeometryCache (129)
[2021.12.29-23.53.15:892][360]LogModuleManager: Shutting down and abandoning module AlembicLibrary (128)
[2021.12.29-23.53.15:892][360]LogModuleManager: Shutting down and abandoning module AlembicImporter (127)
[2021.12.29-23.53.15:892][360]LogModuleManager: Shutting down and abandoning module SuperSearch (126)
[2021.12.29-23.53.15:892][360]LogModuleManager: Shutting down and abandoning module SuperSearchEditor (125)
[2021.12.29-23.53.15:892][360]LogModuleManager: Shutting down and abandoning module SpeedTreeImporter (124)
[2021.12.29-23.53.15:892][360]LogModuleManager: Shutting down and abandoning module PluginBrowser (123)
[2021.12.29-23.53.15:892][360]LogModuleManager: Shutting down and abandoning module MobileLauncherProfileWizard (122)
[2021.12.29-23.53.15:892][360]LogModuleManager: Shutting down and abandoning module EpicSurvey (121)
[2021.12.29-23.53.15:892][360]LogModuleManager: Shutting down and abandoning module DesktopPlatform (120)
[2021.12.29-23.53.15:892][360]LogModuleManager: Shutting down and abandoning module VisualStudioSourceCodeAccess (119)
[2021.12.29-23.53.15:892][360]LogModuleManager: Shutting down and abandoning module UObjectPlugin (118)
[2021.12.29-23.53.15:892][360]LogModuleManager: Shutting down and abandoning module SubversionSourceControl (117)
[2021.12.29-23.53.15:892][360]LogModuleManager: Shutting down and abandoning module PerforceSourceControl (116)
[2021.12.29-23.53.15:892][360]LogModuleManager: Shutting down and abandoning module SourceControl (115)
[2021.12.29-23.53.15:892][360]LogModuleManager: Shutting down and abandoning module GitSourceControl (114)
[2021.12.29-23.53.15:893][360]LogModuleManager: Shutting down and abandoning module LightPropagationVolumeEditor (113)
[2021.12.29-23.53.15:893][360]LogModuleManager: Shutting down and abandoning module PaperTiledImporter (112)
[2021.12.29-23.53.15:893][360]LogModuleManager: Shutting down and abandoning module PaperSpriteSheetImporter (111)
[2021.12.29-23.53.15:893][360]LogModuleManager: Shutting down and abandoning module MeshPaint (110)
[2021.12.29-23.53.15:893][360]LogModuleManager: Shutting down and abandoning module PixelInspectorModule (109)
[2021.12.29-23.53.15:893][360]LogModuleManager: Shutting down and abandoning module HotReload (108)
[2021.12.29-23.53.15:893][360]LogModuleManager: Shutting down and abandoning module MainFrame (107)
[2021.12.29-23.53.15:893][360]LogModuleManager: Shutting down and abandoning module LevelEditor (106)
[2021.12.29-23.53.15:893][360]LogModuleManager: Shutting down and abandoning module ContentBrowser (105)
[2021.12.29-23.53.15:894][360]LogModuleManager: Shutting down and abandoning module Paper2DEditor (104)
[2021.12.29-23.53.15:894][360]LogModuleManager: Shutting down and abandoning module UdpMessaging (103)
[2021.12.29-23.53.15:996][360]LogModuleManager: Shutting down and abandoning module TcpMessaging (102)
[2021.12.29-23.53.16:182][360]LogModuleManager: Shutting down and abandoning module LightPropagationVolumeRuntime (101)
[2021.12.29-23.53.16:182][360]LogModuleManager: Shutting down and abandoning module Paper2D (100)
[2021.12.29-23.53.16:182][360]LogModuleManager: Shutting down and abandoning module WindowsMoviePlayer (99)
[2021.12.29-23.53.16:182][360]LogModuleManager: Shutting down and abandoning module WmfMedia (98)
[2021.12.29-23.53.16:183][360]LogModuleManager: Shutting down and abandoning module MediaAssets (97)
[2021.12.29-23.53.16:183][360]LogModuleManager: Shutting down and abandoning module GameLiveStreaming (96)
[2021.12.29-23.53.16:183][360]LogModuleManager: Shutting down and abandoning module GameplayTagsEditor (95)
[2021.12.29-23.53.16:183][360]LogModuleManager: Shutting down and abandoning module VREditor (94)
[2021.12.29-23.53.16:183][360]LogModuleManager: Shutting down and abandoning module GameplayTasksEditor (93)
[2021.12.29-23.53.16:183][360]LogModuleManager: Shutting down and abandoning module BehaviorTreeEditor (92)
[2021.12.29-23.53.16:183][360]LogModuleManager: Shutting down and abandoning module FunctionalTesting (91)
[2021.12.29-23.53.16:183][360]LogModuleManager: Shutting down and abandoning module CollisionAnalyzer (90)
[2021.12.29-23.53.16:183][360]LogModuleManager: Shutting down and abandoning module Sequencer (89)
[2021.12.29-23.53.16:183][360]LogModuleManager: Shutting down and abandoning module WorkspaceMenuStructure (88)
[2021.12.29-23.53.16:183][360]LogModuleManager: Shutting down and abandoning module MessageLog (87)
[2021.12.29-23.53.16:183][360]LogModuleManager: Shutting down and abandoning module AssetTools (86)
[2021.12.29-23.53.16:183][360]LogModuleManager: Shutting down and abandoning module UMGEditor (85)
[2021.12.29-23.53.16:184][360]LogModuleManager: Shutting down and abandoning module UMG (84)
[2021.12.29-23.53.16:184][360]LogModuleManager: Shutting down and abandoning module SlateReflector (83)
[2021.12.29-23.53.16:184][360]LogModuleManager: Shutting down and abandoning module Slate (82)
[2021.12.29-23.53.16:184][360]LogModuleManager: Shutting down and abandoning module EditorStyle (81)
[2021.12.29-23.53.16:185][360]LogModuleManager: Shutting down and abandoning module SourceCodeAccess (80)
[2021.12.29-23.53.16:185][360]LogModuleManager: Shutting down and abandoning module HeadMountedDisplay (79)
[2021.12.29-23.53.16:185][360]LogModuleManager: Shutting down and abandoning module XAudio2 (78)
[2021.12.29-23.53.16:185][360]LogModuleManager: Shutting down and abandoning module Networking (76)
[2021.12.29-23.53.16:185][360]LogModuleManager: Shutting down and abandoning module Core (75)
[2021.12.29-23.53.16:185][360]LogModuleManager: Shutting down and abandoning module DirectoryWatcher (74)
[2021.12.29-23.53.16:185][360]LogDirectoryWatcher: A directory notification for '../../../Engine/Content/' was aborted.
[2021.12.29-23.53.16:185][360]LogDirectoryWatcher: A directory notification for '../../../../../../Users/jerye/Documents/Github Projects/Udemy_Pinball/Pinball/Content/' was aborted.
[2021.12.29-23.53.16:185][360]LogDirectoryWatcher: A directory notification for '../../../Engine/Plugins/2D/Paper2D/Content/' was aborted.
[2021.12.29-23.53.16:185][360]LogModuleManager: Shutting down and abandoning module AssetRegistry (73)
[2021.12.29-23.53.16:264][360]LogModuleManager: Shutting down and abandoning module KismetCompiler (72)
[2021.12.29-23.53.16:264][360]LogModuleManager: Shutting down and abandoning module PhysXFormats (71)
[2021.12.29-23.53.16:264][360]LogModuleManager: Shutting down and abandoning module SimplygonSwarm (70)
[2021.12.29-23.53.16:264][360]LogModuleManager: Shutting down and abandoning module SimplygonMeshReduction (69)
[2021.12.29-23.53.16:264][360]LogModuleManager: Shutting down and abandoning module QuadricMeshReduction (68)
[2021.12.29-23.53.16:264][360]LogModuleManager: Shutting down and abandoning module PropertyEditor (67)
[2021.12.29-23.53.16:264][360]LogModuleManager: Shutting down and abandoning module MeshUtilities (66)
[2021.12.29-23.53.16:264][360]LogModuleManager: Shutting down and abandoning module DerivedDataCache (65)
[2021.12.29-23.53.16:351][360]LogDerivedDataCache: Shutdown
[2021.12.29-23.53.16:351][360]LogModuleManager: Shutting down and abandoning module VulkanShaderFormat (64)
[2021.12.29-23.53.16:351][360]LogModuleManager: Shutting down and abandoning module ShaderFormatOpenGL (63)
[2021.12.29-23.53.16:351][360]LogModuleManager: Shutting down and abandoning module ShaderFormatD3D (62)
[2021.12.29-23.53.16:351][360]LogModuleManager: Shutting down and abandoning module MetalShaderFormat (61)
[2021.12.29-23.53.16:351][360]LogModuleManager: Shutting down and abandoning module TextureFormatUncompressed (60)
[2021.12.29-23.53.16:351][360]LogModuleManager: Shutting down and abandoning module TextureFormatPVR (59)
[2021.12.29-23.53.16:351][360]LogModuleManager: Shutting down and abandoning module TextureFormatDXT (58)
[2021.12.29-23.53.16:351][360]LogModuleManager: Shutting down and abandoning module TextureFormatIntelISPCTexComp (57)
[2021.12.29-23.53.16:351][360]LogModuleManager: Shutting down and abandoning module ImageWrapper (56)
[2021.12.29-23.53.16:351][360]LogModuleManager: Shutting down and abandoning module TextureFormatASTC (55)
[2021.12.29-23.53.16:351][360]LogModuleManager: Shutting down and abandoning module TextureFormatAndroid (54)
[2021.12.29-23.53.16:351][360]LogModuleManager: Shutting down and abandoning module AudioFormatOpus (53)
[2021.12.29-23.53.16:352][360]LogModuleManager: Shutting down and abandoning module AudioFormatOgg (52)
[2021.12.29-23.53.16:352][360]LogModuleManager: Shutting down and abandoning module AudioFormatADPCM (51)
[2021.12.29-23.53.16:352][360]LogModuleManager: Shutting down and abandoning module LinuxTargetPlatform (50)
[2021.12.29-23.53.16:352][360]LogModuleManager: Shutting down and abandoning module LinuxServerTargetPlatform (49)
[2021.12.29-23.53.16:352][360]LogModuleManager: Shutting down and abandoning module LinuxNoEditorTargetPlatform (48)
[2021.12.29-23.53.16:352][360]LogModuleManager: Shutting down and abandoning module LinuxClientTargetPlatform (47)
[2021.12.29-23.53.16:352][360]LogModuleManager: Shutting down and abandoning module TVOSTargetPlatform (46)
[2021.12.29-23.53.16:352][360]LogModuleManager: Shutting down and abandoning module Messaging (45)
[2021.12.29-23.53.16:352][360]LogModuleManager: Shutting down and abandoning module IOSTargetPlatform (44)
[2021.12.29-23.53.16:352][360]LogModuleManager: Shutting down and abandoning module HTML5TargetPlatform (43)
[2021.12.29-23.53.16:352][360]LogModuleManager: Shutting down and abandoning module Android_PVRTCTargetPlatform (42)
[2021.12.29-23.53.16:352][360]LogModuleManager: Shutting down and abandoning module Android_MultiTargetPlatform (41)
[2021.12.29-23.53.16:352][360]LogModuleManager: Shutting down and abandoning module Android_ETC2TargetPlatform (40)
[2021.12.29-23.53.16:352][360]LogModuleManager: Shutting down and abandoning module Android_ETC1TargetPlatform (39)
[2021.12.29-23.53.16:352][360]LogModuleManager: Shutting down and abandoning module Android_DXTTargetPlatform (38)
[2021.12.29-23.53.16:352][360]LogModuleManager: Shutting down and abandoning module Android_ATCTargetPlatform (37)
[2021.12.29-23.53.16:352][360]LogModuleManager: Shutting down and abandoning module Android_ASTCTargetPlatform (36)
[2021.12.29-23.53.16:352][360]LogModuleManager: Shutting down and abandoning module AndroidTargetPlatform (35)
[2021.12.29-23.53.16:352][360]LogModuleManager: Shutting down and abandoning module WindowsTargetPlatform (34)
[2021.12.29-23.53.16:352][360]LogModuleManager: Shutting down and abandoning module WindowsServerTargetPlatform (33)
[2021.12.29-23.53.16:352][360]LogModuleManager: Shutting down and abandoning module WindowsNoEditorTargetPlatform (32)
[2021.12.29-23.53.16:352][360]LogModuleManager: Shutting down and abandoning module WindowsClientTargetPlatform (31)
[2021.12.29-23.53.16:352][360]LogModuleManager: Shutting down and abandoning module MacTargetPlatform (30)
[2021.12.29-23.53.16:352][360]LogModuleManager: Shutting down and abandoning module MacServerTargetPlatform (29)
[2021.12.29-23.53.16:352][360]LogModuleManager: Shutting down and abandoning module MacNoEditorTargetPlatform (28)
[2021.12.29-23.53.16:352][360]LogModuleManager: Shutting down and abandoning module MacClientTargetPlatform (27)
[2021.12.29-23.53.16:352][360]LogModuleManager: Shutting down and abandoning module AllDesktopTargetPlatform (26)
[2021.12.29-23.53.16:352][360]LogModuleManager: Shutting down and abandoning module TargetPlatform (25)
[2021.12.29-23.53.16:352][360]LogModuleManager: Shutting down and abandoning module InputCore (24)
[2021.12.29-23.53.16:352][360]LogModuleManager: Shutting down and abandoning module Settings (23)
[2021.12.29-23.53.16:352][360]LogModuleManager: Shutting down and abandoning module OculusRift (22)
[2021.12.29-23.53.16:352][360]LogModuleManager: Shutting down and abandoning module ExampleDeviceProfileSelector (21)
[2021.12.29-23.53.16:352][360]LogModuleManager: Shutting down and abandoning module OnlineBlueprintSupport (20)
[2021.12.29-23.53.16:352][360]LogModuleManager: Shutting down and abandoning module OnlineSubsystem (18)
[2021.12.29-23.53.16:352][360]LogOnline:Display: Unloading online subsystem: NULL
[2021.12.29-23.53.16:352][360]LogModuleManager: Shutting down and abandoning module SSL (17)
[2021.12.29-23.53.16:353][360]LogModuleManager: Shutting down and abandoning module HTTP (16)
[2021.12.29-23.53.16:353][360]LogModuleManager: Shutting down and abandoning module XMPP (15)
[2021.12.29-23.53.16:353][360]LogModuleManager: Shutting down and abandoning module TextureCompressor (14)
[2021.12.29-23.53.16:353][360]LogModuleManager: Shutting down and abandoning module ShaderCore (13)
[2021.12.29-23.53.16:353][360]LogModuleManager: Shutting down and abandoning module Landscape (12)
[2021.12.29-23.53.16:353][360]LogModuleManager: Shutting down and abandoning module SlateRHIRenderer (11)
[2021.12.29-23.53.16:354][360]LogModuleManager: Shutting down and abandoning module OpenGLDrv (10)
[2021.12.29-23.53.16:354][360]LogModuleManager: Shutting down and abandoning module D3D11RHI (9)
[2021.12.29-23.53.16:354][360]LogModuleManager: Shutting down and abandoning module AnimGraphRuntime (8)
[2021.12.29-23.53.16:354][360]LogModuleManager: Shutting down and abandoning module Renderer (7)
[2021.12.29-23.53.16:354][360]LogModuleManager: Shutting down and abandoning module Engine (6)
[2021.12.29-23.53.16:354][360]LogModuleManager: Shutting down and abandoning module CoreUObject (5)
[2021.12.29-23.53.16:354][360]LogModuleManager: Shutting down and abandoning module NetworkFile (4)
[2021.12.29-23.53.16:354][360]LogModuleManager: Shutting down and abandoning module StreamingFile (3)
[2021.12.29-23.53.16:354][360]LogModuleManager: Shutting down and abandoning module SandboxFile (2)
[2021.12.29-23.53.16:354][360]LogModuleManager: Shutting down and abandoning module PakFile (1)
[2021.12.29-23.53.16:356][360]LogExit: Exiting.
[2021.12.29-23.53.16:363][360]Log file closed, 12/29/21 16:53:16
