Log file open, 12/29/21 15:19:47
LogInit:Display: Running engine for game: Pinball
LogPlatformFile: Not using cached read wrapper
LogInit:Display: RandInit(629671392) SRandInit(629671392).
LogTaskGraph: Started task graph with 5 named threads and 10 total threads with 1 sets of task threads.
LogStats: Stats thread started at 0.463613
LogPluginManager: Loaded Plugin Paper2D, From C:/Program Files/Epic Games/UE_4.14/Engine/Plugins/2D/Paper2D/Paper2D.uplugin
LogPluginManager: Loaded Plugin LightPropagationVolume, From C:/Program Files/Epic Games/UE_4.14/Engine/Plugins/Blendables/LightPropagationVolume/LightPropagationVolume.uplugin
LogPluginManager: Loaded Plugin BlankPlugin, From C:/Program Files/Epic Games/UE_4.14/Engine/Plugins/Developer/BlankPlugin/BlankPlugin.uplugin
LogPluginManager: Loaded Plugin CodeLiteSourceCodeAccess, From C:/Program Files/Epic Games/UE_4.14/Engine/Plugins/Developer/CodeLiteSourceCodeAccess/CodeLiteSourceCodeAccess.uplugin
LogPluginManager: Loaded Plugin GitSourceControl, From C:/Program Files/Epic Games/UE_4.14/Engine/Plugins/Developer/GitSourceControl/GitSourceControl.uplugin
LogPluginManager: Loaded Plugin KDevelopSourceCodeAccess, From C:/Program Files/Epic Games/UE_4.14/Engine/Plugins/Developer/KDevelopSourceCodeAccess/KDevelopSourceCodeAccess.uplugin
LogPluginManager: Loaded Plugin NullSourceCodeAccess, From C:/Program Files/Epic Games/UE_4.14/Engine/Plugins/Developer/NullSourceCodeAccess/NullSourceCodeAccess.uplugin
LogPluginManager: Loaded Plugin OneSkyLocalizationService, From C:/Program Files/Epic Games/UE_4.14/Engine/Plugins/Developer/OneSkyLocalizationService/OneSkyLocalizationService.uplugin
LogPluginManager: Loaded Plugin PerforceSourceControl, From C:/Program Files/Epic Games/UE_4.14/Engine/Plugins/Developer/PerforceSourceControl/PerforceSourceControl.uplugin
LogPluginManager: Loaded Plugin SubversionSourceControl, From C:/Program Files/Epic Games/UE_4.14/Engine/Plugins/Developer/SubversionSourceControl/SubversionSourceControl.uplugin
LogPluginManager: Loaded Plugin UObjectPlugin, From C:/Program Files/Epic Games/UE_4.14/Engine/Plugins/Developer/UObjectPlugin/UObjectPlugin.uplugin
LogPluginManager: Loaded Plugin VisualStudioSourceCodeAccess, From C:/Program Files/Epic Games/UE_4.14/Engine/Plugins/Developer/VisualStudioSourceCodeAccess/VisualStudioSourceCodeAccess.uplugin
LogPluginManager: Loaded Plugin XCodeSourceCodeAccess, From C:/Program Files/Epic Games/UE_4.14/Engine/Plugins/Developer/XCodeSourceCodeAccess/XCodeSourceCodeAccess.uplugin
LogPluginManager: Loaded Plugin AudioCapture, From C:/Program Files/Epic Games/UE_4.14/Engine/Plugins/Editor/AudioCapture/AudioCapture.uplugin
LogPluginManager: Loaded Plugin EpicSurvey, From C:/Program Files/Epic Games/UE_4.14/Engine/Plugins/Editor/EpicSurvey/EpicSurvey.uplugin
LogPluginManager: Loaded Plugin MacGraphicsSwitching, From C:/Program Files/Epic Games/UE_4.14/Engine/Plugins/Editor/MacGraphicsSwitching/MacGraphicsSwitching.uplugin
LogPluginManager: Loaded Plugin MobileLauncherProfileWizard, From C:/Program Files/Epic Games/UE_4.14/Engine/Plugins/Editor/MobileLauncherProfileWizard/MobileLauncherProfileWizard.uplugin
LogPluginManager: Loaded Plugin PluginBrowser, From C:/Program Files/Epic Games/UE_4.14/Engine/Plugins/Editor/PluginBrowser/PluginBrowser.uplugin
LogPluginManager: Loaded Plugin SpeedTreeImporter, From C:/Program Files/Epic Games/UE_4.14/Engine/Plugins/Editor/SpeedTreeImporter/SpeedTreeImporter.uplugin
LogPluginManager: Loaded Plugin SuperSearchEditor, From C:/Program Files/Epic Games/UE_4.14/Engine/Plugins/Editor/SuperSearchEditor/SuperSearchEditor.uplugin
LogPluginManager: Loaded Plugin AlembicImporter, From C:/Program Files/Epic Games/UE_4.14/Engine/Plugins/Experimental/AlembicImporter/AlembicImporter.uplugin
LogPluginManager: Loaded Plugin BlueprintStats, From C:/Program Files/Epic Games/UE_4.14/Engine/Plugins/Experimental/BlueprintStats/BlueprintStats.uplugin
LogPluginManager: Loaded Plugin CharacterAI, From C:/Program Files/Epic Games/UE_4.14/Engine/Plugins/Experimental/CharacterAI/CharacterAI.uplugin
LogPluginManager: Loaded Plugin CodeEditor, From C:/Program Files/Epic Games/UE_4.14/Engine/Plugins/Experimental/CodeEditor/CodeEditor.uplugin
LogPluginManager: Loaded Plugin CodeView, From C:/Program Files/Epic Games/UE_4.14/Engine/Plugins/Experimental/CodeView/CodeView.uplugin
LogPluginManager: Loaded Plugin HTML5Networking, From C:/Program Files/Epic Games/UE_4.14/Engine/Plugins/Experimental/HTML5Networking/HTML5Networking.uplugin
LogPluginManager: Loaded Plugin OSVR, From C:/Program Files/Epic Games/UE_4.14/Engine/Plugins/Experimental/OSVR/OSVR.uplugin
LogPluginManager: Loaded Plugin Phya, From C:/Program Files/Epic Games/UE_4.14/Engine/Plugins/Experimental/Phya/Phya.uplugin
LogPluginManager: Loaded Plugin SignificanceManager, From C:/Program Files/Epic Games/UE_4.14/Engine/Plugins/Experimental/SignificanceManager/SignificanceManager.uplugin
LogPluginManager: Loaded Plugin SimpleHMD, From C:/Program Files/Epic Games/UE_4.14/Engine/Plugins/Experimental/SimpleHMD/SimpleHMD.uplugin
LogPluginManager: Loaded Plugin StereoPanorama, From C:/Program Files/Epic Games/UE_4.14/Engine/Plugins/Experimental/StereoPanorama/StereoPanorama.uplugin
LogPluginManager: Loaded Plugin StructBox, From C:/Program Files/Epic Games/UE_4.14/Engine/Plugins/Experimental/StructBox/StructBox.uplugin
LogPluginManager: Loaded Plugin AndroidMedia, From C:/Program Files/Epic Games/UE_4.14/Engine/Plugins/Media/AndroidMedia/AndroidMedia.uplugin
LogPluginManager: Loaded Plugin AvfMedia, From C:/Program Files/Epic Games/UE_4.14/Engine/Plugins/Media/AvfMedia/AvfMedia.uplugin
LogPluginManager: Loaded Plugin MediaPlayerEditor, From C:/Program Files/Epic Games/UE_4.14/Engine/Plugins/Media/MediaPlayerEditor/MediaPlayerEditor.uplugin
LogPluginManager: Loaded Plugin WmfMedia, From C:/Program Files/Epic Games/UE_4.14/Engine/Plugins/Media/WmfMedia/WmfMedia.uplugin
LogPluginManager: Loaded Plugin MessagingDebugger, From C:/Program Files/Epic Games/UE_4.14/Engine/Plugins/Messaging/MessagingDebugger/MessagingDebugger.uplugin
LogPluginManager: Loaded Plugin TcpMessaging, From C:/Program Files/Epic Games/UE_4.14/Engine/Plugins/Messaging/TcpMessaging/TcpMessaging.uplugin
LogPluginManager: Loaded Plugin UdpMessaging, From C:/Program Files/Epic Games/UE_4.14/Engine/Plugins/Messaging/UdpMessaging/UdpMessaging.uplugin
LogPluginManager: Loaded Plugin LevelSequenceEditor, From C:/Program Files/Epic Games/UE_4.14/Engine/Plugins/MovieScene/LevelSequenceEditor/LevelSequenceEditor.uplugin
LogPluginManager: Loaded Plugin MatineeToLevelSequence, From C:/Program Files/Epic Games/UE_4.14/Engine/Plugins/MovieScene/MatineeToLevelSequence/MatineeToLevelSequence.uplugin
LogPluginManager: Loaded Plugin NetcodeUnitTest, From C:/Program Files/Epic Games/UE_4.14/Engine/Plugins/NetcodeUnitTest/NetcodeUnitTest/NetcodeUnitTest.uplugin
LogPluginManager: Loaded Plugin NUTUnrealEngine4, From C:/Program Files/Epic Games/UE_4.14/Engine/Plugins/NetcodeUnitTest/NUTUnrealEngine4/NUTUnrealEngine4.uplugin
LogPluginManager: Loaded Plugin OnlineSubsystemGameCircle, From C:/Program Files/Epic Games/UE_4.14/Engine/Plugins/Online/Android/OnlineSubsystemGameCircle/OnlineSubsystemGameCircle.uplugin
LogPluginManager: Loaded Plugin OnlineSubsystemGooglePlay, From C:/Program Files/Epic Games/UE_4.14/Engine/Plugins/Online/Android/OnlineSubsystemGooglePlay/OnlineSubsystemGooglePlay.uplugin
LogPluginManager: Loaded Plugin OnlineSubsystemIOS, From C:/Program Files/Epic Games/UE_4.14/Engine/Plugins/Online/IOS/OnlineSubsystemIOS/OnlineSubsystemIOS.uplugin
LogPluginManager: Loaded Plugin OnlineFramework, From C:/Program Files/Epic Games/UE_4.14/Engine/Plugins/Online/OnlineFramework/OnlineFramework.uplugin
LogPluginManager: Loaded Plugin OnlineSubsystem, From C:/Program Files/Epic Games/UE_4.14/Engine/Plugins/Online/OnlineSubsystem/OnlineSubsystem.uplugin
LogPluginManager: Loaded Plugin OnlineSubsystemAmazon, From C:/Program Files/Epic Games/UE_4.14/Engine/Plugins/Online/OnlineSubsystemAmazon/OnlineSubsystemAmazon.uplugin
LogPluginManager: Loaded Plugin OnlineSubsystemFacebook, From C:/Program Files/Epic Games/UE_4.14/Engine/Plugins/Online/OnlineSubsystemFacebook/OnlineSubsystemFacebook.uplugin
LogPluginManager: Loaded Plugin OnlineSubsystemNull, From C:/Program Files/Epic Games/UE_4.14/Engine/Plugins/Online/OnlineSubsystemNull/OnlineSubsystemNull.uplugin
LogPluginManager: Loaded Plugin OnlineSubsystemOculus, From C:/Program Files/Epic Games/UE_4.14/Engine/Plugins/Online/OnlineSubsystemOculus/OnlineSubsystemOculus.uplugin
LogPluginManager: Loaded Plugin OnlineSubsystemSteam, From C:/Program Files/Epic Games/UE_4.14/Engine/Plugins/Online/OnlineSubsystemSteam/OnlineSubsystemSteam.uplugin
LogPluginManager: Loaded Plugin OnlineSubsystemUtils, From C:/Program Files/Epic Games/UE_4.14/Engine/Plugins/Online/OnlineSubsystemUtils/OnlineSubsystemUtils.uplugin
LogPluginManager: Loaded Plugin IOSTapJoy, From C:/Program Files/Epic Games/UE_4.14/Engine/Plugins/Runtime/Advertising/IOSTapJoy/IOSTapJoy.uplugin
LogPluginManager: Loaded Plugin AnalyticsBlueprintLibrary, From C:/Program Files/Epic Games/UE_4.14/Engine/Plugins/Runtime/Analytics/AnalyticsBlueprintLibrary/AnalyticsBlueprintLibrary.uplugin
LogPluginManager: Loaded Plugin AnalyticsMulticast, From C:/Program Files/Epic Games/UE_4.14/Engine/Plugins/Runtime/Analytics/AnalyticsMulticast/AnalyticsMulticast.uplugin
LogPluginManager: Loaded Plugin Apsalar, From C:/Program Files/Epic Games/UE_4.14/Engine/Plugins/Runtime/Analytics/Apsalar/Apsalar.uplugin
LogPluginManager: Loaded Plugin FileLogging, From C:/Program Files/Epic Games/UE_4.14/Engine/Plugins/Runtime/Analytics/FileLogging/FileLogging.uplugin
LogPluginManager: Loaded Plugin Flurry, From C:/Program Files/Epic Games/UE_4.14/Engine/Plugins/Runtime/Analytics/Flurry/Flurry.uplugin
LogPluginManager: Loaded Plugin AndroidDeviceProfileSelector, From C:/Program Files/Epic Games/UE_4.14/Engine/Plugins/Runtime/AndroidDeviceProfileSelector/AndroidDeviceProfileSelector.uplugin
LogPluginManager: Loaded Plugin AndroidMoviePlayer, From C:/Program Files/Epic Games/UE_4.14/Engine/Plugins/Runtime/AndroidMoviePlayer/AndroidMoviePlayer.uplugin
LogPluginManager: Loaded Plugin AppleMoviePlayer, From C:/Program Files/Epic Games/UE_4.14/Engine/Plugins/Runtime/AppleMoviePlayer/AppleMoviePlayer.uplugin
LogPluginManager: Loaded Plugin ArchVisCharacter, From C:/Program Files/Epic Games/UE_4.14/Engine/Plugins/Runtime/ArchVisCharacter/ArchVisCharacter.uplugin
LogPluginManager: Loaded Plugin CableComponent, From C:/Program Files/Epic Games/UE_4.14/Engine/Plugins/Runtime/CableComponent/CableComponent.uplugin
LogPluginManager: Loaded Plugin CustomMeshComponent, From C:/Program Files/Epic Games/UE_4.14/Engine/Plugins/Runtime/CustomMeshComponent/CustomMeshComponent.uplugin
LogPluginManager: Loaded Plugin ExampleDeviceProfileSelector, From C:/Program Files/Epic Games/UE_4.14/Engine/Plugins/Runtime/ExampleDeviceProfileSelector/ExampleDeviceProfileSelector.uplugin
LogPluginManager: Loaded Plugin GearVR, From C:/Program Files/Epic Games/UE_4.14/Engine/Plugins/Runtime/GearVR/GearVR.uplugin
LogPluginManager: Loaded Plugin GoogleVRController, From C:/Program Files/Epic Games/UE_4.14/Engine/Plugins/Runtime/GoogleVR/GoogleVRController/GoogleVRController.uplugin
LogPluginManager: Loaded Plugin GoogleVRHMD, From C:/Program Files/Epic Games/UE_4.14/Engine/Plugins/Runtime/GoogleVR/GoogleVRHMD/GoogleVRHMD.uplugin
LogPluginManager: Loaded Plugin IOSDeviceProfileSelector, From C:/Program Files/Epic Games/UE_4.14/Engine/Plugins/Runtime/IOSDeviceProfileSelector/IOSDeviceProfileSelector.uplugin
LogPluginManager: Loaded Plugin LeapMotion, From C:/Program Files/Epic Games/UE_4.14/Engine/Plugins/Runtime/LeapMotion/LeapMotion.uplugin
LogPluginManager: Loaded Plugin LinuxDeviceProfileSelector, From C:/Program Files/Epic Games/UE_4.14/Engine/Plugins/Runtime/LinuxDeviceProfileSelector/LinuxDeviceProfileSelector.uplugin
LogPluginManager: Loaded Plugin MIDIDevice, From C:/Program Files/Epic Games/UE_4.14/Engine/Plugins/Runtime/MIDIDevice/MIDIDevice.uplugin
LogPluginManager: Loaded Plugin MobilePatchingUtils, From C:/Program Files/Epic Games/UE_4.14/Engine/Plugins/Runtime/MobilePatchingUtils/MobilePatchingUtils.uplugin
LogPluginManager: Loaded Plugin Ansel, From C:/Program Files/Epic Games/UE_4.14/Engine/Plugins/Runtime/Nvidia/Ansel/Ansel.uplugin
LogPluginManager: Loaded Plugin OculusAudio, From C:/Program Files/Epic Games/UE_4.14/Engine/Plugins/Runtime/OculusAudio/OculusAudio.uplugin
LogPluginManager: Loaded Plugin OculusInput, From C:/Program Files/Epic Games/UE_4.14/Engine/Plugins/Runtime/OculusInput/OculusInput.uplugin
LogPluginManager: Loaded Plugin OculusLibrary, From C:/Program Files/Epic Games/UE_4.14/Engine/Plugins/Runtime/OculusLibrary/OculusLibrary.uplugin
LogPluginManager: Loaded Plugin OculusRift, From C:/Program Files/Epic Games/UE_4.14/Engine/Plugins/Runtime/OculusRift/OculusRift.uplugin
LogPluginManager: Loaded Plugin Oodle, From C:/Program Files/Epic Games/UE_4.14/Engine/Plugins/Runtime/PacketHandlers/CompressionComponents/Oodle/Oodle.uplugin
LogPluginManager: Loaded Plugin ProceduralMeshComponent, From C:/Program Files/Epic Games/UE_4.14/Engine/Plugins/Runtime/ProceduralMeshComponent/ProceduralMeshComponent.uplugin
LogPluginManager: Loaded Plugin SoundMod, From C:/Program Files/Epic Games/UE_4.14/Engine/Plugins/Runtime/SoundMod/SoundMod.uplugin
LogPluginManager: Loaded Plugin SoundVisualizations, From C:/Program Files/Epic Games/UE_4.14/Engine/Plugins/Runtime/SoundVisualizations/SoundVisualizations.uplugin
LogPluginManager: Loaded Plugin SteamController, From C:/Program Files/Epic Games/UE_4.14/Engine/Plugins/Runtime/Steam/SteamController/SteamController.uplugin
LogPluginManager: Loaded Plugin SteamVR, From C:/Program Files/Epic Games/UE_4.14/Engine/Plugins/Runtime/Steam/SteamVR/SteamVR.uplugin
LogPluginManager: Loaded Plugin WebBrowserWidget, From C:/Program Files/Epic Games/UE_4.14/Engine/Plugins/Runtime/WebBrowserWidget/WebBrowserWidget.uplugin
LogPluginManager: Loaded Plugin WindowsDeviceProfileSelector, From C:/Program Files/Epic Games/UE_4.14/Engine/Plugins/Runtime/WindowsDeviceProfileSelector/WindowsDeviceProfileSelector.uplugin
LogPluginManager: Loaded Plugin WindowsMoviePlayer, From C:/Program Files/Epic Games/UE_4.14/Engine/Plugins/Runtime/WindowsMoviePlayer/WindowsMoviePlayer.uplugin
LogPluginManager: Loaded Plugin ScriptPlugin, From C:/Program Files/Epic Games/UE_4.14/Engine/Plugins/ScriptPlugin/ScriptPlugin.uplugin
LogPluginManager: Loaded Plugin SlateRemote, From C:/Program Files/Epic Games/UE_4.14/Engine/Plugins/Slate/SlateRemote/SlateRemote.uplugin
LogPluginManager: Loaded Plugin EditorTests, From C:/Program Files/Epic Games/UE_4.14/Engine/Plugins/Tests/EditorTests/EditorTests.uplugin
LogPluginManager: Loaded Plugin FbxAutomationTestBuilder, From C:/Program Files/Epic Games/UE_4.14/Engine/Plugins/Tests/FbxAutomationTestBuilder/FbxAutomationTestBuilder.uplugin
LogPluginManager: Loaded Plugin FunctionalTestingEditor, From C:/Program Files/Epic Games/UE_4.14/Engine/Plugins/Tests/FunctionalTestingEditor/FunctionalTestingEditor.uplugin
LogPluginManager: Loaded Plugin RuntimeTests, From C:/Program Files/Epic Games/UE_4.14/Engine/Plugins/Tests/RuntimeTests/RuntimeTests.uplugin
LogPluginManager: Loaded Plugin ScreenshotTools, From C:/Program Files/Epic Games/UE_4.14/Engine/Plugins/Tests/ScreenshotTools/ScreenshotTools.uplugin
LogInit: Using libcurl 7.47.1
LogInit:  - built for x86_64-pc-win32
LogInit:  - supports SSL with OpenSSL/1.0.2g
LogInit:  - supports HTTP deflate (compression) using libz 1.2.8
LogInit:  - other features:
LogInit:      CURL_VERSION_SSL
LogInit:      CURL_VERSION_LIBZ
LogInit:      CURL_VERSION_IPV6
LogInit:      CURL_VERSION_ASYNCHDNS
LogInit:      CURL_VERSION_LARGEFILE
LogInit:      CURL_VERSION_IDN
LogInit:  CurlRequestOptions (configurable via config and command line):
LogInit:  - bVerifyPeer = false  - Libcurl will NOT verify peer certificate
LogInit:  - bUseHttpProxy = false  - Libcurl will NOT use HTTP proxy
LogInit:  - bDontReuseConnections = false  - Libcurl will reuse connections
LogInit:  - CertBundlePath = nullptr  - Libcurl will use whatever was configured at build time.
LogInit: Build: ++UE4+Release-4.14-CL-3249277
LogInit: Engine Version: 4.14.3-3249277+++UE4+Release-4.14
LogInit: Compatible Engine Version: 4.14.0-3195953+++UE4+Release-4.14
LogInit: Net CL: 3195953
LogDevObjectVersion: Number of dev versions registered: 13
LogDevObjectVersion:   Dev-Blueprints (B0D832E4-1F89-4F0D-ACCF-7EB736FD4AA2): 7
LogDevObjectVersion:   Dev-Build (E1C64328-A22C-4D53-A36C-8E866417BD8C): 0
LogDevObjectVersion:   Dev-Core (375EC13C-06E4-48FB-B500-84F0262A717E): 1
LogDevObjectVersion:   Dev-Editor (E4B068ED-F494-42E9-A231-DA0B2E46BB41): 8
LogDevObjectVersion:   Dev-Framework (CFFC743F-43B0-4480-9391-14DF171D2073): 17
LogDevObjectVersion:   Dev-Mobile (B02B49B5-BB20-44E9-A304-32B752E40360): 0
LogDevObjectVersion:   Dev-Networking (A4E4105C-59A1-49B5-A7C5-40C4547EDFEE): 0
LogDevObjectVersion:   Dev-Online (39C831C9-5AE6-47DC-9A44-9C173E1C8E7C): 0
LogDevObjectVersion:   Dev-Physics (78F01B33-EBEA-4F98-B9B4-84EACCB95AA2): 0
LogDevObjectVersion:   Dev-Platform (6631380F-2D4D-43E0-8009-CF276956A95A): 0
LogDevObjectVersion:   Dev-Rendering (12F88B9F-8875-4AFC-A67C-D90C383ABD29): 12
LogDevObjectVersion:   Dev-Sequencer (7B5AE74C-D270-4C10-A958-57980B212A5A): 1
LogDevObjectVersion:   Dev-VR (D7296918-1DD6-4BDD-9DE2-64A83CC13884): 0
LogInit: Compiled (64-bit): Jan  6 2017 10:49:43
LogInit: Compiled with Visual C++: 19.00.23026.00
LogInit: Build Configuration: Development
LogInit: Branch Name: ++UE4+Release-4.14
LogInit: Command line:  
LogInit: Base directory: C:/Program Files/Epic Games/UE_4.14/Engine/Binaries/Win64/
LogInit: Installed Engine Build: 1
LogInit: Presizing for max 8388607 objects, including 0 objects not considered by GC, pre-allocating 0 bytes for permanent pool.
LogInit: Object subsystem initialized
[2021.12.29-22.19.47:965][  0]LogInit: Selected Device Profile: [Windows]
[2021.12.29-22.19.47:965][  0]LogInit: Applying CVar settings loaded from the selected device profile: [Windows]
[2021.12.29-22.19.47:974][  0]LogInit: Computer: LAPTOP-7NM099NT
[2021.12.29-22.19.47:974][  0]LogInit: User: jerye
[2021.12.29-22.19.47:974][  0]LogInit: CPU Page size=65536, Cores=6
[2021.12.29-22.19.47:974][  0]LogInit: High frequency timer resolution =10.000000 MHz
[2021.12.29-22.19.47:975][  0]LogMemory: Memory total: Physical=15.8GB (16GB approx)
[2021.12.29-22.19.47:975][  0]LogMemory: Platform Memory Stats for Windows
[2021.12.29-22.19.47:975][  0]LogMemory: Process Physical Memory: 268.74 MB used, 268.74 MB peak
[2021.12.29-22.19.47:975][  0]LogMemory: Process Virtual Memory: 260.28 MB used, 260.28 MB peak
[2021.12.29-22.19.47:975][  0]LogMemory: Physical Memory: 10130.12 MB used,  6055.55 MB free, 16185.68 MB total
[2021.12.29-22.19.47:975][  0]LogMemory: Virtual Memory: 4801.77 MB used,  6055.55 MB free, 134217728.00 MB total
[2021.12.29-22.19.48:255][  0]LogTextLocalizationManager: No specific translations for ('en-CA') exist, so ('en') translations will be used.
[2021.12.29-22.19.51:398][  0]LogD3D11RHI: D3D11 adapters:
[2021.12.29-22.19.51:484][  0]LogD3D11RHI:    0. 'NVIDIA GeForce GTX 1650' (Feature Level 11_0)
[2021.12.29-22.19.51:484][  0]LogD3D11RHI:       3962/0/8092 MB DedicatedVideo/DedicatedSystem/SharedSystem, Outputs:1, VendorId:0x10de
[2021.12.29-22.19.51:644][  0]LogD3D11RHI:    1. 'Intel(R) UHD Graphics' (Feature Level 11_0)
[2021.12.29-22.19.51:644][  0]LogD3D11RHI:       128/0/8092 MB DedicatedVideo/DedicatedSystem/SharedSystem, Outputs:1, VendorId:0x8086
[2021.12.29-22.19.51:645][  0]LogD3D11RHI:    2. 'Microsoft Basic Render Driver' (Feature Level 11_0)
[2021.12.29-22.19.51:645][  0]LogD3D11RHI:       0/0/8092 MB DedicatedVideo/DedicatedSystem/SharedSystem, Outputs:0, VendorId:0x1414
[2021.12.29-22.19.51:645][  0]LogD3D11RHI: Chosen D3D11 Adapter: 0
[2021.12.29-22.19.51:656][  0]LogD3D11RHI: Creating new Direct3DDevice
[2021.12.29-22.19.51:656][  0]LogD3D11RHI:     GPU DeviceId: 0x1f99 (for the marketing name, search the web for "GPU Device Id")
[2021.12.29-22.19.51:656][  0]LogWindows: EnumDisplayDevices:
[2021.12.29-22.19.51:656][  0]LogWindows:    0. 'Intel(R) UHD Graphics' (P:0 D:1)
[2021.12.29-22.19.51:656][  0]LogWindows:    1. 'Intel(R) UHD Graphics' (P:0 D:0)
[2021.12.29-22.19.51:656][  0]LogWindows:    2. 'Intel(R) UHD Graphics' (P:0 D:0)
[2021.12.29-22.19.51:656][  0]LogWindows:    3. 'NVIDIA GeForce GTX 1650' (P:1 D:1)
[2021.12.29-22.19.51:656][  0]LogWindows:    4. 'NVIDIA GeForce GTX 1650' (P:0 D:0)
[2021.12.29-22.19.51:656][  0]LogWindows:    5. 'NVIDIA GeForce GTX 1650' (P:0 D:0)
[2021.12.29-22.19.51:656][  0]LogWindows:    6. 'NVIDIA GeForce GTX 1650' (P:0 D:0)
[2021.12.29-22.19.51:656][  0]LogWindows: DebugString: GetVideoDriverDetailsInvalid PrimaryIsNotTheChoosenAdapter GetVideoDriverDetailsInvalid PrimaryIsNotTheChoosenAdapter GetVideoDriverDetailsInvalid PrimaryIsNotTheChoosenAdapter GetVideoDriverDetailsInvalid PrimaryIsNotTheChoosenAdapter GetVideoDriverDetailsInvalid PrimaryIsNotTheChoosenAdapter GetVideoDriverDetailsInvalid PrimaryIsNotTheChoosenAdapter GetVideoDriverDetailsInvalid PrimaryIsNotTheChoosenAdapter FoundDriverCount:0 
[2021.12.29-22.19.51:656][  0]LogD3D11RHI:     Adapter Name: NVIDIA GeForce GTX 1650
[2021.12.29-22.19.51:656][  0]LogD3D11RHI:   Driver Version: Unknown (internal:Unknown, unified:Unknown)
[2021.12.29-22.19.51:656][  0]LogD3D11RHI:      Driver Date: Unknown
[2021.12.29-22.19.51:656][  0]LogRHI: Texture pool is 1361 MB (70% of 1945 MB)
[2021.12.29-22.19.51:708][  0]LogD3D11RHI: Async texture creation enabled
[2021.12.29-22.19.51:755][  0]LogD3D11RHI: GPU Timing Frequency: 1000.000000 (Debug: 2 1)
[2021.12.29-22.19.51:760][  0]LogShaderCompilers: Guid format shader working directory is -32 characters bigger than the processId version (../../../../../../Users/jerye/Documents/Github Projects/Udemy_Pinball/Pinball/Intermediate/Shaders/WorkingDirectory/20608/).
[2021.12.29-22.19.51:760][  0]LogShaderCompilers: Cleaned the shader compiler working directory 'C:/Users/jerye/AppData/Local/Temp/UnrealShaderWorkingDir/6E3E14AC4333B39F449A42A0E0C4C8DE/'.
[2021.12.29-22.19.51:760][  0]LogShaderCompilers:Display: Using Local Shader Compiler.
[2021.12.29-22.19.54:233][  0]LogTemp:Display: Loaded TP AllDesktopTargetPlatform
[2021.12.29-22.19.54:275][  0]LogTemp:Display: Loaded TP MacClientTargetPlatform
[2021.12.29-22.19.54:318][  0]LogTemp:Display: Loaded TP MacNoEditorTargetPlatform
[2021.12.29-22.19.54:359][  0]LogTemp:Display: Loaded TP MacServerTargetPlatform
[2021.12.29-22.19.54:405][  0]LogTemp:Display: Loaded TP MacTargetPlatform
[2021.12.29-22.19.54:448][  0]LogTemp:Display: Loaded TP WindowsClientTargetPlatform
[2021.12.29-22.19.54:492][  0]LogTemp:Display: Loaded TP WindowsNoEditorTargetPlatform
[2021.12.29-22.19.54:535][  0]LogTemp:Display: Loaded TP WindowsServerTargetPlatform
[2021.12.29-22.19.54:570][  0]LogTemp:Display: Loaded TP WindowsTargetPlatform
[2021.12.29-22.19.54:617][  0]LogTemp:Display: Loaded TP AndroidTargetPlatform
[2021.12.29-22.19.54:661][  0]LogTemp:Display: Loaded TP Android_ASTCTargetPlatform
[2021.12.29-22.19.54:703][  0]LogTemp:Display: Loaded TP Android_ATCTargetPlatform
[2021.12.29-22.19.54:747][  0]LogTemp:Display: Loaded TP Android_DXTTargetPlatform
[2021.12.29-22.19.54:790][  0]LogTemp:Display: Loaded TP Android_ETC1TargetPlatform
[2021.12.29-22.19.54:837][  0]LogTemp:Display: Loaded TP Android_ETC2TargetPlatform
[2021.12.29-22.19.54:926][  0]LogTemp:Display: Loaded TP Android_MultiTargetPlatform
[2021.12.29-22.19.54:926][  0]LogTemp:Display: Loaded TP Android_PVRTCTargetPlatform
[2021.12.29-22.19.54:958][  0]LogTemp:Display: Loaded TP HTML5TargetPlatform
[2021.12.29-22.19.55:036][  0]LogTemp:Display: Loaded TP IOSTargetPlatform
[2021.12.29-22.19.55:064][  0]LogTemp:Display: Loaded TP TVOSTargetPlatform
[2021.12.29-22.19.55:106][  0]LogTemp:Display: Loaded TP LinuxClientTargetPlatform
[2021.12.29-22.19.55:150][  0]LogTemp:Display: Loaded TP LinuxNoEditorTargetPlatform
[2021.12.29-22.19.55:193][  0]LogTemp:Display: Loaded TP LinuxServerTargetPlatform
[2021.12.29-22.19.55:238][  0]LogTemp:Display: Loaded TP LinuxTargetPlatform
[2021.12.29-22.19.55:238][  0]LogTargetPlatformManager:Display: Building Assets For Windows
[2021.12.29-22.19.55:675][  0]LogDerivedDataCache:Display: Max Cache Size: 512 MB
[2021.12.29-22.19.55:819][  0]LogDerivedDataCache: Loaded boot cache 0.14s 50MB C:/Users/jerye/AppData/Local/UnrealEngine/4.14/DerivedDataCache/Boot.ddc.
[2021.12.29-22.19.55:819][  0]LogDerivedDataCache:Display: Loaded Boot cache: C:/Users/jerye/AppData/Local/UnrealEngine/4.14/DerivedDataCache/Boot.ddc
[2021.12.29-22.19.55:819][  0]LogDerivedDataCache: FDerivedDataBackendGraph:  Pak pak cache file ../../../../../../Users/jerye/Documents/Github Projects/Udemy_Pinball/Pinball/DerivedDataCache/DDC.ddp not found, will not use a pak cache.
[2021.12.29-22.19.55:819][  0]LogDerivedDataCache: Unable to find inner node Pak for hierarchical cache Hierarchy.
[2021.12.29-22.19.55:819][  0]LogDerivedDataCache: FDerivedDataBackendGraph:  CompressedPak pak cache file ../../../../../../Users/jerye/Documents/Github Projects/Udemy_Pinball/Pinball/DerivedDataCache/Compressed.ddp not found, will not use a pak cache.
[2021.12.29-22.19.55:819][  0]LogDerivedDataCache: Unable to find inner node CompressedPak for hierarchical cache Hierarchy.
[2021.12.29-22.19.55:840][  0]LogDerivedDataCache:Display: Pak cache opened for reading ../../../Engine/DerivedDataCache/Compressed.ddp.
[2021.12.29-22.19.55:852][  0]LogDerivedDataCache: Using Local data cache path C:/Users/jerye/AppData/Local/UnrealEngine/Common/DerivedDataCache: Writable
[2021.12.29-22.19.56:419][  0]LogInit: Selected Device Profile: [Windows]
[2021.12.29-22.19.56:427][  0]LogContentStreaming: Texture pool size is 0.00 MB
[2021.12.29-22.19.56:676][  0]LogMeshUtilities: Using QuadricMeshReduction for automatic static mesh reduction
[2021.12.29-22.19.56:716][  0]LogSimplygon: Simplygon DLL not present - disabling.
[2021.12.29-22.19.56:755][  0]LogMeshUtilities: Using SimplygonSwarm for distributed automatic mesh merging
[2021.12.29-22.19.56:755][  0]LogMeshUtilities: No automatic skeletal mesh reduction module available
[2021.12.29-22.19.56:755][  0]LogMeshUtilities: No automatic mesh merging module available
[2021.12.29-22.19.58:209][  0]LogNetVersion: GetLocalNetworkVersion: CL: 3195953, ProjectName: pinball, ProjectVersion: , EngineNetworkVersion: 2, GameNetworkVersion: 0, NetworkChecksum: 1748929517
[2021.12.29-22.19.58:305][  0]LogAssetRegistry: FAssetRegistry took 0.0237 seconds to start up
[2021.12.29-22.19.58:343][  0]LogPackageLocalizationCache: Processed 3 localized package path(s) for 2 prioritized culture(s) in 0.020077 seconds
[2021.12.29-22.19.58:348][  0]LogUObjectArray: 31946 objects as part of root set at end of initial load.
[2021.12.29-22.19.58:348][  0]LogUObjectAllocator: 6935840 out of 0 bytes used by permanent object pool.
[2021.12.29-22.19.58:348][  0]LogUObjectArray: CloseDisregardForGC: 0/0 objects in disregard for GC pool
[2021.12.29-22.19.58:403][  0]LogInit: WinSock: version 1.1 (2.2), MaxSocks=32767, MaxUdp=65467
[2021.12.29-22.19.59:178][  0]LogSlate: Using Freetype 2.6.0
[2021.12.29-22.19.59:196][  0]LogSlate: SlateFontCache - WITH_FREETYPE: 1, WITH_HARFBUZZ: 1
[2021.12.29-22.19.59:196][  0]LogSlate: SlateFontCache - WITH_FREETYPE: 1, WITH_HARFBUZZ: 1
[2021.12.29-22.20.00:423][  0]LogTcpMessaging: Initializing TcpMessaging bridge
[2021.12.29-22.20.00:461][  0]LogUdpMessaging: Initializing bridge on interface 0.0.0.0:0 to multicast group 230.0.0.1:6666.
[2021.12.29-22.20.00:808][  0]LogMaterial: Uniform references updated for custom material expression Custom.
[2021.12.29-22.20.01:157][  0]SourceControl: Info Source control is disabled
[2021.12.29-22.20.01:158][  0]SourceControl: Info Source control is disabled
[2021.12.29-22.20.01:201][  0]SourceControl: Info Source control is disabled
[2021.12.29-22.20.01:242][  0]SourceControl: Info Source control is disabled
[2021.12.29-22.20.02:383][  0]LogEngine: Initializing Engine...
[2021.12.29-22.20.02:387][  0]LogHMD: Failed to initialize OpenVR with code 110
[2021.12.29-22.20.02:623][  0]LogAIModule: Creating AISystem for world Untitled
[2021.12.29-22.20.02:659][  0]LogInit: XAudio2 using 'Speakers (Realtek(R) Audio)' : 2 channels at 48 kHz using 32 bits per sample (channel mask 0x3)
[2021.12.29-22.20.02:677][  0]LogInit: FAudioDevice initialized.
[2021.12.29-22.20.02:698][  0]LogDerivedDataCache: Saved boot cache 0.02s 50MB C:/Users/jerye/AppData/Local/UnrealEngine/4.14/DerivedDataCache/Boot.ddc.
[2021.12.29-22.20.02:705][  0]LogInit: Texture streaming: Enabled
[2021.12.29-22.20.02:904][  0]LogInit: Transaction tracking system initialized
[2021.12.29-22.20.03:212][  0]BlueprintLog: New page: Editor Load
[2021.12.29-22.20.04:019][  0]LocalizationService: Info Localization service is disabled
[2021.12.29-22.20.04:595][  0]LogConsoleResponse:Display: 
[2021.12.29-22.20.04:865][  0]LogFileCache: Scanning file cache for directory 'C:/Users/jerye/Documents/Github Projects/Udemy_Pinball/Pinball/Content/' took 0.01s
[2021.12.29-22.20.04:865][  0]LogCook:Display: Max memory allowance for cook 16384mb min free memory 0mb
[2021.12.29-22.20.04:865][  0]LogCook:Display: Mobile HDR setting 1
[2021.12.29-22.20.05:722][  0]SourceControl: Info Source control is disabled
[2021.12.29-22.20.05:724][  0]Cmd: MAP LOAD FILE="../../../../../../Users/jerye/Documents/Github Projects/Udemy_Pinball/Pinball/Content/Maps/MainLevel.umap" TEMPLATE=0 SHOWPROGRESS=1 FEATURELEVEL=3
[2021.12.29-22.20.05:726][  0]LightingResults: New page: Lighting Build
[2021.12.29-22.20.05:771][  0]MapCheck: New page: Map Check
[2021.12.29-22.20.05:771][  0]LightingResults: New page: Lighting Build
[2021.12.29-22.20.06:681][  0]LogSpawn:Warning: UWorld::DestroyActor: World has no context! World: MainLevel, Actor: /Game/Maps/MainLevel.MainLevel:PersistentLevel.DESTROYED_BP_DropTarget_C_CHILDACTOR_2997
[2021.12.29-22.20.06:682][  0]LogSpawn:Warning: UWorld::DestroyActor: World has no context! World: MainLevel, Actor: /Game/Maps/MainLevel.MainLevel:PersistentLevel.DESTROYED_BP_DropTarget_C_CHILDACTOR_2998
[2021.12.29-22.20.06:682][  0]LogSpawn:Warning: UWorld::DestroyActor: World has no context! World: MainLevel, Actor: /Game/Maps/MainLevel.MainLevel:PersistentLevel.DESTROYED_BP_DropTarget_C_CHILDACTOR_2999
[2021.12.29-22.20.06:682][  0]LogSpawn:Warning: UWorld::DestroyActor: World has no context! World: MainLevel, Actor: /Game/Maps/MainLevel.MainLevel:PersistentLevel.DESTROYED_BP_DropTarget_C_CHILDACTOR_3000
[2021.12.29-22.20.06:682][  0]LogSpawn:Warning: UWorld::DestroyActor: World has no context! World: MainLevel, Actor: /Game/Maps/MainLevel.MainLevel:PersistentLevel.DESTROYED_BP_DropTarget_C_CHILDACTOR_3001
[2021.12.29-22.20.06:698][  0]LogStaticMesh: Building static mesh SM_PostHalf...
[2021.12.29-22.20.06:717][  0]LogStaticMesh: Built static mesh [0.02s] /Game/Assets/SM_PostHalf.SM_PostHalf
[2021.12.29-22.20.06:718][  0]LogStaticMesh: Building static mesh SM_BandExtender...
[2021.12.29-22.20.06:722][  0]LogStaticMesh: Built static mesh [0.00s] /Game/Assets/SM_BandExtender.SM_BandExtender
[2021.12.29-22.20.06:722][  0]LogStaticMesh: Building static mesh SM_DropTarget...
[2021.12.29-22.20.06:726][  0]LogStaticMesh: Built static mesh [0.00s] /Game/Assets/SM_DropTarget.SM_DropTarget
[2021.12.29-22.20.06:936][  0]LogAIModule: Creating AISystem for world MainLevel
[2021.12.29-22.20.07:042][  0]LogEditorServer: Finished looking for orphan Actors (0.000 secs)
[2021.12.29-22.20.07:047][  0]Cmd: MAP CHECKDEP NOCLEARLOG
[2021.12.29-22.20.07:080][  0]MapCheck: Info Map check complete: 0 Error(s), 0 Warning(s), took 32.739ms to complete.
[2021.12.29-22.20.07:080][  0]LogFileHelpers: Loading map 'MainLevel' took 1.357
[2021.12.29-22.20.07:332][  0]LogCollectionManager: Loaded 0 collections in 0.001082 seconds
[2021.12.29-22.20.07:419][  0]LogFileCache: Scanning file cache for directory 'C:/Users/jerye/Documents/Github Projects/Udemy_Pinball/Pinball/Saved/Collections/' took 0.01s
[2021.12.29-22.20.07:419][  0]LogFileCache: Scanning file cache for directory 'C:/Users/jerye/Documents/Github Projects/Udemy_Pinball/Pinball/Content/Developers/jerye/Collections/' took 0.01s
[2021.12.29-22.20.07:419][  0]LogFileCache: Scanning file cache for directory 'C:/Users/jerye/Documents/Github Projects/Udemy_Pinball/Pinball/Content/Collections/' took 0.01s
[2021.12.29-22.20.07:419][  0]LogCollectionManager: Rebuilt the GUID cache for 0 collections in 0.000002 seconds
[2021.12.29-22.20.07:428][  0]LogContentBrowser: Native class hierarchy populated in 0.0077 seconds. Added 2190 classes and 428 folders.
[2021.12.29-22.20.07:467][  0]LogStats: UGameplayTagsManager::ConstructGameplayTagTree: Construct from data asset -  0.000 s
[2021.12.29-22.20.07:467][  0]LogStats: UGameplayTagsManager::ConstructGameplayTagTree: GameplayTagTreeChangedEvent.Broadcast -  0.000 s
[2021.12.29-22.20.07:468][  0]LogContentBrowser: Native class hierarchy updated for 'GameplayTags' in 0.0004 seconds. Added 13 classes and 0 folders.
[2021.12.29-22.20.07:521][  0]LogContentBrowser: Native class hierarchy updated for 'WidgetCarousel' in 0.0004 seconds. Added 0 classes and 0 folders.
[2021.12.29-22.20.07:882][  0]LogContentBrowser: Native class hierarchy updated for 'AddContentDialog' in 0.0004 seconds. Added 0 classes and 0 folders.
[2021.12.29-22.20.07:930][  0]LogContentBrowser: Native class hierarchy updated for 'SceneOutliner' in 0.0003 seconds. Added 1 classes and 2 folders.
[2021.12.29-22.20.08:080][  0]LogCrashTracker: Crashtracker disabled due to settings.
[2021.12.29-22.20.08:108][  0]LogUObjectGlobals:Warning: Failed to find object 'Class None.'
[2021.12.29-22.20.08:174][  0]LogContentBrowser: Native class hierarchy updated for 'HierarchicalLODOutliner' in 0.0004 seconds. Added 1 classes and 2 folders.
[2021.12.29-22.20.08:175][  0]LogLoad: (Engine Initialization) Total time: 22.82 seconds
[2021.12.29-22.20.08:175][  0]LogLoad: (Engine Initialization) Total Blueprint compile time: 0.32 seconds
[2021.12.29-22.20.08:175][  0]LogExternalProfiler: No external profilers were discovered.  External profiling features will not be available.
[2021.12.29-22.20.08:195][  0]LogOcInput: OculusInput pre-init called
[2021.12.29-22.20.08:220][  0]LogAssetRegistry: Asset discovery search completed in 9.9385 seconds
[2021.12.29-22.20.08:220][  0]LogCollectionManager: Rebuilt the object cache for 0 collections in 0.000000 seconds (found 0 objects)
[2021.12.29-22.20.08:220][  0]LogCollectionManager: Fixed up redirectors for 0 collections in 0.000010 seconds (updated 0 objects)
[2021.12.29-22.20.08:237][  0]LogContentStreaming: Texture pool size now 1000 MB
[2021.12.29-22.20.08:479][  0]LogRenderer: Reallocating scene render targets to support 1208x564 NumSamples 1 (Frame:2).
[2021.12.29-22.46.03:720][412]LogFactory: FactoryCreateFile: StaticMesh with FbxFactory (0 0 C:\Users\jerye\Downloads\PinballAssets\PinballAssets\SM_SlingbandMT.FBX)
[2021.12.29-22.46.03:749][412]LogFbx: ItemName: GlobalSettings, ItemCount : 1
[2021.12.29-22.46.03:749][412]LogFbx: ItemName: AnimationStack, ItemCount : 1
[2021.12.29-22.46.03:749][412]LogFbx: ItemName: AnimationLayer, ItemCount : 1
[2021.12.29-22.46.03:749][412]LogFbx: ItemName: Model, ItemCount : 1
[2021.12.29-22.46.03:749][412]LogFbx: ItemName: Geometry, ItemCount : 1
[2021.12.29-22.46.03:749][412]LogFbx: ItemName: Material, ItemCount : 3
[2021.12.29-22.46.03:749][412]LogFbx: ItemName: Texture, ItemCount : 1
[2021.12.29-22.46.03:749][412]LogFbx: ItemName: AnimationCurve, ItemCount : 3
[2021.12.29-22.46.03:749][412]LogFbx: ItemName: AnimationCurveNode, ItemCount : 1
[2021.12.29-22.46.03:749][412]LogFbx: ItemName: Video, ItemCount : 1
[2021.12.29-22.46.03:755][412]LogFbx: Loading FBX Scene from C:\Users\jerye\Downloads\PinballAssets\PinballAssets\SM_SlingbandMT.FBX
[2021.12.29-22.46.03:768][412]LogFbx: FBX Scene Loaded Succesfully
[2021.12.29-22.46.14:566][412]LogFbx: Loading FBX Scene from C:\Users\jerye\Downloads\PinballAssets\PinballAssets\SM_SlingbandMT.FBX
[2021.12.29-22.46.14:575][412]LogFbx: FBX Scene Loaded Succesfully
[2021.12.29-22.46.14:592][412]LogStaticMesh: Building static mesh SM_SlingbandMT...
[2021.12.29-22.46.14:633][412]LogStaticMesh: Built static mesh [0.04s] /Game/Assets/SM_SlingbandMT.SM_SlingbandMT
[2021.12.29-22.46.17:778][585]LogFileHelpers: Editor autosave (incl. sublevels) for '/Game/Maps/MainLevel' took 0.021
[2021.12.29-22.46.17:780][585]OBJ SavePackage: Generating thumbnails for [1] asset(s) in package [/Game/Assets/SM_SlingbandMT] ([1] browsable assets)...
[2021.12.29-22.46.17:792][585]OBJ SavePackage:     Rendered thumbnail for [StaticMesh /Game/Assets/SM_SlingbandMT.SM_SlingbandMT]
[2021.12.29-22.46.17:792][585]OBJ SavePackage: Finished generating thumbnails for package [/Game/Assets/SM_SlingbandMT]
[2021.12.29-22.46.17:807][585]LogSavePackage: Save=13.17ms
[2021.12.29-22.46.17:807][585]LogSavePackage: Moving '../../../../../../Users/jerye/Documents/Github Projects/Udemy_Pinball/Pinball/Saved/SM_SlingbandMT_Auto14E6313ED4C01FE679DB10992D9A3974E.tmp' to '../../../../../../Users/jerye/Documents/Github Projects/Udemy_Pinball/Pinball/Saved/Autosaves/Game/Assets/SM_SlingbandMT_Auto1.uasset'
[2021.12.29-22.46.17:808][585]LogSavePackage:Display: Finished SavePackage ../../../../../../Users/jerye/Documents/Github Projects/Udemy_Pinball/Pinball/Saved/Autosaves/Game/Assets/SM_SlingbandMT_Auto1.uasset
[2021.12.29-22.46.17:808][585]LogFileHelpers: Auto-saving content packages took 0.030
[2021.12.29-22.46.22:983][890]LogTexture:Display: Building textures: SunsetAmbientCubemap (RGBA16F)
[2021.12.29-22.46.28:529][890]LogTexture:Display: Building textures: SimplygonLogo (AutoDXT)
[2021.12.29-22.46.28:889][890]LogRenderer: Reallocating scene render targets to support 1432x916 NumSamples 1 (Frame:6273).
[2021.12.29-22.56.18:486][899]LogFileHelpers: Editor autosave (incl. sublevels) for '/Game/Maps/MainLevel' took 0.007
[2021.12.29-22.56.18:488][899]OBJ SavePackage: Generating thumbnails for [1] asset(s) in package [/Game/Assets/M_MorphBand] ([1] browsable assets)...
[2021.12.29-22.56.18:510][899]OBJ SavePackage:     Rendered thumbnail for [Material /Game/Assets/M_MorphBand.M_MorphBand]
[2021.12.29-22.56.18:510][899]OBJ SavePackage: Finished generating thumbnails for package [/Game/Assets/M_MorphBand]
[2021.12.29-22.56.18:521][899]LogSavePackage: Save=10.23ms
[2021.12.29-22.56.18:521][899]LogSavePackage: Moving '../../../../../../Users/jerye/Documents/Github Projects/Udemy_Pinball/Pinball/Saved/M_MorphBand_Auto2577244D64BBADF8684060BA7DB5622B2.tmp' to '../../../../../../Users/jerye/Documents/Github Projects/Udemy_Pinball/Pinball/Saved/Autosaves/Game/Assets/M_MorphBand_Auto2.uasset'
[2021.12.29-22.56.18:523][899]LogSavePackage:Display: Finished SavePackage ../../../../../../Users/jerye/Documents/Github Projects/Udemy_Pinball/Pinball/Saved/Autosaves/Game/Assets/M_MorphBand_Auto2.uasset
[2021.12.29-22.56.18:523][899]LogFileHelpers: Auto-saving content packages took 0.036
[2021.12.29-23.06.40:246][825]Cmd: OBJ SAVEPACKAGE PACKAGE="/Game/Assets/SM_SlingbandMT" FILE="../../../../../../Users/jerye/Documents/Github Projects/Udemy_Pinball/Pinball/Content/Assets/SM_SlingbandMT.uasset" SILENT=true
[2021.12.29-23.06.40:256][825]LogSavePackage: Save=8.76ms
[2021.12.29-23.06.40:256][825]LogSavePackage: Moving '../../../../../../Users/jerye/Documents/Github Projects/Udemy_Pinball/Pinball/Saved/SM_SlingbandMTC99E1F964AB84CCE3A63A08A07E4FAE0.tmp' to '../../../../../../Users/jerye/Documents/Github Projects/Udemy_Pinball/Pinball/Content/Assets/SM_SlingbandMT.uasset'
[2021.12.29-23.06.40:258][825]LogSavePackage:Display: Finished SavePackage ../../../../../../Users/jerye/Documents/Github Projects/Udemy_Pinball/Pinball/Content/Assets/SM_SlingbandMT.uasset
[2021.12.29-23.06.40:275][825]Cmd: OBJ SAVEPACKAGE PACKAGE="/Game/Assets/M_MorphBand" FILE="../../../../../../Users/jerye/Documents/Github Projects/Udemy_Pinball/Pinball/Content/Assets/M_MorphBand.uasset" SILENT=true
[2021.12.29-23.06.40:286][825]LogSavePackage: Save=9.35ms
[2021.12.29-23.06.40:286][825]LogSavePackage: Moving '../../../../../../Users/jerye/Documents/Github Projects/Udemy_Pinball/Pinball/Saved/M_MorphBand33569A2D4D6D0522236FCCA6B84CDDED.tmp' to '../../../../../../Users/jerye/Documents/Github Projects/Udemy_Pinball/Pinball/Content/Assets/M_MorphBand.uasset'
[2021.12.29-23.06.40:287][825]LogSavePackage:Display: Finished SavePackage ../../../../../../Users/jerye/Documents/Github Projects/Udemy_Pinball/Pinball/Content/Assets/M_MorphBand.uasset
[2021.12.29-23.06.43:903][ 21]Cmd: QUIT_EDITOR
[2021.12.29-23.06.43:935][ 21]LogWindowsTextInputMethodSystem:Display: IME system now deactivated.
[2021.12.29-23.06.43:955][ 21]LogExit: Preparing to exit.
[2021.12.29-23.06.45:007][ 21]LogDirectoryWatcher: A directory notification for 'C:/Users/jerye/Documents/Github Projects/Udemy_Pinball/Pinball/Content/' was aborted.
[2021.12.29-23.06.45:080][ 21]LogExit: Editor shut down
[2021.12.29-23.06.45:080][ 21]LogExit: Transaction tracking system shut down
[2021.12.29-23.06.45:241][ 21]LogObj: Freed 0b from 0 cluster array pools.
[2021.12.29-23.06.45:242][ 21]LogExit: Object subsystem successfully closed.
[2021.12.29-23.06.45:268][ 21]LogD3D11RHI: Shutdown
[2021.12.29-23.06.45:268][ 21]LogD3D11RHI: CleanupD3DDevice
[2021.12.29-23.06.45:351][ 21]LogD3D11RHI: ~FD3D11DynamicRHI
[2021.12.29-23.06.45:381][ 21]LogHttp:Display: Http module shutting down, but needs to wait on 1 outstanding Http requests:
[2021.12.29-23.06.45:381][ 21]LogHttp:Display: 	verb=[POST] url=[https://datarouter.ol.epicgames.com/datarouter/api/v1/public/data?SessionID=%7B984B07C9-41A3-7757-17E2-2EACDF831A34%7D&AppID=UEEditor.Rocket.Release&AppVersion=4.14.3-3249277%2B%2B%2BUE4%2BRelease-4.14&UserID=7db31ef3424040b5127926acd693b607%7Cf5476c74213e466690d5d7ff3df1aed1%7Cea129a08-4feb-40de-8b03-1ae58b7a3fb5&AppEnvironment=datacollector-binary&UploadType=eteventstream] status=Processing
[2021.12.29-23.06.45:410][ 21]LogModuleManager: Shutting down and abandoning module StaticMeshEditor (242)
[2021.12.29-23.06.45:410][ 21]LogModuleManager: Shutting down and abandoning module HierarchicalLODOutliner (241)
[2021.12.29-23.06.45:410][ 21]LogModuleManager: Shutting down and abandoning module CrashTracker (240)
[2021.12.29-23.06.45:410][ 21]LogModuleManager: Shutting down and abandoning module SceneOutliner (239)
[2021.12.29-23.06.45:411][ 21]LogModuleManager: Shutting down and abandoning module WidgetCarousel (238)
[2021.12.29-23.06.45:411][ 21]LogModuleManager: Shutting down and abandoning module AddContentDialog (237)
[2021.12.29-23.06.45:411][ 21]LogDirectoryWatcher: A directory notification for 'C:/Program Files/Epic Games/UE_4.14/FeaturePacks/' was aborted.
[2021.12.29-23.06.45:414][ 21]LogModuleManager: Shutting down and abandoning module GameplayTags (236)
[2021.12.29-23.06.45:414][ 21]LogModuleManager: Shutting down and abandoning module EditorWidgets (235)
[2021.12.29-23.06.45:414][ 21]LogModuleManager: Shutting down and abandoning module CollectionManager (234)
[2021.12.29-23.06.45:415][ 21]LogDirectoryWatcher: A directory notification for 'C:/Users/jerye/Documents/Github Projects/Udemy_Pinball/Pinball/Content/Collections/' was aborted.
[2021.12.29-23.06.45:415][ 21]LogDirectoryWatcher: A directory notification for 'C:/Users/jerye/Documents/Github Projects/Udemy_Pinball/Pinball/Content/Developers/jerye/Collections/' was aborted.
[2021.12.29-23.06.45:415][ 21]LogDirectoryWatcher: A directory notification for 'C:/Users/jerye/Documents/Github Projects/Udemy_Pinball/Pinball/Saved/Collections/' was aborted.
[2021.12.29-23.06.45:415][ 21]LogModuleManager: Shutting down and abandoning module StatsViewer (233)
[2021.12.29-23.06.45:416][ 21]LogModuleManager: Shutting down and abandoning module FoliageEdit (232)
[2021.12.29-23.06.45:416][ 21]LogModuleManager: Shutting down and abandoning module LandscapeEditor (231)
[2021.12.29-23.06.45:416][ 21]LogModuleManager: Shutting down and abandoning module SceneDepthPickerMode (230)
[2021.12.29-23.06.45:416][ 21]LogModuleManager: Shutting down and abandoning module ActorPickerMode (229)
[2021.12.29-23.06.45:416][ 21]LogModuleManager: Shutting down and abandoning module GeometryMode (228)
[2021.12.29-23.06.45:416][ 21]LogModuleManager: Shutting down and abandoning module TextureAlignMode (227)
[2021.12.29-23.06.45:416][ 21]LogModuleManager: Shutting down and abandoning module BspMode (226)
[2021.12.29-23.06.45:416][ 21]LogModuleManager: Shutting down and abandoning module HardwareSurvey (225)
[2021.12.29-23.06.45:417][ 21]LogModuleManager: Shutting down and abandoning module SequenceRecorderSections (224)
[2021.12.29-23.06.45:417][ 21]LogModuleManager: Shutting down and abandoning module AutomationWorker (223)
[2021.12.29-23.06.45:417][ 21]LogModuleManager: Shutting down and abandoning module MatineeToLevelSequence (222)
[2021.12.29-23.06.45:417][ 21]LogModuleManager: Shutting down and abandoning module PlacementMode (221)
[2021.12.29-23.06.45:418][ 21]LogModuleManager: Shutting down and abandoning module LevelSequenceEditor (220)
[2021.12.29-23.06.45:419][ 21]LogModuleManager: Shutting down and abandoning module WmfMediaFactory (219)
[2021.12.29-23.06.45:419][ 21]LogModuleManager: Shutting down and abandoning module WmfMediaEditor (218)
[2021.12.29-23.06.45:419][ 21]LogModuleManager: Shutting down and abandoning module AvfMediaFactory (217)
[2021.12.29-23.06.45:419][ 21]LogModuleManager: Shutting down and abandoning module AvfMediaEditor (216)
[2021.12.29-23.06.45:419][ 21]LogModuleManager: Shutting down and abandoning module Media (215)
[2021.12.29-23.06.45:419][ 21]LogModuleManager: Shutting down and abandoning module AndroidMediaFactory (214)
[2021.12.29-23.06.45:419][ 21]LogModuleManager: Shutting down and abandoning module AndroidMediaEditor (213)
[2021.12.29-23.06.45:419][ 21]LogModuleManager: Shutting down and abandoning module CharacterAI (212)
[2021.12.29-23.06.45:419][ 21]LogModuleManager: Shutting down and abandoning module SequenceRecorder (211)
[2021.12.29-23.06.45:420][ 21]LogModuleManager: Shutting down and abandoning module AudioCapture (210)
[2021.12.29-23.06.45:420][ 21]LogModuleManager: Shutting down and abandoning module SmartSnapping (209)
[2021.12.29-23.06.45:420][ 21]LogModuleManager: Shutting down and abandoning module SessionServices (208)
[2021.12.29-23.06.45:420][ 21]LogModuleManager: Shutting down and abandoning module ViewportSnapping (207)
[2021.12.29-23.06.45:420][ 21]LogModuleManager: Shutting down and abandoning module ViewportInteraction (206)
[2021.12.29-23.06.45:420][ 21]LogModuleManager: Shutting down and abandoning module LogVisualizer (205)
[2021.12.29-23.06.45:421][ 21]LogModuleManager: Shutting down and abandoning module GameProjectGeneration (204)
[2021.12.29-23.06.45:421][ 21]LogModuleManager: Shutting down and abandoning module IntroTutorials (203)
[2021.12.29-23.06.45:422][ 21]LogModuleManager: Shutting down and abandoning module EditorLiveStreaming (202)
[2021.12.29-23.06.45:422][ 21]LogModuleManager: Shutting down and abandoning module IOSPlatformEditor (201)
[2021.12.29-23.06.45:422][ 21]LogModuleManager: Shutting down and abandoning module HTML5PlatformEditor (200)
[2021.12.29-23.06.45:422][ 21]LogModuleManager: Shutting down and abandoning module AndroidDeviceDetection (199)
[2021.12.29-23.06.45:865][ 21]LogModuleManager: Shutting down and abandoning module AndroidPlatformEditor (198)
[2021.12.29-23.06.45:865][ 21]LogModuleManager: Shutting down and abandoning module IOSRuntimeSettings (197)
[2021.12.29-23.06.45:865][ 21]LogModuleManager: Shutting down and abandoning module AndroidRuntimeSettings (196)
[2021.12.29-23.06.45:865][ 21]LogModuleManager: Shutting down and abandoning module InputBindingEditor (195)
[2021.12.29-23.06.45:866][ 21]LogModuleManager: Shutting down and abandoning module NiagaraEditor (194)
[2021.12.29-23.06.45:867][ 21]LogModuleManager: Shutting down and abandoning module MergeActors (193)
[2021.12.29-23.06.45:867][ 21]LogModuleManager: Shutting down and abandoning module SizeMap (192)
[2021.12.29-23.06.45:868][ 21]LogModuleManager: Shutting down and abandoning module TreeMap (191)
[2021.12.29-23.06.45:868][ 21]LogModuleManager: Shutting down and abandoning module ReferenceViewer (190)
[2021.12.29-23.06.45:868][ 21]LogModuleManager: Shutting down and abandoning module LocalizationService (189)
[2021.12.29-23.06.45:868][ 21]LogModuleManager: Shutting down and abandoning module LocalizationDashboard (188)
[2021.12.29-23.06.45:869][ 21]LogModuleManager: Shutting down and abandoning module HardwareTargeting (187)
[2021.12.29-23.06.45:869][ 21]LogModuleManager: Shutting down and abandoning module DeviceProfileEditor (186)
[2021.12.29-23.06.45:869][ 21]LogModuleManager: Shutting down and abandoning module UndoHistory (185)
[2021.12.29-23.06.45:869][ 21]LogModuleManager: Shutting down and abandoning module UserFeedback (184)
[2021.12.29-23.06.45:869][ 21]LogModuleManager: Shutting down and abandoning module XmlParser (183)
[2021.12.29-23.06.45:870][ 21]LogModuleManager: Shutting down and abandoning module Blutility (182)
[2021.12.29-23.06.45:870][ 21]LogModuleManager: Shutting down and abandoning module ProjectTargetPlatformEditor (181)
[2021.12.29-23.06.45:870][ 21]LogModuleManager: Shutting down and abandoning module ProjectSettingsViewer (180)
[2021.12.29-23.06.45:870][ 21]LogModuleManager: Shutting down and abandoning module EditorSettingsViewer (179)
[2021.12.29-23.06.45:870][ 21]LogModuleManager: Shutting down and abandoning module SettingsEditor (178)
[2021.12.29-23.06.45:871][ 21]LogModuleManager: Shutting down and abandoning module ProjectLauncher (177)
[2021.12.29-23.06.45:872][ 21]LogModuleManager: Shutting down and abandoning module SessionFrontend (176)
[2021.12.29-23.06.45:872][ 21]LogModuleManager: Shutting down and abandoning module ProfilerClient (175)
[2021.12.29-23.06.45:872][ 21]LogModuleManager: Shutting down and abandoning module TargetDeviceServices (174)
[2021.12.29-23.06.45:872][ 21]LogModuleManager: Shutting down and abandoning module DeviceManager (173)
[2021.12.29-23.06.45:906][ 21]LogModuleManager: Shutting down and abandoning module AutomationController (172)
[2021.12.29-23.06.45:907][ 21]LogModuleManager: Shutting down and abandoning module AutomationWindow (171)
[2021.12.29-23.06.45:908][ 21]LogModuleManager: Shutting down and abandoning module Layers (170)
[2021.12.29-23.06.45:909][ 21]LogModuleManager: Shutting down and abandoning module ComponentVisualizers (169)
[2021.12.29-23.06.45:909][ 21]LogModuleManager: Shutting down and abandoning module DetailCustomizations (168)
[2021.12.29-23.06.45:909][ 21]LogModuleManager: Shutting down and abandoning module PackagesDialog (167)
[2021.12.29-23.06.45:909][ 21]LogModuleManager: Shutting down and abandoning module AnimGraph (166)
[2021.12.29-23.06.45:909][ 21]LogModuleManager: Shutting down and abandoning module Persona (165)
[2021.12.29-23.06.45:909][ 21]LogModuleManager: Shutting down and abandoning module Kismet (164)
[2021.12.29-23.06.45:911][ 21]LogModuleManager: Shutting down and abandoning module GraphEditor (163)
[2021.12.29-23.06.45:912][ 21]LogModuleManager: Shutting down and abandoning module ClassViewer (162)
[2021.12.29-23.06.45:912][ 21]LogModuleManager: Shutting down and abandoning module Toolbox (161)
[2021.12.29-23.06.45:912][ 21]LogModuleManager: Shutting down and abandoning module ModuleUI (160)
[2021.12.29-23.06.45:913][ 21]LogModuleManager: Shutting down and abandoning module MovieSceneTools (159)
[2021.12.29-23.06.45:913][ 21]LogModuleManager: Shutting down and abandoning module OutputLog (158)
[2021.12.29-23.06.45:914][ 21]LogModuleManager: Shutting down and abandoning module GammaUI (157)
[2021.12.29-23.06.45:914][ 21]LogModuleManager: Shutting down and abandoning module Documentation (156)
[2021.12.29-23.06.45:914][ 21]LogModuleManager: Shutting down and abandoning module Niagara (155)
[2021.12.29-23.06.45:914][ 21]LogModuleManager: Shutting down and abandoning module StreamingPauseRendering (154)
[2021.12.29-23.06.45:914][ 21]LogModuleManager: Shutting down and abandoning module AnalyticsET (153)
[2021.12.29-23.06.45:914][ 21]LogModuleManager: Shutting down and abandoning module PortalServices (152)
[2021.12.29-23.06.45:914][ 21]LogModuleManager: Shutting down and abandoning module PortalRpc (151)
[2021.12.29-23.06.45:914][ 21]LogModuleManager: Shutting down and abandoning module MessagingRpc (150)
[2021.12.29-23.06.45:914][ 21]LogModuleManager: Shutting down and abandoning module GameplayDebugger (149)
[2021.12.29-23.06.45:914][ 21]LogModuleManager: Shutting down and abandoning module AITestSuite (148)
[2021.12.29-23.06.45:915][ 21]LogModuleManager: Shutting down and abandoning module AIModule (147)
[2021.12.29-23.06.45:915][ 21]LogModuleManager: Shutting down and abandoning module ProfilerService (146)
[2021.12.29-23.06.45:931][ 21]LogModuleManager: Shutting down and abandoning module TaskGraph (145)
[2021.12.29-23.06.45:932][ 21]LogModuleManager: Shutting down and abandoning module SlateRemote (144)
[2021.12.29-23.06.45:932][ 21]LogModuleManager: Shutting down and abandoning module SteamVRController (143)
[2021.12.29-23.06.45:932][ 21]LogModuleManager: Shutting down and abandoning module SteamVR (142)
[2021.12.29-23.06.45:932][ 21]LogModuleManager: Shutting down and abandoning module ProceduralMeshComponentEditor (141)
[2021.12.29-23.06.45:932][ 21]LogModuleManager: Shutting down and abandoning module ProceduralMeshComponent (140)
[2021.12.29-23.06.45:933][ 21]LogModuleManager: Shutting down and abandoning module OculusLibrary (139)
[2021.12.29-23.06.45:933][ 21]LogModuleManager: Shutting down and abandoning module OculusInput (138)
[2021.12.29-23.06.45:933][ 21]LogModuleManager: Shutting down and abandoning module MobilePatchingUtils (137)
[2021.12.29-23.06.45:933][ 21]LogModuleManager: Shutting down and abandoning module CustomMeshComponent (136)
[2021.12.29-23.06.45:933][ 21]LogModuleManager: Shutting down and abandoning module CableComponent (135)
[2021.12.29-23.06.45:933][ 21]LogModuleManager: Shutting down and abandoning module ArchVisCharacter (134)
[2021.12.29-23.06.45:933][ 21]LogModuleManager: Shutting down and abandoning module MediaPlayerEditor (132)
[2021.12.29-23.06.45:934][ 21]LogModuleManager: Shutting down and abandoning module HTML5Networking (131)
[2021.12.29-23.06.45:934][ 21]LogModuleManager: Shutting down and abandoning module GeometryCacheEd (130)
[2021.12.29-23.06.45:934][ 21]LogModuleManager: Shutting down and abandoning module GeometryCache (129)
[2021.12.29-23.06.45:934][ 21]LogModuleManager: Shutting down and abandoning module AlembicLibrary (128)
[2021.12.29-23.06.45:935][ 21]LogModuleManager: Shutting down and abandoning module AlembicImporter (127)
[2021.12.29-23.06.45:935][ 21]LogModuleManager: Shutting down and abandoning module SuperSearch (126)
[2021.12.29-23.06.45:935][ 21]LogModuleManager: Shutting down and abandoning module SuperSearchEditor (125)
[2021.12.29-23.06.45:935][ 21]LogModuleManager: Shutting down and abandoning module SpeedTreeImporter (124)
[2021.12.29-23.06.45:935][ 21]LogModuleManager: Shutting down and abandoning module PluginBrowser (123)
[2021.12.29-23.06.45:935][ 21]LogModuleManager: Shutting down and abandoning module MobileLauncherProfileWizard (122)
[2021.12.29-23.06.45:936][ 21]LogModuleManager: Shutting down and abandoning module EpicSurvey (121)
[2021.12.29-23.06.45:936][ 21]LogModuleManager: Shutting down and abandoning module DesktopPlatform (120)
[2021.12.29-23.06.45:936][ 21]LogModuleManager: Shutting down and abandoning module VisualStudioSourceCodeAccess (119)
[2021.12.29-23.06.45:936][ 21]LogModuleManager: Shutting down and abandoning module UObjectPlugin (118)
[2021.12.29-23.06.45:936][ 21]LogModuleManager: Shutting down and abandoning module SubversionSourceControl (117)
[2021.12.29-23.06.45:937][ 21]LogModuleManager: Shutting down and abandoning module PerforceSourceControl (116)
[2021.12.29-23.06.45:937][ 21]LogModuleManager: Shutting down and abandoning module SourceControl (115)
[2021.12.29-23.06.45:938][ 21]LogModuleManager: Shutting down and abandoning module GitSourceControl (114)
[2021.12.29-23.06.45:938][ 21]LogModuleManager: Shutting down and abandoning module LightPropagationVolumeEditor (113)
[2021.12.29-23.06.45:938][ 21]LogModuleManager: Shutting down and abandoning module PaperTiledImporter (112)
[2021.12.29-23.06.45:938][ 21]LogModuleManager: Shutting down and abandoning module PaperSpriteSheetImporter (111)
[2021.12.29-23.06.45:938][ 21]LogModuleManager: Shutting down and abandoning module MeshPaint (110)
[2021.12.29-23.06.45:938][ 21]LogModuleManager: Shutting down and abandoning module PixelInspectorModule (109)
[2021.12.29-23.06.45:938][ 21]LogModuleManager: Shutting down and abandoning module HotReload (108)
[2021.12.29-23.06.45:938][ 21]LogModuleManager: Shutting down and abandoning module MainFrame (107)
[2021.12.29-23.06.45:938][ 21]LogModuleManager: Shutting down and abandoning module LevelEditor (106)
[2021.12.29-23.06.45:939][ 21]LogModuleManager: Shutting down and abandoning module ContentBrowser (105)
[2021.12.29-23.06.45:940][ 21]LogModuleManager: Shutting down and abandoning module Paper2DEditor (104)
[2021.12.29-23.06.45:941][ 21]LogModuleManager: Shutting down and abandoning module UdpMessaging (103)
[2021.12.29-23.06.46:042][ 21]LogModuleManager: Shutting down and abandoning module TcpMessaging (102)
[2021.12.29-23.06.46:143][ 21]LogModuleManager: Shutting down and abandoning module LightPropagationVolumeRuntime (101)
[2021.12.29-23.06.46:143][ 21]LogModuleManager: Shutting down and abandoning module Paper2D (100)
[2021.12.29-23.06.46:144][ 21]LogModuleManager: Shutting down and abandoning module WindowsMoviePlayer (99)
[2021.12.29-23.06.46:145][ 21]LogModuleManager: Shutting down and abandoning module WmfMedia (98)
[2021.12.29-23.06.46:146][ 21]LogModuleManager: Shutting down and abandoning module MediaAssets (97)
[2021.12.29-23.06.46:147][ 21]LogModuleManager: Shutting down and abandoning module GameLiveStreaming (96)
[2021.12.29-23.06.46:147][ 21]LogModuleManager: Shutting down and abandoning module GameplayTagsEditor (95)
[2021.12.29-23.06.46:147][ 21]LogModuleManager: Shutting down and abandoning module VREditor (94)
[2021.12.29-23.06.46:147][ 21]LogModuleManager: Shutting down and abandoning module GameplayTasksEditor (93)
[2021.12.29-23.06.46:147][ 21]LogModuleManager: Shutting down and abandoning module BehaviorTreeEditor (92)
[2021.12.29-23.06.46:148][ 21]LogModuleManager: Shutting down and abandoning module FunctionalTesting (91)
[2021.12.29-23.06.46:148][ 21]LogModuleManager: Shutting down and abandoning module CollisionAnalyzer (90)
[2021.12.29-23.06.46:149][ 21]LogModuleManager: Shutting down and abandoning module Sequencer (89)
[2021.12.29-23.06.46:150][ 21]LogModuleManager: Shutting down and abandoning module WorkspaceMenuStructure (88)
[2021.12.29-23.06.46:150][ 21]LogModuleManager: Shutting down and abandoning module MessageLog (87)
[2021.12.29-23.06.46:150][ 21]LogModuleManager: Shutting down and abandoning module AssetTools (86)
[2021.12.29-23.06.46:151][ 21]LogModuleManager: Shutting down and abandoning module UMGEditor (85)
[2021.12.29-23.06.46:152][ 21]LogModuleManager: Shutting down and abandoning module UMG (84)
[2021.12.29-23.06.46:152][ 21]LogModuleManager: Shutting down and abandoning module SlateReflector (83)
[2021.12.29-23.06.46:154][ 21]LogModuleManager: Shutting down and abandoning module Slate (82)
[2021.12.29-23.06.46:154][ 21]LogModuleManager: Shutting down and abandoning module EditorStyle (81)
[2021.12.29-23.06.46:156][ 21]LogModuleManager: Shutting down and abandoning module SourceCodeAccess (80)
[2021.12.29-23.06.46:156][ 21]LogModuleManager: Shutting down and abandoning module HeadMountedDisplay (79)
[2021.12.29-23.06.46:156][ 21]LogModuleManager: Shutting down and abandoning module XAudio2 (78)
[2021.12.29-23.06.46:156][ 21]LogModuleManager: Shutting down and abandoning module Networking (76)
[2021.12.29-23.06.46:156][ 21]LogModuleManager: Shutting down and abandoning module Core (75)
[2021.12.29-23.06.46:156][ 21]LogModuleManager: Shutting down and abandoning module DirectoryWatcher (74)
[2021.12.29-23.06.46:156][ 21]LogDirectoryWatcher: A directory notification for '../../../Engine/Content/' was aborted.
[2021.12.29-23.06.46:156][ 21]LogDirectoryWatcher: A directory notification for '../../../../../../Users/jerye/Documents/Github Projects/Udemy_Pinball/Pinball/Content/' was aborted.
[2021.12.29-23.06.46:156][ 21]LogDirectoryWatcher: A directory notification for '../../../Engine/Plugins/2D/Paper2D/Content/' was aborted.
[2021.12.29-23.06.46:158][ 21]LogModuleManager: Shutting down and abandoning module AssetRegistry (73)
[2021.12.29-23.06.46:268][ 21]LogModuleManager: Shutting down and abandoning module KismetCompiler (72)
[2021.12.29-23.06.46:268][ 21]LogModuleManager: Shutting down and abandoning module PhysXFormats (71)
[2021.12.29-23.06.46:268][ 21]LogModuleManager: Shutting down and abandoning module SimplygonSwarm (70)
[2021.12.29-23.06.46:269][ 21]LogModuleManager: Shutting down and abandoning module SimplygonMeshReduction (69)
[2021.12.29-23.06.46:269][ 21]LogModuleManager: Shutting down and abandoning module QuadricMeshReduction (68)
[2021.12.29-23.06.46:269][ 21]LogModuleManager: Shutting down and abandoning module PropertyEditor (67)
[2021.12.29-23.06.46:269][ 21]LogModuleManager: Shutting down and abandoning module MeshUtilities (66)
[2021.12.29-23.06.46:270][ 21]LogModuleManager: Shutting down and abandoning module DerivedDataCache (65)
[2021.12.29-23.06.46:272][ 21]LogDerivedDataCache: Shutdown
[2021.12.29-23.06.46:272][ 21]LogModuleManager: Shutting down and abandoning module VulkanShaderFormat (64)
[2021.12.29-23.06.46:273][ 21]LogModuleManager: Shutting down and abandoning module ShaderFormatOpenGL (63)
[2021.12.29-23.06.46:273][ 21]LogModuleManager: Shutting down and abandoning module ShaderFormatD3D (62)
[2021.12.29-23.06.46:273][ 21]LogModuleManager: Shutting down and abandoning module MetalShaderFormat (61)
[2021.12.29-23.06.46:274][ 21]LogModuleManager: Shutting down and abandoning module TextureFormatUncompressed (60)
[2021.12.29-23.06.46:274][ 21]LogModuleManager: Shutting down and abandoning module TextureFormatPVR (59)
[2021.12.29-23.06.46:274][ 21]LogModuleManager: Shutting down and abandoning module TextureFormatDXT (58)
[2021.12.29-23.06.46:274][ 21]LogModuleManager: Shutting down and abandoning module TextureFormatIntelISPCTexComp (57)
[2021.12.29-23.06.46:275][ 21]LogModuleManager: Shutting down and abandoning module ImageWrapper (56)
[2021.12.29-23.06.46:275][ 21]LogModuleManager: Shutting down and abandoning module TextureFormatASTC (55)
[2021.12.29-23.06.46:275][ 21]LogModuleManager: Shutting down and abandoning module TextureFormatAndroid (54)
[2021.12.29-23.06.46:275][ 21]LogModuleManager: Shutting down and abandoning module AudioFormatOpus (53)
[2021.12.29-23.06.46:275][ 21]LogModuleManager: Shutting down and abandoning module AudioFormatOgg (52)
[2021.12.29-23.06.46:275][ 21]LogModuleManager: Shutting down and abandoning module AudioFormatADPCM (51)
[2021.12.29-23.06.46:275][ 21]LogModuleManager: Shutting down and abandoning module LinuxTargetPlatform (50)
[2021.12.29-23.06.46:275][ 21]LogModuleManager: Shutting down and abandoning module LinuxServerTargetPlatform (49)
[2021.12.29-23.06.46:276][ 21]LogModuleManager: Shutting down and abandoning module LinuxNoEditorTargetPlatform (48)
[2021.12.29-23.06.46:276][ 21]LogModuleManager: Shutting down and abandoning module LinuxClientTargetPlatform (47)
[2021.12.29-23.06.46:276][ 21]LogModuleManager: Shutting down and abandoning module TVOSTargetPlatform (46)
[2021.12.29-23.06.46:276][ 21]LogModuleManager: Shutting down and abandoning module Messaging (45)
[2021.12.29-23.06.46:276][ 21]LogModuleManager: Shutting down and abandoning module IOSTargetPlatform (44)
[2021.12.29-23.06.46:276][ 21]LogModuleManager: Shutting down and abandoning module HTML5TargetPlatform (43)
[2021.12.29-23.06.46:276][ 21]LogModuleManager: Shutting down and abandoning module Android_PVRTCTargetPlatform (42)
[2021.12.29-23.06.46:276][ 21]LogModuleManager: Shutting down and abandoning module Android_MultiTargetPlatform (41)
[2021.12.29-23.06.46:276][ 21]LogModuleManager: Shutting down and abandoning module Android_ETC2TargetPlatform (40)
[2021.12.29-23.06.46:276][ 21]LogModuleManager: Shutting down and abandoning module Android_ETC1TargetPlatform (39)
[2021.12.29-23.06.46:276][ 21]LogModuleManager: Shutting down and abandoning module Android_DXTTargetPlatform (38)
[2021.12.29-23.06.46:276][ 21]LogModuleManager: Shutting down and abandoning module Android_ATCTargetPlatform (37)
[2021.12.29-23.06.46:276][ 21]LogModuleManager: Shutting down and abandoning module Android_ASTCTargetPlatform (36)
[2021.12.29-23.06.46:276][ 21]LogModuleManager: Shutting down and abandoning module AndroidTargetPlatform (35)
[2021.12.29-23.06.46:276][ 21]LogModuleManager: Shutting down and abandoning module WindowsTargetPlatform (34)
[2021.12.29-23.06.46:276][ 21]LogModuleManager: Shutting down and abandoning module WindowsServerTargetPlatform (33)
[2021.12.29-23.06.46:276][ 21]LogModuleManager: Shutting down and abandoning module WindowsNoEditorTargetPlatform (32)
[2021.12.29-23.06.46:277][ 21]LogModuleManager: Shutting down and abandoning module WindowsClientTargetPlatform (31)
[2021.12.29-23.06.46:277][ 21]LogModuleManager: Shutting down and abandoning module MacTargetPlatform (30)
[2021.12.29-23.06.46:277][ 21]LogModuleManager: Shutting down and abandoning module MacServerTargetPlatform (29)
[2021.12.29-23.06.46:277][ 21]LogModuleManager: Shutting down and abandoning module MacNoEditorTargetPlatform (28)
[2021.12.29-23.06.46:277][ 21]LogModuleManager: Shutting down and abandoning module MacClientTargetPlatform (27)
[2021.12.29-23.06.46:277][ 21]LogModuleManager: Shutting down and abandoning module AllDesktopTargetPlatform (26)
[2021.12.29-23.06.46:277][ 21]LogModuleManager: Shutting down and abandoning module TargetPlatform (25)
[2021.12.29-23.06.46:277][ 21]LogModuleManager: Shutting down and abandoning module InputCore (24)
[2021.12.29-23.06.46:277][ 21]LogModuleManager: Shutting down and abandoning module Settings (23)
[2021.12.29-23.06.46:277][ 21]LogModuleManager: Shutting down and abandoning module OculusRift (22)
[2021.12.29-23.06.46:278][ 21]LogModuleManager: Shutting down and abandoning module ExampleDeviceProfileSelector (21)
[2021.12.29-23.06.46:278][ 21]LogModuleManager: Shutting down and abandoning module OnlineBlueprintSupport (20)
[2021.12.29-23.06.46:278][ 21]LogModuleManager: Shutting down and abandoning module OnlineSubsystem (18)
[2021.12.29-23.06.46:278][ 21]LogOnline:Display: Unloading online subsystem: NULL
[2021.12.29-23.06.46:278][ 21]LogModuleManager: Shutting down and abandoning module SSL (17)
[2021.12.29-23.06.46:280][ 21]LogModuleManager: Shutting down and abandoning module HTTP (16)
[2021.12.29-23.06.46:280][ 21]LogModuleManager: Shutting down and abandoning module XMPP (15)
[2021.12.29-23.06.46:282][ 21]LogModuleManager: Shutting down and abandoning module TextureCompressor (14)
[2021.12.29-23.06.46:282][ 21]LogModuleManager: Shutting down and abandoning module ShaderCore (13)
[2021.12.29-23.06.46:282][ 21]LogModuleManager: Shutting down and abandoning module Landscape (12)
[2021.12.29-23.06.46:282][ 21]LogModuleManager: Shutting down and abandoning module SlateRHIRenderer (11)
[2021.12.29-23.06.46:285][ 21]LogModuleManager: Shutting down and abandoning module OpenGLDrv (10)
[2021.12.29-23.06.46:286][ 21]LogModuleManager: Shutting down and abandoning module D3D11RHI (9)
[2021.12.29-23.06.46:286][ 21]LogModuleManager: Shutting down and abandoning module AnimGraphRuntime (8)
[2021.12.29-23.06.46:286][ 21]LogModuleManager: Shutting down and abandoning module Renderer (7)
[2021.12.29-23.06.46:286][ 21]LogModuleManager: Shutting down and abandoning module Engine (6)
[2021.12.29-23.06.46:286][ 21]LogModuleManager: Shutting down and abandoning module CoreUObject (5)
[2021.12.29-23.06.46:286][ 21]LogModuleManager: Shutting down and abandoning module NetworkFile (4)
[2021.12.29-23.06.46:286][ 21]LogModuleManager: Shutting down and abandoning module StreamingFile (3)
[2021.12.29-23.06.46:286][ 21]LogModuleManager: Shutting down and abandoning module SandboxFile (2)
[2021.12.29-23.06.46:287][ 21]LogModuleManager: Shutting down and abandoning module PakFile (1)
[2021.12.29-23.06.46:289][ 21]LogExit: Exiting.
[2021.12.29-23.06.46:300][ 21]Log file closed, 12/29/21 16:06:46
