Log file open, 10/25/21 23:57:58
LogInit:Display: Running engine for game: Pinball
LogPlatformFile: Not using cached read wrapper
LogInit:Display: RandInit(863480469) SRandInit(863480469).
LogTaskGraph: Started task graph with 5 named threads and 10 total threads with 1 sets of task threads.
LogStats: Stats thread started at 0.343371
LogPluginManager: Loaded Plugin Paper2D, From C:/Program Files/Epic Games/UE_4.14/Engine/Plugins/2D/Paper2D/Paper2D.uplugin
LogPluginManager: Loaded Plugin LightPropagationVolume, From C:/Program Files/Epic Games/UE_4.14/Engine/Plugins/Blendables/LightPropagationVolume/LightPropagationVolume.uplugin
LogPluginManager: Loaded Plugin BlankPlugin, From C:/Program Files/Epic Games/UE_4.14/Engine/Plugins/Developer/BlankPlugin/BlankPlugin.uplugin
LogPluginManager: Loaded Plugin CodeLiteSourceCodeAccess, From C:/Program Files/Epic Games/UE_4.14/Engine/Plugins/Developer/CodeLiteSourceCodeAccess/CodeLiteSourceCodeAccess.uplugin
LogPluginManager: Loaded Plugin GitSourceControl, From C:/Program Files/Epic Games/UE_4.14/Engine/Plugins/Developer/GitSourceControl/GitSourceControl.uplugin
LogPluginManager: Loaded Plugin KDevelopSourceCodeAccess, From C:/Program Files/Epic Games/UE_4.14/Engine/Plugins/Developer/KDevelopSourceCodeAccess/KDevelopSourceCodeAccess.uplugin
LogPluginManager: Loaded Plugin NullSourceCodeAccess, From C:/Program Files/Epic Games/UE_4.14/Engine/Plugins/Developer/NullSourceCodeAccess/NullSourceCodeAccess.uplugin
LogPluginManager: Loaded Plugin OneSkyLocalizationService, From C:/Program Files/Epic Games/UE_4.14/Engine/Plugins/Developer/OneSkyLocalizationService/OneSkyLocalizationService.uplugin
LogPluginManager: Loaded Plugin PerforceSourceControl, From C:/Program Files/Epic Games/UE_4.14/Engine/Plugins/Developer/PerforceSourceControl/PerforceSourceControl.uplugin
LogPluginManager: Loaded Plugin SubversionSourceControl, From C:/Program Files/Epic Games/UE_4.14/Engine/Plugins/Developer/SubversionSourceControl/SubversionSourceControl.uplugin
LogPluginManager: Loaded Plugin UObjectPlugin, From C:/Program Files/Epic Games/UE_4.14/Engine/Plugins/Developer/UObjectPlugin/UObjectPlugin.uplugin
LogPluginManager: Loaded Plugin VisualStudioSourceCodeAccess, From C:/Program Files/Epic Games/UE_4.14/Engine/Plugins/Developer/VisualStudioSourceCodeAccess/VisualStudioSourceCodeAccess.uplugin
LogPluginManager: Loaded Plugin XCodeSourceCodeAccess, From C:/Program Files/Epic Games/UE_4.14/Engine/Plugins/Developer/XCodeSourceCodeAccess/XCodeSourceCodeAccess.uplugin
LogPluginManager: Loaded Plugin AudioCapture, From C:/Program Files/Epic Games/UE_4.14/Engine/Plugins/Editor/AudioCapture/AudioCapture.uplugin
LogPluginManager: Loaded Plugin EpicSurvey, From C:/Program Files/Epic Games/UE_4.14/Engine/Plugins/Editor/EpicSurvey/EpicSurvey.uplugin
LogPluginManager: Loaded Plugin MacGraphicsSwitching, From C:/Program Files/Epic Games/UE_4.14/Engine/Plugins/Editor/MacGraphicsSwitching/MacGraphicsSwitching.uplugin
LogPluginManager: Loaded Plugin MobileLauncherProfileWizard, From C:/Program Files/Epic Games/UE_4.14/Engine/Plugins/Editor/MobileLauncherProfileWizard/MobileLauncherProfileWizard.uplugin
LogPluginManager: Loaded Plugin PluginBrowser, From C:/Program Files/Epic Games/UE_4.14/Engine/Plugins/Editor/PluginBrowser/PluginBrowser.uplugin
LogPluginManager: Loaded Plugin SpeedTreeImporter, From C:/Program Files/Epic Games/UE_4.14/Engine/Plugins/Editor/SpeedTreeImporter/SpeedTreeImporter.uplugin
LogPluginManager: Loaded Plugin SuperSearchEditor, From C:/Program Files/Epic Games/UE_4.14/Engine/Plugins/Editor/SuperSearchEditor/SuperSearchEditor.uplugin
LogPluginManager: Loaded Plugin AlembicImporter, From C:/Program Files/Epic Games/UE_4.14/Engine/Plugins/Experimental/AlembicImporter/AlembicImporter.uplugin
LogPluginManager: Loaded Plugin BlueprintStats, From C:/Program Files/Epic Games/UE_4.14/Engine/Plugins/Experimental/BlueprintStats/BlueprintStats.uplugin
LogPluginManager: Loaded Plugin CharacterAI, From C:/Program Files/Epic Games/UE_4.14/Engine/Plugins/Experimental/CharacterAI/CharacterAI.uplugin
LogPluginManager: Loaded Plugin CodeEditor, From C:/Program Files/Epic Games/UE_4.14/Engine/Plugins/Experimental/CodeEditor/CodeEditor.uplugin
LogPluginManager: Loaded Plugin CodeView, From C:/Program Files/Epic Games/UE_4.14/Engine/Plugins/Experimental/CodeView/CodeView.uplugin
LogPluginManager: Loaded Plugin HTML5Networking, From C:/Program Files/Epic Games/UE_4.14/Engine/Plugins/Experimental/HTML5Networking/HTML5Networking.uplugin
LogPluginManager: Loaded Plugin OSVR, From C:/Program Files/Epic Games/UE_4.14/Engine/Plugins/Experimental/OSVR/OSVR.uplugin
LogPluginManager: Loaded Plugin Phya, From C:/Program Files/Epic Games/UE_4.14/Engine/Plugins/Experimental/Phya/Phya.uplugin
LogPluginManager: Loaded Plugin SignificanceManager, From C:/Program Files/Epic Games/UE_4.14/Engine/Plugins/Experimental/SignificanceManager/SignificanceManager.uplugin
LogPluginManager: Loaded Plugin SimpleHMD, From C:/Program Files/Epic Games/UE_4.14/Engine/Plugins/Experimental/SimpleHMD/SimpleHMD.uplugin
LogPluginManager: Loaded Plugin StereoPanorama, From C:/Program Files/Epic Games/UE_4.14/Engine/Plugins/Experimental/StereoPanorama/StereoPanorama.uplugin
LogPluginManager: Loaded Plugin StructBox, From C:/Program Files/Epic Games/UE_4.14/Engine/Plugins/Experimental/StructBox/StructBox.uplugin
LogPluginManager: Loaded Plugin AndroidMedia, From C:/Program Files/Epic Games/UE_4.14/Engine/Plugins/Media/AndroidMedia/AndroidMedia.uplugin
LogPluginManager: Loaded Plugin AvfMedia, From C:/Program Files/Epic Games/UE_4.14/Engine/Plugins/Media/AvfMedia/AvfMedia.uplugin
LogPluginManager: Loaded Plugin MediaPlayerEditor, From C:/Program Files/Epic Games/UE_4.14/Engine/Plugins/Media/MediaPlayerEditor/MediaPlayerEditor.uplugin
LogPluginManager: Loaded Plugin WmfMedia, From C:/Program Files/Epic Games/UE_4.14/Engine/Plugins/Media/WmfMedia/WmfMedia.uplugin
LogPluginManager: Loaded Plugin MessagingDebugger, From C:/Program Files/Epic Games/UE_4.14/Engine/Plugins/Messaging/MessagingDebugger/MessagingDebugger.uplugin
LogPluginManager: Loaded Plugin TcpMessaging, From C:/Program Files/Epic Games/UE_4.14/Engine/Plugins/Messaging/TcpMessaging/TcpMessaging.uplugin
LogPluginManager: Loaded Plugin UdpMessaging, From C:/Program Files/Epic Games/UE_4.14/Engine/Plugins/Messaging/UdpMessaging/UdpMessaging.uplugin
LogPluginManager: Loaded Plugin LevelSequenceEditor, From C:/Program Files/Epic Games/UE_4.14/Engine/Plugins/MovieScene/LevelSequenceEditor/LevelSequenceEditor.uplugin
LogPluginManager: Loaded Plugin MatineeToLevelSequence, From C:/Program Files/Epic Games/UE_4.14/Engine/Plugins/MovieScene/MatineeToLevelSequence/MatineeToLevelSequence.uplugin
LogPluginManager: Loaded Plugin NetcodeUnitTest, From C:/Program Files/Epic Games/UE_4.14/Engine/Plugins/NetcodeUnitTest/NetcodeUnitTest/NetcodeUnitTest.uplugin
LogPluginManager: Loaded Plugin NUTUnrealEngine4, From C:/Program Files/Epic Games/UE_4.14/Engine/Plugins/NetcodeUnitTest/NUTUnrealEngine4/NUTUnrealEngine4.uplugin
LogPluginManager: Loaded Plugin OnlineSubsystemGameCircle, From C:/Program Files/Epic Games/UE_4.14/Engine/Plugins/Online/Android/OnlineSubsystemGameCircle/OnlineSubsystemGameCircle.uplugin
LogPluginManager: Loaded Plugin OnlineSubsystemGooglePlay, From C:/Program Files/Epic Games/UE_4.14/Engine/Plugins/Online/Android/OnlineSubsystemGooglePlay/OnlineSubsystemGooglePlay.uplugin
LogPluginManager: Loaded Plugin OnlineSubsystemIOS, From C:/Program Files/Epic Games/UE_4.14/Engine/Plugins/Online/IOS/OnlineSubsystemIOS/OnlineSubsystemIOS.uplugin
LogPluginManager: Loaded Plugin OnlineFramework, From C:/Program Files/Epic Games/UE_4.14/Engine/Plugins/Online/OnlineFramework/OnlineFramework.uplugin
LogPluginManager: Loaded Plugin OnlineSubsystem, From C:/Program Files/Epic Games/UE_4.14/Engine/Plugins/Online/OnlineSubsystem/OnlineSubsystem.uplugin
LogPluginManager: Loaded Plugin OnlineSubsystemAmazon, From C:/Program Files/Epic Games/UE_4.14/Engine/Plugins/Online/OnlineSubsystemAmazon/OnlineSubsystemAmazon.uplugin
LogPluginManager: Loaded Plugin OnlineSubsystemFacebook, From C:/Program Files/Epic Games/UE_4.14/Engine/Plugins/Online/OnlineSubsystemFacebook/OnlineSubsystemFacebook.uplugin
LogPluginManager: Loaded Plugin OnlineSubsystemNull, From C:/Program Files/Epic Games/UE_4.14/Engine/Plugins/Online/OnlineSubsystemNull/OnlineSubsystemNull.uplugin
LogPluginManager: Loaded Plugin OnlineSubsystemOculus, From C:/Program Files/Epic Games/UE_4.14/Engine/Plugins/Online/OnlineSubsystemOculus/OnlineSubsystemOculus.uplugin
LogPluginManager: Loaded Plugin OnlineSubsystemSteam, From C:/Program Files/Epic Games/UE_4.14/Engine/Plugins/Online/OnlineSubsystemSteam/OnlineSubsystemSteam.uplugin
LogPluginManager: Loaded Plugin OnlineSubsystemUtils, From C:/Program Files/Epic Games/UE_4.14/Engine/Plugins/Online/OnlineSubsystemUtils/OnlineSubsystemUtils.uplugin
LogPluginManager: Loaded Plugin IOSTapJoy, From C:/Program Files/Epic Games/UE_4.14/Engine/Plugins/Runtime/Advertising/IOSTapJoy/IOSTapJoy.uplugin
LogPluginManager: Loaded Plugin AnalyticsBlueprintLibrary, From C:/Program Files/Epic Games/UE_4.14/Engine/Plugins/Runtime/Analytics/AnalyticsBlueprintLibrary/AnalyticsBlueprintLibrary.uplugin
LogPluginManager: Loaded Plugin AnalyticsMulticast, From C:/Program Files/Epic Games/UE_4.14/Engine/Plugins/Runtime/Analytics/AnalyticsMulticast/AnalyticsMulticast.uplugin
LogPluginManager: Loaded Plugin Apsalar, From C:/Program Files/Epic Games/UE_4.14/Engine/Plugins/Runtime/Analytics/Apsalar/Apsalar.uplugin
LogPluginManager: Loaded Plugin FileLogging, From C:/Program Files/Epic Games/UE_4.14/Engine/Plugins/Runtime/Analytics/FileLogging/FileLogging.uplugin
LogPluginManager: Loaded Plugin Flurry, From C:/Program Files/Epic Games/UE_4.14/Engine/Plugins/Runtime/Analytics/Flurry/Flurry.uplugin
LogPluginManager: Loaded Plugin AndroidDeviceProfileSelector, From C:/Program Files/Epic Games/UE_4.14/Engine/Plugins/Runtime/AndroidDeviceProfileSelector/AndroidDeviceProfileSelector.uplugin
LogPluginManager: Loaded Plugin AndroidMoviePlayer, From C:/Program Files/Epic Games/UE_4.14/Engine/Plugins/Runtime/AndroidMoviePlayer/AndroidMoviePlayer.uplugin
LogPluginManager: Loaded Plugin AppleMoviePlayer, From C:/Program Files/Epic Games/UE_4.14/Engine/Plugins/Runtime/AppleMoviePlayer/AppleMoviePlayer.uplugin
LogPluginManager: Loaded Plugin ArchVisCharacter, From C:/Program Files/Epic Games/UE_4.14/Engine/Plugins/Runtime/ArchVisCharacter/ArchVisCharacter.uplugin
LogPluginManager: Loaded Plugin CableComponent, From C:/Program Files/Epic Games/UE_4.14/Engine/Plugins/Runtime/CableComponent/CableComponent.uplugin
LogPluginManager: Loaded Plugin CustomMeshComponent, From C:/Program Files/Epic Games/UE_4.14/Engine/Plugins/Runtime/CustomMeshComponent/CustomMeshComponent.uplugin
LogPluginManager: Loaded Plugin ExampleDeviceProfileSelector, From C:/Program Files/Epic Games/UE_4.14/Engine/Plugins/Runtime/ExampleDeviceProfileSelector/ExampleDeviceProfileSelector.uplugin
LogPluginManager: Loaded Plugin GearVR, From C:/Program Files/Epic Games/UE_4.14/Engine/Plugins/Runtime/GearVR/GearVR.uplugin
LogPluginManager: Loaded Plugin GoogleVRController, From C:/Program Files/Epic Games/UE_4.14/Engine/Plugins/Runtime/GoogleVR/GoogleVRController/GoogleVRController.uplugin
LogPluginManager: Loaded Plugin GoogleVRHMD, From C:/Program Files/Epic Games/UE_4.14/Engine/Plugins/Runtime/GoogleVR/GoogleVRHMD/GoogleVRHMD.uplugin
LogPluginManager: Loaded Plugin IOSDeviceProfileSelector, From C:/Program Files/Epic Games/UE_4.14/Engine/Plugins/Runtime/IOSDeviceProfileSelector/IOSDeviceProfileSelector.uplugin
LogPluginManager: Loaded Plugin LeapMotion, From C:/Program Files/Epic Games/UE_4.14/Engine/Plugins/Runtime/LeapMotion/LeapMotion.uplugin
LogPluginManager: Loaded Plugin LinuxDeviceProfileSelector, From C:/Program Files/Epic Games/UE_4.14/Engine/Plugins/Runtime/LinuxDeviceProfileSelector/LinuxDeviceProfileSelector.uplugin
LogPluginManager: Loaded Plugin MIDIDevice, From C:/Program Files/Epic Games/UE_4.14/Engine/Plugins/Runtime/MIDIDevice/MIDIDevice.uplugin
LogPluginManager: Loaded Plugin MobilePatchingUtils, From C:/Program Files/Epic Games/UE_4.14/Engine/Plugins/Runtime/MobilePatchingUtils/MobilePatchingUtils.uplugin
LogPluginManager: Loaded Plugin Ansel, From C:/Program Files/Epic Games/UE_4.14/Engine/Plugins/Runtime/Nvidia/Ansel/Ansel.uplugin
LogPluginManager: Loaded Plugin OculusAudio, From C:/Program Files/Epic Games/UE_4.14/Engine/Plugins/Runtime/OculusAudio/OculusAudio.uplugin
LogPluginManager: Loaded Plugin OculusInput, From C:/Program Files/Epic Games/UE_4.14/Engine/Plugins/Runtime/OculusInput/OculusInput.uplugin
LogPluginManager: Loaded Plugin OculusLibrary, From C:/Program Files/Epic Games/UE_4.14/Engine/Plugins/Runtime/OculusLibrary/OculusLibrary.uplugin
LogPluginManager: Loaded Plugin OculusRift, From C:/Program Files/Epic Games/UE_4.14/Engine/Plugins/Runtime/OculusRift/OculusRift.uplugin
LogPluginManager: Loaded Plugin Oodle, From C:/Program Files/Epic Games/UE_4.14/Engine/Plugins/Runtime/PacketHandlers/CompressionComponents/Oodle/Oodle.uplugin
LogPluginManager: Loaded Plugin ProceduralMeshComponent, From C:/Program Files/Epic Games/UE_4.14/Engine/Plugins/Runtime/ProceduralMeshComponent/ProceduralMeshComponent.uplugin
LogPluginManager: Loaded Plugin SoundMod, From C:/Program Files/Epic Games/UE_4.14/Engine/Plugins/Runtime/SoundMod/SoundMod.uplugin
LogPluginManager: Loaded Plugin SoundVisualizations, From C:/Program Files/Epic Games/UE_4.14/Engine/Plugins/Runtime/SoundVisualizations/SoundVisualizations.uplugin
LogPluginManager: Loaded Plugin SteamController, From C:/Program Files/Epic Games/UE_4.14/Engine/Plugins/Runtime/Steam/SteamController/SteamController.uplugin
LogPluginManager: Loaded Plugin SteamVR, From C:/Program Files/Epic Games/UE_4.14/Engine/Plugins/Runtime/Steam/SteamVR/SteamVR.uplugin
LogPluginManager: Loaded Plugin WebBrowserWidget, From C:/Program Files/Epic Games/UE_4.14/Engine/Plugins/Runtime/WebBrowserWidget/WebBrowserWidget.uplugin
LogPluginManager: Loaded Plugin WindowsDeviceProfileSelector, From C:/Program Files/Epic Games/UE_4.14/Engine/Plugins/Runtime/WindowsDeviceProfileSelector/WindowsDeviceProfileSelector.uplugin
LogPluginManager: Loaded Plugin WindowsMoviePlayer, From C:/Program Files/Epic Games/UE_4.14/Engine/Plugins/Runtime/WindowsMoviePlayer/WindowsMoviePlayer.uplugin
LogPluginManager: Loaded Plugin ScriptPlugin, From C:/Program Files/Epic Games/UE_4.14/Engine/Plugins/ScriptPlugin/ScriptPlugin.uplugin
LogPluginManager: Loaded Plugin SlateRemote, From C:/Program Files/Epic Games/UE_4.14/Engine/Plugins/Slate/SlateRemote/SlateRemote.uplugin
LogPluginManager: Loaded Plugin EditorTests, From C:/Program Files/Epic Games/UE_4.14/Engine/Plugins/Tests/EditorTests/EditorTests.uplugin
LogPluginManager: Loaded Plugin FbxAutomationTestBuilder, From C:/Program Files/Epic Games/UE_4.14/Engine/Plugins/Tests/FbxAutomationTestBuilder/FbxAutomationTestBuilder.uplugin
LogPluginManager: Loaded Plugin FunctionalTestingEditor, From C:/Program Files/Epic Games/UE_4.14/Engine/Plugins/Tests/FunctionalTestingEditor/FunctionalTestingEditor.uplugin
LogPluginManager: Loaded Plugin RuntimeTests, From C:/Program Files/Epic Games/UE_4.14/Engine/Plugins/Tests/RuntimeTests/RuntimeTests.uplugin
LogPluginManager: Loaded Plugin ScreenshotTools, From C:/Program Files/Epic Games/UE_4.14/Engine/Plugins/Tests/ScreenshotTools/ScreenshotTools.uplugin
LogInit: Using libcurl 7.47.1
LogInit:  - built for x86_64-pc-win32
LogInit:  - supports SSL with OpenSSL/1.0.2g
LogInit:  - supports HTTP deflate (compression) using libz 1.2.8
LogInit:  - other features:
LogInit:      CURL_VERSION_SSL
LogInit:      CURL_VERSION_LIBZ
LogInit:      CURL_VERSION_IPV6
LogInit:      CURL_VERSION_ASYNCHDNS
LogInit:      CURL_VERSION_LARGEFILE
LogInit:      CURL_VERSION_IDN
LogInit:  CurlRequestOptions (configurable via config and command line):
LogInit:  - bVerifyPeer = false  - Libcurl will NOT verify peer certificate
LogInit:  - bUseHttpProxy = false  - Libcurl will NOT use HTTP proxy
LogInit:  - bDontReuseConnections = false  - Libcurl will reuse connections
LogInit:  - CertBundlePath = nullptr  - Libcurl will use whatever was configured at build time.
LogInit: Build: ++UE4+Release-4.14-CL-3249277
LogInit: Engine Version: 4.14.3-3249277+++UE4+Release-4.14
LogInit: Compatible Engine Version: 4.14.0-3195953+++UE4+Release-4.14
LogInit: Net CL: 3195953
LogDevObjectVersion: Number of dev versions registered: 13
LogDevObjectVersion:   Dev-Blueprints (B0D832E4-1F89-4F0D-ACCF-7EB736FD4AA2): 7
LogDevObjectVersion:   Dev-Build (E1C64328-A22C-4D53-A36C-8E866417BD8C): 0
LogDevObjectVersion:   Dev-Core (375EC13C-06E4-48FB-B500-84F0262A717E): 1
LogDevObjectVersion:   Dev-Editor (E4B068ED-F494-42E9-A231-DA0B2E46BB41): 8
LogDevObjectVersion:   Dev-Framework (CFFC743F-43B0-4480-9391-14DF171D2073): 17
LogDevObjectVersion:   Dev-Mobile (B02B49B5-BB20-44E9-A304-32B752E40360): 0
LogDevObjectVersion:   Dev-Networking (A4E4105C-59A1-49B5-A7C5-40C4547EDFEE): 0
LogDevObjectVersion:   Dev-Online (39C831C9-5AE6-47DC-9A44-9C173E1C8E7C): 0
LogDevObjectVersion:   Dev-Physics (78F01B33-EBEA-4F98-B9B4-84EACCB95AA2): 0
LogDevObjectVersion:   Dev-Platform (6631380F-2D4D-43E0-8009-CF276956A95A): 0
LogDevObjectVersion:   Dev-Rendering (12F88B9F-8875-4AFC-A67C-D90C383ABD29): 12
LogDevObjectVersion:   Dev-Sequencer (7B5AE74C-D270-4C10-A958-57980B212A5A): 1
LogDevObjectVersion:   Dev-VR (D7296918-1DD6-4BDD-9DE2-64A83CC13884): 0
LogInit: Compiled (64-bit): Jan  6 2017 10:49:43
LogInit: Compiled with Visual C++: 19.00.23026.00
LogInit: Build Configuration: Development
LogInit: Branch Name: ++UE4+Release-4.14
LogInit: Command line:  
LogInit: Base directory: C:/Program Files/Epic Games/UE_4.14/Engine/Binaries/Win64/
LogInit: Installed Engine Build: 1
LogInit: Presizing for max 8388607 objects, including 0 objects not considered by GC, pre-allocating 0 bytes for permanent pool.
LogInit: Object subsystem initialized
[2021.10.26-03.57.59:387][  0]LogInit: Selected Device Profile: [Windows]
[2021.10.26-03.57.59:387][  0]LogInit: Applying CVar settings loaded from the selected device profile: [Windows]
[2021.10.26-03.57.59:397][  0]LogInit: Computer: LAPTOP-7NM099NT
[2021.10.26-03.57.59:397][  0]LogInit: User: jerye
[2021.10.26-03.57.59:397][  0]LogInit: CPU Page size=65536, Cores=6
[2021.10.26-03.57.59:397][  0]LogInit: High frequency timer resolution =10.000000 MHz
[2021.10.26-03.57.59:397][  0]LogMemory: Memory total: Physical=15.8GB (16GB approx)
[2021.10.26-03.57.59:397][  0]LogMemory: Platform Memory Stats for Windows
[2021.10.26-03.57.59:397][  0]LogMemory: Process Physical Memory: 264.51 MB used, 264.52 MB peak
[2021.10.26-03.57.59:397][  0]LogMemory: Process Virtual Memory: 260.13 MB used, 260.13 MB peak
[2021.10.26-03.57.59:397][  0]LogMemory: Physical Memory: 9924.98 MB used,  6260.70 MB free, 16185.68 MB total
[2021.10.26-03.57.59:397][  0]LogMemory: Virtual Memory: 4795.39 MB used,  6260.70 MB free, 134217728.00 MB total
[2021.10.26-03.57.59:857][  0]LogTextLocalizationManager: No specific translations for ('en-CA') exist, so ('en') translations will be used.
[2021.10.26-03.58.02:571][  0]LogD3D11RHI: D3D11 adapters:
[2021.10.26-03.58.02:716][  0]LogD3D11RHI:    0. 'NVIDIA GeForce GTX 1650' (Feature Level 11_0)
[2021.10.26-03.58.02:716][  0]LogD3D11RHI:       3962/0/8092 MB DedicatedVideo/DedicatedSystem/SharedSystem, Outputs:1, VendorId:0x10de
[2021.10.26-03.58.02:887][  0]LogD3D11RHI:    1. 'Intel(R) UHD Graphics' (Feature Level 11_0)
[2021.10.26-03.58.02:887][  0]LogD3D11RHI:       128/0/8092 MB DedicatedVideo/DedicatedSystem/SharedSystem, Outputs:0, VendorId:0x8086
[2021.10.26-03.58.02:889][  0]LogD3D11RHI:    2. 'Microsoft Basic Render Driver' (Feature Level 11_0)
[2021.10.26-03.58.02:889][  0]LogD3D11RHI:       0/0/8092 MB DedicatedVideo/DedicatedSystem/SharedSystem, Outputs:0, VendorId:0x1414
[2021.10.26-03.58.02:889][  0]LogD3D11RHI: Chosen D3D11 Adapter: 0
[2021.10.26-03.58.02:896][  0]LogD3D11RHI: Creating new Direct3DDevice
[2021.10.26-03.58.02:896][  0]LogD3D11RHI:     GPU DeviceId: 0x1f99 (for the marketing name, search the web for "GPU Device Id")
[2021.10.26-03.58.02:896][  0]LogWindows: EnumDisplayDevices:
[2021.10.26-03.58.02:896][  0]LogWindows:    0. 'Intel(R) UHD Graphics' (P:1 D:1)
[2021.10.26-03.58.02:896][  0]LogWindows:    1. 'Intel(R) UHD Graphics' (P:0 D:0)
[2021.10.26-03.58.02:896][  0]LogWindows:    2. 'Intel(R) UHD Graphics' (P:0 D:0)
[2021.10.26-03.58.02:896][  0]LogWindows:    3. 'NVIDIA GeForce GTX 1650' (P:0 D:0)
[2021.10.26-03.58.02:896][  0]LogWindows:    4. 'NVIDIA GeForce GTX 1650' (P:0 D:0)
[2021.10.26-03.58.02:896][  0]LogWindows:    5. 'NVIDIA GeForce GTX 1650' (P:0 D:0)
[2021.10.26-03.58.02:897][  0]LogWindows:    6. 'NVIDIA GeForce GTX 1650' (P:0 D:0)
[2021.10.26-03.58.02:897][  0]LogWindows: DebugString: GetVideoDriverDetailsInvalid PrimaryIsNotTheChoosenAdapter GetVideoDriverDetailsInvalid PrimaryIsNotTheChoosenAdapter GetVideoDriverDetailsInvalid PrimaryIsNotTheChoosenAdapter GetVideoDriverDetailsInvalid PrimaryIsNotTheChoosenAdapter GetVideoDriverDetailsInvalid PrimaryIsNotTheChoosenAdapter GetVideoDriverDetailsInvalid PrimaryIsNotTheChoosenAdapter GetVideoDriverDetailsInvalid PrimaryIsNotTheChoosenAdapter FoundDriverCount:0 
[2021.10.26-03.58.02:897][  0]LogD3D11RHI:     Adapter Name: NVIDIA GeForce GTX 1650
[2021.10.26-03.58.02:897][  0]LogD3D11RHI:   Driver Version: Unknown (internal:Unknown, unified:Unknown)
[2021.10.26-03.58.02:897][  0]LogD3D11RHI:      Driver Date: Unknown
[2021.10.26-03.58.02:897][  0]LogRHI: Texture pool is 1361 MB (70% of 1945 MB)
[2021.10.26-03.58.02:975][  0]LogD3D11RHI: Async texture creation enabled
[2021.10.26-03.58.03:026][  0]LogD3D11RHI: GPU Timing Frequency: 1000.000000 (Debug: 2 1)
[2021.10.26-03.58.03:031][  0]LogShaderCompilers: Guid format shader working directory is -32 characters bigger than the processId version (../../../../../../Users/jerye/Documents/Github Projects/Udemy_Pinball/Pinball/Intermediate/Shaders/WorkingDirectory/20388/).
[2021.10.26-03.58.03:031][  0]LogShaderCompilers: Cleaned the shader compiler working directory 'C:/Users/jerye/AppData/Local/Temp/UnrealShaderWorkingDir/72070100444509E8E6CCCF9E8D9C9C74/'.
[2021.10.26-03.58.03:032][  0]LogShaderCompilers:Display: Using Local Shader Compiler.
[2021.10.26-03.58.05:486][  0]LogTemp:Display: Loaded TP AllDesktopTargetPlatform
[2021.10.26-03.58.05:554][  0]LogTemp:Display: Loaded TP MacClientTargetPlatform
[2021.10.26-03.58.05:617][  0]LogTemp:Display: Loaded TP MacNoEditorTargetPlatform
[2021.10.26-03.58.05:685][  0]LogTemp:Display: Loaded TP MacServerTargetPlatform
[2021.10.26-03.58.05:761][  0]LogTemp:Display: Loaded TP MacTargetPlatform
[2021.10.26-03.58.05:856][  0]LogTemp:Display: Loaded TP WindowsClientTargetPlatform
[2021.10.26-03.58.05:951][  0]LogTemp:Display: Loaded TP WindowsNoEditorTargetPlatform
[2021.10.26-03.58.06:040][  0]LogTemp:Display: Loaded TP WindowsServerTargetPlatform
[2021.10.26-03.58.06:121][  0]LogTemp:Display: Loaded TP WindowsTargetPlatform
[2021.10.26-03.58.06:201][  0]LogTemp:Display: Loaded TP AndroidTargetPlatform
[2021.10.26-03.58.06:277][  0]LogTemp:Display: Loaded TP Android_ASTCTargetPlatform
[2021.10.26-03.58.06:369][  0]LogTemp:Display: Loaded TP Android_ATCTargetPlatform
[2021.10.26-03.58.06:438][  0]LogTemp:Display: Loaded TP Android_DXTTargetPlatform
[2021.10.26-03.58.06:514][  0]LogTemp:Display: Loaded TP Android_ETC1TargetPlatform
[2021.10.26-03.58.06:597][  0]LogTemp:Display: Loaded TP Android_ETC2TargetPlatform
[2021.10.26-03.58.06:743][  0]LogTemp:Display: Loaded TP Android_MultiTargetPlatform
[2021.10.26-03.58.06:743][  0]LogTemp:Display: Loaded TP Android_PVRTCTargetPlatform
[2021.10.26-03.58.06:798][  0]LogTemp:Display: Loaded TP HTML5TargetPlatform
[2021.10.26-03.58.06:917][  0]LogTemp:Display: Loaded TP IOSTargetPlatform
[2021.10.26-03.58.06:965][  0]LogTemp:Display: Loaded TP TVOSTargetPlatform
[2021.10.26-03.58.07:037][  0]LogTemp:Display: Loaded TP LinuxClientTargetPlatform
[2021.10.26-03.58.07:109][  0]LogTemp:Display: Loaded TP LinuxNoEditorTargetPlatform
[2021.10.26-03.58.07:177][  0]LogTemp:Display: Loaded TP LinuxServerTargetPlatform
[2021.10.26-03.58.07:254][  0]LogTemp:Display: Loaded TP LinuxTargetPlatform
[2021.10.26-03.58.07:254][  0]LogTargetPlatformManager:Display: Building Assets For Windows
[2021.10.26-03.58.07:964][  0]LogDerivedDataCache:Display: Max Cache Size: 512 MB
[2021.10.26-03.58.08:108][  0]LogDerivedDataCache: Loaded boot cache 0.14s 50MB C:/Users/jerye/AppData/Local/UnrealEngine/4.14/DerivedDataCache/Boot.ddc.
[2021.10.26-03.58.08:109][  0]LogDerivedDataCache:Display: Loaded Boot cache: C:/Users/jerye/AppData/Local/UnrealEngine/4.14/DerivedDataCache/Boot.ddc
[2021.10.26-03.58.08:109][  0]LogDerivedDataCache: FDerivedDataBackendGraph:  Pak pak cache file ../../../../../../Users/jerye/Documents/Github Projects/Udemy_Pinball/Pinball/DerivedDataCache/DDC.ddp not found, will not use a pak cache.
[2021.10.26-03.58.08:109][  0]LogDerivedDataCache: Unable to find inner node Pak for hierarchical cache Hierarchy.
[2021.10.26-03.58.08:109][  0]LogDerivedDataCache: FDerivedDataBackendGraph:  CompressedPak pak cache file ../../../../../../Users/jerye/Documents/Github Projects/Udemy_Pinball/Pinball/DerivedDataCache/Compressed.ddp not found, will not use a pak cache.
[2021.10.26-03.58.08:109][  0]LogDerivedDataCache: Unable to find inner node CompressedPak for hierarchical cache Hierarchy.
[2021.10.26-03.58.08:130][  0]LogDerivedDataCache:Display: Pak cache opened for reading ../../../Engine/DerivedDataCache/Compressed.ddp.
[2021.10.26-03.58.08:143][  0]LogDerivedDataCache: Using Local data cache path C:/Users/jerye/AppData/Local/UnrealEngine/Common/DerivedDataCache: Writable
[2021.10.26-03.58.08:804][  0]LogInit: Selected Device Profile: [Windows]
[2021.10.26-03.58.08:826][  0]LogContentStreaming: Texture pool size is 0.00 MB
[2021.10.26-03.58.09:152][  0]LogMeshUtilities: Using QuadricMeshReduction for automatic static mesh reduction
[2021.10.26-03.58.09:225][  0]LogSimplygon: Simplygon DLL not present - disabling.
[2021.10.26-03.58.09:298][  0]LogMeshUtilities: Using SimplygonSwarm for distributed automatic mesh merging
[2021.10.26-03.58.09:298][  0]LogMeshUtilities: No automatic skeletal mesh reduction module available
[2021.10.26-03.58.09:298][  0]LogMeshUtilities: No automatic mesh merging module available
[2021.10.26-03.58.11:101][  0]LogNetVersion: GetLocalNetworkVersion: CL: 3195953, ProjectName: pinball, ProjectVersion: , EngineNetworkVersion: 2, GameNetworkVersion: 0, NetworkChecksum: 1748929517
[2021.10.26-03.58.11:201][  0]LogAssetRegistry: FAssetRegistry took 0.0231 seconds to start up
[2021.10.26-03.58.11:262][  0]LogPackageLocalizationCache: Processed 3 localized package path(s) for 2 prioritized culture(s) in 0.026363 seconds
[2021.10.26-03.58.11:268][  0]LogUObjectArray: 31946 objects as part of root set at end of initial load.
[2021.10.26-03.58.11:268][  0]LogUObjectAllocator: 6935840 out of 0 bytes used by permanent object pool.
[2021.10.26-03.58.11:268][  0]LogUObjectArray: CloseDisregardForGC: 0/0 objects in disregard for GC pool
[2021.10.26-03.58.11:397][  0]LogInit: WinSock: version 1.1 (2.2), MaxSocks=32767, MaxUdp=65467
[2021.10.26-03.58.12:908][  0]LogSlate: Using Freetype 2.6.0
[2021.10.26-03.58.12:925][  0]LogSlate: SlateFontCache - WITH_FREETYPE: 1, WITH_HARFBUZZ: 1
[2021.10.26-03.58.12:925][  0]LogSlate: SlateFontCache - WITH_FREETYPE: 1, WITH_HARFBUZZ: 1
[2021.10.26-03.58.15:055][  0]LogTcpMessaging: Initializing TcpMessaging bridge
[2021.10.26-03.58.15:129][  0]LogUdpMessaging: Initializing bridge on interface 0.0.0.0:0 to multicast group 230.0.0.1:6666.
[2021.10.26-03.58.15:681][  0]LogMaterial: Uniform references updated for custom material expression Custom.
[2021.10.26-03.58.16:371][  0]SourceControl: Info Source control is disabled
[2021.10.26-03.58.16:373][  0]SourceControl: Info Source control is disabled
[2021.10.26-03.58.16:468][  0]SourceControl: Info Source control is disabled
[2021.10.26-03.58.16:537][  0]SourceControl: Info Source control is disabled
[2021.10.26-03.58.18:679][  0]LogEngine: Initializing Engine...
[2021.10.26-03.58.18:681][  0]LogHMD: Failed to initialize OpenVR with code 110
[2021.10.26-03.58.19:086][  0]LogAIModule: Creating AISystem for world Untitled
[2021.10.26-03.58.19:139][  0]LogInit: XAudio2 using 'Speakers (Realtek(R) Audio)' : 2 channels at 48 kHz using 32 bits per sample (channel mask 0x3)
[2021.10.26-03.58.19:639][  0]LogInit: FAudioDevice initialized.
[2021.10.26-03.58.19:667][  0]LogDerivedDataCache: Saved boot cache 0.03s 50MB C:/Users/jerye/AppData/Local/UnrealEngine/4.14/DerivedDataCache/Boot.ddc.
[2021.10.26-03.58.19:677][  0]LogInit: Texture streaming: Enabled
[2021.10.26-03.58.20:202][  0]LogInit: Transaction tracking system initialized
[2021.10.26-03.58.20:861][  0]BlueprintLog: New page: Editor Load
[2021.10.26-03.58.22:478][  0]LocalizationService: Info Localization service is disabled
[2021.10.26-03.58.23:636][  0]LogConsoleResponse:Display: 
[2021.10.26-03.58.23:936][  0]LogFileCache: Scanning file cache for directory 'C:/Users/jerye/Documents/Github Projects/Udemy_Pinball/Pinball/Content/' took 0.01s
[2021.10.26-03.58.23:936][  0]LogCook:Display: Max memory allowance for cook 16384mb min free memory 0mb
[2021.10.26-03.58.23:936][  0]LogCook:Display: Mobile HDR setting 1
[2021.10.26-03.58.25:562][  0]SourceControl: Info Source control is disabled
[2021.10.26-03.58.25:564][  0]Cmd: MAP LOAD FILE="../../../../../../Users/jerye/Documents/Github Projects/Udemy_Pinball/Pinball/Content/Maps/MainLevel.umap" TEMPLATE=0 SHOWPROGRESS=1 FEATURELEVEL=3
[2021.10.26-03.58.25:566][  0]LightingResults: New page: Lighting Build
[2021.10.26-03.58.25:629][  0]MapCheck: New page: Map Check
[2021.10.26-03.58.25:630][  0]LightingResults: New page: Lighting Build
[2021.10.26-03.58.26:075][  0]LogStaticMesh: Building static mesh SM_Plunger...
[2021.10.26-03.58.26:114][  0]LogStaticMesh: Built static mesh [0.04s] /Game/Assets/SM_Plunger.SM_Plunger
[2021.10.26-03.58.26:347][  0]LogAIModule: Creating AISystem for world MainLevel
[2021.10.26-03.58.26:408][  0]LogEditorServer: Finished looking for orphan Actors (0.000 secs)
[2021.10.26-03.58.26:411][  0]Cmd: MAP CHECKDEP NOCLEARLOG
[2021.10.26-03.58.26:453][  0]MapCheck: Info Map check complete: 0 Error(s), 0 Warning(s), took 40.999ms to complete.
[2021.10.26-03.58.26:453][  0]LogFileHelpers: Loading map 'MainLevel' took 0.890
[2021.10.26-03.58.26:736][  0]LogCollectionManager: Loaded 0 collections in 0.001106 seconds
[2021.10.26-03.58.26:885][  0]LogFileCache: Scanning file cache for directory 'C:/Users/jerye/Documents/Github Projects/Udemy_Pinball/Pinball/Saved/Collections/' took 0.01s
[2021.10.26-03.58.26:885][  0]LogFileCache: Scanning file cache for directory 'C:/Users/jerye/Documents/Github Projects/Udemy_Pinball/Pinball/Content/Developers/jerye/Collections/' took 0.01s
[2021.10.26-03.58.26:885][  0]LogFileCache: Scanning file cache for directory 'C:/Users/jerye/Documents/Github Projects/Udemy_Pinball/Pinball/Content/Collections/' took 0.01s
[2021.10.26-03.58.26:885][  0]LogCollectionManager: Rebuilt the GUID cache for 0 collections in 0.000326 seconds
[2021.10.26-03.58.26:897][  0]LogContentBrowser: Native class hierarchy populated in 0.0094 seconds. Added 2190 classes and 428 folders.
[2021.10.26-03.58.26:961][  0]LogStats: UGameplayTagsManager::ConstructGameplayTagTree: Construct from data asset -  0.000 s
[2021.10.26-03.58.26:961][  0]LogStats: UGameplayTagsManager::ConstructGameplayTagTree: GameplayTagTreeChangedEvent.Broadcast -  0.000 s
[2021.10.26-03.58.26:963][  0]LogContentBrowser: Native class hierarchy updated for 'GameplayTags' in 0.0011 seconds. Added 13 classes and 0 folders.
[2021.10.26-03.58.27:046][  0]LogContentBrowser: Native class hierarchy updated for 'WidgetCarousel' in 0.0005 seconds. Added 0 classes and 0 folders.
[2021.10.26-03.58.27:308][  0]LogContentBrowser: Native class hierarchy updated for 'AddContentDialog' in 0.0004 seconds. Added 0 classes and 0 folders.
[2021.10.26-03.58.27:371][  0]LogContentBrowser: Native class hierarchy updated for 'SceneOutliner' in 0.0004 seconds. Added 1 classes and 2 folders.
[2021.10.26-03.58.27:529][  0]LogCrashTracker: Crashtracker disabled due to settings.
[2021.10.26-03.58.27:551][  0]LogUObjectGlobals:Warning: Failed to find object 'Class None.'
[2021.10.26-03.58.27:634][  0]LogContentBrowser: Native class hierarchy updated for 'HierarchicalLODOutliner' in 0.0004 seconds. Added 1 classes and 2 folders.
[2021.10.26-03.58.27:634][  0]LogLoad: (Engine Initialization) Total time: 30.87 seconds
[2021.10.26-03.58.27:634][  0]LogLoad: (Engine Initialization) Total Blueprint compile time: 0.33 seconds
[2021.10.26-03.58.27:634][  0]LogExternalProfiler: No external profilers were discovered.  External profiling features will not be available.
[2021.10.26-03.58.27:654][  0]LogOcInput: OculusInput pre-init called
[2021.10.26-03.58.27:691][  0]LogContentStreaming: Texture pool size now 1000 MB
[2021.10.26-03.58.27:914][  0]LogRenderer: Reallocating scene render targets to support 1208x572 NumSamples 1 (Frame:2).
[2021.10.26-03.58.28:040][  1]LogAssetRegistry: Asset discovery search completed in 16.8620 seconds
[2021.10.26-03.58.28:046][  1]LogCollectionManager: Rebuilt the object cache for 0 collections in 0.000000 seconds (found 0 objects)
[2021.10.26-03.58.28:046][  1]LogCollectionManager: Fixed up redirectors for 0 collections in 0.000379 seconds (updated 0 objects)
[2021.10.26-04.04.03:562][647]LogContentBrowser: Native class hierarchy updated for 'BlueprintGraph' in 0.0006 seconds. Added 111 classes and 0 folders.
[2021.10.26-04.09.18:975][552]LogFileHelpers: Editor autosave (incl. sublevels) for '/Game/Maps/MainLevel' took 0.042
[2021.10.26-04.09.18:978][552]OBJ SavePackage: Generating thumbnails for [0] asset(s) in package [/Game/Blueprints/MainMenu] ([1] browsable assets)...
[2021.10.26-04.09.18:978][552]OBJ SavePackage: Finished generating thumbnails for package [/Game/Blueprints/MainMenu]
[2021.10.26-04.09.18:989][552]LogSavePackage: Save=9.99ms
[2021.10.26-04.09.18:989][552]LogSavePackage: Moving '../../../../../../Users/jerye/Documents/Github Projects/Udemy_Pinball/Pinball/Saved/MainMenu_Auto185575684439D81CA0170FEB323CDED28.tmp' to '../../../../../../Users/jerye/Documents/Github Projects/Udemy_Pinball/Pinball/Saved/Autosaves/Game/Blueprints/MainMenu_Auto1.uasset'
[2021.10.26-04.09.18:991][552]LogSavePackage:Display: Finished SavePackage ../../../../../../Users/jerye/Documents/Github Projects/Udemy_Pinball/Pinball/Saved/Autosaves/Game/Blueprints/MainMenu_Auto1.uasset
[2021.10.26-04.09.18:991][552]LogFileHelpers: Auto-saving content packages took 0.015
[2021.10.26-04.10.05:723][833]BlueprintLog: New page: Compile MainMenu
[2021.10.26-04.10.06:754][890]Cmd: OBJ SAVEPACKAGE PACKAGE="/Game/Blueprints/MainMenu" FILE="../../../../../../Users/jerye/Documents/Github Projects/Udemy_Pinball/Pinball/Content/Blueprints/MainMenu.uasset" SILENT=true
[2021.10.26-04.10.06:762][890]LogSavePackage: Save=6.69ms
[2021.10.26-04.10.06:762][890]LogSavePackage: Moving '../../../../../../Users/jerye/Documents/Github Projects/Udemy_Pinball/Pinball/Saved/MainMenu47D7F00E4A5DD912BF18B494B3FB671C.tmp' to '../../../../../../Users/jerye/Documents/Github Projects/Udemy_Pinball/Pinball/Content/Blueprints/MainMenu.uasset'
[2021.10.26-04.10.06:764][890]LogSavePackage:Display: Finished SavePackage ../../../../../../Users/jerye/Documents/Github Projects/Udemy_Pinball/Pinball/Content/Blueprints/MainMenu.uasset
[2021.10.26-04.18.01:596][691]BlueprintLog: New page: Compile PinballGameMode
[2021.10.26-04.18.02:467][733]Cmd: OBJ SAVEPACKAGE PACKAGE="/Game/Blueprints/PinballGameMode" FILE="../../../../../../Users/jerye/Documents/Github Projects/Udemy_Pinball/Pinball/Content/Blueprints/PinballGameMode.uasset" SILENT=true
[2021.10.26-04.18.02:515][733]LogSavePackage: Save=30.04ms
[2021.10.26-04.18.02:515][733]LogSavePackage: Moving '../../../../../../Users/jerye/Documents/Github Projects/Udemy_Pinball/Pinball/Saved/PinballGameModeAC7D90CA4819135987408A9857E81A67.tmp' to '../../../../../../Users/jerye/Documents/Github Projects/Udemy_Pinball/Pinball/Content/Blueprints/PinballGameMode.uasset'
[2021.10.26-04.18.02:518][733]LogSavePackage:Display: Finished SavePackage ../../../../../../Users/jerye/Documents/Github Projects/Udemy_Pinball/Pinball/Content/Blueprints/PinballGameMode.uasset
[2021.10.26-04.18.03:547][794]Cmd: OBJ SAVEPACKAGE PACKAGE="/Game/Blueprints/PinballGameMode" FILE="../../../../../../Users/jerye/Documents/Github Projects/Udemy_Pinball/Pinball/Content/Blueprints/PinballGameMode.uasset" SILENT=true
[2021.10.26-04.18.03:581][794]LogSavePackage: Save=28.00ms
[2021.10.26-04.18.03:582][794]LogSavePackage: Moving '../../../../../../Users/jerye/Documents/Github Projects/Udemy_Pinball/Pinball/Saved/PinballGameMode102BF86B49E9409E36FA748DC81D5FEA.tmp' to '../../../../../../Users/jerye/Documents/Github Projects/Udemy_Pinball/Pinball/Content/Blueprints/PinballGameMode.uasset'
[2021.10.26-04.18.03:583][794]LogSavePackage:Display: Finished SavePackage ../../../../../../Users/jerye/Documents/Github Projects/Udemy_Pinball/Pinball/Content/Blueprints/PinballGameMode.uasset
[2021.10.26-04.19.34:727][ 89]BlueprintLog: New page: Compile PinballGameMode
[2021.10.26-04.19.35:900][151]Cmd: OBJ SAVEPACKAGE PACKAGE="/Game/Blueprints/PinballGameMode" FILE="../../../../../../Users/jerye/Documents/Github Projects/Udemy_Pinball/Pinball/Content/Blueprints/PinballGameMode.uasset" SILENT=true
[2021.10.26-04.19.35:936][151]LogSavePackage: Save=28.83ms
[2021.10.26-04.19.35:936][151]LogSavePackage: Moving '../../../../../../Users/jerye/Documents/Github Projects/Udemy_Pinball/Pinball/Saved/PinballGameModeF444C84D4A0FBE35BC043B9E44095FF2.tmp' to '../../../../../../Users/jerye/Documents/Github Projects/Udemy_Pinball/Pinball/Content/Blueprints/PinballGameMode.uasset'
[2021.10.26-04.19.35:938][151]LogSavePackage:Display: Finished SavePackage ../../../../../../Users/jerye/Documents/Github Projects/Udemy_Pinball/Pinball/Content/Blueprints/PinballGameMode.uasset
[2021.10.26-04.20.37:995][883]LogFileHelpers: Editor autosave (incl. sublevels) for '/Game/Maps/MainLevel' took 0.013
[2021.10.26-04.20.37:996][883]OBJ SavePackage: Generating thumbnails for [0] asset(s) in package [/Game/Blueprints/HighScoreEntry] ([1] browsable assets)...
[2021.10.26-04.20.37:996][883]OBJ SavePackage: Finished generating thumbnails for package [/Game/Blueprints/HighScoreEntry]
[2021.10.26-04.20.38:015][883]LogSavePackage: Save=11.12ms
[2021.10.26-04.20.38:015][883]LogSavePackage: Moving '../../../../../../Users/jerye/Documents/Github Projects/Udemy_Pinball/Pinball/Saved/HighScoreEntry_Auto2D15448854E01F1450DE82C83E1C11594.tmp' to '../../../../../../Users/jerye/Documents/Github Projects/Udemy_Pinball/Pinball/Saved/Autosaves/Game/Blueprints/HighScoreEntry_Auto2.uasset'
[2021.10.26-04.20.38:017][883]LogSavePackage:Display: Finished SavePackage ../../../../../../Users/jerye/Documents/Github Projects/Udemy_Pinball/Pinball/Saved/Autosaves/Game/Blueprints/HighScoreEntry_Auto2.uasset
[2021.10.26-04.20.38:017][883]LogFileHelpers: Auto-saving content packages took 0.022
[2021.10.26-04.21.12:693][603]BlueprintLog: New page: Compile HighScoreEntry
[2021.10.26-04.21.13:479][645]Cmd: OBJ SAVEPACKAGE PACKAGE="/Game/Blueprints/HighScoreEntry" FILE="../../../../../../Users/jerye/Documents/Github Projects/Udemy_Pinball/Pinball/Content/Blueprints/HighScoreEntry.uasset" SILENT=true
[2021.10.26-04.21.13:496][645]LogSavePackage: Save=9.57ms
[2021.10.26-04.21.13:496][645]LogSavePackage: Moving '../../../../../../Users/jerye/Documents/Github Projects/Udemy_Pinball/Pinball/Saved/HighScoreEntry19198CD04E46C0CC0906C4AFF61FA33D.tmp' to '../../../../../../Users/jerye/Documents/Github Projects/Udemy_Pinball/Pinball/Content/Blueprints/HighScoreEntry.uasset'
[2021.10.26-04.21.13:498][645]LogSavePackage:Display: Finished SavePackage ../../../../../../Users/jerye/Documents/Github Projects/Udemy_Pinball/Pinball/Content/Blueprints/HighScoreEntry.uasset
[2021.10.26-04.21.32:565][ 10]LogTemp: Repeting last play command: Selected Viewport
[2021.10.26-04.21.32:579][ 10]LogPlayLevel: PlayLevel: No blueprints needed recompiling
[2021.10.26-04.21.32:582][ 10]PIE: New page: PIE session: MainLevel (Oct 25, 2021, 8:21:32 PM)
[2021.10.26-04.21.32:582][ 10]LogPlayLevel: Creating play world package: /Game/Maps/UEDPIE_0_MainLevel
[2021.10.26-04.21.32:604][ 10]LogPlayLevel: PIE: StaticDuplicateObject took: (0.021239s)
[2021.10.26-04.21.32:605][ 10]LogAIModule: Creating AISystem for world MainLevel
[2021.10.26-04.21.32:605][ 10]LogPlayLevel: PIE: World Init took: (0.000841s)
[2021.10.26-04.21.32:605][ 10]LogPlayLevel: PIE: Created PIE world by copying editor world from /Game/Maps/MainLevel.MainLevel to /Game/Maps/UEDPIE_0_MainLevel.MainLevel (0.022642s)
[2021.10.26-04.21.32:631][ 10]LogInit: XAudio2 using 'Headphones (OnePlus Buds Z Stereo)' : 2 channels at 44.1 kHz using 16 bits per sample (channel mask 0x3)
[2021.10.26-04.21.32:639][ 10]LogInit: FAudioDevice initialized.
[2021.10.26-04.21.32:688][ 10]LogLoad: Game class is 'PinballGameMode_C'
[2021.10.26-04.21.32:691][ 10]LogWorld: Bringing World /Game/Maps/UEDPIE_0_MainLevel.MainLevel up for play (max tick rate 60) at 2021.10.26-00.21.32
[2021.10.26-04.21.32:694][ 10]LogWorld: Bringing up level for play took: 0.003909
[2021.10.26-04.21.32:802][ 10]LogContentBrowser: Native class hierarchy updated for 'MovieSceneCapture' in 0.0004 seconds. Added 11 classes and 0 folders.
[2021.10.26-04.21.32:809][ 10]PIE: Info Play in editor start time for /Game/Maps/UEDPIE_0_MainLevel 0.735
[2021.10.26-04.25.08:410][525]BlueprintLog: New page: Compile MainMenu
[2021.10.26-04.25.09:198][568]Cmd: OBJ SAVEPACKAGE PACKAGE="/Game/Blueprints/MainMenu" FILE="../../../../../../Users/jerye/Documents/Github Projects/Udemy_Pinball/Pinball/Content/Blueprints/MainMenu.uasset" SILENT=true
[2021.10.26-04.25.09:212][568]LogSavePackage: Save=5.78ms
[2021.10.26-04.25.09:212][568]LogSavePackage: Moving '../../../../../../Users/jerye/Documents/Github Projects/Udemy_Pinball/Pinball/Saved/MainMenu1D9A85804B8D6E8A9C638DA501517358.tmp' to '../../../../../../Users/jerye/Documents/Github Projects/Udemy_Pinball/Pinball/Content/Blueprints/MainMenu.uasset'
[2021.10.26-04.25.09:214][568]LogSavePackage:Display: Finished SavePackage ../../../../../../Users/jerye/Documents/Github Projects/Udemy_Pinball/Pinball/Content/Blueprints/MainMenu.uasset
[2021.10.26-04.25.12:195][747]LogTemp: Repeting last play command: Selected Viewport
[2021.10.26-04.25.12:208][747]LogPlayLevel: PlayLevel: No blueprints needed recompiling
[2021.10.26-04.25.12:208][747]PIE: New page: PIE session: MainLevel (Oct 25, 2021, 8:25:12 PM)
[2021.10.26-04.25.12:208][747]LogPlayLevel: Creating play world package: /Game/Maps/UEDPIE_0_MainLevel
[2021.10.26-04.25.12:212][747]LogPlayLevel: PIE: StaticDuplicateObject took: (0.003902s)
[2021.10.26-04.25.12:212][747]LogAIModule: Creating AISystem for world MainLevel
[2021.10.26-04.25.12:212][747]LogPlayLevel: PIE: World Init took: (0.000456s)
[2021.10.26-04.25.12:212][747]LogPlayLevel: PIE: Created PIE world by copying editor world from /Game/Maps/MainLevel.MainLevel to /Game/Maps/UEDPIE_0_MainLevel.MainLevel (0.004495s)
[2021.10.26-04.25.12:234][747]LogInit: XAudio2 using 'Headphones (OnePlus Buds Z Stereo)' : 2 channels at 44.1 kHz using 16 bits per sample (channel mask 0x3)
[2021.10.26-04.25.12:243][747]LogInit: FAudioDevice initialized.
[2021.10.26-04.25.12:276][747]LogLoad: Game class is 'PinballGameMode_C'
[2021.10.26-04.25.12:278][747]LogWorld: Bringing World /Game/Maps/UEDPIE_0_MainLevel.MainLevel up for play (max tick rate 60) at 2021.10.26-00.25.12
[2021.10.26-04.25.12:278][747]LogWorld: Bringing up level for play took: 0.001042
[2021.10.26-04.25.12:280][747]PIE: Info Play in editor start time for /Game/Maps/UEDPIE_0_MainLevel 0.206
[2021.10.26-04.26.00:658][626]Cmd: OBJ SAVEPACKAGE PACKAGE="/Game/Blueprints/PinballGameMode" FILE="../../../../../../Users/jerye/Documents/Github Projects/Udemy_Pinball/Pinball/Content/Blueprints/PinballGameMode.uasset" SILENT=true
[2021.10.26-04.26.00:698][626]LogSavePackage: Save=31.69ms
[2021.10.26-04.26.00:698][626]LogSavePackage: Moving '../../../../../../Users/jerye/Documents/Github Projects/Udemy_Pinball/Pinball/Saved/PinballGameMode1A3E506449E760A60356F1B675448C11.tmp' to '../../../../../../Users/jerye/Documents/Github Projects/Udemy_Pinball/Pinball/Content/Blueprints/PinballGameMode.uasset'
[2021.10.26-04.26.00:700][626]LogSavePackage:Display: Finished SavePackage ../../../../../../Users/jerye/Documents/Github Projects/Udemy_Pinball/Pinball/Content/Blueprints/PinballGameMode.uasset
[2021.10.26-04.27.40:024][458]BlueprintLog: New page: Compile PinballGameMode
[2021.10.26-04.27.40:917][502]Cmd: OBJ SAVEPACKAGE PACKAGE="/Game/Blueprints/PinballGameMode" FILE="../../../../../../Users/jerye/Documents/Github Projects/Udemy_Pinball/Pinball/Content/Blueprints/PinballGameMode.uasset" SILENT=true
[2021.10.26-04.27.40:956][502]LogSavePackage: Save=30.35ms
[2021.10.26-04.27.40:956][502]LogSavePackage: Moving '../../../../../../Users/jerye/Documents/Github Projects/Udemy_Pinball/Pinball/Saved/PinballGameModeE876F9A3493FE708AD46D583C17256E0.tmp' to '../../../../../../Users/jerye/Documents/Github Projects/Udemy_Pinball/Pinball/Content/Blueprints/PinballGameMode.uasset'
[2021.10.26-04.27.40:958][502]LogSavePackage:Display: Finished SavePackage ../../../../../../Users/jerye/Documents/Github Projects/Udemy_Pinball/Pinball/Content/Blueprints/PinballGameMode.uasset
[2021.10.26-04.29.25:028][497]BlueprintLog: New page: Compile MainMenu
[2021.10.26-04.29.25:853][538]Cmd: OBJ SAVEPACKAGE PACKAGE="/Game/Blueprints/MainMenu" FILE="../../../../../../Users/jerye/Documents/Github Projects/Udemy_Pinball/Pinball/Content/Blueprints/MainMenu.uasset" SILENT=true
[2021.10.26-04.29.25:868][538]LogSavePackage: Save=6.49ms
[2021.10.26-04.29.25:868][538]LogSavePackage: Moving '../../../../../../Users/jerye/Documents/Github Projects/Udemy_Pinball/Pinball/Saved/MainMenuA05EAC0D4B7365EA22CECE80D3FBD14C.tmp' to '../../../../../../Users/jerye/Documents/Github Projects/Udemy_Pinball/Pinball/Content/Blueprints/MainMenu.uasset'
[2021.10.26-04.29.25:870][538]LogSavePackage:Display: Finished SavePackage ../../../../../../Users/jerye/Documents/Github Projects/Udemy_Pinball/Pinball/Content/Blueprints/MainMenu.uasset
[2021.10.26-04.31.36:599][547]BlueprintLog: New page: Compile PinballGameMode
[2021.10.26-04.31.37:315][580]Cmd: OBJ SAVEPACKAGE PACKAGE="/Game/Blueprints/PinballGameMode" FILE="../../../../../../Users/jerye/Documents/Github Projects/Udemy_Pinball/Pinball/Content/Blueprints/PinballGameMode.uasset" SILENT=true
[2021.10.26-04.31.37:353][580]LogSavePackage: Save=29.13ms
[2021.10.26-04.31.37:353][580]LogSavePackage: Moving '../../../../../../Users/jerye/Documents/Github Projects/Udemy_Pinball/Pinball/Saved/PinballGameModeA146F8E24ABD58A0004B8E8C4AB54D88.tmp' to '../../../../../../Users/jerye/Documents/Github Projects/Udemy_Pinball/Pinball/Content/Blueprints/PinballGameMode.uasset'
[2021.10.26-04.31.37:355][580]LogSavePackage:Display: Finished SavePackage ../../../../../../Users/jerye/Documents/Github Projects/Udemy_Pinball/Pinball/Content/Blueprints/PinballGameMode.uasset
[2021.10.26-04.31.55:049][901]LogTemp: Repeting last play command: Selected Viewport
[2021.10.26-04.31.55:065][901]LogPlayLevel: PlayLevel: No blueprints needed recompiling
[2021.10.26-04.31.55:065][901]PIE: New page: PIE session: MainLevel (Oct 25, 2021, 8:31:55 PM)
[2021.10.26-04.31.55:065][901]LogPlayLevel: Creating play world package: /Game/Maps/UEDPIE_0_MainLevel
[2021.10.26-04.31.55:069][901]LogPlayLevel: PIE: StaticDuplicateObject took: (0.003929s)
[2021.10.26-04.31.55:070][901]LogAIModule: Creating AISystem for world MainLevel
[2021.10.26-04.31.55:070][901]LogPlayLevel: PIE: World Init took: (0.000535s)
[2021.10.26-04.31.55:070][901]LogPlayLevel: PIE: Created PIE world by copying editor world from /Game/Maps/MainLevel.MainLevel to /Game/Maps/UEDPIE_0_MainLevel.MainLevel (0.004608s)
[2021.10.26-04.31.55:091][901]LogInit: XAudio2 using 'Headphones (OnePlus Buds Z Stereo)' : 2 channels at 44.1 kHz using 16 bits per sample (channel mask 0x3)
[2021.10.26-04.31.55:099][901]LogInit: FAudioDevice initialized.
[2021.10.26-04.31.55:128][901]LogLoad: Game class is 'PinballGameMode_C'
[2021.10.26-04.31.55:131][901]LogWorld: Bringing World /Game/Maps/UEDPIE_0_MainLevel.MainLevel up for play (max tick rate 60) at 2021.10.26-00.31.55
[2021.10.26-04.31.55:131][901]LogWorld: Bringing up level for play took: 0.001178
[2021.10.26-04.31.55:133][901]PIE: Info Play in editor start time for /Game/Maps/UEDPIE_0_MainLevel 1.059
[2021.10.26-04.32.54:529][677]LogTemp: Repeting last play command: Selected Viewport
[2021.10.26-04.32.54:542][677]LogPlayLevel: PlayLevel: No blueprints needed recompiling
[2021.10.26-04.32.54:542][677]PIE: New page: PIE session: MainLevel (Oct 25, 2021, 8:32:54 PM)
[2021.10.26-04.32.54:543][677]LogPlayLevel: Creating play world package: /Game/Maps/UEDPIE_0_MainLevel
[2021.10.26-04.32.54:573][677]LogPlayLevel: PIE: StaticDuplicateObject took: (0.030245s)
[2021.10.26-04.32.54:573][677]LogAIModule: Creating AISystem for world MainLevel
[2021.10.26-04.32.54:574][677]LogPlayLevel: PIE: World Init took: (0.000461s)
[2021.10.26-04.32.54:574][677]LogPlayLevel: PIE: Created PIE world by copying editor world from /Game/Maps/MainLevel.MainLevel to /Game/Maps/UEDPIE_0_MainLevel.MainLevel (0.031008s)
[2021.10.26-04.32.54:596][677]LogInit: XAudio2 using 'Headphones (OnePlus Buds Z Stereo)' : 2 channels at 44.1 kHz using 16 bits per sample (channel mask 0x3)
[2021.10.26-04.32.54:604][677]LogInit: FAudioDevice initialized.
[2021.10.26-04.32.54:632][677]LogLoad: Game class is 'PinballGameMode_C'
[2021.10.26-04.32.54:635][677]LogWorld: Bringing World /Game/Maps/UEDPIE_0_MainLevel.MainLevel up for play (max tick rate 60) at 2021.10.26-00.32.54
[2021.10.26-04.32.54:635][677]LogWorld: Bringing up level for play took: 0.001067
[2021.10.26-04.32.54:636][677]PIE: Info Play in editor start time for /Game/Maps/UEDPIE_0_MainLevel 0.562
[2021.10.26-04.33.32:980][975]LogTemp: Repeting last play command: Selected Viewport
[2021.10.26-04.33.32:993][975]LogPlayLevel: PlayLevel: No blueprints needed recompiling
[2021.10.26-04.33.32:994][975]PIE: New page: PIE session: MainLevel (Oct 25, 2021, 8:33:32 PM)
[2021.10.26-04.33.32:994][975]LogPlayLevel: Creating play world package: /Game/Maps/UEDPIE_0_MainLevel
[2021.10.26-04.33.32:998][975]LogPlayLevel: PIE: StaticDuplicateObject took: (0.003689s)
[2021.10.26-04.33.32:998][975]LogAIModule: Creating AISystem for world MainLevel
[2021.10.26-04.33.32:998][975]LogPlayLevel: PIE: World Init took: (0.000412s)
[2021.10.26-04.33.32:998][975]LogPlayLevel: PIE: Created PIE world by copying editor world from /Game/Maps/MainLevel.MainLevel to /Game/Maps/UEDPIE_0_MainLevel.MainLevel (0.004336s)
[2021.10.26-04.33.33:019][975]LogInit: XAudio2 using 'Headphones (OnePlus Buds Z Stereo)' : 2 channels at 44.1 kHz using 16 bits per sample (channel mask 0x3)
[2021.10.26-04.33.33:025][975]LogInit: FAudioDevice initialized.
[2021.10.26-04.33.33:055][975]LogLoad: Game class is 'PinballGameMode_C'
[2021.10.26-04.33.33:057][975]LogWorld: Bringing World /Game/Maps/UEDPIE_0_MainLevel.MainLevel up for play (max tick rate 60) at 2021.10.26-00.33.33
[2021.10.26-04.33.33:057][975]LogWorld: Bringing up level for play took: 0.001043
[2021.10.26-04.33.33:059][975]PIE: Info Play in editor start time for /Game/Maps/UEDPIE_0_MainLevel 0.984
[2021.10.26-04.33.48:819][918]LogTemp: Repeting last play command: Selected Viewport
[2021.10.26-04.33.48:834][918]LogPlayLevel: PlayLevel: No blueprints needed recompiling
[2021.10.26-04.33.48:834][918]PIE: New page: PIE session: MainLevel (Oct 25, 2021, 8:33:48 PM)
[2021.10.26-04.33.48:834][918]LogPlayLevel: Creating play world package: /Game/Maps/UEDPIE_0_MainLevel
[2021.10.26-04.33.48:837][918]LogPlayLevel: PIE: StaticDuplicateObject took: (0.003259s)
[2021.10.26-04.33.48:837][918]LogAIModule: Creating AISystem for world MainLevel
[2021.10.26-04.33.48:837][918]LogPlayLevel: PIE: World Init took: (0.000403s)
[2021.10.26-04.33.48:838][918]LogPlayLevel: PIE: Created PIE world by copying editor world from /Game/Maps/MainLevel.MainLevel to /Game/Maps/UEDPIE_0_MainLevel.MainLevel (0.003855s)
[2021.10.26-04.33.48:859][918]LogInit: XAudio2 using 'Headphones (OnePlus Buds Z Stereo)' : 2 channels at 44.1 kHz using 16 bits per sample (channel mask 0x3)
[2021.10.26-04.33.48:865][918]LogInit: FAudioDevice initialized.
[2021.10.26-04.33.48:899][918]LogLoad: Game class is 'PinballGameMode_C'
[2021.10.26-04.33.48:901][918]LogWorld: Bringing World /Game/Maps/UEDPIE_0_MainLevel.MainLevel up for play (max tick rate 60) at 2021.10.26-00.33.48
[2021.10.26-04.33.48:901][918]LogWorld: Bringing up level for play took: 0.001131
[2021.10.26-04.33.48:905][918]PIE: Info Play in editor start time for /Game/Maps/UEDPIE_0_MainLevel 0.83
[2021.10.26-04.33.56:261][357]LogTemp: Repeting last play command: Selected Viewport
[2021.10.26-04.33.56:274][357]LogPlayLevel: PlayLevel: No blueprints needed recompiling
[2021.10.26-04.33.56:274][357]PIE: New page: PIE session: MainLevel (Oct 25, 2021, 8:33:56 PM)
[2021.10.26-04.33.56:274][357]LogPlayLevel: Creating play world package: /Game/Maps/UEDPIE_0_MainLevel
[2021.10.26-04.33.56:278][357]LogPlayLevel: PIE: StaticDuplicateObject took: (0.003745s)
[2021.10.26-04.33.56:279][357]LogAIModule: Creating AISystem for world MainLevel
[2021.10.26-04.33.56:279][357]LogPlayLevel: PIE: World Init took: (0.000452s)
[2021.10.26-04.33.56:279][357]LogPlayLevel: PIE: Created PIE world by copying editor world from /Game/Maps/MainLevel.MainLevel to /Game/Maps/UEDPIE_0_MainLevel.MainLevel (0.004330s)
[2021.10.26-04.33.56:299][357]LogInit: XAudio2 using 'Headphones (OnePlus Buds Z Stereo)' : 2 channels at 44.1 kHz using 16 bits per sample (channel mask 0x3)
[2021.10.26-04.33.56:306][357]LogInit: FAudioDevice initialized.
[2021.10.26-04.33.56:340][357]LogLoad: Game class is 'PinballGameMode_C'
[2021.10.26-04.33.56:342][357]LogWorld: Bringing World /Game/Maps/UEDPIE_0_MainLevel.MainLevel up for play (max tick rate 60) at 2021.10.26-00.33.56
[2021.10.26-04.33.56:342][357]LogWorld: Bringing up level for play took: 0.000970
[2021.10.26-04.33.56:344][357]PIE: Info Play in editor start time for /Game/Maps/UEDPIE_0_MainLevel 0.27
[2021.10.26-04.41.19:697][ 74]Cmd: OBJ SAVEPACKAGE PACKAGE="/Game/Blueprints/HighScoreEntry" FILE="../../../../../../Users/jerye/Documents/Github Projects/Udemy_Pinball/Pinball/Content/Blueprints/HighScoreEntry.uasset" SILENT=true
[2021.10.26-04.41.19:721][ 74]LogSavePackage: Save=11.33ms
[2021.10.26-04.41.19:721][ 74]LogSavePackage: Moving '../../../../../../Users/jerye/Documents/Github Projects/Udemy_Pinball/Pinball/Saved/HighScoreEntry722A3AAB4833FE8631F55D88CCAB7E6F.tmp' to '../../../../../../Users/jerye/Documents/Github Projects/Udemy_Pinball/Pinball/Content/Blueprints/HighScoreEntry.uasset'
[2021.10.26-04.41.19:722][ 74]LogSavePackage:Display: Finished SavePackage ../../../../../../Users/jerye/Documents/Github Projects/Udemy_Pinball/Pinball/Content/Blueprints/HighScoreEntry.uasset
[2021.10.26-04.41.22:714][251]Cmd: OBJ SAVEPACKAGE PACKAGE="/Game/Blueprints/PinballGameMode" FILE="../../../../../../Users/jerye/Documents/Github Projects/Udemy_Pinball/Pinball/Content/Blueprints/PinballGameMode.uasset" SILENT=true
[2021.10.26-04.41.22:758][251]LogSavePackage: Save=30.49ms
[2021.10.26-04.41.22:758][251]LogSavePackage: Moving '../../../../../../Users/jerye/Documents/Github Projects/Udemy_Pinball/Pinball/Saved/PinballGameModeE13FB1DE4A231B846DCA3DB2B6842565.tmp' to '../../../../../../Users/jerye/Documents/Github Projects/Udemy_Pinball/Pinball/Content/Blueprints/PinballGameMode.uasset'
[2021.10.26-04.41.22:759][251]LogSavePackage:Display: Finished SavePackage ../../../../../../Users/jerye/Documents/Github Projects/Udemy_Pinball/Pinball/Content/Blueprints/PinballGameMode.uasset
[2021.10.26-04.41.24:730][369]Cmd: OBJ SAVEPACKAGE PACKAGE="/Game/Blueprints/MainMenu" FILE="../../../../../../Users/jerye/Documents/Github Projects/Udemy_Pinball/Pinball/Content/Blueprints/MainMenu.uasset" SILENT=true
[2021.10.26-04.41.24:746][369]LogSavePackage: Save=7.15ms
[2021.10.26-04.41.24:746][369]LogSavePackage: Moving '../../../../../../Users/jerye/Documents/Github Projects/Udemy_Pinball/Pinball/Saved/MainMenu2D76165D422A2AD964D580A8CF7E5FED.tmp' to '../../../../../../Users/jerye/Documents/Github Projects/Udemy_Pinball/Pinball/Content/Blueprints/MainMenu.uasset'
[2021.10.26-04.41.24:747][369]LogSavePackage:Display: Finished SavePackage ../../../../../../Users/jerye/Documents/Github Projects/Udemy_Pinball/Pinball/Content/Blueprints/MainMenu.uasset
[2021.10.26-04.41.26:972][498]LogSavePackage: Save=34.22ms
[2021.10.26-04.41.26:972][498]LogSavePackage: Moving '../../../../../../Users/jerye/Documents/Github Projects/Udemy_Pinball/Pinball/Saved/MainLevel3741B977445DFCC571F2A5A0CAB5917A.tmp' to '../../../../../../Users/jerye/Documents/Github Projects/Udemy_Pinball/Pinball/Content/Maps/MainLevel.umap'
[2021.10.26-04.41.26:973][498]LogSavePackage:Display: Finished SavePackage ../../../../../../Users/jerye/Documents/Github Projects/Udemy_Pinball/Pinball/Content/Maps/MainLevel.umap
[2021.10.26-04.41.35:951][ 15]Cmd: QUIT_EDITOR
[2021.10.26-04.41.36:831][ 15]LogWindowsTextInputMethodSystem:Display: IME system now deactivated.
[2021.10.26-04.41.36:853][ 15]LogExit: Preparing to exit.
[2021.10.26-04.41.37:615][ 15]LogDirectoryWatcher: A directory notification for 'C:/Users/jerye/Documents/Github Projects/Udemy_Pinball/Pinball/Content/' was aborted.
[2021.10.26-04.41.37:689][ 15]LogExit: Editor shut down
[2021.10.26-04.41.37:690][ 15]LogExit: Transaction tracking system shut down
[2021.10.26-04.41.37:821][ 15]LogObj: Freed 0b from 0 cluster array pools.
[2021.10.26-04.41.37:821][ 15]LogExit: Object subsystem successfully closed.
[2021.10.26-04.41.37:845][ 15]LogD3D11RHI: Shutdown
[2021.10.26-04.41.37:845][ 15]LogD3D11RHI: CleanupD3DDevice
[2021.10.26-04.41.37:945][ 15]LogD3D11RHI: ~FD3D11DynamicRHI
[2021.10.26-04.41.37:978][ 15]LogHttp:Display: Http module shutting down, but needs to wait on 2 outstanding Http requests:
[2021.10.26-04.41.37:978][ 15]LogHttp:Display: 	verb=[POST] url=[https://datarouter.ol.epicgames.com/datarouter/api/v1/public/data?SessionID=%7B102BAD39-4E51-3D0E-6EFD-2BBF79EEA106%7D&AppID=UEEditor.Rocket.Release&AppVersion=4.14.3-3249277%2B%2B%2BUE4%2BRelease-4.14&UserID=7db31ef3424040b5127926acd693b607%7Cf5476c74213e466690d5d7ff3df1aed1%7Cea129a08-4feb-40de-8b03-1ae58b7a3fb5&AppEnvironment=datacollector-binary&UploadType=eteventstream] status=Processing
[2021.10.26-04.41.37:978][ 15]LogHttp:Display: 	verb=[POST] url=[https://datarouter.ol.epicgames.com/datarouter/api/v1/public/data?SessionID=%7B102BAD39-4E51-3D0E-6EFD-2BBF79EEA106%7D&AppID=UEEditor.Rocket.Release&AppVersion=4.14.3-3249277%2B%2B%2BUE4%2BRelease-4.14&UserID=7db31ef3424040b5127926acd693b607%7Cf5476c74213e466690d5d7ff3df1aed1%7Cea129a08-4feb-40de-8b03-1ae58b7a3fb5&AppEnvironment=datacollector-binary&UploadType=eteventstream] status=Processing
[2021.10.26-04.41.37:983][ 15]LogModuleManager: Shutting down and abandoning module MovieSceneCapture (245)
[2021.10.26-04.41.37:984][ 15]LogModuleManager: Shutting down and abandoning module SequencerWidgets (244)
[2021.10.26-04.41.37:984][ 15]LogModuleManager: Shutting down and abandoning module BlueprintGraph (243)
[2021.10.26-04.41.37:984][ 15]LogModuleManager: Shutting down and abandoning module BlueprintProfiler (242)
[2021.10.26-04.41.37:984][ 15]LogModuleManager: Shutting down and abandoning module HierarchicalLODOutliner (241)
[2021.10.26-04.41.37:985][ 15]LogModuleManager: Shutting down and abandoning module CrashTracker (240)
[2021.10.26-04.41.37:985][ 15]LogModuleManager: Shutting down and abandoning module SceneOutliner (239)
[2021.10.26-04.41.37:985][ 15]LogModuleManager: Shutting down and abandoning module WidgetCarousel (238)
[2021.10.26-04.41.37:985][ 15]LogModuleManager: Shutting down and abandoning module AddContentDialog (237)
[2021.10.26-04.41.37:985][ 15]LogDirectoryWatcher: A directory notification for 'C:/Program Files/Epic Games/UE_4.14/FeaturePacks/' was aborted.
[2021.10.26-04.41.37:988][ 15]LogModuleManager: Shutting down and abandoning module GameplayTags (236)
[2021.10.26-04.41.37:989][ 15]LogModuleManager: Shutting down and abandoning module EditorWidgets (235)
[2021.10.26-04.41.37:989][ 15]LogModuleManager: Shutting down and abandoning module CollectionManager (234)
[2021.10.26-04.41.37:989][ 15]LogDirectoryWatcher: A directory notification for 'C:/Users/jerye/Documents/Github Projects/Udemy_Pinball/Pinball/Content/Collections/' was aborted.
[2021.10.26-04.41.37:989][ 15]LogDirectoryWatcher: A directory notification for 'C:/Users/jerye/Documents/Github Projects/Udemy_Pinball/Pinball/Content/Developers/jerye/Collections/' was aborted.
[2021.10.26-04.41.37:989][ 15]LogDirectoryWatcher: A directory notification for 'C:/Users/jerye/Documents/Github Projects/Udemy_Pinball/Pinball/Saved/Collections/' was aborted.
[2021.10.26-04.41.37:989][ 15]LogModuleManager: Shutting down and abandoning module StatsViewer (233)
[2021.10.26-04.41.37:990][ 15]LogModuleManager: Shutting down and abandoning module FoliageEdit (232)
[2021.10.26-04.41.37:990][ 15]LogModuleManager: Shutting down and abandoning module LandscapeEditor (231)
[2021.10.26-04.41.37:990][ 15]LogModuleManager: Shutting down and abandoning module SceneDepthPickerMode (230)
[2021.10.26-04.41.37:990][ 15]LogModuleManager: Shutting down and abandoning module ActorPickerMode (229)
[2021.10.26-04.41.37:990][ 15]LogModuleManager: Shutting down and abandoning module GeometryMode (228)
[2021.10.26-04.41.37:990][ 15]LogModuleManager: Shutting down and abandoning module TextureAlignMode (227)
[2021.10.26-04.41.37:990][ 15]LogModuleManager: Shutting down and abandoning module BspMode (226)
[2021.10.26-04.41.37:991][ 15]LogModuleManager: Shutting down and abandoning module HardwareSurvey (225)
[2021.10.26-04.41.37:991][ 15]LogModuleManager: Shutting down and abandoning module SequenceRecorderSections (224)
[2021.10.26-04.41.37:991][ 15]LogModuleManager: Shutting down and abandoning module AutomationWorker (223)
[2021.10.26-04.41.37:991][ 15]LogModuleManager: Shutting down and abandoning module MatineeToLevelSequence (222)
[2021.10.26-04.41.37:992][ 15]LogModuleManager: Shutting down and abandoning module PlacementMode (221)
[2021.10.26-04.41.37:992][ 15]LogModuleManager: Shutting down and abandoning module LevelSequenceEditor (220)
[2021.10.26-04.41.37:993][ 15]LogModuleManager: Shutting down and abandoning module WmfMediaFactory (219)
[2021.10.26-04.41.37:993][ 15]LogModuleManager: Shutting down and abandoning module WmfMediaEditor (218)
[2021.10.26-04.41.37:993][ 15]LogModuleManager: Shutting down and abandoning module AvfMediaFactory (217)
[2021.10.26-04.41.37:993][ 15]LogModuleManager: Shutting down and abandoning module AvfMediaEditor (216)
[2021.10.26-04.41.37:993][ 15]LogModuleManager: Shutting down and abandoning module Media (215)
[2021.10.26-04.41.37:993][ 15]LogModuleManager: Shutting down and abandoning module AndroidMediaFactory (214)
[2021.10.26-04.41.37:993][ 15]LogModuleManager: Shutting down and abandoning module AndroidMediaEditor (213)
[2021.10.26-04.41.37:993][ 15]LogModuleManager: Shutting down and abandoning module CharacterAI (212)
[2021.10.26-04.41.37:993][ 15]LogModuleManager: Shutting down and abandoning module SequenceRecorder (211)
[2021.10.26-04.41.37:993][ 15]LogModuleManager: Shutting down and abandoning module AudioCapture (210)
[2021.10.26-04.41.37:993][ 15]LogModuleManager: Shutting down and abandoning module SmartSnapping (209)
[2021.10.26-04.41.37:993][ 15]LogModuleManager: Shutting down and abandoning module SessionServices (208)
[2021.10.26-04.41.37:993][ 15]LogModuleManager: Shutting down and abandoning module ViewportSnapping (207)
[2021.10.26-04.41.37:993][ 15]LogModuleManager: Shutting down and abandoning module ViewportInteraction (206)
[2021.10.26-04.41.37:993][ 15]LogModuleManager: Shutting down and abandoning module LogVisualizer (205)
[2021.10.26-04.41.37:994][ 15]LogModuleManager: Shutting down and abandoning module GameProjectGeneration (204)
[2021.10.26-04.41.37:995][ 15]LogModuleManager: Shutting down and abandoning module IntroTutorials (203)
[2021.10.26-04.41.37:996][ 15]LogModuleManager: Shutting down and abandoning module EditorLiveStreaming (202)
[2021.10.26-04.41.37:996][ 15]LogModuleManager: Shutting down and abandoning module IOSPlatformEditor (201)
[2021.10.26-04.41.37:996][ 15]LogModuleManager: Shutting down and abandoning module HTML5PlatformEditor (200)
[2021.10.26-04.41.37:996][ 15]LogModuleManager: Shutting down and abandoning module AndroidDeviceDetection (199)
[2021.10.26-04.41.38:564][ 15]LogModuleManager: Shutting down and abandoning module AndroidPlatformEditor (198)
[2021.10.26-04.41.38:565][ 15]LogModuleManager: Shutting down and abandoning module IOSRuntimeSettings (197)
[2021.10.26-04.41.38:565][ 15]LogModuleManager: Shutting down and abandoning module AndroidRuntimeSettings (196)
[2021.10.26-04.41.38:565][ 15]LogModuleManager: Shutting down and abandoning module InputBindingEditor (195)
[2021.10.26-04.41.38:565][ 15]LogModuleManager: Shutting down and abandoning module NiagaraEditor (194)
[2021.10.26-04.41.38:566][ 15]LogModuleManager: Shutting down and abandoning module MergeActors (193)
[2021.10.26-04.41.38:566][ 15]LogModuleManager: Shutting down and abandoning module SizeMap (192)
[2021.10.26-04.41.38:567][ 15]LogModuleManager: Shutting down and abandoning module TreeMap (191)
[2021.10.26-04.41.38:567][ 15]LogModuleManager: Shutting down and abandoning module ReferenceViewer (190)
[2021.10.26-04.41.38:567][ 15]LogModuleManager: Shutting down and abandoning module LocalizationService (189)
[2021.10.26-04.41.38:567][ 15]LogModuleManager: Shutting down and abandoning module LocalizationDashboard (188)
[2021.10.26-04.41.38:568][ 15]LogModuleManager: Shutting down and abandoning module HardwareTargeting (187)
[2021.10.26-04.41.38:568][ 15]LogModuleManager: Shutting down and abandoning module DeviceProfileEditor (186)
[2021.10.26-04.41.38:568][ 15]LogModuleManager: Shutting down and abandoning module UndoHistory (185)
[2021.10.26-04.41.38:568][ 15]LogModuleManager: Shutting down and abandoning module UserFeedback (184)
[2021.10.26-04.41.38:568][ 15]LogModuleManager: Shutting down and abandoning module XmlParser (183)
[2021.10.26-04.41.38:568][ 15]LogModuleManager: Shutting down and abandoning module Blutility (182)
[2021.10.26-04.41.38:569][ 15]LogModuleManager: Shutting down and abandoning module ProjectTargetPlatformEditor (181)
[2021.10.26-04.41.38:569][ 15]LogModuleManager: Shutting down and abandoning module ProjectSettingsViewer (180)
[2021.10.26-04.41.38:569][ 15]LogModuleManager: Shutting down and abandoning module EditorSettingsViewer (179)
[2021.10.26-04.41.38:569][ 15]LogModuleManager: Shutting down and abandoning module SettingsEditor (178)
[2021.10.26-04.41.38:570][ 15]LogModuleManager: Shutting down and abandoning module ProjectLauncher (177)
[2021.10.26-04.41.38:570][ 15]LogModuleManager: Shutting down and abandoning module SessionFrontend (176)
[2021.10.26-04.41.38:570][ 15]LogModuleManager: Shutting down and abandoning module ProfilerClient (175)
[2021.10.26-04.41.38:571][ 15]LogModuleManager: Shutting down and abandoning module TargetDeviceServices (174)
[2021.10.26-04.41.38:571][ 15]LogModuleManager: Shutting down and abandoning module DeviceManager (173)
[2021.10.26-04.41.38:604][ 15]LogModuleManager: Shutting down and abandoning module AutomationController (172)
[2021.10.26-04.41.38:605][ 15]LogModuleManager: Shutting down and abandoning module AutomationWindow (171)
[2021.10.26-04.41.38:606][ 15]LogModuleManager: Shutting down and abandoning module Layers (170)
[2021.10.26-04.41.38:607][ 15]LogModuleManager: Shutting down and abandoning module ComponentVisualizers (169)
[2021.10.26-04.41.38:607][ 15]LogModuleManager: Shutting down and abandoning module DetailCustomizations (168)
[2021.10.26-04.41.38:608][ 15]LogModuleManager: Shutting down and abandoning module PackagesDialog (167)
[2021.10.26-04.41.38:608][ 15]LogModuleManager: Shutting down and abandoning module AnimGraph (166)
[2021.10.26-04.41.38:608][ 15]LogModuleManager: Shutting down and abandoning module Persona (165)
[2021.10.26-04.41.38:608][ 15]LogModuleManager: Shutting down and abandoning module Kismet (164)
[2021.10.26-04.41.38:613][ 15]LogModuleManager: Shutting down and abandoning module GraphEditor (163)
[2021.10.26-04.41.38:613][ 15]LogModuleManager: Shutting down and abandoning module ClassViewer (162)
[2021.10.26-04.41.38:614][ 15]LogModuleManager: Shutting down and abandoning module Toolbox (161)
[2021.10.26-04.41.38:614][ 15]LogModuleManager: Shutting down and abandoning module ModuleUI (160)
[2021.10.26-04.41.38:614][ 15]LogModuleManager: Shutting down and abandoning module MovieSceneTools (159)
[2021.10.26-04.41.38:614][ 15]LogModuleManager: Shutting down and abandoning module OutputLog (158)
[2021.10.26-04.41.38:615][ 15]LogModuleManager: Shutting down and abandoning module GammaUI (157)
[2021.10.26-04.41.38:615][ 15]LogModuleManager: Shutting down and abandoning module Documentation (156)
[2021.10.26-04.41.38:615][ 15]LogModuleManager: Shutting down and abandoning module Niagara (155)
[2021.10.26-04.41.38:615][ 15]LogModuleManager: Shutting down and abandoning module StreamingPauseRendering (154)
[2021.10.26-04.41.38:615][ 15]LogModuleManager: Shutting down and abandoning module AnalyticsET (153)
[2021.10.26-04.41.38:615][ 15]LogModuleManager: Shutting down and abandoning module PortalServices (152)
[2021.10.26-04.41.38:615][ 15]LogModuleManager: Shutting down and abandoning module PortalRpc (151)
[2021.10.26-04.41.38:615][ 15]LogModuleManager: Shutting down and abandoning module MessagingRpc (150)
[2021.10.26-04.41.38:615][ 15]LogModuleManager: Shutting down and abandoning module GameplayDebugger (149)
[2021.10.26-04.41.38:615][ 15]LogModuleManager: Shutting down and abandoning module AITestSuite (148)
[2021.10.26-04.41.38:615][ 15]LogModuleManager: Shutting down and abandoning module AIModule (147)
[2021.10.26-04.41.38:615][ 15]LogModuleManager: Shutting down and abandoning module ProfilerService (146)
[2021.10.26-04.41.38:740][ 15]LogModuleManager: Shutting down and abandoning module TaskGraph (145)
[2021.10.26-04.41.38:742][ 15]LogModuleManager: Shutting down and abandoning module SlateRemote (144)
[2021.10.26-04.41.38:742][ 15]LogModuleManager: Shutting down and abandoning module SteamVRController (143)
[2021.10.26-04.41.38:742][ 15]LogModuleManager: Shutting down and abandoning module SteamVR (142)
[2021.10.26-04.41.38:742][ 15]LogModuleManager: Shutting down and abandoning module ProceduralMeshComponentEditor (141)
[2021.10.26-04.41.38:742][ 15]LogModuleManager: Shutting down and abandoning module ProceduralMeshComponent (140)
[2021.10.26-04.41.38:742][ 15]LogModuleManager: Shutting down and abandoning module OculusLibrary (139)
[2021.10.26-04.41.38:742][ 15]LogModuleManager: Shutting down and abandoning module OculusInput (138)
[2021.10.26-04.41.38:742][ 15]LogModuleManager: Shutting down and abandoning module MobilePatchingUtils (137)
[2021.10.26-04.41.38:742][ 15]LogModuleManager: Shutting down and abandoning module CustomMeshComponent (136)
[2021.10.26-04.41.38:742][ 15]LogModuleManager: Shutting down and abandoning module CableComponent (135)
[2021.10.26-04.41.38:742][ 15]LogModuleManager: Shutting down and abandoning module ArchVisCharacter (134)
[2021.10.26-04.41.38:742][ 15]LogModuleManager: Shutting down and abandoning module MediaPlayerEditor (132)
[2021.10.26-04.41.38:744][ 15]LogModuleManager: Shutting down and abandoning module HTML5Networking (131)
[2021.10.26-04.41.38:744][ 15]LogModuleManager: Shutting down and abandoning module GeometryCacheEd (130)
[2021.10.26-04.41.38:744][ 15]LogModuleManager: Shutting down and abandoning module GeometryCache (129)
[2021.10.26-04.41.38:744][ 15]LogModuleManager: Shutting down and abandoning module AlembicLibrary (128)
[2021.10.26-04.41.38:744][ 15]LogModuleManager: Shutting down and abandoning module AlembicImporter (127)
[2021.10.26-04.41.38:744][ 15]LogModuleManager: Shutting down and abandoning module SuperSearch (126)
[2021.10.26-04.41.38:744][ 15]LogModuleManager: Shutting down and abandoning module SuperSearchEditor (125)
[2021.10.26-04.41.38:744][ 15]LogModuleManager: Shutting down and abandoning module SpeedTreeImporter (124)
[2021.10.26-04.41.38:744][ 15]LogModuleManager: Shutting down and abandoning module PluginBrowser (123)
[2021.10.26-04.41.38:745][ 15]LogModuleManager: Shutting down and abandoning module MobileLauncherProfileWizard (122)
[2021.10.26-04.41.38:745][ 15]LogModuleManager: Shutting down and abandoning module EpicSurvey (121)
[2021.10.26-04.41.38:745][ 15]LogModuleManager: Shutting down and abandoning module DesktopPlatform (120)
[2021.10.26-04.41.38:745][ 15]LogModuleManager: Shutting down and abandoning module VisualStudioSourceCodeAccess (119)
[2021.10.26-04.41.38:746][ 15]LogModuleManager: Shutting down and abandoning module UObjectPlugin (118)
[2021.10.26-04.41.38:746][ 15]LogModuleManager: Shutting down and abandoning module SubversionSourceControl (117)
[2021.10.26-04.41.38:746][ 15]LogModuleManager: Shutting down and abandoning module PerforceSourceControl (116)
[2021.10.26-04.41.38:747][ 15]LogModuleManager: Shutting down and abandoning module SourceControl (115)
[2021.10.26-04.41.38:748][ 15]LogModuleManager: Shutting down and abandoning module GitSourceControl (114)
[2021.10.26-04.41.38:748][ 15]LogModuleManager: Shutting down and abandoning module LightPropagationVolumeEditor (113)
[2021.10.26-04.41.38:748][ 15]LogModuleManager: Shutting down and abandoning module PaperTiledImporter (112)
[2021.10.26-04.41.38:748][ 15]LogModuleManager: Shutting down and abandoning module PaperSpriteSheetImporter (111)
[2021.10.26-04.41.38:748][ 15]LogModuleManager: Shutting down and abandoning module MeshPaint (110)
[2021.10.26-04.41.38:748][ 15]LogModuleManager: Shutting down and abandoning module PixelInspectorModule (109)
[2021.10.26-04.41.38:748][ 15]LogModuleManager: Shutting down and abandoning module HotReload (108)
[2021.10.26-04.41.38:749][ 15]LogModuleManager: Shutting down and abandoning module MainFrame (107)
[2021.10.26-04.41.38:749][ 15]LogModuleManager: Shutting down and abandoning module LevelEditor (106)
[2021.10.26-04.41.38:750][ 15]LogModuleManager: Shutting down and abandoning module ContentBrowser (105)
[2021.10.26-04.41.38:751][ 15]LogModuleManager: Shutting down and abandoning module Paper2DEditor (104)
[2021.10.26-04.41.38:751][ 15]LogModuleManager: Shutting down and abandoning module UdpMessaging (103)
[2021.10.26-04.41.38:853][ 15]LogModuleManager: Shutting down and abandoning module TcpMessaging (102)
[2021.10.26-04.41.38:954][ 15]LogModuleManager: Shutting down and abandoning module LightPropagationVolumeRuntime (101)
[2021.10.26-04.41.38:954][ 15]LogModuleManager: Shutting down and abandoning module Paper2D (100)
[2021.10.26-04.41.38:954][ 15]LogModuleManager: Shutting down and abandoning module WindowsMoviePlayer (99)
[2021.10.26-04.41.38:954][ 15]LogModuleManager: Shutting down and abandoning module WmfMedia (98)
[2021.10.26-04.41.38:954][ 15]LogModuleManager: Shutting down and abandoning module MediaAssets (97)
[2021.10.26-04.41.38:954][ 15]LogModuleManager: Shutting down and abandoning module GameLiveStreaming (96)
[2021.10.26-04.41.38:955][ 15]LogModuleManager: Shutting down and abandoning module GameplayTagsEditor (95)
[2021.10.26-04.41.38:955][ 15]LogModuleManager: Shutting down and abandoning module VREditor (94)
[2021.10.26-04.41.38:955][ 15]LogModuleManager: Shutting down and abandoning module GameplayTasksEditor (93)
[2021.10.26-04.41.38:955][ 15]LogModuleManager: Shutting down and abandoning module BehaviorTreeEditor (92)
[2021.10.26-04.41.38:956][ 15]LogModuleManager: Shutting down and abandoning module FunctionalTesting (91)
[2021.10.26-04.41.38:956][ 15]LogModuleManager: Shutting down and abandoning module CollisionAnalyzer (90)
[2021.10.26-04.41.38:957][ 15]LogModuleManager: Shutting down and abandoning module Sequencer (89)
[2021.10.26-04.41.38:957][ 15]LogModuleManager: Shutting down and abandoning module WorkspaceMenuStructure (88)
[2021.10.26-04.41.38:957][ 15]LogModuleManager: Shutting down and abandoning module MessageLog (87)
[2021.10.26-04.41.38:957][ 15]LogModuleManager: Shutting down and abandoning module AssetTools (86)
[2021.10.26-04.41.38:958][ 15]LogModuleManager: Shutting down and abandoning module UMGEditor (85)
[2021.10.26-04.41.38:958][ 15]LogModuleManager: Shutting down and abandoning module UMG (84)
[2021.10.26-04.41.38:958][ 15]LogModuleManager: Shutting down and abandoning module SlateReflector (83)
[2021.10.26-04.41.38:959][ 15]LogModuleManager: Shutting down and abandoning module Slate (82)
[2021.10.26-04.41.38:959][ 15]LogModuleManager: Shutting down and abandoning module EditorStyle (81)
[2021.10.26-04.41.38:962][ 15]LogModuleManager: Shutting down and abandoning module SourceCodeAccess (80)
[2021.10.26-04.41.38:962][ 15]LogModuleManager: Shutting down and abandoning module HeadMountedDisplay (79)
[2021.10.26-04.41.38:962][ 15]LogModuleManager: Shutting down and abandoning module XAudio2 (78)
[2021.10.26-04.41.38:962][ 15]LogModuleManager: Shutting down and abandoning module Networking (76)
[2021.10.26-04.41.38:962][ 15]LogModuleManager: Shutting down and abandoning module Core (75)
[2021.10.26-04.41.38:962][ 15]LogModuleManager: Shutting down and abandoning module DirectoryWatcher (74)
[2021.10.26-04.41.38:962][ 15]LogDirectoryWatcher: A directory notification for '../../../Engine/Content/' was aborted.
[2021.10.26-04.41.38:962][ 15]LogDirectoryWatcher: A directory notification for '../../../../../../Users/jerye/Documents/Github Projects/Udemy_Pinball/Pinball/Content/' was aborted.
[2021.10.26-04.41.38:962][ 15]LogDirectoryWatcher: A directory notification for '../../../Engine/Plugins/2D/Paper2D/Content/' was aborted.
[2021.10.26-04.41.38:966][ 15]LogModuleManager: Shutting down and abandoning module AssetRegistry (73)
[2021.10.26-04.41.39:153][ 15]LogModuleManager: Shutting down and abandoning module KismetCompiler (72)
[2021.10.26-04.41.39:153][ 15]LogModuleManager: Shutting down and abandoning module PhysXFormats (71)
[2021.10.26-04.41.39:153][ 15]LogModuleManager: Shutting down and abandoning module SimplygonSwarm (70)
[2021.10.26-04.41.39:153][ 15]LogModuleManager: Shutting down and abandoning module SimplygonMeshReduction (69)
[2021.10.26-04.41.39:154][ 15]LogModuleManager: Shutting down and abandoning module QuadricMeshReduction (68)
[2021.10.26-04.41.39:154][ 15]LogModuleManager: Shutting down and abandoning module PropertyEditor (67)
[2021.10.26-04.41.39:154][ 15]LogModuleManager: Shutting down and abandoning module MeshUtilities (66)
[2021.10.26-04.41.39:155][ 15]LogModuleManager: Shutting down and abandoning module DerivedDataCache (65)
[2021.10.26-04.41.39:167][ 15]LogDerivedDataCache: Shutdown
[2021.10.26-04.41.39:167][ 15]LogModuleManager: Shutting down and abandoning module VulkanShaderFormat (64)
[2021.10.26-04.41.39:167][ 15]LogModuleManager: Shutting down and abandoning module ShaderFormatOpenGL (63)
[2021.10.26-04.41.39:168][ 15]LogModuleManager: Shutting down and abandoning module ShaderFormatD3D (62)
[2021.10.26-04.41.39:168][ 15]LogModuleManager: Shutting down and abandoning module MetalShaderFormat (61)
[2021.10.26-04.41.39:168][ 15]LogModuleManager: Shutting down and abandoning module TextureFormatUncompressed (60)
[2021.10.26-04.41.39:168][ 15]LogModuleManager: Shutting down and abandoning module TextureFormatPVR (59)
[2021.10.26-04.41.39:169][ 15]LogModuleManager: Shutting down and abandoning module TextureFormatDXT (58)
[2021.10.26-04.41.39:169][ 15]LogModuleManager: Shutting down and abandoning module TextureFormatIntelISPCTexComp (57)
[2021.10.26-04.41.39:170][ 15]LogModuleManager: Shutting down and abandoning module ImageWrapper (56)
[2021.10.26-04.41.39:170][ 15]LogModuleManager: Shutting down and abandoning module TextureFormatASTC (55)
[2021.10.26-04.41.39:170][ 15]LogModuleManager: Shutting down and abandoning module TextureFormatAndroid (54)
[2021.10.26-04.41.39:170][ 15]LogModuleManager: Shutting down and abandoning module AudioFormatOpus (53)
[2021.10.26-04.41.39:170][ 15]LogModuleManager: Shutting down and abandoning module AudioFormatOgg (52)
[2021.10.26-04.41.39:170][ 15]LogModuleManager: Shutting down and abandoning module AudioFormatADPCM (51)
[2021.10.26-04.41.39:170][ 15]LogModuleManager: Shutting down and abandoning module LinuxTargetPlatform (50)
[2021.10.26-04.41.39:170][ 15]LogModuleManager: Shutting down and abandoning module LinuxServerTargetPlatform (49)
[2021.10.26-04.41.39:170][ 15]LogModuleManager: Shutting down and abandoning module LinuxNoEditorTargetPlatform (48)
[2021.10.26-04.41.39:171][ 15]LogModuleManager: Shutting down and abandoning module LinuxClientTargetPlatform (47)
[2021.10.26-04.41.39:171][ 15]LogModuleManager: Shutting down and abandoning module TVOSTargetPlatform (46)
[2021.10.26-04.41.39:171][ 15]LogModuleManager: Shutting down and abandoning module Messaging (45)
[2021.10.26-04.41.39:171][ 15]LogModuleManager: Shutting down and abandoning module IOSTargetPlatform (44)
[2021.10.26-04.41.39:171][ 15]LogModuleManager: Shutting down and abandoning module HTML5TargetPlatform (43)
[2021.10.26-04.41.39:171][ 15]LogModuleManager: Shutting down and abandoning module Android_PVRTCTargetPlatform (42)
[2021.10.26-04.41.39:171][ 15]LogModuleManager: Shutting down and abandoning module Android_MultiTargetPlatform (41)
[2021.10.26-04.41.39:171][ 15]LogModuleManager: Shutting down and abandoning module Android_ETC2TargetPlatform (40)
[2021.10.26-04.41.39:171][ 15]LogModuleManager: Shutting down and abandoning module Android_ETC1TargetPlatform (39)
[2021.10.26-04.41.39:171][ 15]LogModuleManager: Shutting down and abandoning module Android_DXTTargetPlatform (38)
[2021.10.26-04.41.39:171][ 15]LogModuleManager: Shutting down and abandoning module Android_ATCTargetPlatform (37)
[2021.10.26-04.41.39:171][ 15]LogModuleManager: Shutting down and abandoning module Android_ASTCTargetPlatform (36)
[2021.10.26-04.41.39:171][ 15]LogModuleManager: Shutting down and abandoning module AndroidTargetPlatform (35)
[2021.10.26-04.41.39:171][ 15]LogModuleManager: Shutting down and abandoning module WindowsTargetPlatform (34)
[2021.10.26-04.41.39:171][ 15]LogModuleManager: Shutting down and abandoning module WindowsServerTargetPlatform (33)
[2021.10.26-04.41.39:171][ 15]LogModuleManager: Shutting down and abandoning module WindowsNoEditorTargetPlatform (32)
[2021.10.26-04.41.39:172][ 15]LogModuleManager: Shutting down and abandoning module WindowsClientTargetPlatform (31)
[2021.10.26-04.41.39:172][ 15]LogModuleManager: Shutting down and abandoning module MacTargetPlatform (30)
[2021.10.26-04.41.39:172][ 15]LogModuleManager: Shutting down and abandoning module MacServerTargetPlatform (29)
[2021.10.26-04.41.39:172][ 15]LogModuleManager: Shutting down and abandoning module MacNoEditorTargetPlatform (28)
[2021.10.26-04.41.39:172][ 15]LogModuleManager: Shutting down and abandoning module MacClientTargetPlatform (27)
[2021.10.26-04.41.39:172][ 15]LogModuleManager: Shutting down and abandoning module AllDesktopTargetPlatform (26)
[2021.10.26-04.41.39:172][ 15]LogModuleManager: Shutting down and abandoning module TargetPlatform (25)
[2021.10.26-04.41.39:172][ 15]LogModuleManager: Shutting down and abandoning module InputCore (24)
[2021.10.26-04.41.39:172][ 15]LogModuleManager: Shutting down and abandoning module Settings (23)
[2021.10.26-04.41.39:172][ 15]LogModuleManager: Shutting down and abandoning module OculusRift (22)
[2021.10.26-04.41.39:172][ 15]LogModuleManager: Shutting down and abandoning module ExampleDeviceProfileSelector (21)
[2021.10.26-04.41.39:172][ 15]LogModuleManager: Shutting down and abandoning module OnlineBlueprintSupport (20)
[2021.10.26-04.41.39:172][ 15]LogModuleManager: Shutting down and abandoning module OnlineSubsystem (18)
[2021.10.26-04.41.39:172][ 15]LogOnline:Display: Unloading online subsystem: NULL
[2021.10.26-04.41.39:173][ 15]LogModuleManager: Shutting down and abandoning module SSL (17)
[2021.10.26-04.41.39:174][ 15]LogModuleManager: Shutting down and abandoning module HTTP (16)
[2021.10.26-04.41.39:174][ 15]LogModuleManager: Shutting down and abandoning module XMPP (15)
[2021.10.26-04.41.39:175][ 15]LogModuleManager: Shutting down and abandoning module TextureCompressor (14)
[2021.10.26-04.41.39:176][ 15]LogModuleManager: Shutting down and abandoning module ShaderCore (13)
[2021.10.26-04.41.39:176][ 15]LogModuleManager: Shutting down and abandoning module Landscape (12)
[2021.10.26-04.41.39:176][ 15]LogModuleManager: Shutting down and abandoning module SlateRHIRenderer (11)
[2021.10.26-04.41.39:179][ 15]LogModuleManager: Shutting down and abandoning module OpenGLDrv (10)
[2021.10.26-04.41.39:179][ 15]LogModuleManager: Shutting down and abandoning module D3D11RHI (9)
[2021.10.26-04.41.39:179][ 15]LogModuleManager: Shutting down and abandoning module AnimGraphRuntime (8)
[2021.10.26-04.41.39:179][ 15]LogModuleManager: Shutting down and abandoning module Renderer (7)
[2021.10.26-04.41.39:180][ 15]LogModuleManager: Shutting down and abandoning module Engine (6)
[2021.10.26-04.41.39:180][ 15]LogModuleManager: Shutting down and abandoning module CoreUObject (5)
[2021.10.26-04.41.39:180][ 15]LogModuleManager: Shutting down and abandoning module NetworkFile (4)
[2021.10.26-04.41.39:180][ 15]LogModuleManager: Shutting down and abandoning module StreamingFile (3)
[2021.10.26-04.41.39:180][ 15]LogModuleManager: Shutting down and abandoning module SandboxFile (2)
[2021.10.26-04.41.39:180][ 15]LogModuleManager: Shutting down and abandoning module PakFile (1)
[2021.10.26-04.41.39:182][ 15]LogExit: Exiting.
[2021.10.26-04.41.39:192][ 15]Log file closed, 10/26/21 00:41:39
