Log file open, 10/24/21 19:52:37
LogInit:Display: Running engine for game: Pinball
LogPlatformFile: Not using cached read wrapper
LogInit:Display: RandInit(-812396343) SRandInit(-812396342).
LogTaskGraph: Started task graph with 5 named threads and 10 total threads with 1 sets of task threads.
LogStats: Stats thread started at 0.140883
LogPluginManager: Loaded Plugin Paper2D, From D:/EpicGames/UE_4.14/Engine/Plugins/2D/Paper2D/Paper2D.uplugin
LogPluginManager: Loaded Plugin LightPropagationVolume, From D:/EpicGames/UE_4.14/Engine/Plugins/Blendables/LightPropagationVolume/LightPropagationVolume.uplugin
LogPluginManager: Loaded Plugin BlankPlugin, From D:/EpicGames/UE_4.14/Engine/Plugins/Developer/BlankPlugin/BlankPlugin.uplugin
LogPluginManager: Loaded Plugin CodeLiteSourceCodeAccess, From D:/EpicGames/UE_4.14/Engine/Plugins/Developer/CodeLiteSourceCodeAccess/CodeLiteSourceCodeAccess.uplugin
LogPluginManager: Loaded Plugin GitSourceControl, From D:/EpicGames/UE_4.14/Engine/Plugins/Developer/GitSourceControl/GitSourceControl.uplugin
LogPluginManager: Loaded Plugin KDevelopSourceCodeAccess, From D:/EpicGames/UE_4.14/Engine/Plugins/Developer/KDevelopSourceCodeAccess/KDevelopSourceCodeAccess.uplugin
LogPluginManager: Loaded Plugin NullSourceCodeAccess, From D:/EpicGames/UE_4.14/Engine/Plugins/Developer/NullSourceCodeAccess/NullSourceCodeAccess.uplugin
LogPluginManager: Loaded Plugin OneSkyLocalizationService, From D:/EpicGames/UE_4.14/Engine/Plugins/Developer/OneSkyLocalizationService/OneSkyLocalizationService.uplugin
LogPluginManager: Loaded Plugin PerforceSourceControl, From D:/EpicGames/UE_4.14/Engine/Plugins/Developer/PerforceSourceControl/PerforceSourceControl.uplugin
LogPluginManager: Loaded Plugin SubversionSourceControl, From D:/EpicGames/UE_4.14/Engine/Plugins/Developer/SubversionSourceControl/SubversionSourceControl.uplugin
LogPluginManager: Loaded Plugin UObjectPlugin, From D:/EpicGames/UE_4.14/Engine/Plugins/Developer/UObjectPlugin/UObjectPlugin.uplugin
LogPluginManager: Loaded Plugin VisualStudioSourceCodeAccess, From D:/EpicGames/UE_4.14/Engine/Plugins/Developer/VisualStudioSourceCodeAccess/VisualStudioSourceCodeAccess.uplugin
LogPluginManager: Loaded Plugin XCodeSourceCodeAccess, From D:/EpicGames/UE_4.14/Engine/Plugins/Developer/XCodeSourceCodeAccess/XCodeSourceCodeAccess.uplugin
LogPluginManager: Loaded Plugin AudioCapture, From D:/EpicGames/UE_4.14/Engine/Plugins/Editor/AudioCapture/AudioCapture.uplugin
LogPluginManager: Loaded Plugin EpicSurvey, From D:/EpicGames/UE_4.14/Engine/Plugins/Editor/EpicSurvey/EpicSurvey.uplugin
LogPluginManager: Loaded Plugin MacGraphicsSwitching, From D:/EpicGames/UE_4.14/Engine/Plugins/Editor/MacGraphicsSwitching/MacGraphicsSwitching.uplugin
LogPluginManager: Loaded Plugin MobileLauncherProfileWizard, From D:/EpicGames/UE_4.14/Engine/Plugins/Editor/MobileLauncherProfileWizard/MobileLauncherProfileWizard.uplugin
LogPluginManager: Loaded Plugin PluginBrowser, From D:/EpicGames/UE_4.14/Engine/Plugins/Editor/PluginBrowser/PluginBrowser.uplugin
LogPluginManager: Loaded Plugin SpeedTreeImporter, From D:/EpicGames/UE_4.14/Engine/Plugins/Editor/SpeedTreeImporter/SpeedTreeImporter.uplugin
LogPluginManager: Loaded Plugin SuperSearchEditor, From D:/EpicGames/UE_4.14/Engine/Plugins/Editor/SuperSearchEditor/SuperSearchEditor.uplugin
LogPluginManager: Loaded Plugin AlembicImporter, From D:/EpicGames/UE_4.14/Engine/Plugins/Experimental/AlembicImporter/AlembicImporter.uplugin
LogPluginManager: Loaded Plugin BlueprintStats, From D:/EpicGames/UE_4.14/Engine/Plugins/Experimental/BlueprintStats/BlueprintStats.uplugin
LogPluginManager: Loaded Plugin CharacterAI, From D:/EpicGames/UE_4.14/Engine/Plugins/Experimental/CharacterAI/CharacterAI.uplugin
LogPluginManager: Loaded Plugin CodeEditor, From D:/EpicGames/UE_4.14/Engine/Plugins/Experimental/CodeEditor/CodeEditor.uplugin
LogPluginManager: Loaded Plugin CodeView, From D:/EpicGames/UE_4.14/Engine/Plugins/Experimental/CodeView/CodeView.uplugin
LogPluginManager: Loaded Plugin HTML5Networking, From D:/EpicGames/UE_4.14/Engine/Plugins/Experimental/HTML5Networking/HTML5Networking.uplugin
LogPluginManager: Loaded Plugin OSVR, From D:/EpicGames/UE_4.14/Engine/Plugins/Experimental/OSVR/OSVR.uplugin
LogPluginManager: Loaded Plugin Phya, From D:/EpicGames/UE_4.14/Engine/Plugins/Experimental/Phya/Phya.uplugin
LogPluginManager: Loaded Plugin SignificanceManager, From D:/EpicGames/UE_4.14/Engine/Plugins/Experimental/SignificanceManager/SignificanceManager.uplugin
LogPluginManager: Loaded Plugin SimpleHMD, From D:/EpicGames/UE_4.14/Engine/Plugins/Experimental/SimpleHMD/SimpleHMD.uplugin
LogPluginManager: Loaded Plugin StereoPanorama, From D:/EpicGames/UE_4.14/Engine/Plugins/Experimental/StereoPanorama/StereoPanorama.uplugin
LogPluginManager: Loaded Plugin StructBox, From D:/EpicGames/UE_4.14/Engine/Plugins/Experimental/StructBox/StructBox.uplugin
LogPluginManager: Loaded Plugin AndroidMedia, From D:/EpicGames/UE_4.14/Engine/Plugins/Media/AndroidMedia/AndroidMedia.uplugin
LogPluginManager: Loaded Plugin AvfMedia, From D:/EpicGames/UE_4.14/Engine/Plugins/Media/AvfMedia/AvfMedia.uplugin
LogPluginManager: Loaded Plugin MediaPlayerEditor, From D:/EpicGames/UE_4.14/Engine/Plugins/Media/MediaPlayerEditor/MediaPlayerEditor.uplugin
LogPluginManager: Loaded Plugin WmfMedia, From D:/EpicGames/UE_4.14/Engine/Plugins/Media/WmfMedia/WmfMedia.uplugin
LogPluginManager: Loaded Plugin MessagingDebugger, From D:/EpicGames/UE_4.14/Engine/Plugins/Messaging/MessagingDebugger/MessagingDebugger.uplugin
LogPluginManager: Loaded Plugin TcpMessaging, From D:/EpicGames/UE_4.14/Engine/Plugins/Messaging/TcpMessaging/TcpMessaging.uplugin
LogPluginManager: Loaded Plugin UdpMessaging, From D:/EpicGames/UE_4.14/Engine/Plugins/Messaging/UdpMessaging/UdpMessaging.uplugin
LogPluginManager: Loaded Plugin LevelSequenceEditor, From D:/EpicGames/UE_4.14/Engine/Plugins/MovieScene/LevelSequenceEditor/LevelSequenceEditor.uplugin
LogPluginManager: Loaded Plugin MatineeToLevelSequence, From D:/EpicGames/UE_4.14/Engine/Plugins/MovieScene/MatineeToLevelSequence/MatineeToLevelSequence.uplugin
LogPluginManager: Loaded Plugin NetcodeUnitTest, From D:/EpicGames/UE_4.14/Engine/Plugins/NetcodeUnitTest/NetcodeUnitTest/NetcodeUnitTest.uplugin
LogPluginManager: Loaded Plugin NUTUnrealEngine4, From D:/EpicGames/UE_4.14/Engine/Plugins/NetcodeUnitTest/NUTUnrealEngine4/NUTUnrealEngine4.uplugin
LogPluginManager: Loaded Plugin OnlineSubsystemGameCircle, From D:/EpicGames/UE_4.14/Engine/Plugins/Online/Android/OnlineSubsystemGameCircle/OnlineSubsystemGameCircle.uplugin
LogPluginManager: Loaded Plugin OnlineSubsystemGooglePlay, From D:/EpicGames/UE_4.14/Engine/Plugins/Online/Android/OnlineSubsystemGooglePlay/OnlineSubsystemGooglePlay.uplugin
LogPluginManager: Loaded Plugin OnlineSubsystemIOS, From D:/EpicGames/UE_4.14/Engine/Plugins/Online/IOS/OnlineSubsystemIOS/OnlineSubsystemIOS.uplugin
LogPluginManager: Loaded Plugin OnlineFramework, From D:/EpicGames/UE_4.14/Engine/Plugins/Online/OnlineFramework/OnlineFramework.uplugin
LogPluginManager: Loaded Plugin OnlineSubsystem, From D:/EpicGames/UE_4.14/Engine/Plugins/Online/OnlineSubsystem/OnlineSubsystem.uplugin
LogPluginManager: Loaded Plugin OnlineSubsystemAmazon, From D:/EpicGames/UE_4.14/Engine/Plugins/Online/OnlineSubsystemAmazon/OnlineSubsystemAmazon.uplugin
LogPluginManager: Loaded Plugin OnlineSubsystemFacebook, From D:/EpicGames/UE_4.14/Engine/Plugins/Online/OnlineSubsystemFacebook/OnlineSubsystemFacebook.uplugin
LogPluginManager: Loaded Plugin OnlineSubsystemNull, From D:/EpicGames/UE_4.14/Engine/Plugins/Online/OnlineSubsystemNull/OnlineSubsystemNull.uplugin
LogPluginManager: Loaded Plugin OnlineSubsystemOculus, From D:/EpicGames/UE_4.14/Engine/Plugins/Online/OnlineSubsystemOculus/OnlineSubsystemOculus.uplugin
LogPluginManager: Loaded Plugin OnlineSubsystemSteam, From D:/EpicGames/UE_4.14/Engine/Plugins/Online/OnlineSubsystemSteam/OnlineSubsystemSteam.uplugin
LogPluginManager: Loaded Plugin OnlineSubsystemUtils, From D:/EpicGames/UE_4.14/Engine/Plugins/Online/OnlineSubsystemUtils/OnlineSubsystemUtils.uplugin
LogPluginManager: Loaded Plugin IOSTapJoy, From D:/EpicGames/UE_4.14/Engine/Plugins/Runtime/Advertising/IOSTapJoy/IOSTapJoy.uplugin
LogPluginManager: Loaded Plugin AnalyticsBlueprintLibrary, From D:/EpicGames/UE_4.14/Engine/Plugins/Runtime/Analytics/AnalyticsBlueprintLibrary/AnalyticsBlueprintLibrary.uplugin
LogPluginManager: Loaded Plugin AnalyticsMulticast, From D:/EpicGames/UE_4.14/Engine/Plugins/Runtime/Analytics/AnalyticsMulticast/AnalyticsMulticast.uplugin
LogPluginManager: Loaded Plugin Apsalar, From D:/EpicGames/UE_4.14/Engine/Plugins/Runtime/Analytics/Apsalar/Apsalar.uplugin
LogPluginManager: Loaded Plugin FileLogging, From D:/EpicGames/UE_4.14/Engine/Plugins/Runtime/Analytics/FileLogging/FileLogging.uplugin
LogPluginManager: Loaded Plugin Flurry, From D:/EpicGames/UE_4.14/Engine/Plugins/Runtime/Analytics/Flurry/Flurry.uplugin
LogPluginManager: Loaded Plugin AndroidDeviceProfileSelector, From D:/EpicGames/UE_4.14/Engine/Plugins/Runtime/AndroidDeviceProfileSelector/AndroidDeviceProfileSelector.uplugin
LogPluginManager: Loaded Plugin AndroidMoviePlayer, From D:/EpicGames/UE_4.14/Engine/Plugins/Runtime/AndroidMoviePlayer/AndroidMoviePlayer.uplugin
LogPluginManager: Loaded Plugin AppleMoviePlayer, From D:/EpicGames/UE_4.14/Engine/Plugins/Runtime/AppleMoviePlayer/AppleMoviePlayer.uplugin
LogPluginManager: Loaded Plugin ArchVisCharacter, From D:/EpicGames/UE_4.14/Engine/Plugins/Runtime/ArchVisCharacter/ArchVisCharacter.uplugin
LogPluginManager: Loaded Plugin CableComponent, From D:/EpicGames/UE_4.14/Engine/Plugins/Runtime/CableComponent/CableComponent.uplugin
LogPluginManager: Loaded Plugin CustomMeshComponent, From D:/EpicGames/UE_4.14/Engine/Plugins/Runtime/CustomMeshComponent/CustomMeshComponent.uplugin
LogPluginManager: Loaded Plugin ExampleDeviceProfileSelector, From D:/EpicGames/UE_4.14/Engine/Plugins/Runtime/ExampleDeviceProfileSelector/ExampleDeviceProfileSelector.uplugin
LogPluginManager: Loaded Plugin GearVR, From D:/EpicGames/UE_4.14/Engine/Plugins/Runtime/GearVR/GearVR.uplugin
LogPluginManager: Loaded Plugin GoogleVRController, From D:/EpicGames/UE_4.14/Engine/Plugins/Runtime/GoogleVR/GoogleVRController/GoogleVRController.uplugin
LogPluginManager: Loaded Plugin GoogleVRHMD, From D:/EpicGames/UE_4.14/Engine/Plugins/Runtime/GoogleVR/GoogleVRHMD/GoogleVRHMD.uplugin
LogPluginManager: Loaded Plugin IOSDeviceProfileSelector, From D:/EpicGames/UE_4.14/Engine/Plugins/Runtime/IOSDeviceProfileSelector/IOSDeviceProfileSelector.uplugin
LogPluginManager: Loaded Plugin LeapMotion, From D:/EpicGames/UE_4.14/Engine/Plugins/Runtime/LeapMotion/LeapMotion.uplugin
LogPluginManager: Loaded Plugin LinuxDeviceProfileSelector, From D:/EpicGames/UE_4.14/Engine/Plugins/Runtime/LinuxDeviceProfileSelector/LinuxDeviceProfileSelector.uplugin
LogPluginManager: Loaded Plugin MIDIDevice, From D:/EpicGames/UE_4.14/Engine/Plugins/Runtime/MIDIDevice/MIDIDevice.uplugin
LogPluginManager: Loaded Plugin MobilePatchingUtils, From D:/EpicGames/UE_4.14/Engine/Plugins/Runtime/MobilePatchingUtils/MobilePatchingUtils.uplugin
LogPluginManager: Loaded Plugin Ansel, From D:/EpicGames/UE_4.14/Engine/Plugins/Runtime/Nvidia/Ansel/Ansel.uplugin
LogPluginManager: Loaded Plugin OculusAudio, From D:/EpicGames/UE_4.14/Engine/Plugins/Runtime/OculusAudio/OculusAudio.uplugin
LogPluginManager: Loaded Plugin OculusInput, From D:/EpicGames/UE_4.14/Engine/Plugins/Runtime/OculusInput/OculusInput.uplugin
LogPluginManager: Loaded Plugin OculusLibrary, From D:/EpicGames/UE_4.14/Engine/Plugins/Runtime/OculusLibrary/OculusLibrary.uplugin
LogPluginManager: Loaded Plugin OculusRift, From D:/EpicGames/UE_4.14/Engine/Plugins/Runtime/OculusRift/OculusRift.uplugin
LogPluginManager: Loaded Plugin Oodle, From D:/EpicGames/UE_4.14/Engine/Plugins/Runtime/PacketHandlers/CompressionComponents/Oodle/Oodle.uplugin
LogPluginManager: Loaded Plugin ProceduralMeshComponent, From D:/EpicGames/UE_4.14/Engine/Plugins/Runtime/ProceduralMeshComponent/ProceduralMeshComponent.uplugin
LogPluginManager: Loaded Plugin SoundMod, From D:/EpicGames/UE_4.14/Engine/Plugins/Runtime/SoundMod/SoundMod.uplugin
LogPluginManager: Loaded Plugin SoundVisualizations, From D:/EpicGames/UE_4.14/Engine/Plugins/Runtime/SoundVisualizations/SoundVisualizations.uplugin
LogPluginManager: Loaded Plugin SteamController, From D:/EpicGames/UE_4.14/Engine/Plugins/Runtime/Steam/SteamController/SteamController.uplugin
LogPluginManager: Loaded Plugin SteamVR, From D:/EpicGames/UE_4.14/Engine/Plugins/Runtime/Steam/SteamVR/SteamVR.uplugin
LogPluginManager: Loaded Plugin WebBrowserWidget, From D:/EpicGames/UE_4.14/Engine/Plugins/Runtime/WebBrowserWidget/WebBrowserWidget.uplugin
LogPluginManager: Loaded Plugin WindowsDeviceProfileSelector, From D:/EpicGames/UE_4.14/Engine/Plugins/Runtime/WindowsDeviceProfileSelector/WindowsDeviceProfileSelector.uplugin
LogPluginManager: Loaded Plugin WindowsMoviePlayer, From D:/EpicGames/UE_4.14/Engine/Plugins/Runtime/WindowsMoviePlayer/WindowsMoviePlayer.uplugin
LogPluginManager: Loaded Plugin ScriptPlugin, From D:/EpicGames/UE_4.14/Engine/Plugins/ScriptPlugin/ScriptPlugin.uplugin
LogPluginManager: Loaded Plugin SlateRemote, From D:/EpicGames/UE_4.14/Engine/Plugins/Slate/SlateRemote/SlateRemote.uplugin
LogPluginManager: Loaded Plugin EditorTests, From D:/EpicGames/UE_4.14/Engine/Plugins/Tests/EditorTests/EditorTests.uplugin
LogPluginManager: Loaded Plugin FbxAutomationTestBuilder, From D:/EpicGames/UE_4.14/Engine/Plugins/Tests/FbxAutomationTestBuilder/FbxAutomationTestBuilder.uplugin
LogPluginManager: Loaded Plugin FunctionalTestingEditor, From D:/EpicGames/UE_4.14/Engine/Plugins/Tests/FunctionalTestingEditor/FunctionalTestingEditor.uplugin
LogPluginManager: Loaded Plugin RuntimeTests, From D:/EpicGames/UE_4.14/Engine/Plugins/Tests/RuntimeTests/RuntimeTests.uplugin
LogPluginManager: Loaded Plugin ScreenshotTools, From D:/EpicGames/UE_4.14/Engine/Plugins/Tests/ScreenshotTools/ScreenshotTools.uplugin
LogInit: Using libcurl 7.47.1
LogInit:  - built for x86_64-pc-win32
LogInit:  - supports SSL with OpenSSL/1.0.2g
LogInit:  - supports HTTP deflate (compression) using libz 1.2.8
LogInit:  - other features:
LogInit:      CURL_VERSION_SSL
LogInit:      CURL_VERSION_LIBZ
LogInit:      CURL_VERSION_IPV6
LogInit:      CURL_VERSION_ASYNCHDNS
LogInit:      CURL_VERSION_LARGEFILE
LogInit:      CURL_VERSION_IDN
LogInit:  CurlRequestOptions (configurable via config and command line):
LogInit:  - bVerifyPeer = false  - Libcurl will NOT verify peer certificate
LogInit:  - bUseHttpProxy = false  - Libcurl will NOT use HTTP proxy
LogInit:  - bDontReuseConnections = false  - Libcurl will reuse connections
LogInit:  - CertBundlePath = nullptr  - Libcurl will use whatever was configured at build time.
LogInit: Build: ++UE4+Release-4.14-CL-3249277
LogInit: Engine Version: 4.14.3-3249277+++UE4+Release-4.14
LogInit: Compatible Engine Version: 4.14.0-3195953+++UE4+Release-4.14
LogInit: Net CL: 3195953
LogDevObjectVersion: Number of dev versions registered: 13
LogDevObjectVersion:   Dev-Blueprints (B0D832E4-1F89-4F0D-ACCF-7EB736FD4AA2): 7
LogDevObjectVersion:   Dev-Build (E1C64328-A22C-4D53-A36C-8E866417BD8C): 0
LogDevObjectVersion:   Dev-Core (375EC13C-06E4-48FB-B500-84F0262A717E): 1
LogDevObjectVersion:   Dev-Editor (E4B068ED-F494-42E9-A231-DA0B2E46BB41): 8
LogDevObjectVersion:   Dev-Framework (CFFC743F-43B0-4480-9391-14DF171D2073): 17
LogDevObjectVersion:   Dev-Mobile (B02B49B5-BB20-44E9-A304-32B752E40360): 0
LogDevObjectVersion:   Dev-Networking (A4E4105C-59A1-49B5-A7C5-40C4547EDFEE): 0
LogDevObjectVersion:   Dev-Online (39C831C9-5AE6-47DC-9A44-9C173E1C8E7C): 0
LogDevObjectVersion:   Dev-Physics (78F01B33-EBEA-4F98-B9B4-84EACCB95AA2): 0
LogDevObjectVersion:   Dev-Platform (6631380F-2D4D-43E0-8009-CF276956A95A): 0
LogDevObjectVersion:   Dev-Rendering (12F88B9F-8875-4AFC-A67C-D90C383ABD29): 12
LogDevObjectVersion:   Dev-Sequencer (7B5AE74C-D270-4C10-A958-57980B212A5A): 1
LogDevObjectVersion:   Dev-VR (D7296918-1DD6-4BDD-9DE2-64A83CC13884): 0
LogInit: Compiled (64-bit): Jan  6 2017 10:49:43
LogInit: Compiled with Visual C++: 19.00.23026.00
LogInit: Build Configuration: Development
LogInit: Branch Name: ++UE4+Release-4.14
LogInit: Command line:  
LogInit: Base directory: D:/EpicGames/UE_4.14/Engine/Binaries/Win64/
LogInit: Installed Engine Build: 1
LogInit: Presizing for max 8388607 objects, including 0 objects not considered by GC, pre-allocating 0 bytes for permanent pool.
LogInit: Object subsystem initialized
[2021.10.24-23.52.37:356][  0]LogInit: Selected Device Profile: [Windows]
[2021.10.24-23.52.37:356][  0]LogInit: Applying CVar settings loaded from the selected device profile: [Windows]
[2021.10.24-23.52.37:367][  0]LogInit: Computer: DESKTOP-GK7AF5R
[2021.10.24-23.52.37:367][  0]LogInit: User: jerye
[2021.10.24-23.52.37:367][  0]LogInit: CPU Page size=65536, Cores=6
[2021.10.24-23.52.37:367][  0]LogInit: High frequency timer resolution =10.000000 MHz
[2021.10.24-23.52.37:368][  0]LogMemory: Memory total: Physical=31.9GB (32GB approx)
[2021.10.24-23.52.37:368][  0]LogMemory: Platform Memory Stats for Windows
[2021.10.24-23.52.37:368][  0]LogMemory: Process Physical Memory: 265.15 MB used, 265.15 MB peak
[2021.10.24-23.52.37:368][  0]LogMemory: Process Virtual Memory: 260.25 MB used, 260.25 MB peak
[2021.10.24-23.52.37:368][  0]LogMemory: Physical Memory: 12681.53 MB used,  19996.34 MB free, 32677.88 MB total
[2021.10.24-23.52.37:368][  0]LogMemory: Virtual Memory: 4795.36 MB used,  19996.34 MB free, 134217728.00 MB total
[2021.10.24-23.52.37:405][  0]LogTextLocalizationManager: No specific translations for ('en-CA') exist, so ('en') translations will be used.
[2021.10.24-23.52.38:262][  0]LogD3D11RHI: D3D11 adapters:
[2021.10.24-23.52.38:300][  0]LogD3D11RHI:    0. 'AMD Radeon RX 5700 XT' (Feature Level 11_0)
[2021.10.24-23.52.38:300][  0]LogD3D11RHI:       8151/0/16338 MB DedicatedVideo/DedicatedSystem/SharedSystem, Outputs:2, VendorId:0x1002
[2021.10.24-23.52.38:303][  0]LogD3D11RHI:    1. 'Microsoft Basic Render Driver' (Feature Level 11_0)
[2021.10.24-23.52.38:303][  0]LogD3D11RHI:       0/0/16338 MB DedicatedVideo/DedicatedSystem/SharedSystem, Outputs:0, VendorId:0x1414
[2021.10.24-23.52.38:303][  0]LogD3D11RHI: Chosen D3D11 Adapter: 0
[2021.10.24-23.52.38:316][  0]LogD3D11RHI: Creating new Direct3DDevice
[2021.10.24-23.52.38:316][  0]LogD3D11RHI:     GPU DeviceId: 0x731f (for the marketing name, search the web for "GPU Device Id")
[2021.10.24-23.52.38:316][  0]LogWindows: EnumDisplayDevices:
[2021.10.24-23.52.38:316][  0]LogWindows:    0. 'AMD Radeon RX 5700 XT' (P:1 D:1)
[2021.10.24-23.52.38:316][  0]LogWindows:    1. 'AMD Radeon RX 5700 XT' (P:0 D:1)
[2021.10.24-23.52.38:317][  0]LogWindows:    2. 'AMD Radeon RX 5700 XT' (P:0 D:0)
[2021.10.24-23.52.38:317][  0]LogWindows:    3. 'AMD Radeon RX 5700 XT' (P:0 D:0)
[2021.10.24-23.52.38:317][  0]LogWindows:    4. 'AMD Radeon RX 5700 XT' (P:0 D:0)
[2021.10.24-23.52.38:317][  0]LogWindows:    5. 'AMD Radeon RX 5700 XT' (P:0 D:0)
[2021.10.24-23.52.38:318][  0]LogWindows:    6. 'AMD Radeon RX 5700 XT' (P:0 D:0)
[2021.10.24-23.52.38:318][  0]LogWindows: DebugString: GetVideoDriverDetailsInvalid PrimaryIsNotTheChoosenAdapter GetVideoDriverDetailsInvalid PrimaryIsNotTheChoosenAdapter GetVideoDriverDetailsInvalid PrimaryIsNotTheChoosenAdapter GetVideoDriverDetailsInvalid PrimaryIsNotTheChoosenAdapter GetVideoDriverDetailsInvalid PrimaryIsNotTheChoosenAdapter GetVideoDriverDetailsInvalid PrimaryIsNotTheChoosenAdapter GetVideoDriverDetailsInvalid PrimaryIsNotTheChoosenAdapter FoundDriverCount:0 
[2021.10.24-23.52.38:318][  0]LogD3D11RHI:     Adapter Name: AMD Radeon RX 5700 XT
[2021.10.24-23.52.38:318][  0]LogD3D11RHI:   Driver Version: Unknown (internal:Unknown, unified:Unknown)
[2021.10.24-23.52.38:318][  0]LogD3D11RHI:      Driver Date: Unknown
[2021.10.24-23.52.38:318][  0]LogRHI: Texture pool is 1361 MB (70% of 1945 MB)
[2021.10.24-23.52.38:347][  0]LogD3D11RHI: Async texture creation enabled
[2021.10.24-23.52.38:365][  0]LogD3D11RHI: GPU Timing Frequency: 100.000000 (Debug: 2 1)
[2021.10.24-23.52.38:366][  0]LogShaderCompilers: Guid format shader working directory is -33 characters bigger than the processId version (../../../../../GitHub Projects/Udemy_Unreal/Udemy_Pinball/Udemy_Pinball/Pinball/Intermediate/Shaders/WorkingDirectory/2456/).
[2021.10.24-23.52.38:366][  0]LogShaderCompilers: Cleaned the shader compiler working directory 'C:/Users/jerye/AppData/Local/Temp/UnrealShaderWorkingDir/1A8DD2CA4582EC28936CC5AA9CE87030/'.
[2021.10.24-23.52.38:366][  0]LogShaderCompilers:Display: Using Local Shader Compiler.
[2021.10.24-23.52.40:367][  0]LogTemp:Display: Loaded TP AllDesktopTargetPlatform
[2021.10.24-23.52.40:439][  0]LogTemp:Display: Loaded TP MacClientTargetPlatform
[2021.10.24-23.52.40:507][  0]LogTemp:Display: Loaded TP MacNoEditorTargetPlatform
[2021.10.24-23.52.40:578][  0]LogTemp:Display: Loaded TP MacServerTargetPlatform
[2021.10.24-23.52.40:639][  0]LogTemp:Display: Loaded TP MacTargetPlatform
[2021.10.24-23.52.40:704][  0]LogTemp:Display: Loaded TP WindowsClientTargetPlatform
[2021.10.24-23.52.40:764][  0]LogTemp:Display: Loaded TP WindowsNoEditorTargetPlatform
[2021.10.24-23.52.40:824][  0]LogTemp:Display: Loaded TP WindowsServerTargetPlatform
[2021.10.24-23.52.40:874][  0]LogTemp:Display: Loaded TP WindowsTargetPlatform
[2021.10.24-23.52.40:933][  0]LogTemp:Display: Loaded TP AndroidTargetPlatform
[2021.10.24-23.52.40:993][  0]LogTemp:Display: Loaded TP Android_ASTCTargetPlatform
[2021.10.24-23.52.41:054][  0]LogTemp:Display: Loaded TP Android_ATCTargetPlatform
[2021.10.24-23.52.41:115][  0]LogTemp:Display: Loaded TP Android_DXTTargetPlatform
[2021.10.24-23.52.41:176][  0]LogTemp:Display: Loaded TP Android_ETC1TargetPlatform
[2021.10.24-23.52.41:257][  0]LogTemp:Display: Loaded TP Android_ETC2TargetPlatform
[2021.10.24-23.52.41:383][  0]LogTemp:Display: Loaded TP Android_MultiTargetPlatform
[2021.10.24-23.52.41:383][  0]LogTemp:Display: Loaded TP Android_PVRTCTargetPlatform
[2021.10.24-23.52.41:433][  0]LogTemp:Display: Loaded TP HTML5TargetPlatform
[2021.10.24-23.52.41:532][  0]LogTemp:Display: Loaded TP IOSTargetPlatform
[2021.10.24-23.52.41:571][  0]LogTemp:Display: Loaded TP TVOSTargetPlatform
[2021.10.24-23.52.41:634][  0]LogTemp:Display: Loaded TP LinuxClientTargetPlatform
[2021.10.24-23.52.41:701][  0]LogTemp:Display: Loaded TP LinuxNoEditorTargetPlatform
[2021.10.24-23.52.41:774][  0]LogTemp:Display: Loaded TP LinuxServerTargetPlatform
[2021.10.24-23.52.41:840][  0]LogTemp:Display: Loaded TP LinuxTargetPlatform
[2021.10.24-23.52.41:840][  0]LogTargetPlatformManager:Display: Building Assets For Windows
[2021.10.24-23.52.42:320][  0]LogDerivedDataCache:Display: Max Cache Size: 512 MB
[2021.10.24-23.52.42:371][  0]LogDerivedDataCache: Loaded boot cache 0.05s 50MB C:/Users/jerye/AppData/Local/UnrealEngine/4.14/DerivedDataCache/Boot.ddc.
[2021.10.24-23.52.42:371][  0]LogDerivedDataCache:Display: Loaded Boot cache: C:/Users/jerye/AppData/Local/UnrealEngine/4.14/DerivedDataCache/Boot.ddc
[2021.10.24-23.52.42:371][  0]LogDerivedDataCache: FDerivedDataBackendGraph:  Pak pak cache file ../../../../../GitHub Projects/Udemy_Unreal/Udemy_Pinball/Udemy_Pinball/Pinball/DerivedDataCache/DDC.ddp not found, will not use a pak cache.
[2021.10.24-23.52.42:371][  0]LogDerivedDataCache: Unable to find inner node Pak for hierarchical cache Hierarchy.
[2021.10.24-23.52.42:371][  0]LogDerivedDataCache: FDerivedDataBackendGraph:  CompressedPak pak cache file ../../../../../GitHub Projects/Udemy_Unreal/Udemy_Pinball/Udemy_Pinball/Pinball/DerivedDataCache/Compressed.ddp not found, will not use a pak cache.
[2021.10.24-23.52.42:371][  0]LogDerivedDataCache: Unable to find inner node CompressedPak for hierarchical cache Hierarchy.
[2021.10.24-23.52.42:389][  0]LogDerivedDataCache:Display: Pak cache opened for reading ../../../Engine/DerivedDataCache/Compressed.ddp.
[2021.10.24-23.52.42:402][  0]LogDerivedDataCache: Using Local data cache path C:/Users/jerye/AppData/Local/UnrealEngine/Common/DerivedDataCache: Writable
[2021.10.24-23.52.42:649][  0]LogInit: Selected Device Profile: [Windows]
[2021.10.24-23.52.42:652][  0]LogContentStreaming: Texture pool size is 0.00 MB
[2021.10.24-23.52.42:865][  0]LogMeshUtilities: Using QuadricMeshReduction for automatic static mesh reduction
[2021.10.24-23.52.42:914][  0]LogSimplygon: Simplygon DLL not present - disabling.
[2021.10.24-23.52.42:970][  0]LogMeshUtilities: Using SimplygonSwarm for distributed automatic mesh merging
[2021.10.24-23.52.42:970][  0]LogMeshUtilities: No automatic skeletal mesh reduction module available
[2021.10.24-23.52.42:970][  0]LogMeshUtilities: No automatic mesh merging module available
[2021.10.24-23.52.43:493][  0]LogNetVersion: GetLocalNetworkVersion: CL: 3195953, ProjectName: pinball, ProjectVersion: , EngineNetworkVersion: 2, GameNetworkVersion: 0, NetworkChecksum: 1748929517
[2021.10.24-23.52.43:550][  0]LogAssetRegistry: FAssetRegistry took 0.0223 seconds to start up
[2021.10.24-23.52.43:624][  0]LogPackageLocalizationCache: Processed 3 localized package path(s) for 2 prioritized culture(s) in 0.051234 seconds
[2021.10.24-23.52.43:631][  0]LogUObjectArray: 31946 objects as part of root set at end of initial load.
[2021.10.24-23.52.43:631][  0]LogUObjectAllocator: 6935840 out of 0 bytes used by permanent object pool.
[2021.10.24-23.52.43:631][  0]LogUObjectArray: CloseDisregardForGC: 0/0 objects in disregard for GC pool
[2021.10.24-23.52.43:698][  0]LogInit: WinSock: version 1.1 (2.2), MaxSocks=32767, MaxUdp=65467
[2021.10.24-23.52.44:491][  0]LogSlate: Using Freetype 2.6.0
[2021.10.24-23.52.44:491][  0]LogSlate: SlateFontCache - WITH_FREETYPE: 1, WITH_HARFBUZZ: 1
[2021.10.24-23.52.44:492][  0]LogSlate: SlateFontCache - WITH_FREETYPE: 1, WITH_HARFBUZZ: 1
[2021.10.24-23.52.45:420][  0]LogTcpMessaging: Initializing TcpMessaging bridge
[2021.10.24-23.52.45:464][  0]LogUdpMessaging: Initializing bridge on interface 0.0.0.0:0 to multicast group 230.0.0.1:6666.
[2021.10.24-23.52.45:805][  0]LogMaterial: Uniform references updated for custom material expression Custom.
[2021.10.24-23.52.46:214][  0]SourceControl: Info Source control is disabled
[2021.10.24-23.52.46:215][  0]SourceControl: Info Source control is disabled
[2021.10.24-23.52.46:268][  0]SourceControl: Info Source control is disabled
[2021.10.24-23.52.46:320][  0]SourceControl: Info Source control is disabled
[2021.10.24-23.52.47:848][  0]LogEngine: Initializing Engine...
[2021.10.24-23.52.47:849][  0]LogHMD: Failed to initialize OpenVR with code 110
[2021.10.24-23.52.48:103][  0]LogAIModule: Creating AISystem for world Untitled
[2021.10.24-23.52.48:180][  0]LogInit: XAudio2 using 'Headphones (Arctis 5 Game)' : 2 channels at 48 kHz using 16 bits per sample (channel mask 0x3)
[2021.10.24-23.52.48:210][  0]LogInit: FAudioDevice initialized.
[2021.10.24-23.52.48:244][  0]LogDerivedDataCache: Saved boot cache 0.03s 50MB C:/Users/jerye/AppData/Local/UnrealEngine/4.14/DerivedDataCache/Boot.ddc.
[2021.10.24-23.52.48:251][  0]LogInit: Texture streaming: Enabled
[2021.10.24-23.52.48:462][  0]LogInit: Transaction tracking system initialized
[2021.10.24-23.52.48:838][  0]BlueprintLog: New page: Editor Load
[2021.10.24-23.52.49:804][  0]LocalizationService: Info Localization service is disabled
[2021.10.24-23.52.50:541][  0]LogConsoleResponse:Display: 
[2021.10.24-23.52.50:665][  0]LogCook:Display: Max memory allowance for cook 16384mb min free memory 0mb
[2021.10.24-23.52.50:665][  0]LogCook:Display: Mobile HDR setting 1
[2021.10.24-23.52.51:710][  0]LogFileCache: Scanning file cache for directory 'D:/GitHub Projects/Udemy_Unreal/Udemy_Pinball/Udemy_Pinball/Pinball/Content/' took 0.01s
[2021.10.24-23.52.51:762][  0]SourceControl: Info Source control is disabled
[2021.10.24-23.52.51:763][  0]Cmd: MAP LOAD FILE="../../../../../GitHub Projects/Udemy_Unreal/Udemy_Pinball/Udemy_Pinball/Pinball/Content/Maps/MainLevel.umap" TEMPLATE=0 SHOWPROGRESS=1 FEATURELEVEL=3
[2021.10.24-23.52.51:763][  0]LightingResults: New page: Lighting Build
[2021.10.24-23.52.51:809][  0]MapCheck: New page: Map Check
[2021.10.24-23.52.51:809][  0]LightingResults: New page: Lighting Build
[2021.10.24-23.52.52:330][  0]LogAIModule: Creating AISystem for world MainLevel
[2021.10.24-23.52.52:343][  0]LogEditorServer: Finished looking for orphan Actors (0.000 secs)
[2021.10.24-23.52.52:344][  0]Cmd: MAP CHECKDEP NOCLEARLOG
[2021.10.24-23.52.52:409][  0]MapCheck: Info Map check complete: 0 Error(s), 0 Warning(s), took 64.791ms to complete.
[2021.10.24-23.52.52:409][  0]LogFileHelpers: Loading map 'MainLevel' took 0.646
[2021.10.24-23.52.52:609][  0]LogCollectionManager: Loaded 0 collections in 0.001477 seconds
[2021.10.24-23.52.52:716][  0]LogFileCache: Scanning file cache for directory 'D:/GitHub Projects/Udemy_Unreal/Udemy_Pinball/Udemy_Pinball/Pinball/Saved/Collections/' took 0.01s
[2021.10.24-23.52.52:716][  0]LogFileCache: Scanning file cache for directory 'D:/GitHub Projects/Udemy_Unreal/Udemy_Pinball/Udemy_Pinball/Pinball/Content/Developers/jerye/Collections/' took 0.01s
[2021.10.24-23.52.52:716][  0]LogFileCache: Scanning file cache for directory 'D:/GitHub Projects/Udemy_Unreal/Udemy_Pinball/Udemy_Pinball/Pinball/Content/Collections/' took 0.01s
[2021.10.24-23.52.52:716][  0]LogCollectionManager: Rebuilt the GUID cache for 0 collections in 0.000002 seconds
[2021.10.24-23.52.52:728][  0]LogContentBrowser: Native class hierarchy populated in 0.0122 seconds. Added 2190 classes and 428 folders.
[2021.10.24-23.52.52:782][  0]LogStats: UGameplayTagsManager::ConstructGameplayTagTree: Construct from data asset -  0.000 s
[2021.10.24-23.52.52:782][  0]LogStats: UGameplayTagsManager::ConstructGameplayTagTree: GameplayTagTreeChangedEvent.Broadcast -  0.000 s
[2021.10.24-23.52.52:783][  0]LogContentBrowser: Native class hierarchy updated for 'GameplayTags' in 0.0009 seconds. Added 13 classes and 0 folders.
[2021.10.24-23.52.52:855][  0]LogContentBrowser: Native class hierarchy updated for 'WidgetCarousel' in 0.0008 seconds. Added 0 classes and 0 folders.
[2021.10.24-23.52.52:923][  0]LogContentBrowser: Native class hierarchy updated for 'AddContentDialog' in 0.0008 seconds. Added 0 classes and 0 folders.
[2021.10.24-23.52.52:971][  0]LogContentBrowser: Native class hierarchy updated for 'SceneOutliner' in 0.0008 seconds. Added 1 classes and 2 folders.
[2021.10.24-23.52.53:012][  0]LogCrashTracker: Crashtracker disabled due to settings.
[2021.10.24-23.52.53:021][  0]LogUObjectGlobals:Warning: Failed to find object 'Class None.'
[2021.10.24-23.52.53:093][  0]LogContentBrowser: Native class hierarchy updated for 'HierarchicalLODOutliner' in 0.0008 seconds. Added 1 classes and 2 folders.
[2021.10.24-23.52.53:093][  0]LogLoad: (Engine Initialization) Total time: 17.62 seconds
[2021.10.24-23.52.53:093][  0]LogLoad: (Engine Initialization) Total Blueprint compile time: 0.23 seconds
[2021.10.24-23.52.53:093][  0]LogExternalProfiler: No external profilers were discovered.  External profiling features will not be available.
[2021.10.24-23.52.53:103][  0]LogOcInput: OculusInput pre-init called
[2021.10.24-23.52.53:124][  0]LogContentStreaming: Texture pool size now 1000 MB
[2021.10.24-23.52.53:262][  0]LogRenderer: Reallocating scene render targets to support 1172x576 NumSamples 1 (Frame:2).
[2021.10.24-23.52.53:420][  1]LogAssetRegistry: Asset discovery search completed in 9.8922 seconds
[2021.10.24-23.52.53:420][  1]LogCollectionManager: Rebuilt the object cache for 0 collections in 0.000001 seconds (found 0 objects)
[2021.10.24-23.52.53:420][  1]LogCollectionManager: Fixed up redirectors for 0 collections in 0.000018 seconds (updated 0 objects)
[2021.10.24-23.55.13:303][ 71]LogContentBrowser: Native class hierarchy updated for 'BlueprintGraph' in 0.0014 seconds. Added 111 classes and 0 folders.
[2021.10.25-00.10.10:115][223]BlueprintLog: New page: Compile HighScoreSave
[2021.10.25-00.10.10:798][283]Cmd: OBJ SAVEPACKAGE PACKAGE="/Game/Blueprints/HighScoreSave" FILE="../../../../../GitHub Projects/Udemy_Unreal/Udemy_Pinball/Udemy_Pinball/Pinball/Content/Blueprints/HighScoreSave.uasset" SILENT=true
[2021.10.25-00.10.10:835][283]LogSavePackage: Save=26.73ms
[2021.10.25-00.10.10:835][283]LogSavePackage: Moving '../../../../../GitHub Projects/Udemy_Unreal/Udemy_Pinball/Udemy_Pinball/Pinball/Saved/HighScoreSaveCC7922704A2B30ADCC899A854988702F.tmp' to '../../../../../GitHub Projects/Udemy_Unreal/Udemy_Pinball/Udemy_Pinball/Pinball/Content/Blueprints/HighScoreSave.uasset'
[2021.10.25-00.10.10:843][283]LogSavePackage:Display: Finished SavePackage ../../../../../GitHub Projects/Udemy_Unreal/Udemy_Pinball/Udemy_Pinball/Pinball/Content/Blueprints/HighScoreSave.uasset
[2021.10.25-00.15.45:580][230]LogFileHelpers: Editor autosave (incl. sublevels) for '/Game/Maps/MainLevel' took 0.024
[2021.10.25-00.15.45:584][230]OBJ SavePackage: Generating thumbnails for [0] asset(s) in package [/Game/Blueprints/PinballGameMode] ([1] browsable assets)...
[2021.10.25-00.15.45:585][230]OBJ SavePackage: Finished generating thumbnails for package [/Game/Blueprints/PinballGameMode]
[2021.10.25-00.15.45:627][230]LogSavePackage: Save=28.86ms
[2021.10.25-00.15.45:627][230]LogSavePackage: Moving '../../../../../GitHub Projects/Udemy_Unreal/Udemy_Pinball/Udemy_Pinball/Pinball/Saved/PinballGameMode_Auto1825BD1F8491EBB5134429B8C617BB1D7.tmp' to '../../../../../GitHub Projects/Udemy_Unreal/Udemy_Pinball/Udemy_Pinball/Pinball/Saved/Autosaves/Game/Blueprints/PinballGameMode_Auto1.uasset'
[2021.10.25-00.15.45:631][230]LogSavePackage:Display: Finished SavePackage ../../../../../GitHub Projects/Udemy_Unreal/Udemy_Pinball/Udemy_Pinball/Pinball/Saved/Autosaves/Game/Blueprints/PinballGameMode_Auto1.uasset
[2021.10.25-00.15.45:631][230]LogFileHelpers: Auto-saving content packages took 0.050
[2021.10.25-00.27.44:561][372]LogFileHelpers: Editor autosave (incl. sublevels) for '/Game/Maps/MainLevel' took 0.020
[2021.10.25-00.27.44:566][372]OBJ SavePackage: Generating thumbnails for [0] asset(s) in package [/Game/Blueprints/PinballGameMode] ([1] browsable assets)...
[2021.10.25-00.27.44:566][372]OBJ SavePackage: Finished generating thumbnails for package [/Game/Blueprints/PinballGameMode]
[2021.10.25-00.27.44:608][372]LogSavePackage: Save=30.13ms
[2021.10.25-00.27.44:608][372]LogSavePackage: Moving '../../../../../GitHub Projects/Udemy_Unreal/Udemy_Pinball/Udemy_Pinball/Pinball/Saved/PinballGameMode_Auto2F0E1A5E64ACA96B3812474B431AD59D5.tmp' to '../../../../../GitHub Projects/Udemy_Unreal/Udemy_Pinball/Udemy_Pinball/Pinball/Saved/Autosaves/Game/Blueprints/PinballGameMode_Auto2.uasset'
[2021.10.25-00.27.44:612][372]LogSavePackage:Display: Finished SavePackage ../../../../../GitHub Projects/Udemy_Unreal/Udemy_Pinball/Udemy_Pinball/Pinball/Saved/Autosaves/Game/Blueprints/PinballGameMode_Auto2.uasset
[2021.10.25-00.27.44:612][372]LogFileHelpers: Auto-saving content packages took 0.050
[2021.10.25-00.44.03:879][717]BlueprintLog: New page: Compile PinballGameMode
[2021.10.25-00.44.04:217][717]BlueprintEditorCompileResults: Info The execution path doesn't end with a return node.  then
[2021.10.25-00.44.13:417][787]BlueprintLog: New page: Compile PinballGameMode
[2021.10.25-00.44.13:573][787]BlueprintEditorCompileResults: Info The execution path doesn't end with a return node.  then
[2021.10.25-00.44.15:319][989]Cmd: OBJ SAVEPACKAGE PACKAGE="/Game/Blueprints/PinballGameMode" FILE="../../../../../GitHub Projects/Udemy_Unreal/Udemy_Pinball/Udemy_Pinball/Pinball/Content/Blueprints/PinballGameMode.uasset" SILENT=true
[2021.10.25-00.44.15:354][989]LogSavePackage: Save=23.92ms
[2021.10.25-00.44.15:354][989]LogSavePackage: Moving '../../../../../GitHub Projects/Udemy_Unreal/Udemy_Pinball/Udemy_Pinball/Pinball/Saved/PinballGameMode97434A3A419E906D883DD0962C37F983.tmp' to '../../../../../GitHub Projects/Udemy_Unreal/Udemy_Pinball/Udemy_Pinball/Pinball/Content/Blueprints/PinballGameMode.uasset'
[2021.10.25-00.44.15:362][989]LogSavePackage:Display: Finished SavePackage ../../../../../GitHub Projects/Udemy_Unreal/Udemy_Pinball/Udemy_Pinball/Pinball/Content/Blueprints/PinballGameMode.uasset
[2021.10.25-00.45.14:573][375]LogFileHelpers: Editor autosave (incl. sublevels) for '/Game/Maps/MainLevel' took 0.019
[2021.10.25-00.45.14:578][375]OBJ SavePackage: Generating thumbnails for [0] asset(s) in package [/Game/Blueprints/PinballGameMode] ([1] browsable assets)...
[2021.10.25-00.45.14:578][375]OBJ SavePackage: Finished generating thumbnails for package [/Game/Blueprints/PinballGameMode]
[2021.10.25-00.45.14:613][375]LogSavePackage: Save=28.18ms
[2021.10.25-00.45.14:613][375]LogSavePackage: Moving '../../../../../GitHub Projects/Udemy_Unreal/Udemy_Pinball/Udemy_Pinball/Pinball/Saved/PinballGameMode_Auto3ADF1F59644D72E83321992A5046BC044.tmp' to '../../../../../GitHub Projects/Udemy_Unreal/Udemy_Pinball/Udemy_Pinball/Pinball/Saved/Autosaves/Game/Blueprints/PinballGameMode_Auto3.uasset'
[2021.10.25-00.45.14:634][375]LogSavePackage:Display: Finished SavePackage ../../../../../GitHub Projects/Udemy_Unreal/Udemy_Pinball/Udemy_Pinball/Pinball/Saved/Autosaves/Game/Blueprints/PinballGameMode_Auto3.uasset
[2021.10.25-00.45.14:634][375]LogFileHelpers: Auto-saving content packages took 0.060
[2021.10.25-01.08.12:565][384]LogFileHelpers: Editor autosave (incl. sublevels) for '/Game/Maps/MainLevel' took 0.041
[2021.10.25-01.08.12:571][384]OBJ SavePackage: Generating thumbnails for [0] asset(s) in package [/Game/Blueprints/PinballGameMode] ([1] browsable assets)...
[2021.10.25-01.08.12:571][384]OBJ SavePackage: Finished generating thumbnails for package [/Game/Blueprints/PinballGameMode]
[2021.10.25-01.08.12:633][384]LogSavePackage: Save=42.12ms
[2021.10.25-01.08.12:633][384]LogSavePackage: Moving '../../../../../GitHub Projects/Udemy_Unreal/Udemy_Pinball/Udemy_Pinball/Pinball/Saved/PinballGameMode_Auto424057DA544D71509787083B7E151C164.tmp' to '../../../../../GitHub Projects/Udemy_Unreal/Udemy_Pinball/Udemy_Pinball/Pinball/Saved/Autosaves/Game/Blueprints/PinballGameMode_Auto4.uasset'
[2021.10.25-01.08.12:638][384]LogSavePackage:Display: Finished SavePackage ../../../../../GitHub Projects/Udemy_Unreal/Udemy_Pinball/Udemy_Pinball/Pinball/Saved/Autosaves/Game/Blueprints/PinballGameMode_Auto4.uasset
[2021.10.25-01.08.12:638][384]LogFileHelpers: Auto-saving content packages took 0.071
[2021.10.25-01.18.13:340][717]LogFileHelpers: Editor autosave (incl. sublevels) for '/Game/Maps/MainLevel' took 0.015
[2021.10.25-01.18.13:343][717]OBJ SavePackage: Generating thumbnails for [0] asset(s) in package [/Game/Blueprints/PinballGameMode] ([1] browsable assets)...
[2021.10.25-01.18.13:343][717]OBJ SavePackage: Finished generating thumbnails for package [/Game/Blueprints/PinballGameMode]
[2021.10.25-01.18.13:378][717]LogSavePackage: Save=26.03ms
[2021.10.25-01.18.13:378][717]LogSavePackage: Moving '../../../../../GitHub Projects/Udemy_Unreal/Udemy_Pinball/Udemy_Pinball/Pinball/Saved/PinballGameMode_Auto5F2772BC04CC29924E609808DE80FE4EC.tmp' to '../../../../../GitHub Projects/Udemy_Unreal/Udemy_Pinball/Udemy_Pinball/Pinball/Saved/Autosaves/Game/Blueprints/PinballGameMode_Auto5.uasset'
[2021.10.25-01.18.13:381][717]LogSavePackage:Display: Finished SavePackage ../../../../../GitHub Projects/Udemy_Unreal/Udemy_Pinball/Udemy_Pinball/Pinball/Saved/Autosaves/Game/Blueprints/PinballGameMode_Auto5.uasset
[2021.10.25-01.18.13:381][717]LogFileHelpers: Auto-saving content packages took 0.040
[2021.10.25-01.33.59:707][954]BlueprintLog: New page: Compile PinballGameMode
[2021.10.25-01.34.00:532][ 33]Cmd: OBJ SAVEPACKAGE PACKAGE="/Game/Blueprints/PinballGameMode" FILE="../../../../../GitHub Projects/Udemy_Unreal/Udemy_Pinball/Udemy_Pinball/Pinball/Content/Blueprints/PinballGameMode.uasset" SILENT=true
[2021.10.25-01.34.00:573][ 33]LogSavePackage: Save=29.80ms
[2021.10.25-01.34.00:573][ 33]LogSavePackage: Moving '../../../../../GitHub Projects/Udemy_Unreal/Udemy_Pinball/Udemy_Pinball/Pinball/Saved/PinballGameMode122298AC49715187587625AE0B6F5680.tmp' to '../../../../../GitHub Projects/Udemy_Unreal/Udemy_Pinball/Udemy_Pinball/Pinball/Content/Blueprints/PinballGameMode.uasset'
[2021.10.25-01.34.00:580][ 33]LogSavePackage:Display: Finished SavePackage ../../../../../GitHub Projects/Udemy_Unreal/Udemy_Pinball/Udemy_Pinball/Pinball/Content/Blueprints/PinballGameMode.uasset
[2021.10.25-01.36.39:107][842]LogFileHelpers: Editor autosave (incl. sublevels) for '/Game/Maps/MainLevel' took 0.016
[2021.10.25-01.36.39:110][842]OBJ SavePackage: Generating thumbnails for [0] asset(s) in package [/Game/Blueprints/HighScoreSave] ([1] browsable assets)...
[2021.10.25-01.36.39:111][842]OBJ SavePackage: Finished generating thumbnails for package [/Game/Blueprints/HighScoreSave]
[2021.10.25-01.36.39:147][842]LogSavePackage: Save=26.89ms
[2021.10.25-01.36.39:147][842]LogSavePackage: Moving '../../../../../GitHub Projects/Udemy_Unreal/Udemy_Pinball/Udemy_Pinball/Pinball/Saved/HighScoreSave_Auto630418718493B791E3849CAAFB0D95F02.tmp' to '../../../../../GitHub Projects/Udemy_Unreal/Udemy_Pinball/Udemy_Pinball/Pinball/Saved/Autosaves/Game/Blueprints/HighScoreSave_Auto6.uasset'
[2021.10.25-01.36.39:150][842]LogSavePackage:Display: Finished SavePackage ../../../../../GitHub Projects/Udemy_Unreal/Udemy_Pinball/Udemy_Pinball/Pinball/Saved/Autosaves/Game/Blueprints/HighScoreSave_Auto6.uasset
[2021.10.25-01.36.39:150][842]LogFileHelpers: Auto-saving content packages took 0.043
[2021.10.25-01.38.59:131][738]LogEditorTransaction: Undo Move Node
[2021.10.25-01.40.03:964][138]BlueprintLog: New page: Compile HighScoreSave
[2021.10.25-01.40.04:836][221]Cmd: OBJ SAVEPACKAGE PACKAGE="/Game/Blueprints/HighScoreSave" FILE="../../../../../GitHub Projects/Udemy_Unreal/Udemy_Pinball/Udemy_Pinball/Pinball/Content/Blueprints/HighScoreSave.uasset" SILENT=true
[2021.10.25-01.40.04:873][221]LogSavePackage: Save=29.39ms
[2021.10.25-01.40.04:873][221]LogSavePackage: Moving '../../../../../GitHub Projects/Udemy_Unreal/Udemy_Pinball/Udemy_Pinball/Pinball/Saved/HighScoreSaveBBB3429F4A5A65525E4355AEA473B29C.tmp' to '../../../../../GitHub Projects/Udemy_Unreal/Udemy_Pinball/Udemy_Pinball/Pinball/Content/Blueprints/HighScoreSave.uasset'
[2021.10.25-01.40.04:880][221]LogSavePackage:Display: Finished SavePackage ../../../../../GitHub Projects/Udemy_Unreal/Udemy_Pinball/Udemy_Pinball/Pinball/Content/Blueprints/HighScoreSave.uasset
[2021.10.25-01.41.15:800][108]BlueprintLog: New page: Compile PinballGameMode
[2021.10.25-01.41.16:659][192]Cmd: OBJ SAVEPACKAGE PACKAGE="/Game/Blueprints/PinballGameMode" FILE="../../../../../GitHub Projects/Udemy_Unreal/Udemy_Pinball/Udemy_Pinball/Pinball/Content/Blueprints/PinballGameMode.uasset" SILENT=true
[2021.10.25-01.41.16:696][192]LogSavePackage: Save=27.83ms
[2021.10.25-01.41.16:696][192]LogSavePackage: Moving '../../../../../GitHub Projects/Udemy_Unreal/Udemy_Pinball/Udemy_Pinball/Pinball/Saved/PinballGameMode113D426E4A1CE19666E8F49B48A71CEF.tmp' to '../../../../../GitHub Projects/Udemy_Unreal/Udemy_Pinball/Udemy_Pinball/Pinball/Content/Blueprints/PinballGameMode.uasset'
[2021.10.25-01.41.16:703][192]LogSavePackage:Display: Finished SavePackage ../../../../../GitHub Projects/Udemy_Unreal/Udemy_Pinball/Udemy_Pinball/Pinball/Content/Blueprints/PinballGameMode.uasset
[2021.10.25-02.10.20:436][365]BlueprintLog: New page: Compile PinballGameMode
[2021.10.25-02.10.21:326][452]Cmd: OBJ SAVEPACKAGE PACKAGE="/Game/Blueprints/PinballGameMode" FILE="../../../../../GitHub Projects/Udemy_Unreal/Udemy_Pinball/Udemy_Pinball/Pinball/Content/Blueprints/PinballGameMode.uasset" SILENT=true
[2021.10.25-02.10.21:363][452]LogSavePackage: Save=28.39ms
[2021.10.25-02.10.21:363][452]LogSavePackage: Moving '../../../../../GitHub Projects/Udemy_Unreal/Udemy_Pinball/Udemy_Pinball/Pinball/Saved/PinballGameMode87800B764957AE219918E39E9334B842.tmp' to '../../../../../GitHub Projects/Udemy_Unreal/Udemy_Pinball/Udemy_Pinball/Pinball/Content/Blueprints/PinballGameMode.uasset'
[2021.10.25-02.10.21:369][452]LogSavePackage:Display: Finished SavePackage ../../../../../GitHub Projects/Udemy_Unreal/Udemy_Pinball/Udemy_Pinball/Pinball/Content/Blueprints/PinballGameMode.uasset
[2021.10.25-02.10.21:794][500]Cmd: OBJ SAVEPACKAGE PACKAGE="/Game/Blueprints/PinballGameMode" FILE="../../../../../GitHub Projects/Udemy_Unreal/Udemy_Pinball/Udemy_Pinball/Pinball/Content/Blueprints/PinballGameMode.uasset" SILENT=true
[2021.10.25-02.10.21:830][500]LogSavePackage: Save=29.48ms
[2021.10.25-02.10.21:831][500]LogSavePackage: Moving '../../../../../GitHub Projects/Udemy_Unreal/Udemy_Pinball/Udemy_Pinball/Pinball/Saved/PinballGameMode03EED49F4D7E1C6FDCA8F4A4E52621DC.tmp' to '../../../../../GitHub Projects/Udemy_Unreal/Udemy_Pinball/Udemy_Pinball/Pinball/Content/Blueprints/PinballGameMode.uasset'
[2021.10.25-02.10.21:833][500]LogSavePackage:Display: Finished SavePackage ../../../../../GitHub Projects/Udemy_Unreal/Udemy_Pinball/Udemy_Pinball/Pinball/Content/Blueprints/PinballGameMode.uasset
[2021.10.25-02.10.25:715][948]Cmd: OBJ SAVEPACKAGE PACKAGE="/Game/Blueprints/HighScoreStruct" FILE="../../../../../GitHub Projects/Udemy_Unreal/Udemy_Pinball/Udemy_Pinball/Pinball/Content/Blueprints/HighScoreStruct.uasset" SILENT=true
[2021.10.25-02.10.25:791][948]LogSavePackage: Save=66.34ms
[2021.10.25-02.10.25:791][948]LogSavePackage: Moving '../../../../../GitHub Projects/Udemy_Unreal/Udemy_Pinball/Udemy_Pinball/Pinball/Saved/HighScoreStructBBDF323645D96A9D54B1A7A7C5C95492.tmp' to '../../../../../GitHub Projects/Udemy_Unreal/Udemy_Pinball/Udemy_Pinball/Pinball/Content/Blueprints/HighScoreStruct.uasset'
[2021.10.25-02.10.25:794][948]LogSavePackage:Display: Finished SavePackage ../../../../../GitHub Projects/Udemy_Unreal/Udemy_Pinball/Udemy_Pinball/Pinball/Content/Blueprints/HighScoreStruct.uasset
[2021.10.25-02.10.29:449][379]Cmd: OBJ SAVEPACKAGE PACKAGE="/Game/Blueprints/HighScoreSave" FILE="../../../../../GitHub Projects/Udemy_Unreal/Udemy_Pinball/Udemy_Pinball/Pinball/Content/Blueprints/HighScoreSave.uasset" SILENT=true
[2021.10.25-02.10.29:487][379]LogSavePackage: Save=29.19ms
[2021.10.25-02.10.29:487][379]LogSavePackage: Moving '../../../../../GitHub Projects/Udemy_Unreal/Udemy_Pinball/Udemy_Pinball/Pinball/Saved/HighScoreSave938C18C44F2305A84F857AB37DF64F36.tmp' to '../../../../../GitHub Projects/Udemy_Unreal/Udemy_Pinball/Udemy_Pinball/Pinball/Content/Blueprints/HighScoreSave.uasset'
[2021.10.25-02.10.29:490][379]LogSavePackage:Display: Finished SavePackage ../../../../../GitHub Projects/Udemy_Unreal/Udemy_Pinball/Udemy_Pinball/Pinball/Content/Blueprints/HighScoreSave.uasset
[2021.10.25-02.10.30:981][557]BlueprintLog: New page: Compile HighScoreSave
[2021.10.25-02.10.31:513][602]Cmd: OBJ SAVEPACKAGE PACKAGE="/Game/Blueprints/HighScoreSave" FILE="../../../../../GitHub Projects/Udemy_Unreal/Udemy_Pinball/Udemy_Pinball/Pinball/Content/Blueprints/HighScoreSave.uasset" SILENT=true
[2021.10.25-02.10.31:550][602]LogSavePackage: Save=29.42ms
[2021.10.25-02.10.31:550][602]LogSavePackage: Moving '../../../../../GitHub Projects/Udemy_Unreal/Udemy_Pinball/Udemy_Pinball/Pinball/Saved/HighScoreSaveA11C45604DD1AA0D079EBCA8BFD24ADA.tmp' to '../../../../../GitHub Projects/Udemy_Unreal/Udemy_Pinball/Udemy_Pinball/Pinball/Content/Blueprints/HighScoreSave.uasset'
[2021.10.25-02.10.31:552][602]LogSavePackage:Display: Finished SavePackage ../../../../../GitHub Projects/Udemy_Unreal/Udemy_Pinball/Udemy_Pinball/Pinball/Content/Blueprints/HighScoreSave.uasset
[2021.10.25-02.10.32:685][734]BlueprintLog: New page: Compile PinballGameMode
[2021.10.25-02.10.33:180][775]Cmd: OBJ SAVEPACKAGE PACKAGE="/Game/Blueprints/PinballGameMode" FILE="../../../../../GitHub Projects/Udemy_Unreal/Udemy_Pinball/Udemy_Pinball/Pinball/Content/Blueprints/PinballGameMode.uasset" SILENT=true
[2021.10.25-02.10.33:213][775]LogSavePackage: Save=27.14ms
[2021.10.25-02.10.33:213][775]LogSavePackage: Moving '../../../../../GitHub Projects/Udemy_Unreal/Udemy_Pinball/Udemy_Pinball/Pinball/Saved/PinballGameModeE70872684C951849957EB5822CE1E320.tmp' to '../../../../../GitHub Projects/Udemy_Unreal/Udemy_Pinball/Udemy_Pinball/Pinball/Content/Blueprints/PinballGameMode.uasset'
[2021.10.25-02.10.33:216][775]LogSavePackage:Display: Finished SavePackage ../../../../../GitHub Projects/Udemy_Unreal/Udemy_Pinball/Udemy_Pinball/Pinball/Content/Blueprints/PinballGameMode.uasset
[2021.10.25-02.10.46:915][330]Cmd: QUIT_EDITOR
[2021.10.25-02.10.46:939][330]LogWindowsTextInputMethodSystem:Display: IME system now deactivated.
[2021.10.25-02.10.46:961][330]LogExit: Preparing to exit.
[2021.10.25-02.10.48:059][330]LogDirectoryWatcher: A directory notification for 'D:/GitHub Projects/Udemy_Unreal/Udemy_Pinball/Udemy_Pinball/Pinball/Content/' was aborted.
[2021.10.25-02.10.48:092][330]LogExit: Editor shut down
[2021.10.25-02.10.48:092][330]LogExit: Transaction tracking system shut down
[2021.10.25-02.10.48:179][330]LogObj: Freed 0b from 0 cluster array pools.
[2021.10.25-02.10.48:179][330]LogExit: Object subsystem successfully closed.
[2021.10.25-02.10.48:202][330]LogD3D11RHI: Shutdown
[2021.10.25-02.10.48:202][330]LogD3D11RHI: CleanupD3DDevice
[2021.10.25-02.10.48:274][330]LogD3D11RHI: ~FD3D11DynamicRHI
[2021.10.25-02.10.48:283][330]LogHttp:Display: Http module shutting down, but needs to wait on 2 outstanding Http requests:
[2021.10.25-02.10.48:283][330]LogHttp:Display: 	verb=[POST] url=[https://datarouter.ol.epicgames.com/datarouter/api/v1/public/data?SessionID=%7B17C02541-41F8-0D02-EE42-02A6A2655E5A%7D&AppID=UEEditor.Rocket.Release&AppVersion=4.14.3-3249277%2B%2B%2BUE4%2BRelease-4.14&UserID=dd55dcd44d4de2f3f5b041b7246e1094%7Cf5476c74213e466690d5d7ff3df1aed1%7C051aa251-e9c6-4825-b070-34c45b984ebd&AppEnvironment=datacollector-binary&UploadType=eteventstream] status=Processing
[2021.10.25-02.10.48:283][330]LogHttp:Display: 	verb=[POST] url=[https://datarouter.ol.epicgames.com/datarouter/api/v1/public/data?SessionID=%7B17C02541-41F8-0D02-EE42-02A6A2655E5A%7D&AppID=UEEditor.Rocket.Release&AppVersion=4.14.3-3249277%2B%2B%2BUE4%2BRelease-4.14&UserID=dd55dcd44d4de2f3f5b041b7246e1094%7Cf5476c74213e466690d5d7ff3df1aed1%7C051aa251-e9c6-4825-b070-34c45b984ebd&AppEnvironment=datacollector-binary&UploadType=eteventstream] status=Processing
[2021.10.25-02.10.48:316][330]LogModuleManager: Shutting down and abandoning module BlueprintGraph (243)
[2021.10.25-02.10.48:316][330]LogModuleManager: Shutting down and abandoning module BlueprintProfiler (242)
[2021.10.25-02.10.48:316][330]LogModuleManager: Shutting down and abandoning module HierarchicalLODOutliner (241)
[2021.10.25-02.10.48:316][330]LogModuleManager: Shutting down and abandoning module CrashTracker (240)
[2021.10.25-02.10.48:316][330]LogModuleManager: Shutting down and abandoning module SceneOutliner (239)
[2021.10.25-02.10.48:316][330]LogModuleManager: Shutting down and abandoning module WidgetCarousel (238)
[2021.10.25-02.10.48:316][330]LogModuleManager: Shutting down and abandoning module AddContentDialog (237)
[2021.10.25-02.10.48:316][330]LogDirectoryWatcher: A directory notification for 'D:/EpicGames/UE_4.14/FeaturePacks/' was aborted.
[2021.10.25-02.10.48:317][330]LogModuleManager: Shutting down and abandoning module GameplayTags (236)
[2021.10.25-02.10.48:317][330]LogModuleManager: Shutting down and abandoning module EditorWidgets (235)
[2021.10.25-02.10.48:317][330]LogModuleManager: Shutting down and abandoning module CollectionManager (234)
[2021.10.25-02.10.48:317][330]LogDirectoryWatcher: A directory notification for 'D:/GitHub Projects/Udemy_Unreal/Udemy_Pinball/Udemy_Pinball/Pinball/Content/Collections/' was aborted.
[2021.10.25-02.10.48:317][330]LogDirectoryWatcher: A directory notification for 'D:/GitHub Projects/Udemy_Unreal/Udemy_Pinball/Udemy_Pinball/Pinball/Content/Developers/jerye/Collections/' was aborted.
[2021.10.25-02.10.48:317][330]LogDirectoryWatcher: A directory notification for 'D:/GitHub Projects/Udemy_Unreal/Udemy_Pinball/Udemy_Pinball/Pinball/Saved/Collections/' was aborted.
[2021.10.25-02.10.48:317][330]LogModuleManager: Shutting down and abandoning module StatsViewer (233)
[2021.10.25-02.10.48:317][330]LogModuleManager: Shutting down and abandoning module FoliageEdit (232)
[2021.10.25-02.10.48:317][330]LogModuleManager: Shutting down and abandoning module LandscapeEditor (231)
[2021.10.25-02.10.48:317][330]LogModuleManager: Shutting down and abandoning module SceneDepthPickerMode (230)
[2021.10.25-02.10.48:317][330]LogModuleManager: Shutting down and abandoning module ActorPickerMode (229)
[2021.10.25-02.10.48:317][330]LogModuleManager: Shutting down and abandoning module GeometryMode (228)
[2021.10.25-02.10.48:317][330]LogModuleManager: Shutting down and abandoning module TextureAlignMode (227)
[2021.10.25-02.10.48:317][330]LogModuleManager: Shutting down and abandoning module BspMode (226)
[2021.10.25-02.10.48:317][330]LogModuleManager: Shutting down and abandoning module HardwareSurvey (225)
[2021.10.25-02.10.48:317][330]LogModuleManager: Shutting down and abandoning module SequenceRecorderSections (224)
[2021.10.25-02.10.48:317][330]LogModuleManager: Shutting down and abandoning module AutomationWorker (223)
[2021.10.25-02.10.48:317][330]LogModuleManager: Shutting down and abandoning module MatineeToLevelSequence (222)
[2021.10.25-02.10.48:317][330]LogModuleManager: Shutting down and abandoning module PlacementMode (221)
[2021.10.25-02.10.48:317][330]LogModuleManager: Shutting down and abandoning module LevelSequenceEditor (220)
[2021.10.25-02.10.48:317][330]LogModuleManager: Shutting down and abandoning module WmfMediaFactory (219)
[2021.10.25-02.10.48:317][330]LogModuleManager: Shutting down and abandoning module WmfMediaEditor (218)
[2021.10.25-02.10.48:317][330]LogModuleManager: Shutting down and abandoning module AvfMediaFactory (217)
[2021.10.25-02.10.48:317][330]LogModuleManager: Shutting down and abandoning module AvfMediaEditor (216)
[2021.10.25-02.10.48:317][330]LogModuleManager: Shutting down and abandoning module Media (215)
[2021.10.25-02.10.48:317][330]LogModuleManager: Shutting down and abandoning module AndroidMediaFactory (214)
[2021.10.25-02.10.48:317][330]LogModuleManager: Shutting down and abandoning module AndroidMediaEditor (213)
[2021.10.25-02.10.48:317][330]LogModuleManager: Shutting down and abandoning module CharacterAI (212)
[2021.10.25-02.10.48:317][330]LogModuleManager: Shutting down and abandoning module SequenceRecorder (211)
[2021.10.25-02.10.48:318][330]LogModuleManager: Shutting down and abandoning module AudioCapture (210)
[2021.10.25-02.10.48:318][330]LogModuleManager: Shutting down and abandoning module SmartSnapping (209)
[2021.10.25-02.10.48:318][330]LogModuleManager: Shutting down and abandoning module SessionServices (208)
[2021.10.25-02.10.48:318][330]LogModuleManager: Shutting down and abandoning module ViewportSnapping (207)
[2021.10.25-02.10.48:318][330]LogModuleManager: Shutting down and abandoning module ViewportInteraction (206)
[2021.10.25-02.10.48:318][330]LogModuleManager: Shutting down and abandoning module LogVisualizer (205)
[2021.10.25-02.10.48:318][330]LogModuleManager: Shutting down and abandoning module GameProjectGeneration (204)
[2021.10.25-02.10.48:318][330]LogModuleManager: Shutting down and abandoning module IntroTutorials (203)
[2021.10.25-02.10.48:318][330]LogModuleManager: Shutting down and abandoning module EditorLiveStreaming (202)
[2021.10.25-02.10.48:318][330]LogModuleManager: Shutting down and abandoning module IOSPlatformEditor (201)
[2021.10.25-02.10.48:318][330]LogModuleManager: Shutting down and abandoning module HTML5PlatformEditor (200)
[2021.10.25-02.10.48:318][330]LogModuleManager: Shutting down and abandoning module AndroidDeviceDetection (199)
[2021.10.25-02.10.49:226][330]LogModuleManager: Shutting down and abandoning module AndroidPlatformEditor (198)
[2021.10.25-02.10.49:226][330]LogModuleManager: Shutting down and abandoning module IOSRuntimeSettings (197)
[2021.10.25-02.10.49:226][330]LogModuleManager: Shutting down and abandoning module AndroidRuntimeSettings (196)
[2021.10.25-02.10.49:226][330]LogModuleManager: Shutting down and abandoning module InputBindingEditor (195)
[2021.10.25-02.10.49:226][330]LogModuleManager: Shutting down and abandoning module NiagaraEditor (194)
[2021.10.25-02.10.49:226][330]LogModuleManager: Shutting down and abandoning module MergeActors (193)
[2021.10.25-02.10.49:226][330]LogModuleManager: Shutting down and abandoning module SizeMap (192)
[2021.10.25-02.10.49:226][330]LogModuleManager: Shutting down and abandoning module TreeMap (191)
[2021.10.25-02.10.49:226][330]LogModuleManager: Shutting down and abandoning module ReferenceViewer (190)
[2021.10.25-02.10.49:226][330]LogModuleManager: Shutting down and abandoning module LocalizationService (189)
[2021.10.25-02.10.49:226][330]LogModuleManager: Shutting down and abandoning module LocalizationDashboard (188)
[2021.10.25-02.10.49:226][330]LogModuleManager: Shutting down and abandoning module HardwareTargeting (187)
[2021.10.25-02.10.49:226][330]LogModuleManager: Shutting down and abandoning module DeviceProfileEditor (186)
[2021.10.25-02.10.49:226][330]LogModuleManager: Shutting down and abandoning module UndoHistory (185)
[2021.10.25-02.10.49:226][330]LogModuleManager: Shutting down and abandoning module UserFeedback (184)
[2021.10.25-02.10.49:226][330]LogModuleManager: Shutting down and abandoning module XmlParser (183)
[2021.10.25-02.10.49:226][330]LogModuleManager: Shutting down and abandoning module Blutility (182)
[2021.10.25-02.10.49:226][330]LogModuleManager: Shutting down and abandoning module ProjectTargetPlatformEditor (181)
[2021.10.25-02.10.49:227][330]LogModuleManager: Shutting down and abandoning module ProjectSettingsViewer (180)
[2021.10.25-02.10.49:227][330]LogModuleManager: Shutting down and abandoning module EditorSettingsViewer (179)
[2021.10.25-02.10.49:227][330]LogModuleManager: Shutting down and abandoning module SettingsEditor (178)
[2021.10.25-02.10.49:227][330]LogModuleManager: Shutting down and abandoning module ProjectLauncher (177)
[2021.10.25-02.10.49:227][330]LogModuleManager: Shutting down and abandoning module SessionFrontend (176)
[2021.10.25-02.10.49:227][330]LogModuleManager: Shutting down and abandoning module ProfilerClient (175)
[2021.10.25-02.10.49:227][330]LogModuleManager: Shutting down and abandoning module TargetDeviceServices (174)
[2021.10.25-02.10.49:227][330]LogModuleManager: Shutting down and abandoning module DeviceManager (173)
[2021.10.25-02.10.49:260][330]LogModuleManager: Shutting down and abandoning module AutomationController (172)
[2021.10.25-02.10.49:260][330]LogModuleManager: Shutting down and abandoning module AutomationWindow (171)
[2021.10.25-02.10.49:260][330]LogModuleManager: Shutting down and abandoning module Layers (170)
[2021.10.25-02.10.49:260][330]LogModuleManager: Shutting down and abandoning module ComponentVisualizers (169)
[2021.10.25-02.10.49:260][330]LogModuleManager: Shutting down and abandoning module DetailCustomizations (168)
[2021.10.25-02.10.49:260][330]LogModuleManager: Shutting down and abandoning module PackagesDialog (167)
[2021.10.25-02.10.49:260][330]LogModuleManager: Shutting down and abandoning module AnimGraph (166)
[2021.10.25-02.10.49:260][330]LogModuleManager: Shutting down and abandoning module Persona (165)
[2021.10.25-02.10.49:260][330]LogModuleManager: Shutting down and abandoning module Kismet (164)
[2021.10.25-02.10.49:266][330]LogModuleManager: Shutting down and abandoning module GraphEditor (163)
[2021.10.25-02.10.49:266][330]LogModuleManager: Shutting down and abandoning module ClassViewer (162)
[2021.10.25-02.10.49:268][330]LogModuleManager: Shutting down and abandoning module Toolbox (161)
[2021.10.25-02.10.49:268][330]LogModuleManager: Shutting down and abandoning module ModuleUI (160)
[2021.10.25-02.10.49:268][330]LogModuleManager: Shutting down and abandoning module MovieSceneTools (159)
[2021.10.25-02.10.49:268][330]LogModuleManager: Shutting down and abandoning module OutputLog (158)
[2021.10.25-02.10.49:268][330]LogModuleManager: Shutting down and abandoning module GammaUI (157)
[2021.10.25-02.10.49:268][330]LogModuleManager: Shutting down and abandoning module Documentation (156)
[2021.10.25-02.10.49:268][330]LogModuleManager: Shutting down and abandoning module Niagara (155)
[2021.10.25-02.10.49:268][330]LogModuleManager: Shutting down and abandoning module StreamingPauseRendering (154)
[2021.10.25-02.10.49:268][330]LogModuleManager: Shutting down and abandoning module AnalyticsET (153)
[2021.10.25-02.10.49:268][330]LogModuleManager: Shutting down and abandoning module PortalServices (152)
[2021.10.25-02.10.49:268][330]LogModuleManager: Shutting down and abandoning module PortalRpc (151)
[2021.10.25-02.10.49:268][330]LogModuleManager: Shutting down and abandoning module MessagingRpc (150)
[2021.10.25-02.10.49:268][330]LogModuleManager: Shutting down and abandoning module GameplayDebugger (149)
[2021.10.25-02.10.49:268][330]LogModuleManager: Shutting down and abandoning module AITestSuite (148)
[2021.10.25-02.10.49:268][330]LogModuleManager: Shutting down and abandoning module AIModule (147)
[2021.10.25-02.10.49:268][330]LogModuleManager: Shutting down and abandoning module ProfilerService (146)
[2021.10.25-02.10.49:290][330]LogModuleManager: Shutting down and abandoning module TaskGraph (145)
[2021.10.25-02.10.49:290][330]LogModuleManager: Shutting down and abandoning module SlateRemote (144)
[2021.10.25-02.10.49:290][330]LogModuleManager: Shutting down and abandoning module SteamVRController (143)
[2021.10.25-02.10.49:290][330]LogModuleManager: Shutting down and abandoning module SteamVR (142)
[2021.10.25-02.10.49:290][330]LogModuleManager: Shutting down and abandoning module ProceduralMeshComponentEditor (141)
[2021.10.25-02.10.49:290][330]LogModuleManager: Shutting down and abandoning module ProceduralMeshComponent (140)
[2021.10.25-02.10.49:291][330]LogModuleManager: Shutting down and abandoning module OculusLibrary (139)
[2021.10.25-02.10.49:291][330]LogModuleManager: Shutting down and abandoning module OculusInput (138)
[2021.10.25-02.10.49:291][330]LogModuleManager: Shutting down and abandoning module MobilePatchingUtils (137)
[2021.10.25-02.10.49:291][330]LogModuleManager: Shutting down and abandoning module CustomMeshComponent (136)
[2021.10.25-02.10.49:291][330]LogModuleManager: Shutting down and abandoning module CableComponent (135)
[2021.10.25-02.10.49:291][330]LogModuleManager: Shutting down and abandoning module ArchVisCharacter (134)
[2021.10.25-02.10.49:291][330]LogModuleManager: Shutting down and abandoning module MediaPlayerEditor (132)
[2021.10.25-02.10.49:291][330]LogModuleManager: Shutting down and abandoning module HTML5Networking (131)
[2021.10.25-02.10.49:291][330]LogModuleManager: Shutting down and abandoning module GeometryCacheEd (130)
[2021.10.25-02.10.49:291][330]LogModuleManager: Shutting down and abandoning module GeometryCache (129)
[2021.10.25-02.10.49:291][330]LogModuleManager: Shutting down and abandoning module AlembicLibrary (128)
[2021.10.25-02.10.49:291][330]LogModuleManager: Shutting down and abandoning module AlembicImporter (127)
[2021.10.25-02.10.49:291][330]LogModuleManager: Shutting down and abandoning module SuperSearch (126)
[2021.10.25-02.10.49:291][330]LogModuleManager: Shutting down and abandoning module SuperSearchEditor (125)
[2021.10.25-02.10.49:291][330]LogModuleManager: Shutting down and abandoning module SpeedTreeImporter (124)
[2021.10.25-02.10.49:291][330]LogModuleManager: Shutting down and abandoning module PluginBrowser (123)
[2021.10.25-02.10.49:291][330]LogModuleManager: Shutting down and abandoning module MobileLauncherProfileWizard (122)
[2021.10.25-02.10.49:291][330]LogModuleManager: Shutting down and abandoning module EpicSurvey (121)
[2021.10.25-02.10.49:291][330]LogModuleManager: Shutting down and abandoning module DesktopPlatform (120)
[2021.10.25-02.10.49:291][330]LogModuleManager: Shutting down and abandoning module VisualStudioSourceCodeAccess (119)
[2021.10.25-02.10.49:291][330]LogModuleManager: Shutting down and abandoning module UObjectPlugin (118)
[2021.10.25-02.10.49:291][330]LogModuleManager: Shutting down and abandoning module SubversionSourceControl (117)
[2021.10.25-02.10.49:291][330]LogModuleManager: Shutting down and abandoning module PerforceSourceControl (116)
[2021.10.25-02.10.49:291][330]LogModuleManager: Shutting down and abandoning module SourceControl (115)
[2021.10.25-02.10.49:291][330]LogModuleManager: Shutting down and abandoning module GitSourceControl (114)
[2021.10.25-02.10.49:291][330]LogModuleManager: Shutting down and abandoning module LightPropagationVolumeEditor (113)
[2021.10.25-02.10.49:291][330]LogModuleManager: Shutting down and abandoning module PaperTiledImporter (112)
[2021.10.25-02.10.49:291][330]LogModuleManager: Shutting down and abandoning module PaperSpriteSheetImporter (111)
[2021.10.25-02.10.49:291][330]LogModuleManager: Shutting down and abandoning module MeshPaint (110)
[2021.10.25-02.10.49:291][330]LogModuleManager: Shutting down and abandoning module PixelInspectorModule (109)
[2021.10.25-02.10.49:291][330]LogModuleManager: Shutting down and abandoning module HotReload (108)
[2021.10.25-02.10.49:291][330]LogModuleManager: Shutting down and abandoning module MainFrame (107)
[2021.10.25-02.10.49:291][330]LogModuleManager: Shutting down and abandoning module LevelEditor (106)
[2021.10.25-02.10.49:292][330]LogModuleManager: Shutting down and abandoning module ContentBrowser (105)
[2021.10.25-02.10.49:293][330]LogModuleManager: Shutting down and abandoning module Paper2DEditor (104)
[2021.10.25-02.10.49:293][330]LogModuleManager: Shutting down and abandoning module UdpMessaging (103)
[2021.10.25-02.10.49:394][330]LogModuleManager: Shutting down and abandoning module TcpMessaging (102)
[2021.10.25-02.10.49:496][330]LogModuleManager: Shutting down and abandoning module LightPropagationVolumeRuntime (101)
[2021.10.25-02.10.49:496][330]LogModuleManager: Shutting down and abandoning module Paper2D (100)
[2021.10.25-02.10.49:496][330]LogModuleManager: Shutting down and abandoning module WindowsMoviePlayer (99)
[2021.10.25-02.10.49:496][330]LogModuleManager: Shutting down and abandoning module WmfMedia (98)
[2021.10.25-02.10.49:496][330]LogModuleManager: Shutting down and abandoning module MediaAssets (97)
[2021.10.25-02.10.49:496][330]LogModuleManager: Shutting down and abandoning module GameLiveStreaming (96)
[2021.10.25-02.10.49:496][330]LogModuleManager: Shutting down and abandoning module GameplayTagsEditor (95)
[2021.10.25-02.10.49:496][330]LogModuleManager: Shutting down and abandoning module VREditor (94)
[2021.10.25-02.10.49:496][330]LogModuleManager: Shutting down and abandoning module GameplayTasksEditor (93)
[2021.10.25-02.10.49:496][330]LogModuleManager: Shutting down and abandoning module BehaviorTreeEditor (92)
[2021.10.25-02.10.49:496][330]LogModuleManager: Shutting down and abandoning module FunctionalTesting (91)
[2021.10.25-02.10.49:497][330]LogModuleManager: Shutting down and abandoning module CollisionAnalyzer (90)
[2021.10.25-02.10.49:497][330]LogModuleManager: Shutting down and abandoning module Sequencer (89)
[2021.10.25-02.10.49:497][330]LogModuleManager: Shutting down and abandoning module WorkspaceMenuStructure (88)
[2021.10.25-02.10.49:497][330]LogModuleManager: Shutting down and abandoning module MessageLog (87)
[2021.10.25-02.10.49:497][330]LogModuleManager: Shutting down and abandoning module AssetTools (86)
[2021.10.25-02.10.49:497][330]LogModuleManager: Shutting down and abandoning module UMGEditor (85)
[2021.10.25-02.10.49:497][330]LogModuleManager: Shutting down and abandoning module UMG (84)
[2021.10.25-02.10.49:497][330]LogModuleManager: Shutting down and abandoning module SlateReflector (83)
[2021.10.25-02.10.49:497][330]LogModuleManager: Shutting down and abandoning module Slate (82)
[2021.10.25-02.10.49:497][330]LogModuleManager: Shutting down and abandoning module EditorStyle (81)
[2021.10.25-02.10.49:498][330]LogModuleManager: Shutting down and abandoning module SourceCodeAccess (80)
[2021.10.25-02.10.49:498][330]LogModuleManager: Shutting down and abandoning module HeadMountedDisplay (79)
[2021.10.25-02.10.49:498][330]LogModuleManager: Shutting down and abandoning module XAudio2 (78)
[2021.10.25-02.10.49:498][330]LogModuleManager: Shutting down and abandoning module Networking (76)
[2021.10.25-02.10.49:498][330]LogModuleManager: Shutting down and abandoning module Core (75)
[2021.10.25-02.10.49:498][330]LogModuleManager: Shutting down and abandoning module DirectoryWatcher (74)
[2021.10.25-02.10.49:498][330]LogDirectoryWatcher: A directory notification for '../../../Engine/Content/' was aborted.
[2021.10.25-02.10.49:498][330]LogDirectoryWatcher: A directory notification for '../../../../../GitHub Projects/Udemy_Unreal/Udemy_Pinball/Udemy_Pinball/Pinball/Content/' was aborted.
[2021.10.25-02.10.49:499][330]LogDirectoryWatcher: A directory notification for '../../../Engine/Plugins/2D/Paper2D/Content/' was aborted.
[2021.10.25-02.10.49:499][330]LogModuleManager: Shutting down and abandoning module AssetRegistry (73)
[2021.10.25-02.10.49:665][330]LogModuleManager: Shutting down and abandoning module KismetCompiler (72)
[2021.10.25-02.10.49:665][330]LogModuleManager: Shutting down and abandoning module PhysXFormats (71)
[2021.10.25-02.10.49:665][330]LogModuleManager: Shutting down and abandoning module SimplygonSwarm (70)
[2021.10.25-02.10.49:665][330]LogModuleManager: Shutting down and abandoning module SimplygonMeshReduction (69)
[2021.10.25-02.10.49:665][330]LogModuleManager: Shutting down and abandoning module QuadricMeshReduction (68)
[2021.10.25-02.10.49:665][330]LogModuleManager: Shutting down and abandoning module PropertyEditor (67)
[2021.10.25-02.10.49:665][330]LogModuleManager: Shutting down and abandoning module MeshUtilities (66)
[2021.10.25-02.10.49:665][330]LogModuleManager: Shutting down and abandoning module DerivedDataCache (65)
[2021.10.25-02.10.49:739][330]LogDerivedDataCache: Shutdown
[2021.10.25-02.10.49:739][330]LogModuleManager: Shutting down and abandoning module VulkanShaderFormat (64)
[2021.10.25-02.10.49:739][330]LogModuleManager: Shutting down and abandoning module ShaderFormatOpenGL (63)
[2021.10.25-02.10.49:739][330]LogModuleManager: Shutting down and abandoning module ShaderFormatD3D (62)
[2021.10.25-02.10.49:739][330]LogModuleManager: Shutting down and abandoning module MetalShaderFormat (61)
[2021.10.25-02.10.49:739][330]LogModuleManager: Shutting down and abandoning module TextureFormatUncompressed (60)
[2021.10.25-02.10.49:739][330]LogModuleManager: Shutting down and abandoning module TextureFormatPVR (59)
[2021.10.25-02.10.49:739][330]LogModuleManager: Shutting down and abandoning module TextureFormatDXT (58)
[2021.10.25-02.10.49:739][330]LogModuleManager: Shutting down and abandoning module TextureFormatIntelISPCTexComp (57)
[2021.10.25-02.10.49:739][330]LogModuleManager: Shutting down and abandoning module ImageWrapper (56)
[2021.10.25-02.10.49:739][330]LogModuleManager: Shutting down and abandoning module TextureFormatASTC (55)
[2021.10.25-02.10.49:739][330]LogModuleManager: Shutting down and abandoning module TextureFormatAndroid (54)
[2021.10.25-02.10.49:739][330]LogModuleManager: Shutting down and abandoning module AudioFormatOpus (53)
[2021.10.25-02.10.49:739][330]LogModuleManager: Shutting down and abandoning module AudioFormatOgg (52)
[2021.10.25-02.10.49:739][330]LogModuleManager: Shutting down and abandoning module AudioFormatADPCM (51)
[2021.10.25-02.10.49:739][330]LogModuleManager: Shutting down and abandoning module LinuxTargetPlatform (50)
[2021.10.25-02.10.49:739][330]LogModuleManager: Shutting down and abandoning module LinuxServerTargetPlatform (49)
[2021.10.25-02.10.49:740][330]LogModuleManager: Shutting down and abandoning module LinuxNoEditorTargetPlatform (48)
[2021.10.25-02.10.49:740][330]LogModuleManager: Shutting down and abandoning module LinuxClientTargetPlatform (47)
[2021.10.25-02.10.49:740][330]LogModuleManager: Shutting down and abandoning module TVOSTargetPlatform (46)
[2021.10.25-02.10.49:740][330]LogModuleManager: Shutting down and abandoning module Messaging (45)
[2021.10.25-02.10.49:740][330]LogModuleManager: Shutting down and abandoning module IOSTargetPlatform (44)
[2021.10.25-02.10.49:740][330]LogModuleManager: Shutting down and abandoning module HTML5TargetPlatform (43)
[2021.10.25-02.10.49:740][330]LogModuleManager: Shutting down and abandoning module Android_PVRTCTargetPlatform (42)
[2021.10.25-02.10.49:740][330]LogModuleManager: Shutting down and abandoning module Android_MultiTargetPlatform (41)
[2021.10.25-02.10.49:740][330]LogModuleManager: Shutting down and abandoning module Android_ETC2TargetPlatform (40)
[2021.10.25-02.10.49:740][330]LogModuleManager: Shutting down and abandoning module Android_ETC1TargetPlatform (39)
[2021.10.25-02.10.49:740][330]LogModuleManager: Shutting down and abandoning module Android_DXTTargetPlatform (38)
[2021.10.25-02.10.49:740][330]LogModuleManager: Shutting down and abandoning module Android_ATCTargetPlatform (37)
[2021.10.25-02.10.49:740][330]LogModuleManager: Shutting down and abandoning module Android_ASTCTargetPlatform (36)
[2021.10.25-02.10.49:740][330]LogModuleManager: Shutting down and abandoning module AndroidTargetPlatform (35)
[2021.10.25-02.10.49:740][330]LogModuleManager: Shutting down and abandoning module WindowsTargetPlatform (34)
[2021.10.25-02.10.49:740][330]LogModuleManager: Shutting down and abandoning module WindowsServerTargetPlatform (33)
[2021.10.25-02.10.49:740][330]LogModuleManager: Shutting down and abandoning module WindowsNoEditorTargetPlatform (32)
[2021.10.25-02.10.49:740][330]LogModuleManager: Shutting down and abandoning module WindowsClientTargetPlatform (31)
[2021.10.25-02.10.49:740][330]LogModuleManager: Shutting down and abandoning module MacTargetPlatform (30)
[2021.10.25-02.10.49:740][330]LogModuleManager: Shutting down and abandoning module MacServerTargetPlatform (29)
[2021.10.25-02.10.49:740][330]LogModuleManager: Shutting down and abandoning module MacNoEditorTargetPlatform (28)
[2021.10.25-02.10.49:740][330]LogModuleManager: Shutting down and abandoning module MacClientTargetPlatform (27)
[2021.10.25-02.10.49:740][330]LogModuleManager: Shutting down and abandoning module AllDesktopTargetPlatform (26)
[2021.10.25-02.10.49:740][330]LogModuleManager: Shutting down and abandoning module TargetPlatform (25)
[2021.10.25-02.10.49:740][330]LogModuleManager: Shutting down and abandoning module InputCore (24)
[2021.10.25-02.10.49:740][330]LogModuleManager: Shutting down and abandoning module Settings (23)
[2021.10.25-02.10.49:740][330]LogModuleManager: Shutting down and abandoning module OculusRift (22)
[2021.10.25-02.10.49:740][330]LogModuleManager: Shutting down and abandoning module ExampleDeviceProfileSelector (21)
[2021.10.25-02.10.49:740][330]LogModuleManager: Shutting down and abandoning module OnlineBlueprintSupport (20)
[2021.10.25-02.10.49:740][330]LogModuleManager: Shutting down and abandoning module OnlineSubsystem (18)
[2021.10.25-02.10.49:740][330]LogOnline:Display: Unloading online subsystem: NULL
[2021.10.25-02.10.49:740][330]LogModuleManager: Shutting down and abandoning module SSL (17)
[2021.10.25-02.10.49:741][330]LogModuleManager: Shutting down and abandoning module HTTP (16)
[2021.10.25-02.10.49:741][330]LogModuleManager: Shutting down and abandoning module XMPP (15)
[2021.10.25-02.10.49:741][330]LogModuleManager: Shutting down and abandoning module TextureCompressor (14)
[2021.10.25-02.10.49:741][330]LogModuleManager: Shutting down and abandoning module ShaderCore (13)
[2021.10.25-02.10.49:741][330]LogModuleManager: Shutting down and abandoning module Landscape (12)
[2021.10.25-02.10.49:741][330]LogModuleManager: Shutting down and abandoning module SlateRHIRenderer (11)
[2021.10.25-02.10.49:743][330]LogModuleManager: Shutting down and abandoning module OpenGLDrv (10)
[2021.10.25-02.10.49:743][330]LogModuleManager: Shutting down and abandoning module D3D11RHI (9)
[2021.10.25-02.10.49:743][330]LogModuleManager: Shutting down and abandoning module AnimGraphRuntime (8)
[2021.10.25-02.10.49:743][330]LogModuleManager: Shutting down and abandoning module Renderer (7)
[2021.10.25-02.10.49:743][330]LogModuleManager: Shutting down and abandoning module Engine (6)
[2021.10.25-02.10.49:743][330]LogModuleManager: Shutting down and abandoning module CoreUObject (5)
[2021.10.25-02.10.49:743][330]LogModuleManager: Shutting down and abandoning module NetworkFile (4)
[2021.10.25-02.10.49:743][330]LogModuleManager: Shutting down and abandoning module StreamingFile (3)
[2021.10.25-02.10.49:743][330]LogModuleManager: Shutting down and abandoning module SandboxFile (2)
[2021.10.25-02.10.49:743][330]LogModuleManager: Shutting down and abandoning module PakFile (1)
[2021.10.25-02.10.49:746][330]LogExit: Exiting.
[2021.10.25-02.10.49:748][330]Log file closed, 10/24/21 22:10:49
