Log file open, 10/11/21 13:16:08
LogInit:Display: Running engine for game: Pinball
LogPlatformFile: Not using cached read wrapper
LogInit:Display: RandInit(-301350853) SRandInit(-301350852).
LogTaskGraph: Started task graph with 5 named threads and 10 total threads with 1 sets of task threads.
LogStats: Stats thread started at 2.786488
LogPluginManager: Loaded Plugin Paper2D, From D:/EpicGames/UE_4.14/Engine/Plugins/2D/Paper2D/Paper2D.uplugin
LogPluginManager: Loaded Plugin LightPropagationVolume, From D:/EpicGames/UE_4.14/Engine/Plugins/Blendables/LightPropagationVolume/LightPropagationVolume.uplugin
LogPluginManager: Loaded Plugin BlankPlugin, From D:/EpicGames/UE_4.14/Engine/Plugins/Developer/BlankPlugin/BlankPlugin.uplugin
LogPluginManager: Loaded Plugin CodeLiteSourceCodeAccess, From D:/EpicGames/UE_4.14/Engine/Plugins/Developer/CodeLiteSourceCodeAccess/CodeLiteSourceCodeAccess.uplugin
LogPluginManager: Loaded Plugin GitSourceControl, From D:/EpicGames/UE_4.14/Engine/Plugins/Developer/GitSourceControl/GitSourceControl.uplugin
LogPluginManager: Loaded Plugin KDevelopSourceCodeAccess, From D:/EpicGames/UE_4.14/Engine/Plugins/Developer/KDevelopSourceCodeAccess/KDevelopSourceCodeAccess.uplugin
LogPluginManager: Loaded Plugin NullSourceCodeAccess, From D:/EpicGames/UE_4.14/Engine/Plugins/Developer/NullSourceCodeAccess/NullSourceCodeAccess.uplugin
LogPluginManager: Loaded Plugin OneSkyLocalizationService, From D:/EpicGames/UE_4.14/Engine/Plugins/Developer/OneSkyLocalizationService/OneSkyLocalizationService.uplugin
LogPluginManager: Loaded Plugin PerforceSourceControl, From D:/EpicGames/UE_4.14/Engine/Plugins/Developer/PerforceSourceControl/PerforceSourceControl.uplugin
LogPluginManager: Loaded Plugin SubversionSourceControl, From D:/EpicGames/UE_4.14/Engine/Plugins/Developer/SubversionSourceControl/SubversionSourceControl.uplugin
LogPluginManager: Loaded Plugin UObjectPlugin, From D:/EpicGames/UE_4.14/Engine/Plugins/Developer/UObjectPlugin/UObjectPlugin.uplugin
LogPluginManager: Loaded Plugin VisualStudioSourceCodeAccess, From D:/EpicGames/UE_4.14/Engine/Plugins/Developer/VisualStudioSourceCodeAccess/VisualStudioSourceCodeAccess.uplugin
LogPluginManager: Loaded Plugin XCodeSourceCodeAccess, From D:/EpicGames/UE_4.14/Engine/Plugins/Developer/XCodeSourceCodeAccess/XCodeSourceCodeAccess.uplugin
LogPluginManager: Loaded Plugin AudioCapture, From D:/EpicGames/UE_4.14/Engine/Plugins/Editor/AudioCapture/AudioCapture.uplugin
LogPluginManager: Loaded Plugin EpicSurvey, From D:/EpicGames/UE_4.14/Engine/Plugins/Editor/EpicSurvey/EpicSurvey.uplugin
LogPluginManager: Loaded Plugin MacGraphicsSwitching, From D:/EpicGames/UE_4.14/Engine/Plugins/Editor/MacGraphicsSwitching/MacGraphicsSwitching.uplugin
LogPluginManager: Loaded Plugin MobileLauncherProfileWizard, From D:/EpicGames/UE_4.14/Engine/Plugins/Editor/MobileLauncherProfileWizard/MobileLauncherProfileWizard.uplugin
LogPluginManager: Loaded Plugin PluginBrowser, From D:/EpicGames/UE_4.14/Engine/Plugins/Editor/PluginBrowser/PluginBrowser.uplugin
LogPluginManager: Loaded Plugin SpeedTreeImporter, From D:/EpicGames/UE_4.14/Engine/Plugins/Editor/SpeedTreeImporter/SpeedTreeImporter.uplugin
LogPluginManager: Loaded Plugin SuperSearchEditor, From D:/EpicGames/UE_4.14/Engine/Plugins/Editor/SuperSearchEditor/SuperSearchEditor.uplugin
LogPluginManager: Loaded Plugin AlembicImporter, From D:/EpicGames/UE_4.14/Engine/Plugins/Experimental/AlembicImporter/AlembicImporter.uplugin
LogPluginManager: Loaded Plugin BlueprintStats, From D:/EpicGames/UE_4.14/Engine/Plugins/Experimental/BlueprintStats/BlueprintStats.uplugin
LogPluginManager: Loaded Plugin CharacterAI, From D:/EpicGames/UE_4.14/Engine/Plugins/Experimental/CharacterAI/CharacterAI.uplugin
LogPluginManager: Loaded Plugin CodeEditor, From D:/EpicGames/UE_4.14/Engine/Plugins/Experimental/CodeEditor/CodeEditor.uplugin
LogPluginManager: Loaded Plugin CodeView, From D:/EpicGames/UE_4.14/Engine/Plugins/Experimental/CodeView/CodeView.uplugin
LogPluginManager: Loaded Plugin HTML5Networking, From D:/EpicGames/UE_4.14/Engine/Plugins/Experimental/HTML5Networking/HTML5Networking.uplugin
LogPluginManager: Loaded Plugin OSVR, From D:/EpicGames/UE_4.14/Engine/Plugins/Experimental/OSVR/OSVR.uplugin
LogPluginManager: Loaded Plugin Phya, From D:/EpicGames/UE_4.14/Engine/Plugins/Experimental/Phya/Phya.uplugin
LogPluginManager: Loaded Plugin SignificanceManager, From D:/EpicGames/UE_4.14/Engine/Plugins/Experimental/SignificanceManager/SignificanceManager.uplugin
LogPluginManager: Loaded Plugin SimpleHMD, From D:/EpicGames/UE_4.14/Engine/Plugins/Experimental/SimpleHMD/SimpleHMD.uplugin
LogPluginManager: Loaded Plugin StereoPanorama, From D:/EpicGames/UE_4.14/Engine/Plugins/Experimental/StereoPanorama/StereoPanorama.uplugin
LogPluginManager: Loaded Plugin StructBox, From D:/EpicGames/UE_4.14/Engine/Plugins/Experimental/StructBox/StructBox.uplugin
LogPluginManager: Loaded Plugin AndroidMedia, From D:/EpicGames/UE_4.14/Engine/Plugins/Media/AndroidMedia/AndroidMedia.uplugin
LogPluginManager: Loaded Plugin AvfMedia, From D:/EpicGames/UE_4.14/Engine/Plugins/Media/AvfMedia/AvfMedia.uplugin
LogPluginManager: Loaded Plugin MediaPlayerEditor, From D:/EpicGames/UE_4.14/Engine/Plugins/Media/MediaPlayerEditor/MediaPlayerEditor.uplugin
LogPluginManager: Loaded Plugin WmfMedia, From D:/EpicGames/UE_4.14/Engine/Plugins/Media/WmfMedia/WmfMedia.uplugin
LogPluginManager: Loaded Plugin MessagingDebugger, From D:/EpicGames/UE_4.14/Engine/Plugins/Messaging/MessagingDebugger/MessagingDebugger.uplugin
LogPluginManager: Loaded Plugin TcpMessaging, From D:/EpicGames/UE_4.14/Engine/Plugins/Messaging/TcpMessaging/TcpMessaging.uplugin
LogPluginManager: Loaded Plugin UdpMessaging, From D:/EpicGames/UE_4.14/Engine/Plugins/Messaging/UdpMessaging/UdpMessaging.uplugin
LogPluginManager: Loaded Plugin LevelSequenceEditor, From D:/EpicGames/UE_4.14/Engine/Plugins/MovieScene/LevelSequenceEditor/LevelSequenceEditor.uplugin
LogPluginManager: Loaded Plugin MatineeToLevelSequence, From D:/EpicGames/UE_4.14/Engine/Plugins/MovieScene/MatineeToLevelSequence/MatineeToLevelSequence.uplugin
LogPluginManager: Loaded Plugin NetcodeUnitTest, From D:/EpicGames/UE_4.14/Engine/Plugins/NetcodeUnitTest/NetcodeUnitTest/NetcodeUnitTest.uplugin
LogPluginManager: Loaded Plugin NUTUnrealEngine4, From D:/EpicGames/UE_4.14/Engine/Plugins/NetcodeUnitTest/NUTUnrealEngine4/NUTUnrealEngine4.uplugin
LogPluginManager: Loaded Plugin OnlineSubsystemGameCircle, From D:/EpicGames/UE_4.14/Engine/Plugins/Online/Android/OnlineSubsystemGameCircle/OnlineSubsystemGameCircle.uplugin
LogPluginManager: Loaded Plugin OnlineSubsystemGooglePlay, From D:/EpicGames/UE_4.14/Engine/Plugins/Online/Android/OnlineSubsystemGooglePlay/OnlineSubsystemGooglePlay.uplugin
LogPluginManager: Loaded Plugin OnlineSubsystemIOS, From D:/EpicGames/UE_4.14/Engine/Plugins/Online/IOS/OnlineSubsystemIOS/OnlineSubsystemIOS.uplugin
LogPluginManager: Loaded Plugin OnlineFramework, From D:/EpicGames/UE_4.14/Engine/Plugins/Online/OnlineFramework/OnlineFramework.uplugin
LogPluginManager: Loaded Plugin OnlineSubsystem, From D:/EpicGames/UE_4.14/Engine/Plugins/Online/OnlineSubsystem/OnlineSubsystem.uplugin
LogPluginManager: Loaded Plugin OnlineSubsystemAmazon, From D:/EpicGames/UE_4.14/Engine/Plugins/Online/OnlineSubsystemAmazon/OnlineSubsystemAmazon.uplugin
LogPluginManager: Loaded Plugin OnlineSubsystemFacebook, From D:/EpicGames/UE_4.14/Engine/Plugins/Online/OnlineSubsystemFacebook/OnlineSubsystemFacebook.uplugin
LogPluginManager: Loaded Plugin OnlineSubsystemNull, From D:/EpicGames/UE_4.14/Engine/Plugins/Online/OnlineSubsystemNull/OnlineSubsystemNull.uplugin
LogPluginManager: Loaded Plugin OnlineSubsystemOculus, From D:/EpicGames/UE_4.14/Engine/Plugins/Online/OnlineSubsystemOculus/OnlineSubsystemOculus.uplugin
LogPluginManager: Loaded Plugin OnlineSubsystemSteam, From D:/EpicGames/UE_4.14/Engine/Plugins/Online/OnlineSubsystemSteam/OnlineSubsystemSteam.uplugin
LogPluginManager: Loaded Plugin OnlineSubsystemUtils, From D:/EpicGames/UE_4.14/Engine/Plugins/Online/OnlineSubsystemUtils/OnlineSubsystemUtils.uplugin
LogPluginManager: Loaded Plugin IOSTapJoy, From D:/EpicGames/UE_4.14/Engine/Plugins/Runtime/Advertising/IOSTapJoy/IOSTapJoy.uplugin
LogPluginManager: Loaded Plugin AnalyticsBlueprintLibrary, From D:/EpicGames/UE_4.14/Engine/Plugins/Runtime/Analytics/AnalyticsBlueprintLibrary/AnalyticsBlueprintLibrary.uplugin
LogPluginManager: Loaded Plugin AnalyticsMulticast, From D:/EpicGames/UE_4.14/Engine/Plugins/Runtime/Analytics/AnalyticsMulticast/AnalyticsMulticast.uplugin
LogPluginManager: Loaded Plugin Apsalar, From D:/EpicGames/UE_4.14/Engine/Plugins/Runtime/Analytics/Apsalar/Apsalar.uplugin
LogPluginManager: Loaded Plugin FileLogging, From D:/EpicGames/UE_4.14/Engine/Plugins/Runtime/Analytics/FileLogging/FileLogging.uplugin
LogPluginManager: Loaded Plugin Flurry, From D:/EpicGames/UE_4.14/Engine/Plugins/Runtime/Analytics/Flurry/Flurry.uplugin
LogPluginManager: Loaded Plugin AndroidDeviceProfileSelector, From D:/EpicGames/UE_4.14/Engine/Plugins/Runtime/AndroidDeviceProfileSelector/AndroidDeviceProfileSelector.uplugin
LogPluginManager: Loaded Plugin AndroidMoviePlayer, From D:/EpicGames/UE_4.14/Engine/Plugins/Runtime/AndroidMoviePlayer/AndroidMoviePlayer.uplugin
LogPluginManager: Loaded Plugin AppleMoviePlayer, From D:/EpicGames/UE_4.14/Engine/Plugins/Runtime/AppleMoviePlayer/AppleMoviePlayer.uplugin
LogPluginManager: Loaded Plugin ArchVisCharacter, From D:/EpicGames/UE_4.14/Engine/Plugins/Runtime/ArchVisCharacter/ArchVisCharacter.uplugin
LogPluginManager: Loaded Plugin CableComponent, From D:/EpicGames/UE_4.14/Engine/Plugins/Runtime/CableComponent/CableComponent.uplugin
LogPluginManager: Loaded Plugin CustomMeshComponent, From D:/EpicGames/UE_4.14/Engine/Plugins/Runtime/CustomMeshComponent/CustomMeshComponent.uplugin
LogPluginManager: Loaded Plugin ExampleDeviceProfileSelector, From D:/EpicGames/UE_4.14/Engine/Plugins/Runtime/ExampleDeviceProfileSelector/ExampleDeviceProfileSelector.uplugin
LogPluginManager: Loaded Plugin GearVR, From D:/EpicGames/UE_4.14/Engine/Plugins/Runtime/GearVR/GearVR.uplugin
LogPluginManager: Loaded Plugin GoogleVRController, From D:/EpicGames/UE_4.14/Engine/Plugins/Runtime/GoogleVR/GoogleVRController/GoogleVRController.uplugin
LogPluginManager: Loaded Plugin GoogleVRHMD, From D:/EpicGames/UE_4.14/Engine/Plugins/Runtime/GoogleVR/GoogleVRHMD/GoogleVRHMD.uplugin
LogPluginManager: Loaded Plugin IOSDeviceProfileSelector, From D:/EpicGames/UE_4.14/Engine/Plugins/Runtime/IOSDeviceProfileSelector/IOSDeviceProfileSelector.uplugin
LogPluginManager: Loaded Plugin LeapMotion, From D:/EpicGames/UE_4.14/Engine/Plugins/Runtime/LeapMotion/LeapMotion.uplugin
LogPluginManager: Loaded Plugin LinuxDeviceProfileSelector, From D:/EpicGames/UE_4.14/Engine/Plugins/Runtime/LinuxDeviceProfileSelector/LinuxDeviceProfileSelector.uplugin
LogPluginManager: Loaded Plugin MIDIDevice, From D:/EpicGames/UE_4.14/Engine/Plugins/Runtime/MIDIDevice/MIDIDevice.uplugin
LogPluginManager: Loaded Plugin MobilePatchingUtils, From D:/EpicGames/UE_4.14/Engine/Plugins/Runtime/MobilePatchingUtils/MobilePatchingUtils.uplugin
LogPluginManager: Loaded Plugin Ansel, From D:/EpicGames/UE_4.14/Engine/Plugins/Runtime/Nvidia/Ansel/Ansel.uplugin
LogPluginManager: Loaded Plugin OculusAudio, From D:/EpicGames/UE_4.14/Engine/Plugins/Runtime/OculusAudio/OculusAudio.uplugin
LogPluginManager: Loaded Plugin OculusInput, From D:/EpicGames/UE_4.14/Engine/Plugins/Runtime/OculusInput/OculusInput.uplugin
LogPluginManager: Loaded Plugin OculusLibrary, From D:/EpicGames/UE_4.14/Engine/Plugins/Runtime/OculusLibrary/OculusLibrary.uplugin
LogPluginManager: Loaded Plugin OculusRift, From D:/EpicGames/UE_4.14/Engine/Plugins/Runtime/OculusRift/OculusRift.uplugin
LogPluginManager: Loaded Plugin Oodle, From D:/EpicGames/UE_4.14/Engine/Plugins/Runtime/PacketHandlers/CompressionComponents/Oodle/Oodle.uplugin
LogPluginManager: Loaded Plugin ProceduralMeshComponent, From D:/EpicGames/UE_4.14/Engine/Plugins/Runtime/ProceduralMeshComponent/ProceduralMeshComponent.uplugin
LogPluginManager: Loaded Plugin SoundMod, From D:/EpicGames/UE_4.14/Engine/Plugins/Runtime/SoundMod/SoundMod.uplugin
LogPluginManager: Loaded Plugin SoundVisualizations, From D:/EpicGames/UE_4.14/Engine/Plugins/Runtime/SoundVisualizations/SoundVisualizations.uplugin
LogPluginManager: Loaded Plugin SteamController, From D:/EpicGames/UE_4.14/Engine/Plugins/Runtime/Steam/SteamController/SteamController.uplugin
LogPluginManager: Loaded Plugin SteamVR, From D:/EpicGames/UE_4.14/Engine/Plugins/Runtime/Steam/SteamVR/SteamVR.uplugin
LogPluginManager: Loaded Plugin WebBrowserWidget, From D:/EpicGames/UE_4.14/Engine/Plugins/Runtime/WebBrowserWidget/WebBrowserWidget.uplugin
LogPluginManager: Loaded Plugin WindowsDeviceProfileSelector, From D:/EpicGames/UE_4.14/Engine/Plugins/Runtime/WindowsDeviceProfileSelector/WindowsDeviceProfileSelector.uplugin
LogPluginManager: Loaded Plugin WindowsMoviePlayer, From D:/EpicGames/UE_4.14/Engine/Plugins/Runtime/WindowsMoviePlayer/WindowsMoviePlayer.uplugin
LogPluginManager: Loaded Plugin ScriptPlugin, From D:/EpicGames/UE_4.14/Engine/Plugins/ScriptPlugin/ScriptPlugin.uplugin
LogPluginManager: Loaded Plugin SlateRemote, From D:/EpicGames/UE_4.14/Engine/Plugins/Slate/SlateRemote/SlateRemote.uplugin
LogPluginManager: Loaded Plugin EditorTests, From D:/EpicGames/UE_4.14/Engine/Plugins/Tests/EditorTests/EditorTests.uplugin
LogPluginManager: Loaded Plugin FbxAutomationTestBuilder, From D:/EpicGames/UE_4.14/Engine/Plugins/Tests/FbxAutomationTestBuilder/FbxAutomationTestBuilder.uplugin
LogPluginManager: Loaded Plugin FunctionalTestingEditor, From D:/EpicGames/UE_4.14/Engine/Plugins/Tests/FunctionalTestingEditor/FunctionalTestingEditor.uplugin
LogPluginManager: Loaded Plugin RuntimeTests, From D:/EpicGames/UE_4.14/Engine/Plugins/Tests/RuntimeTests/RuntimeTests.uplugin
LogPluginManager: Loaded Plugin ScreenshotTools, From D:/EpicGames/UE_4.14/Engine/Plugins/Tests/ScreenshotTools/ScreenshotTools.uplugin
LogInit: Using libcurl 7.47.1
LogInit:  - built for x86_64-pc-win32
LogInit:  - supports SSL with OpenSSL/1.0.2g
LogInit:  - supports HTTP deflate (compression) using libz 1.2.8
LogInit:  - other features:
LogInit:      CURL_VERSION_SSL
LogInit:      CURL_VERSION_LIBZ
LogInit:      CURL_VERSION_IPV6
LogInit:      CURL_VERSION_ASYNCHDNS
LogInit:      CURL_VERSION_LARGEFILE
LogInit:      CURL_VERSION_IDN
LogInit:  CurlRequestOptions (configurable via config and command line):
LogInit:  - bVerifyPeer = false  - Libcurl will NOT verify peer certificate
LogInit:  - bUseHttpProxy = false  - Libcurl will NOT use HTTP proxy
LogInit:  - bDontReuseConnections = false  - Libcurl will reuse connections
LogInit:  - CertBundlePath = nullptr  - Libcurl will use whatever was configured at build time.
LogInit: Build: ++UE4+Release-4.14-CL-3249277
LogInit: Engine Version: 4.14.3-3249277+++UE4+Release-4.14
LogInit: Compatible Engine Version: 4.14.0-3195953+++UE4+Release-4.14
LogInit: Net CL: 3195953
LogDevObjectVersion: Number of dev versions registered: 13
LogDevObjectVersion:   Dev-Blueprints (B0D832E4-1F89-4F0D-ACCF-7EB736FD4AA2): 7
LogDevObjectVersion:   Dev-Build (E1C64328-A22C-4D53-A36C-8E866417BD8C): 0
LogDevObjectVersion:   Dev-Core (375EC13C-06E4-48FB-B500-84F0262A717E): 1
LogDevObjectVersion:   Dev-Editor (E4B068ED-F494-42E9-A231-DA0B2E46BB41): 8
LogDevObjectVersion:   Dev-Framework (CFFC743F-43B0-4480-9391-14DF171D2073): 17
LogDevObjectVersion:   Dev-Mobile (B02B49B5-BB20-44E9-A304-32B752E40360): 0
LogDevObjectVersion:   Dev-Networking (A4E4105C-59A1-49B5-A7C5-40C4547EDFEE): 0
LogDevObjectVersion:   Dev-Online (39C831C9-5AE6-47DC-9A44-9C173E1C8E7C): 0
LogDevObjectVersion:   Dev-Physics (78F01B33-EBEA-4F98-B9B4-84EACCB95AA2): 0
LogDevObjectVersion:   Dev-Platform (6631380F-2D4D-43E0-8009-CF276956A95A): 0
LogDevObjectVersion:   Dev-Rendering (12F88B9F-8875-4AFC-A67C-D90C383ABD29): 12
LogDevObjectVersion:   Dev-Sequencer (7B5AE74C-D270-4C10-A958-57980B212A5A): 1
LogDevObjectVersion:   Dev-VR (D7296918-1DD6-4BDD-9DE2-64A83CC13884): 0
LogInit: Compiled (64-bit): Jan  6 2017 10:49:43
LogInit: Compiled with Visual C++: 19.00.23026.00
LogInit: Build Configuration: Development
LogInit: Branch Name: ++UE4+Release-4.14
LogInit: Command line:  
LogInit: Base directory: D:/EpicGames/UE_4.14/Engine/Binaries/Win64/
LogInit: Installed Engine Build: 1
LogInit: Presizing for max 8388607 objects, including 0 objects not considered by GC, pre-allocating 0 bytes for permanent pool.
LogInit: Object subsystem initialized
[2021.10.11-17.16.09:915][  0]LogInit: Selected Device Profile: [Windows]
[2021.10.11-17.16.09:915][  0]LogInit: Applying CVar settings loaded from the selected device profile: [Windows]
[2021.10.11-17.16.10:007][  0]LogInit: Computer: DESKTOP-GK7AF5R
[2021.10.11-17.16.10:007][  0]LogInit: User: jerye
[2021.10.11-17.16.10:007][  0]LogInit: CPU Page size=65536, Cores=6
[2021.10.11-17.16.10:007][  0]LogInit: High frequency timer resolution =10.000000 MHz
[2021.10.11-17.16.10:007][  0]LogMemory: Memory total: Physical=31.9GB (32GB approx)
[2021.10.11-17.16.10:007][  0]LogMemory: Platform Memory Stats for Windows
[2021.10.11-17.16.10:007][  0]LogMemory: Process Physical Memory: 266.16 MB used, 266.17 MB peak
[2021.10.11-17.16.10:007][  0]LogMemory: Process Virtual Memory: 269.07 MB used, 269.07 MB peak
[2021.10.11-17.16.10:007][  0]LogMemory: Physical Memory: 8071.68 MB used,  24606.20 MB free, 32677.88 MB total
[2021.10.11-17.16.10:007][  0]LogMemory: Virtual Memory: 4804.30 MB used,  24606.20 MB free, 134217728.00 MB total
[2021.10.11-17.16.11:157][  0]LogTextLocalizationManager: No specific translations for ('en-CA') exist, so ('en') translations will be used.
[2021.10.11-17.16.14:764][  0]LogD3D11RHI: D3D11 adapters:
[2021.10.11-17.16.14:819][  0]LogD3D11RHI:    0. 'AMD Radeon RX 5700 XT' (Feature Level 11_0)
[2021.10.11-17.16.14:819][  0]LogD3D11RHI:       8151/0/16338 MB DedicatedVideo/DedicatedSystem/SharedSystem, Outputs:2, VendorId:0x1002
[2021.10.11-17.16.14:822][  0]LogD3D11RHI:    1. 'Microsoft Basic Render Driver' (Feature Level 11_0)
[2021.10.11-17.16.14:822][  0]LogD3D11RHI:       0/0/16338 MB DedicatedVideo/DedicatedSystem/SharedSystem, Outputs:0, VendorId:0x1414
[2021.10.11-17.16.14:822][  0]LogD3D11RHI: Chosen D3D11 Adapter: 0
[2021.10.11-17.16.14:830][  0]LogD3D11RHI: Creating new Direct3DDevice
[2021.10.11-17.16.14:830][  0]LogD3D11RHI:     GPU DeviceId: 0x731f (for the marketing name, search the web for "GPU Device Id")
[2021.10.11-17.16.14:830][  0]LogWindows: EnumDisplayDevices:
[2021.10.11-17.16.14:831][  0]LogWindows:    0. 'AMD Radeon RX 5700 XT' (P:1 D:1)
[2021.10.11-17.16.14:831][  0]LogWindows:    1. 'AMD Radeon RX 5700 XT' (P:0 D:1)
[2021.10.11-17.16.14:831][  0]LogWindows:    2. 'AMD Radeon RX 5700 XT' (P:0 D:0)
[2021.10.11-17.16.14:831][  0]LogWindows:    3. 'AMD Radeon RX 5700 XT' (P:0 D:0)
[2021.10.11-17.16.14:831][  0]LogWindows:    4. 'AMD Radeon RX 5700 XT' (P:0 D:0)
[2021.10.11-17.16.14:832][  0]LogWindows:    5. 'AMD Radeon RX 5700 XT' (P:0 D:0)
[2021.10.11-17.16.14:832][  0]LogWindows:    6. 'AMD Radeon RX 5700 XT' (P:0 D:0)
[2021.10.11-17.16.14:832][  0]LogWindows: DebugString: GetVideoDriverDetailsInvalid PrimaryIsNotTheChoosenAdapter GetVideoDriverDetailsInvalid PrimaryIsNotTheChoosenAdapter GetVideoDriverDetailsInvalid PrimaryIsNotTheChoosenAdapter GetVideoDriverDetailsInvalid PrimaryIsNotTheChoosenAdapter GetVideoDriverDetailsInvalid PrimaryIsNotTheChoosenAdapter GetVideoDriverDetailsInvalid PrimaryIsNotTheChoosenAdapter GetVideoDriverDetailsInvalid PrimaryIsNotTheChoosenAdapter FoundDriverCount:0 
[2021.10.11-17.16.14:832][  0]LogD3D11RHI:     Adapter Name: AMD Radeon RX 5700 XT
[2021.10.11-17.16.14:832][  0]LogD3D11RHI:   Driver Version: Unknown (internal:Unknown, unified:Unknown)
[2021.10.11-17.16.14:832][  0]LogD3D11RHI:      Driver Date: Unknown
[2021.10.11-17.16.14:833][  0]LogRHI: Texture pool is 1361 MB (70% of 1945 MB)
[2021.10.11-17.16.14:858][  0]LogD3D11RHI: Async texture creation enabled
[2021.10.11-17.16.15:115][  0]LogD3D11RHI: GPU Timing Frequency: 100.000000 (Debug: 2 1)
[2021.10.11-17.16.15:217][  0]LogShaderCompilers: Guid format shader working directory is -34 characters bigger than the processId version (../../../../../GitHub Projects/Udemy_Unreal/Udemy_Pinball/Udemy_Pinball/Pinball/Intermediate/Shaders/WorkingDirectory/15644/).
[2021.10.11-17.16.15:217][  0]LogShaderCompilers: Cleaned the shader compiler working directory 'C:/Users/jerye/AppData/Local/Temp/UnrealShaderWorkingDir/94D038224904E60EE0D88DB02B9EF22C/'.
[2021.10.11-17.16.15:226][  0]LogShaderCompilers:Display: Using Local Shader Compiler.
[2021.10.11-17.16.19:044][  0]LogTemp:Display: Loaded TP AllDesktopTargetPlatform
[2021.10.11-17.16.19:094][  0]LogTemp:Display: Loaded TP MacClientTargetPlatform
[2021.10.11-17.16.19:145][  0]LogTemp:Display: Loaded TP MacNoEditorTargetPlatform
[2021.10.11-17.16.19:196][  0]LogTemp:Display: Loaded TP MacServerTargetPlatform
[2021.10.11-17.16.19:273][  0]LogTemp:Display: Loaded TP MacTargetPlatform
[2021.10.11-17.16.19:322][  0]LogTemp:Display: Loaded TP WindowsClientTargetPlatform
[2021.10.11-17.16.19:373][  0]LogTemp:Display: Loaded TP WindowsNoEditorTargetPlatform
[2021.10.11-17.16.19:423][  0]LogTemp:Display: Loaded TP WindowsServerTargetPlatform
[2021.10.11-17.16.19:465][  0]LogTemp:Display: Loaded TP WindowsTargetPlatform
[2021.10.11-17.16.19:534][  0]LogTemp:Display: Loaded TP AndroidTargetPlatform
[2021.10.11-17.16.19:592][  0]LogTemp:Display: Loaded TP Android_ASTCTargetPlatform
[2021.10.11-17.16.19:656][  0]LogTemp:Display: Loaded TP Android_ATCTargetPlatform
[2021.10.11-17.16.19:712][  0]LogTemp:Display: Loaded TP Android_DXTTargetPlatform
[2021.10.11-17.16.19:790][  0]LogTemp:Display: Loaded TP Android_ETC1TargetPlatform
[2021.10.11-17.16.19:852][  0]LogTemp:Display: Loaded TP Android_ETC2TargetPlatform
[2021.10.11-17.16.19:980][  0]LogTemp:Display: Loaded TP Android_MultiTargetPlatform
[2021.10.11-17.16.19:980][  0]LogTemp:Display: Loaded TP Android_PVRTCTargetPlatform
[2021.10.11-17.16.20:015][  0]LogTemp:Display: Loaded TP HTML5TargetPlatform
[2021.10.11-17.16.20:218][  0]LogTemp:Display: Loaded TP IOSTargetPlatform
[2021.10.11-17.16.20:250][  0]LogTemp:Display: Loaded TP TVOSTargetPlatform
[2021.10.11-17.16.20:300][  0]LogTemp:Display: Loaded TP LinuxClientTargetPlatform
[2021.10.11-17.16.20:350][  0]LogTemp:Display: Loaded TP LinuxNoEditorTargetPlatform
[2021.10.11-17.16.20:402][  0]LogTemp:Display: Loaded TP LinuxServerTargetPlatform
[2021.10.11-17.16.20:536][  0]LogTemp:Display: Loaded TP LinuxTargetPlatform
[2021.10.11-17.16.20:536][  0]LogTargetPlatformManager:Display: Building Assets For Windows
[2021.10.11-17.16.21:717][  0]LogDerivedDataCache:Display: Max Cache Size: 512 MB
[2021.10.11-17.16.21:917][  0]LogDerivedDataCache: Loaded boot cache 0.20s 50MB C:/Users/jerye/AppData/Local/UnrealEngine/4.14/DerivedDataCache/Boot.ddc.
[2021.10.11-17.16.21:917][  0]LogDerivedDataCache:Display: Loaded Boot cache: C:/Users/jerye/AppData/Local/UnrealEngine/4.14/DerivedDataCache/Boot.ddc
[2021.10.11-17.16.21:917][  0]LogDerivedDataCache: FDerivedDataBackendGraph:  Pak pak cache file ../../../../../GitHub Projects/Udemy_Unreal/Udemy_Pinball/Udemy_Pinball/Pinball/DerivedDataCache/DDC.ddp not found, will not use a pak cache.
[2021.10.11-17.16.21:917][  0]LogDerivedDataCache: Unable to find inner node Pak for hierarchical cache Hierarchy.
[2021.10.11-17.16.21:917][  0]LogDerivedDataCache: FDerivedDataBackendGraph:  CompressedPak pak cache file ../../../../../GitHub Projects/Udemy_Unreal/Udemy_Pinball/Udemy_Pinball/Pinball/DerivedDataCache/Compressed.ddp not found, will not use a pak cache.
[2021.10.11-17.16.21:917][  0]LogDerivedDataCache: Unable to find inner node CompressedPak for hierarchical cache Hierarchy.
[2021.10.11-17.16.21:982][  0]LogDerivedDataCache:Display: Pak cache opened for reading ../../../Engine/DerivedDataCache/Compressed.ddp.
[2021.10.11-17.16.21:995][  0]LogDerivedDataCache: Using Local data cache path C:/Users/jerye/AppData/Local/UnrealEngine/Common/DerivedDataCache: Writable
[2021.10.11-17.16.30:507][  0]LogInit: Selected Device Profile: [Windows]
[2021.10.11-17.16.30:556][  0]LogContentStreaming: Texture pool size is 0.00 MB
[2021.10.11-17.16.31:247][  0]LogMeshUtilities: Using QuadricMeshReduction for automatic static mesh reduction
[2021.10.11-17.16.31:725][  0]LogSimplygon: Simplygon DLL not present - disabling.
[2021.10.11-17.16.31:814][  0]LogMeshUtilities: Using SimplygonSwarm for distributed automatic mesh merging
[2021.10.11-17.16.31:814][  0]LogMeshUtilities: No automatic skeletal mesh reduction module available
[2021.10.11-17.16.31:814][  0]LogMeshUtilities: No automatic mesh merging module available
[2021.10.11-17.16.36:663][  0]LogNetVersion: GetLocalNetworkVersion: CL: 3195953, ProjectName: pinball, ProjectVersion: , EngineNetworkVersion: 2, GameNetworkVersion: 0, NetworkChecksum: 1748929517
[2021.10.11-17.16.37:254][  0]LogAssetRegistry: FAssetRegistry took 0.0250 seconds to start up
[2021.10.11-17.16.37:383][  0]LogPackageLocalizationCache: Processed 3 localized package path(s) for 2 prioritized culture(s) in 0.064114 seconds
[2021.10.11-17.16.37:425][  0]LogUObjectArray: 31946 objects as part of root set at end of initial load.
[2021.10.11-17.16.37:425][  0]LogUObjectAllocator: 6935840 out of 0 bytes used by permanent object pool.
[2021.10.11-17.16.37:425][  0]LogUObjectArray: CloseDisregardForGC: 0/0 objects in disregard for GC pool
[2021.10.11-17.16.37:542][  0]LogInit: WinSock: version 1.1 (2.2), MaxSocks=32767, MaxUdp=65467
[2021.10.11-17.16.40:919][  0]LogSlate: Using Freetype 2.6.0
[2021.10.11-17.16.40:999][  0]LogSlate: SlateFontCache - WITH_FREETYPE: 1, WITH_HARFBUZZ: 1
[2021.10.11-17.16.40:999][  0]LogSlate: SlateFontCache - WITH_FREETYPE: 1, WITH_HARFBUZZ: 1
[2021.10.11-17.16.53:859][  0]LogTcpMessaging: Initializing TcpMessaging bridge
[2021.10.11-17.16.53:918][  0]LogUdpMessaging: Initializing bridge on interface 0.0.0.0:0 to multicast group 230.0.0.1:6666.
[2021.10.11-17.16.54:906][  0]LogMaterial: Uniform references updated for custom material expression Custom.
[2021.10.11-17.16.55:864][  0]SourceControl: Info Source control is disabled
[2021.10.11-17.16.55:879][  0]SourceControl: Info Source control is disabled
[2021.10.11-17.16.55:971][  0]SourceControl: Info Source control is disabled
[2021.10.11-17.16.56:031][  0]SourceControl: Info Source control is disabled
[2021.10.11-17.16.58:395][  0]LogEngine: Initializing Engine...
[2021.10.11-17.16.58:416][  0]LogHMD: Failed to initialize OpenVR with code 110
[2021.10.11-17.16.59:640][  0]LogAIModule: Creating AISystem for world Untitled
[2021.10.11-17.16.59:787][  0]LogInit: XAudio2 using 'Speakers (High Definition Audio Device)' : 2 channels at 48 kHz using 16 bits per sample (channel mask 0x3)
[2021.10.11-17.16.59:813][  0]LogInit: FAudioDevice initialized.
[2021.10.11-17.16.59:840][  0]LogDerivedDataCache: Saved boot cache 0.03s 50MB C:/Users/jerye/AppData/Local/UnrealEngine/4.14/DerivedDataCache/Boot.ddc.
[2021.10.11-17.16.59:845][  0]LogInit: Texture streaming: Enabled
[2021.10.11-17.17.00:325][  0]LogInit: Transaction tracking system initialized
[2021.10.11-17.17.00:936][  0]BlueprintLog: New page: Editor Load
[2021.10.11-17.17.02:944][  0]LocalizationService: Info Localization service is disabled
[2021.10.11-17.17.04:124][  0]LogConsoleResponse:Display: 
[2021.10.11-17.17.05:723][  0]LogFileCache: Scanning file cache for directory 'D:/GitHub Projects/Udemy_Unreal/Udemy_Pinball/Udemy_Pinball/Pinball/Content/' took 0.02s
[2021.10.11-17.17.05:723][  0]LogCook:Display: Max memory allowance for cook 16384mb min free memory 0mb
[2021.10.11-17.17.05:723][  0]LogCook:Display: Mobile HDR setting 1
[2021.10.11-17.17.07:678][  0]SourceControl: Info Source control is disabled
[2021.10.11-17.17.07:712][  0]Cmd: MAP LOAD FILE="../../../Engine/Content/Maps/Templates/Template_Default.umap" TEMPLATE=1 SHOWPROGRESS=1 FEATURELEVEL=3
[2021.10.11-17.17.07:748][  0]LightingResults: New page: Lighting Build
[2021.10.11-17.17.07:941][  0]MapCheck: New page: Map Check
[2021.10.11-17.17.07:941][  0]LightingResults: New page: Lighting Build
[2021.10.11-17.17.08:998][  0]LogAIModule: Creating AISystem for world Untitled_1
[2021.10.11-17.17.09:009][  0]LogActorComponent: RegisterComponentWithWorld: (/Temp/Untitled_1.Untitled_1:PersistentLevel.WorldSettings_1.StaticMeshComponent0) Trying to register component with IsPendingKill() == true. Aborting.
[2021.10.11-17.17.09:385][  0]LogEditorServer: Finished looking for orphan Actors (0.000 secs)
[2021.10.11-17.17.09:420][  0]Cmd: MAP CHECKDEP NOCLEARLOG
[2021.10.11-17.17.09:479][  0]MapCheck: Info Map check complete: 0 Error(s), 0 Warning(s), took 59.755ms to complete.
[2021.10.11-17.17.09:479][  0]LogFileHelpers: Loading map 'Template_Default' took 1.773
[2021.10.11-17.17.11:906][  0]LogCollectionManager: Loaded 0 collections in 0.001115 seconds
[2021.10.11-17.17.12:103][  0]LogFileCache: Scanning file cache for directory 'D:/GitHub Projects/Udemy_Unreal/Udemy_Pinball/Udemy_Pinball/Pinball/Saved/Collections/' took 0.01s
[2021.10.11-17.17.12:103][  0]LogFileCache: Scanning file cache for directory 'D:/GitHub Projects/Udemy_Unreal/Udemy_Pinball/Udemy_Pinball/Pinball/Content/Developers/jerye/Collections/' took 0.01s
[2021.10.11-17.17.12:103][  0]LogFileCache: Scanning file cache for directory 'D:/GitHub Projects/Udemy_Unreal/Udemy_Pinball/Udemy_Pinball/Pinball/Content/Collections/' took 0.01s
[2021.10.11-17.17.12:103][  0]LogCollectionManager: Rebuilt the GUID cache for 0 collections in 0.000002 seconds
[2021.10.11-17.17.12:126][  0]LogContentBrowser: Native class hierarchy populated in 0.0188 seconds. Added 2190 classes and 428 folders.
[2021.10.11-17.17.12:211][  0]LogStats: UGameplayTagsManager::ConstructGameplayTagTree: Construct from data asset -  0.000 s
[2021.10.11-17.17.12:211][  0]LogStats: UGameplayTagsManager::ConstructGameplayTagTree: GameplayTagTreeChangedEvent.Broadcast -  0.000 s
[2021.10.11-17.17.12:212][  0]LogContentBrowser: Native class hierarchy updated for 'GameplayTags' in 0.0008 seconds. Added 13 classes and 0 folders.
[2021.10.11-17.17.12:295][  0]LogContentBrowser: Native class hierarchy updated for 'WidgetCarousel' in 0.0006 seconds. Added 0 classes and 0 folders.
[2021.10.11-17.17.13:407][  0]LogContentBrowser: Native class hierarchy updated for 'AddContentDialog' in 0.0007 seconds. Added 0 classes and 0 folders.
[2021.10.11-17.17.13:509][  0]LogContentBrowser: Native class hierarchy updated for 'SceneOutliner' in 0.0007 seconds. Added 1 classes and 2 folders.
[2021.10.11-17.17.13:863][  0]LogCrashTracker: Crashtracker disabled due to settings.
[2021.10.11-17.17.14:017][  0]LogUObjectGlobals:Warning: Failed to find object 'Class None.'
[2021.10.11-17.17.14:181][  0]LogContentBrowser: Native class hierarchy updated for 'HierarchicalLODOutliner' in 0.0008 seconds. Added 1 classes and 2 folders.
[2021.10.11-17.17.14:181][  0]LogLoad: (Engine Initialization) Total time: 75.24 seconds
[2021.10.11-17.17.14:181][  0]LogLoad: (Engine Initialization) Total Blueprint compile time: 0.56 seconds
[2021.10.11-17.17.14:181][  0]LogExternalProfiler: No external profilers were discovered.  External profiling features will not be available.
[2021.10.11-17.17.14:199][  0]LogOcInput: OculusInput pre-init called
[2021.10.11-17.17.14:355][  0]LogContentStreaming: Texture pool size now 1000 MB
[2021.10.11-17.17.15:142][  0]LogRenderer: Reallocating scene render targets to support 1208x576 NumSamples 1 (Frame:2).
[2021.10.11-17.17.15:506][  2]LogAssetRegistry: Asset discovery search completed in 38.2744 seconds
[2021.10.11-17.17.15:527][  2]LogCollectionManager: Rebuilt the object cache for 0 collections in 0.000000 seconds (found 0 objects)
[2021.10.11-17.17.15:527][  2]LogCollectionManager: Fixed up redirectors for 0 collections in 0.021600 seconds (updated 0 objects)
[2021.10.11-17.18.30:460][979]LogContentBrowser: Native class hierarchy updated for 'BlueprintGraph' in 0.0010 seconds. Added 111 classes and 0 folders.
[2021.10.11-17.18.40:054][675]LogAIModule: Creating AISystem for world MainLevel
[2021.10.11-17.18.40:102][675]Cmd: MAP LOAD FILE="../../../../../GitHub Projects/Udemy_Unreal/Udemy_Pinball/Udemy_Pinball/Pinball/Content/Maps/MainLevel.umap" TEMPLATE=0 SHOWPROGRESS=1 FEATURELEVEL=3
[2021.10.11-17.18.40:102][675]LightingResults: New page: Lighting Build
[2021.10.11-17.18.40:103][675]LoadErrors: New page: Loading map: MainLevel.umap
[2021.10.11-17.18.40:116][675]MapCheck: New page: Map Check
[2021.10.11-17.18.40:116][675]LightingResults: New page: Lighting Build
[2021.10.11-17.18.40:180][675]LogEditorServer: Finished looking for orphan Actors (0.000 secs)
[2021.10.11-17.18.40:205][675]Cmd: MAP CHECKDEP NOCLEARLOG
[2021.10.11-17.18.40:253][675]MapCheck: Info Map check complete: 0 Error(s), 0 Warning(s), took 47.879ms to complete.
[2021.10.11-17.18.40:253][675]LogFileHelpers: Loading map 'MainLevel' took 0.163
[2021.10.11-17.18.55:139][771]LogContentBrowser: Native class hierarchy updated for 'WorldBrowser' in 0.0015 seconds. Added 1 classes and 3 folders.
[2021.10.11-17.19.42:918][660]LogSlate: Only BGRA pngs, bmps or icos are supported in by External Image Picker
[2021.10.11-17.19.43:019][661]LogTemp:Display: Executing iPhonePackager certificates Engine -bundlename com.YourCompany.Pinball

[2021.10.11-17.19.43:019][661]LogTemp:Display: CWD: D:\EpicGames\UE_4.14\Engine\Binaries\DotNet\IOS

[2021.10.11-17.19.43:019][661]LogTemp:Display: Initial Dir: D:\EpicGames\UE_4.14

[2021.10.11-17.19.43:019][661]LogTemp:Display: Env CWD: D:\EpicGames\UE_4.14\Engine\Binaries\DotNet\IOS

[2021.10.11-17.19.43:019][661]LogTemp:Display: BranchPath = DESKTOP-GK7AF5R/D/EpicGames/UE_4.14/Engine/Binaries --- GameBranchPath = DESKTOP-GK7AF5R/D/EpicGames/UE_4.14/Engine/Binaries

[2021.10.11-17.19.43:019][661]LogTemp:Display: IPP ERROR: Application exception: System.IO.DirectoryNotFoundException: Could not find a part of the path 'C:\Users\jerye\AppData\Local\Apple Computer\MobileDevice\Provisioning Profiles'.

[2021.10.11-17.19.43:019][661]LogTemp:Display:    at System.IO.__Error.WinIOError(Int32 errorCode, String maybeFullPath)

[2021.10.11-17.19.43:019][661]LogTemp:Display:    at System.IO.FileSystemEnumerableIterator`1.CommonInit()

[2021.10.11-17.19.43:019][661]LogTemp:Display:    at System.IO.FileSystemEnumerableIterator`1..ctor(String path, String originalUserPath, String searchPattern, SearchOption searchOption, SearchResultHandler`1 resultHandler, Boolean checkHost)

[2021.10.11-17.19.43:019][661]LogTemp:Display:    at System.IO.Directory.EnumerateFiles(String path, String searchPattern)

[2021.10.11-17.19.43:019][661]LogTemp:Display:    at iPhonePackager.CodeSignatureBuilder.FindProvisions(String CFBundleIdentifier)

[2021.10.11-17.19.43:019][661]LogTemp:Display:    at iPhonePackager.Program.Main(String[] args)

[2021.10.11-17.21.26:864][544]LogEditorViewport: Clicking on Actor (context menu): BP_Sky_Sphere_C (Sky Sphere)
[2021.10.11-17.21.28:039][649]LogEditorViewport: Clicking on Actor (LMB): BP_Sky_Sphere_C (Sky Sphere)
[2021.10.11-17.23.22:852][421]LogEditorViewport: Clicking on Actor (LMB): StaticMeshActor (Floor)
[2021.10.11-17.23.23:858][525]Cmd: DELETE
[2021.10.11-17.23.23:858][525]Cmd: ACTOR DELETE
[2021.10.11-17.23.23:934][525]LogEditorActor: Deleted Actor: StaticMeshActor
[2021.10.11-17.23.23:968][525]LogEditorActor: Deleted 1 Actors (0.037 secs)
[2021.10.11-17.23.34:239][716]Cmd: BRUSH ADD SELECTNEWBRUSH
[2021.10.11-17.24.06:906][708]LogEditorViewport: Clicking on Actor (context menu): BP_Sky_Sphere_C (Sky Sphere)
[2021.10.11-17.24.07:753][804]LogEditorViewport: Clicking on Actor (LMB): BP_Sky_Sphere_C (Sky Sphere)
[2021.10.11-17.24.17:462][809]Cmd: BRUSH ADD SELECTNEWBRUSH
[2021.10.11-17.24.45:942][176]LogEditorViewport: Clicking on Actor (LMB): Brush (Box Brush2)
[2021.10.11-17.25.08:612][837]LogEditorViewport: Clicking on Actor (LMB): BP_Sky_Sphere_C (Sky Sphere)
[2021.10.11-17.25.10:994][ 76]LogSavePackage: Save=49.98ms
[2021.10.11-17.25.10:994][ 76]LogSavePackage: Moving '../../../../../GitHub Projects/Udemy_Unreal/Udemy_Pinball/Udemy_Pinball/Pinball/Saved/MainLevelD9F94F2B434C5A940CEC8DBF64518CCB.tmp' to '../../../../../GitHub Projects/Udemy_Unreal/Udemy_Pinball/Udemy_Pinball/Pinball/Content/Maps/MainLevel.umap'
[2021.10.11-17.25.11:012][ 76]LogSavePackage:Display: Finished SavePackage ../../../../../GitHub Projects/Udemy_Unreal/Udemy_Pinball/Udemy_Pinball/Pinball/Content/Maps/MainLevel.umap
[2021.10.11-17.25.11:034][ 76]LogFileHelpers: Saving map 'MainLevel' took 0.206
[2021.10.11-17.26.59:201][780]LogSavePackage: Save=31.17ms
[2021.10.11-17.26.59:201][780]LogSavePackage: Moving '../../../../../GitHub Projects/Udemy_Unreal/Udemy_Pinball/Udemy_Pinball/Pinball/Saved/MainLevel19BC6B1944AE0F2D27E025B9A0C7D691.tmp' to '../../../../../GitHub Projects/Udemy_Unreal/Udemy_Pinball/Udemy_Pinball/Pinball/Content/Maps/MainLevel.umap'
[2021.10.11-17.26.59:208][780]LogSavePackage:Display: Finished SavePackage ../../../../../GitHub Projects/Udemy_Unreal/Udemy_Pinball/Udemy_Pinball/Pinball/Content/Maps/MainLevel.umap
[2021.10.11-17.26.59:225][780]LogFileHelpers: Saving map 'MainLevel' took 0.130
[2021.10.11-17.27.00:616][938]LogTemp: Repeting last play command: Selected Viewport
[2021.10.11-17.27.00:652][938]LogPlayLevel: PlayLevel: No blueprints needed recompiling
[2021.10.11-17.27.00:666][938]PIE: New page: PIE session: MainLevel (Oct 11, 2021, 9:27:00 AM)
[2021.10.11-17.27.00:666][938]LogPlayLevel: Creating play world package: /Game/Maps/UEDPIE_0_MainLevel
[2021.10.11-17.27.00:684][938]LogPlayLevel: PIE: StaticDuplicateObject took: (0.018116s)
[2021.10.11-17.27.00:685][938]LogAIModule: Creating AISystem for world MainLevel
[2021.10.11-17.27.00:685][938]LogPlayLevel: PIE: World Init took: (0.000700s)
[2021.10.11-17.27.00:685][938]LogPlayLevel: PIE: Created PIE world by copying editor world from /Game/Maps/MainLevel.MainLevel to /Game/Maps/UEDPIE_0_MainLevel.MainLevel (0.019029s)
[2021.10.11-17.27.00:785][938]LogInit: XAudio2 using 'Speakers (High Definition Audio Device)' : 2 channels at 48 kHz using 16 bits per sample (channel mask 0x3)
[2021.10.11-17.27.00:800][938]LogInit: FAudioDevice initialized.
[2021.10.11-17.27.01:109][938]LogLoad: Game class is 'GameModeBase'
[2021.10.11-17.27.01:135][938]LogWorld: Bringing World /Game/Maps/UEDPIE_0_MainLevel.MainLevel up for play (max tick rate 0) at 2021.10.11-13.27.01
[2021.10.11-17.27.01:135][938]LogWorld: Bringing up level for play took: 0.001618
[2021.10.11-17.27.01:233][938]LogContentBrowser: Native class hierarchy updated for 'MovieSceneCapture' in 0.0012 seconds. Added 11 classes and 0 folders.
[2021.10.11-17.27.01:241][938]PIE: Info Play in editor start time for /Game/Maps/UEDPIE_0_MainLevel 1.223
[2021.10.11-17.27.11:280][ 91]LogTemp: Repeting last play command: Selected Viewport
[2021.10.11-17.27.11:289][ 91]LogPlayLevel: PlayLevel: No blueprints needed recompiling
[2021.10.11-17.27.11:290][ 91]PIE: New page: PIE session: MainLevel (Oct 11, 2021, 9:27:11 AM)
[2021.10.11-17.27.11:290][ 91]LogPlayLevel: Creating play world package: /Game/Maps/UEDPIE_0_MainLevel
[2021.10.11-17.27.11:293][ 91]LogPlayLevel: PIE: StaticDuplicateObject took: (0.002839s)
[2021.10.11-17.27.11:293][ 91]LogAIModule: Creating AISystem for world MainLevel
[2021.10.11-17.27.11:293][ 91]LogPlayLevel: PIE: World Init took: (0.000486s)
[2021.10.11-17.27.11:293][ 91]LogPlayLevel: PIE: Created PIE world by copying editor world from /Game/Maps/MainLevel.MainLevel to /Game/Maps/UEDPIE_0_MainLevel.MainLevel (0.003493s)
[2021.10.11-17.27.11:391][ 91]LogInit: XAudio2 using 'Speakers (High Definition Audio Device)' : 2 channels at 48 kHz using 16 bits per sample (channel mask 0x3)
[2021.10.11-17.27.11:409][ 91]LogInit: FAudioDevice initialized.
[2021.10.11-17.27.11:444][ 91]LogLoad: Game class is 'GameModeBase'
[2021.10.11-17.27.11:446][ 91]LogWorld: Bringing World /Game/Maps/UEDPIE_0_MainLevel.MainLevel up for play (max tick rate 0) at 2021.10.11-13.27.11
[2021.10.11-17.27.11:446][ 91]LogWorld: Bringing up level for play took: 0.000923
[2021.10.11-17.27.11:447][ 91]PIE: Info Play in editor start time for /Game/Maps/UEDPIE_0_MainLevel -0.571
[2021.10.11-17.27.31:706][472]LogEditorActor: Deleted Actor: PlayerStart
[2021.10.11-17.27.31:719][472]LogEditorActor: Deleted 1 Actors (0.014 secs)
[2021.10.11-17.27.35:383][889]LogSavePackage: Save=29.04ms
[2021.10.11-17.27.35:383][889]LogSavePackage: Moving '../../../../../GitHub Projects/Udemy_Unreal/Udemy_Pinball/Udemy_Pinball/Pinball/Saved/MainLevelA722DB294BE18FDFB3A749878450E78C.tmp' to '../../../../../GitHub Projects/Udemy_Unreal/Udemy_Pinball/Udemy_Pinball/Pinball/Content/Maps/MainLevel.umap'
[2021.10.11-17.27.35:389][889]LogSavePackage:Display: Finished SavePackage ../../../../../GitHub Projects/Udemy_Unreal/Udemy_Pinball/Udemy_Pinball/Pinball/Content/Maps/MainLevel.umap
[2021.10.11-17.27.35:406][889]LogFileHelpers: Saving map 'MainLevel' took 0.119
[2021.10.11-17.27.45:490][161]LogTemp: Repeting last play command: Selected Viewport
[2021.10.11-17.27.45:502][161]LogPlayLevel: PlayLevel: No blueprints needed recompiling
[2021.10.11-17.27.45:502][161]PIE: New page: PIE session: MainLevel (Oct 11, 2021, 9:27:45 AM)
[2021.10.11-17.27.45:502][161]LogPlayLevel: Creating play world package: /Game/Maps/UEDPIE_0_MainLevel
[2021.10.11-17.27.45:506][161]LogPlayLevel: PIE: StaticDuplicateObject took: (0.003757s)
[2021.10.11-17.27.45:507][161]LogAIModule: Creating AISystem for world MainLevel
[2021.10.11-17.27.45:507][161]LogPlayLevel: PIE: World Init took: (0.000706s)
[2021.10.11-17.27.45:507][161]LogPlayLevel: PIE: Created PIE world by copying editor world from /Game/Maps/MainLevel.MainLevel to /Game/Maps/UEDPIE_0_MainLevel.MainLevel (0.004687s)
[2021.10.11-17.27.45:549][161]LogInit: XAudio2 using 'Speakers (High Definition Audio Device)' : 2 channels at 48 kHz using 16 bits per sample (channel mask 0x3)
[2021.10.11-17.27.45:563][161]LogInit: FAudioDevice initialized.
[2021.10.11-17.27.45:598][161]LogLoad: Game class is 'GameModeBase'
[2021.10.11-17.27.45:600][161]LogWorld: Bringing World /Game/Maps/UEDPIE_0_MainLevel.MainLevel up for play (max tick rate 0) at 2021.10.11-13.27.45
[2021.10.11-17.27.45:601][161]LogWorld: Bringing up level for play took: 0.001157
[2021.10.11-17.27.45:602][161]PIE: Info Play in editor start time for /Game/Maps/UEDPIE_0_MainLevel -0.417
[2021.10.11-17.56.26:252][632]LogFactory: FactoryCreateFile: StaticMesh with FbxFactory (0 0 D:\GitHub Projects\Udemy_Unreal\PinballAssets\SM_PopBumperBase.FBX)
[2021.10.11-17.56.26:340][632]LogFbx: ItemName: GlobalSettings, ItemCount : 1
[2021.10.11-17.56.26:340][632]LogFbx: ItemName: AnimationStack, ItemCount : 1
[2021.10.11-17.56.26:340][632]LogFbx: ItemName: AnimationLayer, ItemCount : 1
[2021.10.11-17.56.26:340][632]LogFbx: ItemName: Model, ItemCount : 1
[2021.10.11-17.56.26:340][632]LogFbx: ItemName: Geometry, ItemCount : 1
[2021.10.11-17.56.26:340][632]LogFbx: ItemName: Material, ItemCount : 2
[2021.10.11-17.56.26:350][632]LogFbx: Loading FBX Scene from D:\GitHub Projects\Udemy_Unreal\PinballAssets\SM_PopBumperBase.FBX
[2021.10.11-17.56.26:361][632]LogFbx: FBX Scene Loaded Succesfully
[2021.10.11-17.56.40:308][632]LogFbx: Loading FBX Scene from D:\GitHub Projects\Udemy_Unreal\PinballAssets\SM_PopBumperBase.FBX
[2021.10.11-17.56.40:315][632]LogFbx: FBX Scene Loaded Succesfully
[2021.10.11-17.56.40:358][632]LogStaticMesh: Building static mesh SM_PopBumperBase...
[2021.10.11-17.56.40:430][632]LogStaticMesh: Built static mesh [0.07s] /Game/Assets/SM_PopBumperBase.SM_PopBumperBase
[2021.10.11-17.56.40:455][632]FBXImport:Warning: Warning No smoothing group information was found in this FBX scene.  Please make sure to enable the 'Export Smoothing Groups' option in the FBX Exporter plug-in before exporting the file.  Even for tools that don't support smoothing groups, the FBX Exporter will generate appropriate smoothing data at export-time so that correct vertex normals can be inferred while importing. 
[2021.10.11-17.56.40:536][632]LogFactory: FactoryCreateFile: StaticMesh with FbxFactory (0 0 D:\GitHub Projects\Udemy_Unreal\PinballAssets\SM_PopBumperMechanism.FBX)
[2021.10.11-17.56.40:546][632]LogFbx: Loading FBX Scene from D:\GitHub Projects\Udemy_Unreal\PinballAssets\SM_PopBumperMechanism.FBX
[2021.10.11-17.56.40:551][632]LogFbx: FBX Scene Loaded Succesfully
[2021.10.11-17.56.40:555][632]LogStaticMesh: Building static mesh SM_PopBumperMechanism...
[2021.10.11-17.56.40:572][632]LogStaticMesh: Built static mesh [0.02s] /Game/Assets/SM_PopBumperMechanism.SM_PopBumperMechanism
[2021.10.11-17.56.40:575][632]FBXImport:Warning: Warning No smoothing group information was found in this FBX scene.  Please make sure to enable the 'Export Smoothing Groups' option in the FBX Exporter plug-in before exporting the file.  Even for tools that don't support smoothing groups, the FBX Exporter will generate appropriate smoothing data at export-time so that correct vertex normals can be inferred while importing. 
[2021.10.11-17.56.43:698][982]LogFileHelpers: Editor autosave (incl. sublevels) for '/Game/Maps/MainLevel' took 0.013
[2021.10.11-17.56.43:702][982]OBJ SavePackage: Generating thumbnails for [1] asset(s) in package [/Game/Assets/SM_PopBumperBase] ([1] browsable assets)...
[2021.10.11-17.56.43:711][982]OBJ SavePackage:     Rendered thumbnail for [StaticMesh /Game/Assets/SM_PopBumperBase.SM_PopBumperBase]
[2021.10.11-17.56.43:711][982]OBJ SavePackage: Finished generating thumbnails for package [/Game/Assets/SM_PopBumperBase]
[2021.10.11-17.56.43:725][982]LogSavePackage: Save=10.79ms
[2021.10.11-17.56.43:725][982]LogSavePackage: Moving '../../../../../GitHub Projects/Udemy_Unreal/Udemy_Pinball/Udemy_Pinball/Pinball/Saved/SM_PopBumperBase_Auto137739A564290450149F490B364F3A18E.tmp' to '../../../../../GitHub Projects/Udemy_Unreal/Udemy_Pinball/Udemy_Pinball/Pinball/Saved/Autosaves/Game/Assets/SM_PopBumperBase_Auto1.uasset'
[2021.10.11-17.56.43:728][982]LogSavePackage:Display: Finished SavePackage ../../../../../GitHub Projects/Udemy_Unreal/Udemy_Pinball/Udemy_Pinball/Pinball/Saved/Autosaves/Game/Assets/SM_PopBumperBase_Auto1.uasset
[2021.10.11-17.56.43:730][982]OBJ SavePackage: Generating thumbnails for [1] asset(s) in package [/Game/Assets/SM_PopBumperMechanism] ([1] browsable assets)...
[2021.10.11-17.56.43:739][982]OBJ SavePackage:     Rendered thumbnail for [StaticMesh /Game/Assets/SM_PopBumperMechanism.SM_PopBumperMechanism]
[2021.10.11-17.56.43:739][982]OBJ SavePackage: Finished generating thumbnails for package [/Game/Assets/SM_PopBumperMechanism]
[2021.10.11-17.56.43:755][982]LogSavePackage: Save=13.34ms
[2021.10.11-17.56.43:755][982]LogSavePackage: Moving '../../../../../GitHub Projects/Udemy_Unreal/Udemy_Pinball/Udemy_Pinball/Pinball/Saved/SM_PopBumperMechanism_Auto1E9D1DCB241AD6C577E8BAF9A754AA9F5.tmp' to '../../../../../GitHub Projects/Udemy_Unreal/Udemy_Pinball/Udemy_Pinball/Pinball/Saved/Autosaves/Game/Assets/SM_PopBumperMechanism_Auto1.uasset'
[2021.10.11-17.56.43:758][982]LogSavePackage:Display: Finished SavePackage ../../../../../GitHub Projects/Udemy_Unreal/Udemy_Pinball/Udemy_Pinball/Pinball/Saved/Autosaves/Game/Assets/SM_PopBumperMechanism_Auto1.uasset
[2021.10.11-17.56.43:758][982]LogFileHelpers: Auto-saving content packages took 0.059
[2021.10.11-17.57.13:443][310]LogRenderer: Reallocating scene render targets to support 1208x900 NumSamples 1 (Frame:52575).
[2021.10.11-17.58.04:060][249]BlueprintLog: New page: Compile BP_Bumper
[2021.10.11-17.58.05:085][316]Cmd: OBJ SAVEPACKAGE PACKAGE="/Game/Blueprints/BP_Bumper" FILE="../../../../../GitHub Projects/Udemy_Unreal/Udemy_Pinball/Udemy_Pinball/Pinball/Content/Blueprints/BP_Bumper.uasset" SILENT=true
[2021.10.11-17.58.05:104][316]LogSavePackage: Save=16.68ms
[2021.10.11-17.58.05:104][316]LogSavePackage: Moving '../../../../../GitHub Projects/Udemy_Unreal/Udemy_Pinball/Udemy_Pinball/Pinball/Saved/BP_Bumper94C3FFF644CBD6549279EEB9ECFE43E3.tmp' to '../../../../../GitHub Projects/Udemy_Unreal/Udemy_Pinball/Udemy_Pinball/Pinball/Content/Blueprints/BP_Bumper.uasset'
[2021.10.11-17.58.05:111][316]LogSavePackage:Display: Finished SavePackage ../../../../../GitHub Projects/Udemy_Unreal/Udemy_Pinball/Udemy_Pinball/Pinball/Content/Blueprints/BP_Bumper.uasset
[2021.10.11-17.58.11:644][982]LogRenderer: Reallocating scene render targets to support 1432x924 NumSamples 1 (Frame:58394).
[2021.10.11-17.59.44:715][672]LogEditorTransaction: Undo Edit Static Mesh
[2021.10.11-17.59.46:365][865]LogEditorTransaction: Undo Edit Static Mesh
[2021.10.11-18.01.22:200][135]Cmd: OBJ SAVEPACKAGE PACKAGE="/Game/Assets/SM_PopBumperBase" FILE="../../../../../GitHub Projects/Udemy_Unreal/Udemy_Pinball/Udemy_Pinball/Pinball/Content/Assets/SM_PopBumperBase.uasset" SILENT=true
[2021.10.11-18.01.22:214][135]LogSavePackage: Save=11.05ms
[2021.10.11-18.01.22:214][135]LogSavePackage: Moving '../../../../../GitHub Projects/Udemy_Unreal/Udemy_Pinball/Udemy_Pinball/Pinball/Saved/SM_PopBumperBase6D31902B4D04FEC87CA1BC81224BDB2A.tmp' to '../../../../../GitHub Projects/Udemy_Unreal/Udemy_Pinball/Udemy_Pinball/Pinball/Content/Assets/SM_PopBumperBase.uasset'
[2021.10.11-18.01.22:221][135]LogSavePackage:Display: Finished SavePackage ../../../../../GitHub Projects/Udemy_Unreal/Udemy_Pinball/Udemy_Pinball/Pinball/Content/Assets/SM_PopBumperBase.uasset
[2021.10.11-18.01.27:479][741]LogSavePackage: Save=10.49ms
[2021.10.11-18.01.27:479][741]LogSavePackage: Moving '../../../../../GitHub Projects/Udemy_Unreal/Udemy_Pinball/Udemy_Pinball/Pinball/Saved/SM_PopBumperMechanismB602AFDC432DA555B22C879DF9F68323.tmp' to '../../../../../GitHub Projects/Udemy_Unreal/Udemy_Pinball/Udemy_Pinball/Pinball/Content/Assets/SM_PopBumperMechanism.uasset'
[2021.10.11-18.01.27:485][741]LogSavePackage:Display: Finished SavePackage ../../../../../GitHub Projects/Udemy_Unreal/Udemy_Pinball/Udemy_Pinball/Pinball/Content/Assets/SM_PopBumperMechanism.uasset
[2021.10.11-18.01.27:510][741]Cmd: OBJ SAVEPACKAGE PACKAGE="/Game/Blueprints/BP_Bumper" FILE="../../../../../GitHub Projects/Udemy_Unreal/Udemy_Pinball/Udemy_Pinball/Pinball/Content/Blueprints/BP_Bumper.uasset" SILENT=true
[2021.10.11-18.01.27:535][741]LogSavePackage: Save=17.40ms
[2021.10.11-18.01.27:535][741]LogSavePackage: Moving '../../../../../GitHub Projects/Udemy_Unreal/Udemy_Pinball/Udemy_Pinball/Pinball/Saved/BP_Bumper9C7E729D4B6027ED63EF30BC51C81167.tmp' to '../../../../../GitHub Projects/Udemy_Unreal/Udemy_Pinball/Udemy_Pinball/Pinball/Content/Blueprints/BP_Bumper.uasset'
[2021.10.11-18.01.27:541][741]LogSavePackage:Display: Finished SavePackage ../../../../../GitHub Projects/Udemy_Unreal/Udemy_Pinball/Udemy_Pinball/Pinball/Content/Blueprints/BP_Bumper.uasset
[2021.10.11-18.03.22:911][382]BlueprintLog: New page: Compile BP_Bumper
[2021.10.11-18.03.29:766][170]Cmd: OBJ SAVEPACKAGE PACKAGE="/Game/Blueprints/BP_Bumper" FILE="../../../../../GitHub Projects/Udemy_Unreal/Udemy_Pinball/Udemy_Pinball/Pinball/Content/Blueprints/BP_Bumper.uasset" SILENT=true
[2021.10.11-18.03.29:787][170]LogSavePackage: Save=17.08ms
[2021.10.11-18.03.29:787][170]LogSavePackage: Moving '../../../../../GitHub Projects/Udemy_Unreal/Udemy_Pinball/Udemy_Pinball/Pinball/Saved/BP_Bumper7883254547B0AF8EB427EFB6723FBA06.tmp' to '../../../../../GitHub Projects/Udemy_Unreal/Udemy_Pinball/Udemy_Pinball/Pinball/Content/Blueprints/BP_Bumper.uasset'
[2021.10.11-18.03.29:794][170]LogSavePackage:Display: Finished SavePackage ../../../../../GitHub Projects/Udemy_Unreal/Udemy_Pinball/Udemy_Pinball/Pinball/Content/Blueprints/BP_Bumper.uasset
[2021.10.11-18.05.51:831][963]BlueprintLog: New page: Compile BP_Bumper
[2021.10.11-18.05.52:311][  4]Cmd: OBJ SAVEPACKAGE PACKAGE="/Game/Blueprints/BP_Bumper" FILE="../../../../../GitHub Projects/Udemy_Unreal/Udemy_Pinball/Udemy_Pinball/Pinball/Content/Blueprints/BP_Bumper.uasset" SILENT=true
[2021.10.11-18.05.52:336][  4]LogSavePackage: Save=20.08ms
[2021.10.11-18.05.52:336][  4]LogSavePackage: Moving '../../../../../GitHub Projects/Udemy_Unreal/Udemy_Pinball/Udemy_Pinball/Pinball/Saved/BP_Bumper42842FD644166204783DB983E5EC482E.tmp' to '../../../../../GitHub Projects/Udemy_Unreal/Udemy_Pinball/Udemy_Pinball/Pinball/Content/Blueprints/BP_Bumper.uasset'
[2021.10.11-18.05.52:344][  4]LogSavePackage:Display: Finished SavePackage ../../../../../GitHub Projects/Udemy_Unreal/Udemy_Pinball/Udemy_Pinball/Pinball/Content/Blueprints/BP_Bumper.uasset
[2021.10.11-18.06.43:059][  6]LogActorComponent: ReregisterComponent: (/Engine/Transient.World_5:PersistentLevel.BP_Bumper_C_5.Capsule) Not currently registered. Aborting.
[2021.10.11-18.06.43:059][  6]LogActorComponent: ReregisterComponent: (/Engine/Transient.World_4:PersistentLevel.BP_Bumper_C_0.Capsule) Not currently registered. Aborting.
[2021.10.11-18.06.44:721][203]LogActorComponent: ReregisterComponent: (/Engine/Transient.World_5:PersistentLevel.BP_Bumper_C_5.Capsule) Not currently registered. Aborting.
[2021.10.11-18.06.44:721][203]LogActorComponent: ReregisterComponent: (/Engine/Transient.World_4:PersistentLevel.BP_Bumper_C_0.Capsule) Not currently registered. Aborting.
[2021.10.11-18.06.54:527][373]BlueprintLog: New page: Compile BP_Bumper
[2021.10.11-18.06.55:503][456]Cmd: OBJ SAVEPACKAGE PACKAGE="/Game/Blueprints/BP_Bumper" FILE="../../../../../GitHub Projects/Udemy_Unreal/Udemy_Pinball/Udemy_Pinball/Pinball/Content/Blueprints/BP_Bumper.uasset" SILENT=true
[2021.10.11-18.06.55:532][456]LogSavePackage: Save=21.67ms
[2021.10.11-18.06.55:532][456]LogSavePackage: Moving '../../../../../GitHub Projects/Udemy_Unreal/Udemy_Pinball/Udemy_Pinball/Pinball/Saved/BP_Bumper46B1D25E4D4DB2E9A43CADBCE6F5ABF5.tmp' to '../../../../../GitHub Projects/Udemy_Unreal/Udemy_Pinball/Udemy_Pinball/Pinball/Content/Blueprints/BP_Bumper.uasset'
[2021.10.11-18.06.55:539][456]LogSavePackage:Display: Finished SavePackage ../../../../../GitHub Projects/Udemy_Unreal/Udemy_Pinball/Udemy_Pinball/Pinball/Content/Blueprints/BP_Bumper.uasset
[2021.10.11-18.07.03:470][357]LogTemp: Repeting last play command: Selected Viewport
[2021.10.11-18.07.03:482][357]BlueprintLog: New page: Pre-Play auto-recompile
[2021.10.11-18.07.03:482][357]LogPlayLevel: [PlayLevel] Compiling PROTO_BP_Blueprint_0 before play...
[2021.10.11-18.07.03:572][357]LogPlayLevel: PlayLevel: Blueprint regeneration took 89 ms (1 blueprints)
[2021.10.11-18.07.03:572][357]PIE: New page: PIE session: MainLevel (Oct 11, 2021, 10:07:03 AM)
[2021.10.11-18.07.03:572][357]LogPlayLevel: Creating play world package: /Game/Maps/UEDPIE_0_MainLevel
[2021.10.11-18.07.03:576][357]LogPlayLevel: PIE: StaticDuplicateObject took: (0.004001s)
[2021.10.11-18.07.03:577][357]LogAIModule: Creating AISystem for world MainLevel
[2021.10.11-18.07.03:577][357]LogPlayLevel: PIE: World Init took: (0.001021s)
[2021.10.11-18.07.03:577][357]LogPlayLevel: PIE: Created PIE world by copying editor world from /Game/Maps/MainLevel.MainLevel to /Game/Maps/UEDPIE_0_MainLevel.MainLevel (0.005307s)
[2021.10.11-18.07.03:627][357]LogInit: XAudio2 using 'Speakers (High Definition Audio Device)' : 2 channels at 48 kHz using 16 bits per sample (channel mask 0x3)
[2021.10.11-18.07.03:644][357]LogInit: FAudioDevice initialized.
[2021.10.11-18.07.03:671][357]LogLoad: Game class is 'GameModeBase'
[2021.10.11-18.07.03:673][357]LogWorld: Bringing World /Game/Maps/UEDPIE_0_MainLevel.MainLevel up for play (max tick rate 0) at 2021.10.11-14.07.03
[2021.10.11-18.07.03:673][357]LogWorld: Bringing up level for play took: 0.000714
[2021.10.11-18.07.03:674][357]PIE: Info Play in editor start time for /Game/Maps/UEDPIE_0_MainLevel -0.345
[2021.10.11-18.07.10:957][210]LogTemp: Repeting last play command: Selected Viewport
[2021.10.11-18.07.10:967][210]LogPlayLevel: PlayLevel: No blueprints needed recompiling
[2021.10.11-18.07.10:967][210]PIE: New page: PIE session: MainLevel (Oct 11, 2021, 10:07:10 AM)
[2021.10.11-18.07.10:967][210]LogPlayLevel: Creating play world package: /Game/Maps/UEDPIE_0_MainLevel
[2021.10.11-18.07.10:970][210]LogPlayLevel: PIE: StaticDuplicateObject took: (0.003062s)
[2021.10.11-18.07.10:971][210]LogAIModule: Creating AISystem for world MainLevel
[2021.10.11-18.07.10:971][210]LogPlayLevel: PIE: World Init took: (0.000636s)
[2021.10.11-18.07.10:971][210]LogPlayLevel: PIE: Created PIE world by copying editor world from /Game/Maps/MainLevel.MainLevel to /Game/Maps/UEDPIE_0_MainLevel.MainLevel (0.003947s)
[2021.10.11-18.07.11:022][210]LogInit: XAudio2 using 'Speakers (High Definition Audio Device)' : 2 channels at 48 kHz using 16 bits per sample (channel mask 0x3)
[2021.10.11-18.07.11:037][210]LogInit: FAudioDevice initialized.
[2021.10.11-18.07.11:068][210]LogLoad: Game class is 'GameModeBase'
[2021.10.11-18.07.11:070][210]LogWorld: Bringing World /Game/Maps/UEDPIE_0_MainLevel.MainLevel up for play (max tick rate 0) at 2021.10.11-14.07.11
[2021.10.11-18.07.11:070][210]LogWorld: Bringing up level for play took: 0.000785
[2021.10.11-18.07.11:071][210]PIE: Info Play in editor start time for /Game/Maps/UEDPIE_0_MainLevel 1.052
[2021.10.11-18.07.16:009][755]LogSavePackage: Save=30.30ms
[2021.10.11-18.07.16:009][755]LogSavePackage: Moving '../../../../../GitHub Projects/Udemy_Unreal/Udemy_Pinball/Udemy_Pinball/Pinball/Saved/MainLevel78D8318B4B3B98F8B916599663A67A53.tmp' to '../../../../../GitHub Projects/Udemy_Unreal/Udemy_Pinball/Udemy_Pinball/Pinball/Content/Maps/MainLevel.umap'
[2021.10.11-18.07.16:016][755]LogSavePackage:Display: Finished SavePackage ../../../../../GitHub Projects/Udemy_Unreal/Udemy_Pinball/Udemy_Pinball/Pinball/Content/Maps/MainLevel.umap
[2021.10.11-18.07.16:035][755]LogFileHelpers: Saving map 'MainLevel' took 0.127
[2021.10.11-18.07.40:840][694]LogTemp: Repeting last play command: Selected Viewport
[2021.10.11-18.07.40:849][694]LogPlayLevel: PlayLevel: No blueprints needed recompiling
[2021.10.11-18.07.40:849][694]PIE: New page: PIE session: MainLevel (Oct 11, 2021, 10:07:40 AM)
[2021.10.11-18.07.40:849][694]LogPlayLevel: Creating play world package: /Game/Maps/UEDPIE_0_MainLevel
[2021.10.11-18.07.40:852][694]LogPlayLevel: PIE: StaticDuplicateObject took: (0.003584s)
[2021.10.11-18.07.40:853][694]LogAIModule: Creating AISystem for world MainLevel
[2021.10.11-18.07.40:853][694]LogPlayLevel: PIE: World Init took: (0.000618s)
[2021.10.11-18.07.40:853][694]LogPlayLevel: PIE: Created PIE world by copying editor world from /Game/Maps/MainLevel.MainLevel to /Game/Maps/UEDPIE_0_MainLevel.MainLevel (0.004414s)
[2021.10.11-18.07.40:905][694]LogInit: XAudio2 using 'Speakers (High Definition Audio Device)' : 2 channels at 48 kHz using 16 bits per sample (channel mask 0x3)
[2021.10.11-18.07.40:919][694]LogInit: FAudioDevice initialized.
[2021.10.11-18.07.40:953][694]LogLoad: Game class is 'GameModeBase'
[2021.10.11-18.07.40:954][694]LogWorld: Bringing World /Game/Maps/UEDPIE_0_MainLevel.MainLevel up for play (max tick rate 0) at 2021.10.11-14.07.40
[2021.10.11-18.07.40:955][694]LogWorld: Bringing up level for play took: 0.000827
[2021.10.11-18.07.40:956][694]PIE: Info Play in editor start time for /Game/Maps/UEDPIE_0_MainLevel 0.937
[2021.10.11-18.08.27:134][187]LogFactory: FactoryCreateFile: Texture with ReimportTextureFactory (0 0 D:\GitHub Projects\Udemy_Unreal\PinballAssets\Textures\T_PopBumperTop.TGA)
[2021.10.11-18.08.27:179][187]LogTexture:Display: Building textures: T_PopBumperTop (BGRA8)
[2021.10.11-18.08.36:546][ 72]LogMaterial: Missing cached shader map for material M_Bumper, compiling. 
[2021.10.11-18.08.36:707][ 72]LogMaterial: Missing cached shader map for material M_Bumper, compiling. 
[2021.10.11-18.08.36:714][ 72]LogMaterial: 0.00 seconds spent updating 1 materials, 1 interfaces, 0 instances, 0 with static permutations.
[2021.10.11-18.08.38:332][233]MaterialEditorStats: Info Base pass shader with only dynamic lighting: 22 instructions
[2021.10.11-18.08.38:332][233]MaterialEditorStats: Info Vertex shader: 29 instructions
[2021.10.11-18.08.38:332][233]MaterialEditorStats: Info Texture samplers: 0/16
[2021.10.11-18.08.47:275][295]LogMaterial: Missing cached shader map for material M_Bumper, compiling. 
[2021.10.11-18.08.47:283][295]LogMaterial: 0.00 seconds spent updating 1 materials, 1 interfaces, 0 instances, 0 with static permutations.
[2021.10.11-18.08.47:291][295]LogMaterial: Missing cached shader map for material FMatExpressionPreview MaterialExpressionTextureSample_0, compiling. 
[2021.10.11-18.08.47:676][331]MaterialEditorStats: Info Base pass shader with only dynamic lighting: 22 instructions
[2021.10.11-18.08.47:676][331]MaterialEditorStats: Info Vertex shader: 29 instructions
[2021.10.11-18.08.47:676][331]MaterialEditorStats: Info Texture samplers: 0/16
[2021.10.11-18.08.56:961][427]LogMaterial: Missing cached shader map for material M_Bumper, compiling. 
[2021.10.11-18.08.56:969][427]LogMaterial: 0.00 seconds spent updating 1 materials, 1 interfaces, 0 instances, 0 with static permutations.
[2021.10.11-18.08.56:995][427]LogMaterial: Missing cached shader map for material FMatExpressionPreview MaterialExpressionTextureSample_0, compiling. 
[2021.10.11-18.08.57:415][463]MaterialEditorStats: Info Base pass shader with only dynamic lighting: 22 instructions
[2021.10.11-18.08.57:415][463]MaterialEditorStats: Info Vertex shader: 29 instructions
[2021.10.11-18.08.57:415][463]MaterialEditorStats: Info Texture samplers: 0/16
[2021.10.11-18.09.11:227][ 98]LogMaterial: Missing cached shader map for material M_Bumper, compiling. 
[2021.10.11-18.09.11:236][ 98]LogMaterial: 0.00 seconds spent updating 1 materials, 1 interfaces, 0 instances, 0 with static permutations.
[2021.10.11-18.09.11:267][ 98]LogMaterial: Missing cached shader map for material FMatExpressionPreview MaterialExpressionTextureSample_0, compiling. 
[2021.10.11-18.09.11:688][139]MaterialEditorStats: Info Base pass shader with only dynamic lighting: 23 instructions
[2021.10.11-18.09.11:688][139]MaterialEditorStats: Info Vertex shader: 31 instructions
[2021.10.11-18.09.11:688][139]MaterialEditorStats: Info Texture samplers: 1/16
[2021.10.11-18.09.54:974][284]LogMaterial: Missing cached shader map for material M_Bumper, compiling. 
[2021.10.11-18.09.54:982][284]LogMaterial: 0.00 seconds spent updating 1 materials, 1 interfaces, 0 instances, 0 with static permutations.
[2021.10.11-18.09.55:836][374]MaterialEditorStats: Info Base pass shader with only dynamic lighting: 23 instructions
[2021.10.11-18.09.55:836][374]MaterialEditorStats: Info Vertex shader: 31 instructions
[2021.10.11-18.09.55:836][374]MaterialEditorStats: Info Texture samplers: 1/16
[2021.10.11-18.09.58:882][735]LogMaterial: Missing cached shader map for material M_Bumper, compiling. 
[2021.10.11-18.09.58:890][735]LogMaterial: 0.00 seconds spent updating 1 materials, 1 interfaces, 0 instances, 0 with static permutations.
[2021.10.11-18.09.58:918][735]LogMaterial: Missing cached shader map for material FMatExpressionPreview MaterialExpressionTextureSample_0, compiling. 
[2021.10.11-18.09.59:369][784]MaterialEditorStats: Info Base pass shader with only dynamic lighting: 23 instructions
[2021.10.11-18.09.59:369][784]MaterialEditorStats: Info Vertex shader: 31 instructions
[2021.10.11-18.09.59:369][784]MaterialEditorStats: Info Texture samplers: 1/16
[2021.10.11-18.10.09:953][ 45]LogMaterial: Missing cached shader map for material M_Bumper, compiling. 
[2021.10.11-18.10.10:045][ 45]LogMaterial: 0.00 seconds spent updating 1 materials, 1 interfaces, 0 instances, 0 with static permutations.
[2021.10.11-18.10.10:488][ 88]MaterialEditorStats: Info Base pass shader with only dynamic lighting: 23 instructions
[2021.10.11-18.10.10:488][ 88]MaterialEditorStats: Info Vertex shader: 31 instructions
[2021.10.11-18.10.10:488][ 88]MaterialEditorStats: Info Texture samplers: 1/16
[2021.10.11-18.10.14:836][605]LogMaterial: Missing cached shader map for material M_Bumper, compiling. 
[2021.10.11-18.10.14:843][605]LogMaterial: 0.00 seconds spent updating 1 materials, 1 interfaces, 0 instances, 0 with static permutations.
[2021.10.11-18.10.14:844][605]LogMaterial: Missing cached shader map for material FMatExpressionPreview MaterialExpressionVectorParameter_0, compiling. 
[2021.10.11-18.10.15:372][659]MaterialEditorStats: Info Base pass shader with only dynamic lighting: 23 instructions
[2021.10.11-18.10.15:372][659]MaterialEditorStats: Info Vertex shader: 31 instructions
[2021.10.11-18.10.15:372][659]MaterialEditorStats: Info Texture samplers: 1/16
[2021.10.11-18.10.20:435][264]LogMaterial: Missing cached shader map for material M_Bumper, compiling. 
[2021.10.11-18.10.20:442][264]LogMaterial: 0.00 seconds spent updating 1 materials, 1 interfaces, 0 instances, 0 with static permutations.
[2021.10.11-18.10.20:443][264]LogMaterial: Missing cached shader map for material FMatExpressionPreview MaterialExpressionVectorParameter_1, compiling. 
[2021.10.11-18.10.20:878][305]MaterialEditorStats: Info Base pass shader with only dynamic lighting: 23 instructions
[2021.10.11-18.10.20:879][305]MaterialEditorStats: Info Vertex shader: 31 instructions
[2021.10.11-18.10.20:879][305]MaterialEditorStats: Info Texture samplers: 1/16
[2021.10.11-18.10.34:893][981]LogMaterial: Missing cached shader map for material M_Bumper, compiling. 
[2021.10.11-18.10.34:901][981]LogMaterial: 0.00 seconds spent updating 1 materials, 1 interfaces, 0 instances, 0 with static permutations.
[2021.10.11-18.10.34:931][981]LogMaterial: Missing cached shader map for material FMatExpressionPreview MaterialExpressionVectorParameter_1, compiling. 
[2021.10.11-18.10.35:377][ 29]MaterialEditorStats: Info Base pass shader with only dynamic lighting: 23 instructions
[2021.10.11-18.10.35:377][ 29]MaterialEditorStats: Info Vertex shader: 31 instructions
[2021.10.11-18.10.35:377][ 29]MaterialEditorStats: Info Texture samplers: 1/16
[2021.10.11-18.10.41:404][750]LogMaterial: Missing cached shader map for material M_Bumper, compiling. 
[2021.10.11-18.10.41:412][750]LogMaterial: 0.00 seconds spent updating 1 materials, 1 interfaces, 0 instances, 0 with static permutations.
[2021.10.11-18.10.41:441][750]LogMaterial: Missing cached shader map for material FMatExpressionPreview MaterialExpressionVectorParameter_0, compiling. 
[2021.10.11-18.10.41:844][795]MaterialEditorStats: Info Base pass shader with only dynamic lighting: 23 instructions
[2021.10.11-18.10.41:844][795]MaterialEditorStats: Info Vertex shader: 31 instructions
[2021.10.11-18.10.41:844][795]MaterialEditorStats: Info Texture samplers: 1/16
[2021.10.11-18.10.59:988][952]LogMaterial: Missing cached shader map for material M_Bumper, compiling. 
[2021.10.11-18.10.59:996][952]LogMaterial: 0.00 seconds spent updating 1 materials, 1 interfaces, 0 instances, 0 with static permutations.
[2021.10.11-18.11.00:022][952]LogMaterial: Missing cached shader map for material FMatExpressionPreview MaterialExpressionVectorParameter_0, compiling. 
[2021.10.11-18.11.00:428][997]MaterialEditorStats: Info Base pass shader with only dynamic lighting: 23 instructions
[2021.10.11-18.11.00:428][997]MaterialEditorStats: Info Vertex shader: 31 instructions
[2021.10.11-18.11.00:428][997]MaterialEditorStats: Info Texture samplers: 1/16
[2021.10.11-18.11.05:368][588]LogMaterial: Missing cached shader map for material M_Bumper, compiling. 
[2021.10.11-18.11.05:377][588]LogMaterial: 0.00 seconds spent updating 1 materials, 1 interfaces, 0 instances, 0 with static permutations.
[2021.10.11-18.11.05:407][588]LogMaterial: Missing cached shader map for material FMatExpressionPreview MaterialExpressionVectorParameter_0, compiling. 
[2021.10.11-18.11.05:761][628]MaterialEditorStats: Info Base pass shader with only dynamic lighting: 23 instructions
[2021.10.11-18.11.05:761][628]MaterialEditorStats: Info Vertex shader: 31 instructions
[2021.10.11-18.11.05:761][628]MaterialEditorStats: Info Texture samplers: 1/16
[2021.10.11-18.11.09:015][ 16]LogMaterial: Missing cached shader map for material M_Bumper, compiling. 
[2021.10.11-18.11.09:022][ 16]LogMaterial: 0.00 seconds spent updating 1 materials, 1 interfaces, 0 instances, 0 with static permutations.
[2021.10.11-18.11.09:048][ 16]LogMaterial: Missing cached shader map for material FMatExpressionPreview MaterialExpressionVectorParameter_0, compiling. 
[2021.10.11-18.11.09:432][ 58]MaterialEditorStats: Info Base pass shader with only dynamic lighting: 23 instructions
[2021.10.11-18.11.09:432][ 58]MaterialEditorStats: Info Vertex shader: 31 instructions
[2021.10.11-18.11.09:432][ 58]MaterialEditorStats: Info Texture samplers: 1/16
[2021.10.11-18.11.19:868][681]LogMaterial: Missing cached shader map for material M_Bumper, compiling. 
[2021.10.11-18.11.19:876][681]LogMaterial: 0.00 seconds spent updating 1 materials, 1 interfaces, 0 instances, 0 with static permutations.
[2021.10.11-18.11.19:905][681]LogMaterial: Missing cached shader map for material FMatExpressionPreview MaterialExpressionVectorParameter_0, compiling. 
[2021.10.11-18.11.20:338][723]MaterialEditorStats: Info Base pass shader with only dynamic lighting: 24 instructions
[2021.10.11-18.11.20:339][723]MaterialEditorStats: Info Vertex shader: 31 instructions
[2021.10.11-18.11.20:339][723]MaterialEditorStats: Info Texture samplers: 1/16
[2021.10.11-18.11.32:581][182]LogMaterial: Missing cached shader map for material M_Bumper, compiling. 
[2021.10.11-18.11.32:589][182]LogMaterial: 0.00 seconds spent updating 1 materials, 1 interfaces, 0 instances, 0 with static permutations.
[2021.10.11-18.11.32:618][182]LogMaterial: Missing cached shader map for material FMatExpressionPreview MaterialExpressionVectorParameter_1, compiling. 
[2021.10.11-18.11.33:035][228]MaterialEditorStats: Info Base pass shader with only dynamic lighting: 24 instructions
[2021.10.11-18.11.33:035][228]MaterialEditorStats: Info Vertex shader: 31 instructions
[2021.10.11-18.11.33:035][228]MaterialEditorStats: Info Texture samplers: 1/16
[2021.10.11-18.11.34:790][437]LogMaterial: Missing cached shader map for material M_Bumper, compiling. 
[2021.10.11-18.11.34:799][437]LogMaterial: 0.00 seconds spent updating 1 materials, 1 interfaces, 0 instances, 0 with static permutations.
[2021.10.11-18.11.34:830][437]LogMaterial: Missing cached shader map for material FMatExpressionPreview MaterialExpressionVectorParameter_1, compiling. 
[2021.10.11-18.11.35:222][478]MaterialEditorStats: Info Base pass shader with only dynamic lighting: 24 instructions
[2021.10.11-18.11.35:222][478]MaterialEditorStats: Info Vertex shader: 31 instructions
[2021.10.11-18.11.35:222][478]MaterialEditorStats: Info Texture samplers: 1/16
[2021.10.11-18.11.36:862][670]LogMaterial: Missing cached shader map for material M_Bumper, compiling. 
[2021.10.11-18.11.36:870][670]LogMaterial: 0.00 seconds spent updating 1 materials, 1 interfaces, 0 instances, 0 with static permutations.
[2021.10.11-18.11.36:900][670]LogMaterial: Missing cached shader map for material FMatExpressionPreview MaterialExpressionVectorParameter_1, compiling. 
[2021.10.11-18.11.37:338][715]MaterialEditorStats: Info Base pass shader with only dynamic lighting: 24 instructions
[2021.10.11-18.11.37:338][715]MaterialEditorStats: Info Vertex shader: 31 instructions
[2021.10.11-18.11.37:338][715]MaterialEditorStats: Info Texture samplers: 1/16
[2021.10.11-18.11.40:616][105]LogMaterial: Missing cached shader map for material M_Bumper, compiling. 
[2021.10.11-18.11.40:624][105]LogMaterial: 0.00 seconds spent updating 1 materials, 1 interfaces, 0 instances, 0 with static permutations.
[2021.10.11-18.11.40:655][105]LogMaterial: Missing cached shader map for material FMatExpressionPreview MaterialExpressionVectorParameter_1, compiling. 
[2021.10.11-18.11.41:759][228]MaterialEditorStats: Info Base pass shader with only dynamic lighting: 25 instructions
[2021.10.11-18.11.41:759][228]MaterialEditorStats: Info Vertex shader: 31 instructions
[2021.10.11-18.11.41:759][228]MaterialEditorStats: Info Texture samplers: 1/16
[2021.10.11-18.11.45:860][707]LogMaterialEditor: Applying material M_Bumper
[2021.10.11-18.11.46:222][707]LogMaterial: Missing cached shader map for material M_Bumper, compiling. 
[2021.10.11-18.11.46:238][707]LogMaterial: 0.00 seconds spent updating 1 materials, 1 interfaces, 0 instances, 0 with static permutations.
[2021.10.11-18.11.46:269][707]LogMaterial: Missing cached shader map for material M_Bumper, compiling. 
[2021.10.11-18.11.46:289][707]LogMaterial: Missing cached shader map for material M_Bumper, compiling. 
[2021.10.11-18.11.46:305][707]LogMaterial: 0.00 seconds spent updating 1 materials, 1 interfaces, 0 instances, 0 with static permutations.
[2021.10.11-18.11.46:691][744]LogMaterialEditor: Saving and Compiling material M_Bumper
[2021.10.11-18.11.47:819][744]Cmd: OBJ SAVEPACKAGE PACKAGE="/Game/Assets/M_Bumper" FILE="../../../../../GitHub Projects/Udemy_Unreal/Udemy_Pinball/Udemy_Pinball/Pinball/Content/Assets/M_Bumper.uasset" SILENT=true
[2021.10.11-18.11.47:834][744]LogSavePackage: Save=12.37ms
[2021.10.11-18.11.47:834][744]LogSavePackage: Moving '../../../../../GitHub Projects/Udemy_Unreal/Udemy_Pinball/Udemy_Pinball/Pinball/Saved/M_BumperF3041E954F0D9A18040AA1A008426DFE.tmp' to '../../../../../GitHub Projects/Udemy_Unreal/Udemy_Pinball/Udemy_Pinball/Pinball/Content/Assets/M_Bumper.uasset'
[2021.10.11-18.11.47:840][744]LogSavePackage:Display: Finished SavePackage ../../../../../GitHub Projects/Udemy_Unreal/Udemy_Pinball/Udemy_Pinball/Pinball/Content/Assets/M_Bumper.uasset
[2021.10.11-18.11.47:846][744]MaterialEditorStats: Info Base pass shader with only dynamic lighting: 61 instructions
[2021.10.11-18.11.47:846][744]MaterialEditorStats: Info Vertex shader: 31 instructions
[2021.10.11-18.11.47:846][744]MaterialEditorStats: Info Texture samplers: 4/16
[2021.10.11-18.12.00:009][192]LogMaterial: Missing cached shader map for material M_Bumper, compiling. 
[2021.10.11-18.12.00:017][192]LogMaterial: 0.00 seconds spent updating 1 materials, 1 interfaces, 0 instances, 0 with static permutations.
[2021.10.11-18.12.00:019][192]LogMaterial: Missing cached shader map for material M_Bumper, compiling. 
[2021.10.11-18.12.00:027][192]LogMaterial: 0.00 seconds spent updating 1 materials, 1 interfaces, 0 instances, 0 with static permutations.
[2021.10.11-18.12.00:058][192]LogMaterial: Missing cached shader map for material FMatExpressionPreview MaterialExpressionVectorParameter_0, compiling. 
[2021.10.11-18.12.00:491][236]MaterialEditorStats: Info Base pass shader with only dynamic lighting: 25 instructions
[2021.10.11-18.12.00:491][236]MaterialEditorStats: Info Vertex shader: 31 instructions
[2021.10.11-18.12.00:491][236]MaterialEditorStats: Info Texture samplers: 1/16
[2021.10.11-18.12.02:466][471]LogMaterial: Missing cached shader map for material M_Bumper, compiling. 
[2021.10.11-18.12.02:474][471]LogMaterial: 0.00 seconds spent updating 1 materials, 1 interfaces, 0 instances, 0 with static permutations.
[2021.10.11-18.12.02:882][515]MaterialEditorStats: Info Base pass shader with only dynamic lighting: 25 instructions
[2021.10.11-18.12.02:882][515]MaterialEditorStats: Info Vertex shader: 31 instructions
[2021.10.11-18.12.02:882][515]MaterialEditorStats: Info Texture samplers: 1/16
[2021.10.11-18.12.13:208][751]LogMaterial: Missing cached shader map for material M_Bumper, compiling. 
[2021.10.11-18.12.13:217][751]LogMaterial: 0.00 seconds spent updating 1 materials, 1 interfaces, 0 instances, 0 with static permutations.
[2021.10.11-18.12.13:655][801]MaterialEditorStats: Info Base pass shader with only dynamic lighting: 25 instructions
[2021.10.11-18.12.13:655][801]MaterialEditorStats: Info Vertex shader: 31 instructions
[2021.10.11-18.12.13:655][801]MaterialEditorStats: Info Texture samplers: 1/16
[2021.10.11-18.12.17:916][307]LogMaterial: Missing cached shader map for material M_Bumper, compiling. 
[2021.10.11-18.12.17:924][307]LogMaterial: 0.00 seconds spent updating 1 materials, 1 interfaces, 0 instances, 0 with static permutations.
[2021.10.11-18.12.18:350][354]MaterialEditorStats: Info Base pass shader with only dynamic lighting: 25 instructions
[2021.10.11-18.12.18:350][354]MaterialEditorStats: Info Vertex shader: 31 instructions
[2021.10.11-18.12.18:350][354]MaterialEditorStats: Info Texture samplers: 1/16
[2021.10.11-18.12.24:513][ 89]LogMaterial: Missing cached shader map for material PreviewMaterial_0, compiling. 
[2021.10.11-18.12.24:515][ 89]LogMaterial: 0.00 seconds spent updating 1 materials, 1 interfaces, 0 instances, 0 with static permutations.
[2021.10.11-18.12.24:517][ 89]LogMaterial: Missing cached shader map for material M_Bumper, compiling. 
[2021.10.11-18.12.24:525][ 89]LogMaterial: 0.00 seconds spent updating 1 materials, 1 interfaces, 0 instances, 0 with static permutations.
[2021.10.11-18.12.24:974][134]MaterialEditorStats: Info Base pass shader with only dynamic lighting: 25 instructions
[2021.10.11-18.12.24:975][134]MaterialEditorStats: Info Vertex shader: 31 instructions
[2021.10.11-18.12.24:975][134]MaterialEditorStats: Info Texture samplers: 1/16
[2021.10.11-18.12.29:644][691]LogMaterial: Missing cached shader map for material PreviewMaterial_0, compiling. 
[2021.10.11-18.12.29:646][691]LogMaterial: 0.00 seconds spent updating 1 materials, 1 interfaces, 0 instances, 0 with static permutations.
[2021.10.11-18.12.29:648][691]LogMaterial: Missing cached shader map for material M_Bumper, compiling. 
[2021.10.11-18.12.29:657][691]LogMaterial: 0.00 seconds spent updating 1 materials, 1 interfaces, 0 instances, 0 with static permutations.
[2021.10.11-18.12.30:089][739]MaterialEditorStats: Info Base pass shader with only dynamic lighting: 25 instructions
[2021.10.11-18.12.30:089][739]MaterialEditorStats: Info Vertex shader: 31 instructions
[2021.10.11-18.12.30:089][739]MaterialEditorStats: Info Texture samplers: 1/16
[2021.10.11-18.12.36:845][547]LogMaterial: Missing cached shader map for material PreviewMaterial_0, compiling. 
[2021.10.11-18.12.36:848][547]LogMaterial: 0.00 seconds spent updating 1 materials, 1 interfaces, 0 instances, 0 with static permutations.
[2021.10.11-18.12.36:850][547]LogMaterial: Missing cached shader map for material M_Bumper, compiling. 
[2021.10.11-18.12.36:860][547]LogMaterial: 0.00 seconds spent updating 1 materials, 1 interfaces, 0 instances, 0 with static permutations.
[2021.10.11-18.12.37:406][606]MaterialEditorStats: Info Base pass shader with only dynamic lighting: 25 instructions
[2021.10.11-18.12.37:407][606]MaterialEditorStats: Info Vertex shader: 31 instructions
[2021.10.11-18.12.37:407][606]MaterialEditorStats: Info Texture samplers: 1/16
[2021.10.11-18.12.49:228][780]LogMaterial: Missing cached shader map for material PreviewMaterial_0, compiling. 
[2021.10.11-18.12.49:230][780]LogMaterial: 0.00 seconds spent updating 1 materials, 1 interfaces, 0 instances, 0 with static permutations.
[2021.10.11-18.12.49:231][780]LogMaterial: Missing cached shader map for material M_Bumper, compiling. 
[2021.10.11-18.12.49:240][780]LogMaterial: 0.00 seconds spent updating 1 materials, 1 interfaces, 0 instances, 0 with static permutations.
[2021.10.11-18.12.49:637][822]MaterialEditorStats: Info Base pass shader with only dynamic lighting: 25 instructions
[2021.10.11-18.12.49:637][822]MaterialEditorStats: Info Vertex shader: 31 instructions
[2021.10.11-18.12.49:637][822]MaterialEditorStats: Info Texture samplers: 1/16
[2021.10.11-18.12.53:423][274]LogMaterial: Missing cached shader map for material PreviewMaterial_0, compiling. 
[2021.10.11-18.12.53:425][274]LogMaterial: 0.00 seconds spent updating 1 materials, 1 interfaces, 0 instances, 0 with static permutations.
[2021.10.11-18.12.53:427][274]LogMaterial: Missing cached shader map for material M_Bumper, compiling. 
[2021.10.11-18.12.53:435][274]LogMaterial: 0.00 seconds spent updating 1 materials, 1 interfaces, 0 instances, 0 with static permutations.
[2021.10.11-18.12.53:861][318]MaterialEditorStats: Info Base pass shader with only dynamic lighting: 25 instructions
[2021.10.11-18.12.53:861][318]MaterialEditorStats: Info Vertex shader: 31 instructions
[2021.10.11-18.12.53:861][318]MaterialEditorStats: Info Texture samplers: 1/16
[2021.10.11-18.12.57:153][709]LogMaterial: Missing cached shader map for material PreviewMaterial_0, compiling. 
[2021.10.11-18.12.57:155][709]LogMaterial: 0.00 seconds spent updating 1 materials, 1 interfaces, 0 instances, 0 with static permutations.
[2021.10.11-18.12.57:157][709]LogMaterial: Missing cached shader map for material M_Bumper, compiling. 
[2021.10.11-18.12.57:165][709]LogMaterial: 0.00 seconds spent updating 1 materials, 1 interfaces, 0 instances, 0 with static permutations.
[2021.10.11-18.12.57:603][750]MaterialEditorStats: Info Base pass shader with only dynamic lighting: 25 instructions
[2021.10.11-18.12.57:603][750]MaterialEditorStats: Info Vertex shader: 31 instructions
[2021.10.11-18.12.57:603][750]MaterialEditorStats: Info Texture samplers: 1/16
[2021.10.11-18.13.01:512][217]LogMaterial: Missing cached shader map for material PreviewMaterial_0, compiling. 
[2021.10.11-18.13.01:514][217]LogMaterial: 0.00 seconds spent updating 1 materials, 1 interfaces, 0 instances, 0 with static permutations.
[2021.10.11-18.13.01:516][217]LogMaterial: Missing cached shader map for material M_Bumper, compiling. 
[2021.10.11-18.13.01:523][217]LogMaterial: 0.00 seconds spent updating 1 materials, 1 interfaces, 0 instances, 0 with static permutations.
[2021.10.11-18.13.01:549][217]LogMaterial: Missing cached shader map for material FMatExpressionPreview MaterialExpressionTextureSample_0, compiling. 
[2021.10.11-18.13.01:950][257]MaterialEditorStats: Info Base pass shader with only dynamic lighting: 25 instructions
[2021.10.11-18.13.01:950][257]MaterialEditorStats: Info Vertex shader: 31 instructions
[2021.10.11-18.13.01:950][257]MaterialEditorStats: Info Texture samplers: 1/16
[2021.10.11-18.13.09:099][109]LogMaterial: Missing cached shader map for material PreviewMaterial_0, compiling. 
[2021.10.11-18.13.09:101][109]LogMaterial: 0.00 seconds spent updating 1 materials, 1 interfaces, 0 instances, 0 with static permutations.
[2021.10.11-18.13.09:103][109]LogMaterial: Missing cached shader map for material M_Bumper, compiling. 
[2021.10.11-18.13.09:111][109]LogMaterial: 0.00 seconds spent updating 1 materials, 1 interfaces, 0 instances, 0 with static permutations.
[2021.10.11-18.13.09:552][157]MaterialEditorStats: Info Base pass shader with only dynamic lighting: 25 instructions
[2021.10.11-18.13.09:552][157]MaterialEditorStats: Info Vertex shader: 31 instructions
[2021.10.11-18.13.09:552][157]MaterialEditorStats: Info Texture samplers: 1/16
[2021.10.11-18.13.12:495][509]LogMaterial: Missing cached shader map for material PreviewMaterial_0, compiling. 
[2021.10.11-18.13.12:497][509]LogMaterial: 0.00 seconds spent updating 1 materials, 1 interfaces, 0 instances, 0 with static permutations.
[2021.10.11-18.13.12:499][509]LogMaterial: Missing cached shader map for material M_Bumper, compiling. 
[2021.10.11-18.13.12:507][509]LogMaterial: 0.00 seconds spent updating 1 materials, 1 interfaces, 0 instances, 0 with static permutations.
[2021.10.11-18.13.12:911][554]MaterialEditorStats: Info Base pass shader with only dynamic lighting: 25 instructions
[2021.10.11-18.13.12:911][554]MaterialEditorStats: Info Vertex shader: 31 instructions
[2021.10.11-18.13.12:911][554]MaterialEditorStats: Info Texture samplers: 1/16
[2021.10.11-18.13.29:712][279]LogMaterial: Missing cached shader map for material PreviewMaterial_0, compiling. 
[2021.10.11-18.13.29:714][279]LogMaterial: 0.00 seconds spent updating 1 materials, 1 interfaces, 0 instances, 0 with static permutations.
[2021.10.11-18.13.29:715][279]LogMaterial: Missing cached shader map for material M_Bumper, compiling. 
[2021.10.11-18.13.29:724][279]LogMaterial: 0.00 seconds spent updating 1 materials, 1 interfaces, 0 instances, 0 with static permutations.
[2021.10.11-18.13.30:166][327]MaterialEditorStats: Info Base pass shader with only dynamic lighting: 25 instructions
[2021.10.11-18.13.30:166][327]MaterialEditorStats: Info Vertex shader: 31 instructions
[2021.10.11-18.13.30:166][327]MaterialEditorStats: Info Texture samplers: 1/16
[2021.10.11-18.13.43:095][867]LogMaterial: Missing cached shader map for material M_Bumper, compiling. 
[2021.10.11-18.13.43:103][867]LogMaterial: 0.00 seconds spent updating 1 materials, 1 interfaces, 0 instances, 0 with static permutations.
[2021.10.11-18.13.43:534][912]MaterialEditorStats: Info Base pass shader with only dynamic lighting: 25 instructions
[2021.10.11-18.13.43:534][912]MaterialEditorStats: Info Vertex shader: 31 instructions
[2021.10.11-18.13.43:534][912]MaterialEditorStats: Info Texture samplers: 1/16
[2021.10.11-18.13.56:567][195]LogMaterial: Missing cached shader map for material M_Bumper, compiling. 
[2021.10.11-18.13.56:576][195]LogMaterial: 0.00 seconds spent updating 1 materials, 1 interfaces, 0 instances, 0 with static permutations.
[2021.10.11-18.13.56:945][237]MaterialEditorStats: Info Base pass shader with only dynamic lighting: 25 instructions
[2021.10.11-18.13.56:946][237]MaterialEditorStats: Info Vertex shader: 31 instructions
[2021.10.11-18.13.56:946][237]MaterialEditorStats: Info Texture samplers: 1/16
[2021.10.11-18.14.23:551][986]LogMaterial: Missing cached shader map for material M_Bumper, compiling. 
[2021.10.11-18.14.23:558][986]LogMaterial: 0.00 seconds spent updating 1 materials, 1 interfaces, 0 instances, 0 with static permutations.
[2021.10.11-18.14.24:443][ 81]MaterialEditorStats: Info Base pass shader with only dynamic lighting: 25 instructions
[2021.10.11-18.14.24:443][ 81]MaterialEditorStats: Info Vertex shader: 31 instructions
[2021.10.11-18.14.24:443][ 81]MaterialEditorStats: Info Texture samplers: 1/16
[2021.10.11-18.14.29:378][669]LogMaterial: Missing cached shader map for material M_Bumper, compiling. 
[2021.10.11-18.14.29:385][669]LogMaterial: 0.00 seconds spent updating 1 materials, 1 interfaces, 0 instances, 0 with static permutations.
[2021.10.11-18.14.29:412][669]LogMaterial: Missing cached shader map for material FMatExpressionPreview MaterialExpressionTextureSample_0, compiling. 
[2021.10.11-18.14.29:850][712]MaterialEditorStats: Info Base pass shader with only dynamic lighting: 25 instructions
[2021.10.11-18.14.29:850][712]MaterialEditorStats: Info Vertex shader: 31 instructions
[2021.10.11-18.14.29:850][712]MaterialEditorStats: Info Texture samplers: 1/16
[2021.10.11-18.14.32:303][  3]LogMaterial: Missing cached shader map for material M_Bumper, compiling. 
[2021.10.11-18.14.32:311][  3]LogMaterial: 0.00 seconds spent updating 1 materials, 1 interfaces, 0 instances, 0 with static permutations.
[2021.10.11-18.14.32:744][ 45]MaterialEditorStats: Info Base pass shader with only dynamic lighting: 26 instructions
[2021.10.11-18.14.32:744][ 45]MaterialEditorStats: Info Vertex shader: 31 instructions
[2021.10.11-18.14.32:744][ 45]MaterialEditorStats: Info Texture samplers: 1/16
[2021.10.11-18.14.49:786][ 77]LogMaterial: Missing cached shader map for material M_Bumper, compiling. 
[2021.10.11-18.14.49:794][ 77]LogMaterial: 0.00 seconds spent updating 1 materials, 1 interfaces, 0 instances, 0 with static permutations.
[2021.10.11-18.14.50:203][122]MaterialEditorStats: Info Base pass shader with only dynamic lighting: 26 instructions
[2021.10.11-18.14.50:203][122]MaterialEditorStats: Info Vertex shader: 31 instructions
[2021.10.11-18.14.50:203][122]MaterialEditorStats: Info Texture samplers: 1/16
[2021.10.11-18.14.52:582][407]LogMaterial: Missing cached shader map for material M_Bumper, compiling. 
[2021.10.11-18.14.52:590][407]LogMaterial: 0.00 seconds spent updating 1 materials, 1 interfaces, 0 instances, 0 with static permutations.
[2021.10.11-18.14.53:009][453]MaterialEditorStats: Info Base pass shader with only dynamic lighting: 26 instructions
[2021.10.11-18.14.53:009][453]MaterialEditorStats: Info Vertex shader: 31 instructions
[2021.10.11-18.14.53:009][453]MaterialEditorStats: Info Texture samplers: 1/16
[2021.10.11-18.15.12:521][780]LogMaterialEditor: Applying material M_Bumper
[2021.10.11-18.15.12:878][780]LogMaterial: Missing cached shader map for material M_Bumper, compiling. 
[2021.10.11-18.15.12:893][780]LogMaterial: 0.00 seconds spent updating 1 materials, 1 interfaces, 0 instances, 0 with static permutations.
[2021.10.11-18.15.12:918][780]LogMaterial: Missing cached shader map for material M_Bumper, compiling. 
[2021.10.11-18.15.12:937][780]LogMaterial: Missing cached shader map for material M_Bumper, compiling. 
[2021.10.11-18.15.12:954][780]LogMaterial: 0.00 seconds spent updating 1 materials, 1 interfaces, 0 instances, 0 with static permutations.
[2021.10.11-18.15.13:126][799]LogMaterialEditor: Saving and Compiling material M_Bumper
[2021.10.11-18.15.14:440][799]Cmd: OBJ SAVEPACKAGE PACKAGE="/Game/Assets/M_Bumper" FILE="../../../../../GitHub Projects/Udemy_Unreal/Udemy_Pinball/Udemy_Pinball/Pinball/Content/Assets/M_Bumper.uasset" SILENT=true
[2021.10.11-18.15.14:460][799]LogSavePackage: Save=13.17ms
[2021.10.11-18.15.14:460][799]LogSavePackage: Moving '../../../../../GitHub Projects/Udemy_Unreal/Udemy_Pinball/Udemy_Pinball/Pinball/Saved/M_Bumper64D94852418F429CBF5A38AA9CF67A0B.tmp' to '../../../../../GitHub Projects/Udemy_Unreal/Udemy_Pinball/Udemy_Pinball/Pinball/Content/Assets/M_Bumper.uasset'
[2021.10.11-18.15.14:466][799]LogSavePackage:Display: Finished SavePackage ../../../../../GitHub Projects/Udemy_Unreal/Udemy_Pinball/Udemy_Pinball/Pinball/Content/Assets/M_Bumper.uasset
[2021.10.11-18.15.14:470][799]MaterialEditorStats: Info Base pass shader with only dynamic lighting: 62 instructions
[2021.10.11-18.15.14:470][799]MaterialEditorStats: Info Vertex shader: 31 instructions
[2021.10.11-18.15.14:470][799]MaterialEditorStats: Info Texture samplers: 4/16
[2021.10.11-18.15.37:302][481]LogEditorViewport: Clicking on Actor (LMB): BP_Bumper_C (BP_Bumper)
[2021.10.11-18.15.56:121][650]LogSavePackage: Save=32.33ms
[2021.10.11-18.15.56:121][650]LogSavePackage: Moving '../../../../../GitHub Projects/Udemy_Unreal/Udemy_Pinball/Udemy_Pinball/Pinball/Saved/MainLevel6F72A31F475B97D84E06EA902C730ECF.tmp' to '../../../../../GitHub Projects/Udemy_Unreal/Udemy_Pinball/Udemy_Pinball/Pinball/Content/Maps/MainLevel.umap'
[2021.10.11-18.15.56:129][650]LogSavePackage:Display: Finished SavePackage ../../../../../GitHub Projects/Udemy_Unreal/Udemy_Pinball/Udemy_Pinball/Pinball/Content/Maps/MainLevel.umap
[2021.10.11-18.15.56:155][650]LogFileHelpers: Saving map 'MainLevel' took 0.136
[2021.10.11-18.15.56:172][650]Cmd: OBJ SAVEPACKAGE PACKAGE="/Game/Assets/SM_PopBumperBase" FILE="../../../../../GitHub Projects/Udemy_Unreal/Udemy_Pinball/Udemy_Pinball/Pinball/Content/Assets/SM_PopBumperBase.uasset" SILENT=true
[2021.10.11-18.15.56:194][650]LogSavePackage: Save=12.25ms
[2021.10.11-18.15.56:194][650]LogSavePackage: Moving '../../../../../GitHub Projects/Udemy_Unreal/Udemy_Pinball/Udemy_Pinball/Pinball/Saved/SM_PopBumperBase7D38C4BF471119B1D6F7ED99EB851911.tmp' to '../../../../../GitHub Projects/Udemy_Unreal/Udemy_Pinball/Udemy_Pinball/Pinball/Content/Assets/SM_PopBumperBase.uasset'
[2021.10.11-18.15.56:201][650]LogSavePackage:Display: Finished SavePackage ../../../../../GitHub Projects/Udemy_Unreal/Udemy_Pinball/Udemy_Pinball/Pinball/Content/Assets/SM_PopBumperBase.uasset
[2021.10.11-18.15.56:228][650]Cmd: OBJ SAVEPACKAGE PACKAGE="/Game/Assets/T_PopBumperTop" FILE="../../../../../GitHub Projects/Udemy_Unreal/Udemy_Pinball/Udemy_Pinball/Pinball/Content/Assets/T_PopBumperTop.uasset" SILENT=true
[2021.10.11-18.15.56:248][650]LogSavePackage: Save=17.50ms
[2021.10.11-18.15.56:248][650]LogSavePackage: Moving '../../../../../GitHub Projects/Udemy_Unreal/Udemy_Pinball/Udemy_Pinball/Pinball/Saved/T_PopBumperTop0667208D418FA7CB2BF691A0FE3F18B2.tmp' to '../../../../../GitHub Projects/Udemy_Unreal/Udemy_Pinball/Udemy_Pinball/Pinball/Content/Assets/T_PopBumperTop.uasset'
[2021.10.11-18.15.56:256][650]LogSavePackage:Display: Finished SavePackage ../../../../../GitHub Projects/Udemy_Unreal/Udemy_Pinball/Udemy_Pinball/Pinball/Content/Assets/T_PopBumperTop.uasset
[2021.10.11-18.16.17:523][839]LogMaterialEditor: Saving and Compiling material M_Bumper
[2021.10.11-18.16.17:539][839]Cmd: OBJ SAVEPACKAGE PACKAGE="/Game/Assets/M_Bumper" FILE="../../../../../GitHub Projects/Udemy_Unreal/Udemy_Pinball/Udemy_Pinball/Pinball/Content/Assets/M_Bumper.uasset" SILENT=true
[2021.10.11-18.16.17:549][839]LogSavePackage: Save=4.81ms
[2021.10.11-18.16.17:549][839]LogSavePackage: Moving '../../../../../GitHub Projects/Udemy_Unreal/Udemy_Pinball/Udemy_Pinball/Pinball/Saved/M_Bumper96E220C047E747E6830457B2B5C2016D.tmp' to '../../../../../GitHub Projects/Udemy_Unreal/Udemy_Pinball/Udemy_Pinball/Pinball/Content/Assets/M_Bumper.uasset'
[2021.10.11-18.16.17:552][839]LogSavePackage:Display: Finished SavePackage ../../../../../GitHub Projects/Udemy_Unreal/Udemy_Pinball/Udemy_Pinball/Pinball/Content/Assets/M_Bumper.uasset
[2021.10.11-18.16.18:776][980]Cmd: OBJ SAVEPACKAGE PACKAGE="/Game/Assets/SM_PopBumperBase" FILE="../../../../../GitHub Projects/Udemy_Unreal/Udemy_Pinball/Udemy_Pinball/Pinball/Content/Assets/SM_PopBumperBase.uasset" SILENT=true
[2021.10.11-18.16.18:787][980]LogSavePackage: Save=6.47ms
[2021.10.11-18.16.18:787][980]LogSavePackage: Moving '../../../../../GitHub Projects/Udemy_Unreal/Udemy_Pinball/Udemy_Pinball/Pinball/Saved/SM_PopBumperBase79F551774A4E56465DC68084A4CAD880.tmp' to '../../../../../GitHub Projects/Udemy_Unreal/Udemy_Pinball/Udemy_Pinball/Pinball/Content/Assets/SM_PopBumperBase.uasset'
[2021.10.11-18.16.18:789][980]LogSavePackage:Display: Finished SavePackage ../../../../../GitHub Projects/Udemy_Unreal/Udemy_Pinball/Udemy_Pinball/Pinball/Content/Assets/SM_PopBumperBase.uasset
[2021.10.11-18.16.20:215][146]Cmd: OBJ SAVEPACKAGE PACKAGE="/Game/Blueprints/BP_Bumper" FILE="../../../../../GitHub Projects/Udemy_Unreal/Udemy_Pinball/Udemy_Pinball/Pinball/Content/Blueprints/BP_Bumper.uasset" SILENT=true
[2021.10.11-18.16.20:237][146]LogSavePackage: Save=14.73ms
[2021.10.11-18.16.20:237][146]LogSavePackage: Moving '../../../../../GitHub Projects/Udemy_Unreal/Udemy_Pinball/Udemy_Pinball/Pinball/Saved/BP_Bumper7CD8D6CE42CADB2189011BBE3D4B8892.tmp' to '../../../../../GitHub Projects/Udemy_Unreal/Udemy_Pinball/Udemy_Pinball/Pinball/Content/Blueprints/BP_Bumper.uasset'
[2021.10.11-18.16.20:239][146]LogSavePackage:Display: Finished SavePackage ../../../../../GitHub Projects/Udemy_Unreal/Udemy_Pinball/Udemy_Pinball/Pinball/Content/Blueprints/BP_Bumper.uasset
[2021.10.11-18.16.21:096][242]Cmd: OBJ SAVEPACKAGE PACKAGE="/Game/Blueprints/BP_Ball" FILE="../../../../../GitHub Projects/Udemy_Unreal/Udemy_Pinball/Udemy_Pinball/Pinball/Content/Blueprints/BP_Ball.uasset" SILENT=true
