Log file open, 10/26/21 21:06:47
LogInit:Display: Running engine for game: Pinball
LogPlatformFile: Not using cached read wrapper
LogInit:Display: RandInit(675027147) SRandInit(675027147).
LogTaskGraph: Started task graph with 5 named threads and 10 total threads with 1 sets of task threads.
LogStats: Stats thread started at 0.146272
LogPluginManager: Loaded Plugin Paper2D, From C:/Program Files/Epic Games/UE_4.14/Engine/Plugins/2D/Paper2D/Paper2D.uplugin
LogPluginManager: Loaded Plugin LightPropagationVolume, From C:/Program Files/Epic Games/UE_4.14/Engine/Plugins/Blendables/LightPropagationVolume/LightPropagationVolume.uplugin
LogPluginManager: Loaded Plugin BlankPlugin, From C:/Program Files/Epic Games/UE_4.14/Engine/Plugins/Developer/BlankPlugin/BlankPlugin.uplugin
LogPluginManager: Loaded Plugin CodeLiteSourceCodeAccess, From C:/Program Files/Epic Games/UE_4.14/Engine/Plugins/Developer/CodeLiteSourceCodeAccess/CodeLiteSourceCodeAccess.uplugin
LogPluginManager: Loaded Plugin GitSourceControl, From C:/Program Files/Epic Games/UE_4.14/Engine/Plugins/Developer/GitSourceControl/GitSourceControl.uplugin
LogPluginManager: Loaded Plugin KDevelopSourceCodeAccess, From C:/Program Files/Epic Games/UE_4.14/Engine/Plugins/Developer/KDevelopSourceCodeAccess/KDevelopSourceCodeAccess.uplugin
LogPluginManager: Loaded Plugin NullSourceCodeAccess, From C:/Program Files/Epic Games/UE_4.14/Engine/Plugins/Developer/NullSourceCodeAccess/NullSourceCodeAccess.uplugin
LogPluginManager: Loaded Plugin OneSkyLocalizationService, From C:/Program Files/Epic Games/UE_4.14/Engine/Plugins/Developer/OneSkyLocalizationService/OneSkyLocalizationService.uplugin
LogPluginManager: Loaded Plugin PerforceSourceControl, From C:/Program Files/Epic Games/UE_4.14/Engine/Plugins/Developer/PerforceSourceControl/PerforceSourceControl.uplugin
LogPluginManager: Loaded Plugin SubversionSourceControl, From C:/Program Files/Epic Games/UE_4.14/Engine/Plugins/Developer/SubversionSourceControl/SubversionSourceControl.uplugin
LogPluginManager: Loaded Plugin UObjectPlugin, From C:/Program Files/Epic Games/UE_4.14/Engine/Plugins/Developer/UObjectPlugin/UObjectPlugin.uplugin
LogPluginManager: Loaded Plugin VisualStudioSourceCodeAccess, From C:/Program Files/Epic Games/UE_4.14/Engine/Plugins/Developer/VisualStudioSourceCodeAccess/VisualStudioSourceCodeAccess.uplugin
LogPluginManager: Loaded Plugin XCodeSourceCodeAccess, From C:/Program Files/Epic Games/UE_4.14/Engine/Plugins/Developer/XCodeSourceCodeAccess/XCodeSourceCodeAccess.uplugin
LogPluginManager: Loaded Plugin AudioCapture, From C:/Program Files/Epic Games/UE_4.14/Engine/Plugins/Editor/AudioCapture/AudioCapture.uplugin
LogPluginManager: Loaded Plugin EpicSurvey, From C:/Program Files/Epic Games/UE_4.14/Engine/Plugins/Editor/EpicSurvey/EpicSurvey.uplugin
LogPluginManager: Loaded Plugin MacGraphicsSwitching, From C:/Program Files/Epic Games/UE_4.14/Engine/Plugins/Editor/MacGraphicsSwitching/MacGraphicsSwitching.uplugin
LogPluginManager: Loaded Plugin MobileLauncherProfileWizard, From C:/Program Files/Epic Games/UE_4.14/Engine/Plugins/Editor/MobileLauncherProfileWizard/MobileLauncherProfileWizard.uplugin
LogPluginManager: Loaded Plugin PluginBrowser, From C:/Program Files/Epic Games/UE_4.14/Engine/Plugins/Editor/PluginBrowser/PluginBrowser.uplugin
LogPluginManager: Loaded Plugin SpeedTreeImporter, From C:/Program Files/Epic Games/UE_4.14/Engine/Plugins/Editor/SpeedTreeImporter/SpeedTreeImporter.uplugin
LogPluginManager: Loaded Plugin SuperSearchEditor, From C:/Program Files/Epic Games/UE_4.14/Engine/Plugins/Editor/SuperSearchEditor/SuperSearchEditor.uplugin
LogPluginManager: Loaded Plugin AlembicImporter, From C:/Program Files/Epic Games/UE_4.14/Engine/Plugins/Experimental/AlembicImporter/AlembicImporter.uplugin
LogPluginManager: Loaded Plugin BlueprintStats, From C:/Program Files/Epic Games/UE_4.14/Engine/Plugins/Experimental/BlueprintStats/BlueprintStats.uplugin
LogPluginManager: Loaded Plugin CharacterAI, From C:/Program Files/Epic Games/UE_4.14/Engine/Plugins/Experimental/CharacterAI/CharacterAI.uplugin
LogPluginManager: Loaded Plugin CodeEditor, From C:/Program Files/Epic Games/UE_4.14/Engine/Plugins/Experimental/CodeEditor/CodeEditor.uplugin
LogPluginManager: Loaded Plugin CodeView, From C:/Program Files/Epic Games/UE_4.14/Engine/Plugins/Experimental/CodeView/CodeView.uplugin
LogPluginManager: Loaded Plugin HTML5Networking, From C:/Program Files/Epic Games/UE_4.14/Engine/Plugins/Experimental/HTML5Networking/HTML5Networking.uplugin
LogPluginManager: Loaded Plugin OSVR, From C:/Program Files/Epic Games/UE_4.14/Engine/Plugins/Experimental/OSVR/OSVR.uplugin
LogPluginManager: Loaded Plugin Phya, From C:/Program Files/Epic Games/UE_4.14/Engine/Plugins/Experimental/Phya/Phya.uplugin
LogPluginManager: Loaded Plugin SignificanceManager, From C:/Program Files/Epic Games/UE_4.14/Engine/Plugins/Experimental/SignificanceManager/SignificanceManager.uplugin
LogPluginManager: Loaded Plugin SimpleHMD, From C:/Program Files/Epic Games/UE_4.14/Engine/Plugins/Experimental/SimpleHMD/SimpleHMD.uplugin
LogPluginManager: Loaded Plugin StereoPanorama, From C:/Program Files/Epic Games/UE_4.14/Engine/Plugins/Experimental/StereoPanorama/StereoPanorama.uplugin
LogPluginManager: Loaded Plugin StructBox, From C:/Program Files/Epic Games/UE_4.14/Engine/Plugins/Experimental/StructBox/StructBox.uplugin
LogPluginManager: Loaded Plugin AndroidMedia, From C:/Program Files/Epic Games/UE_4.14/Engine/Plugins/Media/AndroidMedia/AndroidMedia.uplugin
LogPluginManager: Loaded Plugin AvfMedia, From C:/Program Files/Epic Games/UE_4.14/Engine/Plugins/Media/AvfMedia/AvfMedia.uplugin
LogPluginManager: Loaded Plugin MediaPlayerEditor, From C:/Program Files/Epic Games/UE_4.14/Engine/Plugins/Media/MediaPlayerEditor/MediaPlayerEditor.uplugin
LogPluginManager: Loaded Plugin WmfMedia, From C:/Program Files/Epic Games/UE_4.14/Engine/Plugins/Media/WmfMedia/WmfMedia.uplugin
LogPluginManager: Loaded Plugin MessagingDebugger, From C:/Program Files/Epic Games/UE_4.14/Engine/Plugins/Messaging/MessagingDebugger/MessagingDebugger.uplugin
LogPluginManager: Loaded Plugin TcpMessaging, From C:/Program Files/Epic Games/UE_4.14/Engine/Plugins/Messaging/TcpMessaging/TcpMessaging.uplugin
LogPluginManager: Loaded Plugin UdpMessaging, From C:/Program Files/Epic Games/UE_4.14/Engine/Plugins/Messaging/UdpMessaging/UdpMessaging.uplugin
LogPluginManager: Loaded Plugin LevelSequenceEditor, From C:/Program Files/Epic Games/UE_4.14/Engine/Plugins/MovieScene/LevelSequenceEditor/LevelSequenceEditor.uplugin
LogPluginManager: Loaded Plugin MatineeToLevelSequence, From C:/Program Files/Epic Games/UE_4.14/Engine/Plugins/MovieScene/MatineeToLevelSequence/MatineeToLevelSequence.uplugin
LogPluginManager: Loaded Plugin NetcodeUnitTest, From C:/Program Files/Epic Games/UE_4.14/Engine/Plugins/NetcodeUnitTest/NetcodeUnitTest/NetcodeUnitTest.uplugin
LogPluginManager: Loaded Plugin NUTUnrealEngine4, From C:/Program Files/Epic Games/UE_4.14/Engine/Plugins/NetcodeUnitTest/NUTUnrealEngine4/NUTUnrealEngine4.uplugin
LogPluginManager: Loaded Plugin OnlineSubsystemGameCircle, From C:/Program Files/Epic Games/UE_4.14/Engine/Plugins/Online/Android/OnlineSubsystemGameCircle/OnlineSubsystemGameCircle.uplugin
LogPluginManager: Loaded Plugin OnlineSubsystemGooglePlay, From C:/Program Files/Epic Games/UE_4.14/Engine/Plugins/Online/Android/OnlineSubsystemGooglePlay/OnlineSubsystemGooglePlay.uplugin
LogPluginManager: Loaded Plugin OnlineSubsystemIOS, From C:/Program Files/Epic Games/UE_4.14/Engine/Plugins/Online/IOS/OnlineSubsystemIOS/OnlineSubsystemIOS.uplugin
LogPluginManager: Loaded Plugin OnlineFramework, From C:/Program Files/Epic Games/UE_4.14/Engine/Plugins/Online/OnlineFramework/OnlineFramework.uplugin
LogPluginManager: Loaded Plugin OnlineSubsystem, From C:/Program Files/Epic Games/UE_4.14/Engine/Plugins/Online/OnlineSubsystem/OnlineSubsystem.uplugin
LogPluginManager: Loaded Plugin OnlineSubsystemAmazon, From C:/Program Files/Epic Games/UE_4.14/Engine/Plugins/Online/OnlineSubsystemAmazon/OnlineSubsystemAmazon.uplugin
LogPluginManager: Loaded Plugin OnlineSubsystemFacebook, From C:/Program Files/Epic Games/UE_4.14/Engine/Plugins/Online/OnlineSubsystemFacebook/OnlineSubsystemFacebook.uplugin
LogPluginManager: Loaded Plugin OnlineSubsystemNull, From C:/Program Files/Epic Games/UE_4.14/Engine/Plugins/Online/OnlineSubsystemNull/OnlineSubsystemNull.uplugin
LogPluginManager: Loaded Plugin OnlineSubsystemOculus, From C:/Program Files/Epic Games/UE_4.14/Engine/Plugins/Online/OnlineSubsystemOculus/OnlineSubsystemOculus.uplugin
LogPluginManager: Loaded Plugin OnlineSubsystemSteam, From C:/Program Files/Epic Games/UE_4.14/Engine/Plugins/Online/OnlineSubsystemSteam/OnlineSubsystemSteam.uplugin
LogPluginManager: Loaded Plugin OnlineSubsystemUtils, From C:/Program Files/Epic Games/UE_4.14/Engine/Plugins/Online/OnlineSubsystemUtils/OnlineSubsystemUtils.uplugin
LogPluginManager: Loaded Plugin IOSTapJoy, From C:/Program Files/Epic Games/UE_4.14/Engine/Plugins/Runtime/Advertising/IOSTapJoy/IOSTapJoy.uplugin
LogPluginManager: Loaded Plugin AnalyticsBlueprintLibrary, From C:/Program Files/Epic Games/UE_4.14/Engine/Plugins/Runtime/Analytics/AnalyticsBlueprintLibrary/AnalyticsBlueprintLibrary.uplugin
LogPluginManager: Loaded Plugin AnalyticsMulticast, From C:/Program Files/Epic Games/UE_4.14/Engine/Plugins/Runtime/Analytics/AnalyticsMulticast/AnalyticsMulticast.uplugin
LogPluginManager: Loaded Plugin Apsalar, From C:/Program Files/Epic Games/UE_4.14/Engine/Plugins/Runtime/Analytics/Apsalar/Apsalar.uplugin
LogPluginManager: Loaded Plugin FileLogging, From C:/Program Files/Epic Games/UE_4.14/Engine/Plugins/Runtime/Analytics/FileLogging/FileLogging.uplugin
LogPluginManager: Loaded Plugin Flurry, From C:/Program Files/Epic Games/UE_4.14/Engine/Plugins/Runtime/Analytics/Flurry/Flurry.uplugin
LogPluginManager: Loaded Plugin AndroidDeviceProfileSelector, From C:/Program Files/Epic Games/UE_4.14/Engine/Plugins/Runtime/AndroidDeviceProfileSelector/AndroidDeviceProfileSelector.uplugin
LogPluginManager: Loaded Plugin AndroidMoviePlayer, From C:/Program Files/Epic Games/UE_4.14/Engine/Plugins/Runtime/AndroidMoviePlayer/AndroidMoviePlayer.uplugin
LogPluginManager: Loaded Plugin AppleMoviePlayer, From C:/Program Files/Epic Games/UE_4.14/Engine/Plugins/Runtime/AppleMoviePlayer/AppleMoviePlayer.uplugin
LogPluginManager: Loaded Plugin ArchVisCharacter, From C:/Program Files/Epic Games/UE_4.14/Engine/Plugins/Runtime/ArchVisCharacter/ArchVisCharacter.uplugin
LogPluginManager: Loaded Plugin CableComponent, From C:/Program Files/Epic Games/UE_4.14/Engine/Plugins/Runtime/CableComponent/CableComponent.uplugin
LogPluginManager: Loaded Plugin CustomMeshComponent, From C:/Program Files/Epic Games/UE_4.14/Engine/Plugins/Runtime/CustomMeshComponent/CustomMeshComponent.uplugin
LogPluginManager: Loaded Plugin ExampleDeviceProfileSelector, From C:/Program Files/Epic Games/UE_4.14/Engine/Plugins/Runtime/ExampleDeviceProfileSelector/ExampleDeviceProfileSelector.uplugin
LogPluginManager: Loaded Plugin GearVR, From C:/Program Files/Epic Games/UE_4.14/Engine/Plugins/Runtime/GearVR/GearVR.uplugin
LogPluginManager: Loaded Plugin GoogleVRController, From C:/Program Files/Epic Games/UE_4.14/Engine/Plugins/Runtime/GoogleVR/GoogleVRController/GoogleVRController.uplugin
LogPluginManager: Loaded Plugin GoogleVRHMD, From C:/Program Files/Epic Games/UE_4.14/Engine/Plugins/Runtime/GoogleVR/GoogleVRHMD/GoogleVRHMD.uplugin
LogPluginManager: Loaded Plugin IOSDeviceProfileSelector, From C:/Program Files/Epic Games/UE_4.14/Engine/Plugins/Runtime/IOSDeviceProfileSelector/IOSDeviceProfileSelector.uplugin
LogPluginManager: Loaded Plugin LeapMotion, From C:/Program Files/Epic Games/UE_4.14/Engine/Plugins/Runtime/LeapMotion/LeapMotion.uplugin
LogPluginManager: Loaded Plugin LinuxDeviceProfileSelector, From C:/Program Files/Epic Games/UE_4.14/Engine/Plugins/Runtime/LinuxDeviceProfileSelector/LinuxDeviceProfileSelector.uplugin
LogPluginManager: Loaded Plugin MIDIDevice, From C:/Program Files/Epic Games/UE_4.14/Engine/Plugins/Runtime/MIDIDevice/MIDIDevice.uplugin
LogPluginManager: Loaded Plugin MobilePatchingUtils, From C:/Program Files/Epic Games/UE_4.14/Engine/Plugins/Runtime/MobilePatchingUtils/MobilePatchingUtils.uplugin
LogPluginManager: Loaded Plugin Ansel, From C:/Program Files/Epic Games/UE_4.14/Engine/Plugins/Runtime/Nvidia/Ansel/Ansel.uplugin
LogPluginManager: Loaded Plugin OculusAudio, From C:/Program Files/Epic Games/UE_4.14/Engine/Plugins/Runtime/OculusAudio/OculusAudio.uplugin
LogPluginManager: Loaded Plugin OculusInput, From C:/Program Files/Epic Games/UE_4.14/Engine/Plugins/Runtime/OculusInput/OculusInput.uplugin
LogPluginManager: Loaded Plugin OculusLibrary, From C:/Program Files/Epic Games/UE_4.14/Engine/Plugins/Runtime/OculusLibrary/OculusLibrary.uplugin
LogPluginManager: Loaded Plugin OculusRift, From C:/Program Files/Epic Games/UE_4.14/Engine/Plugins/Runtime/OculusRift/OculusRift.uplugin
LogPluginManager: Loaded Plugin Oodle, From C:/Program Files/Epic Games/UE_4.14/Engine/Plugins/Runtime/PacketHandlers/CompressionComponents/Oodle/Oodle.uplugin
LogPluginManager: Loaded Plugin ProceduralMeshComponent, From C:/Program Files/Epic Games/UE_4.14/Engine/Plugins/Runtime/ProceduralMeshComponent/ProceduralMeshComponent.uplugin
LogPluginManager: Loaded Plugin SoundMod, From C:/Program Files/Epic Games/UE_4.14/Engine/Plugins/Runtime/SoundMod/SoundMod.uplugin
LogPluginManager: Loaded Plugin SoundVisualizations, From C:/Program Files/Epic Games/UE_4.14/Engine/Plugins/Runtime/SoundVisualizations/SoundVisualizations.uplugin
LogPluginManager: Loaded Plugin SteamController, From C:/Program Files/Epic Games/UE_4.14/Engine/Plugins/Runtime/Steam/SteamController/SteamController.uplugin
LogPluginManager: Loaded Plugin SteamVR, From C:/Program Files/Epic Games/UE_4.14/Engine/Plugins/Runtime/Steam/SteamVR/SteamVR.uplugin
LogPluginManager: Loaded Plugin WebBrowserWidget, From C:/Program Files/Epic Games/UE_4.14/Engine/Plugins/Runtime/WebBrowserWidget/WebBrowserWidget.uplugin
LogPluginManager: Loaded Plugin WindowsDeviceProfileSelector, From C:/Program Files/Epic Games/UE_4.14/Engine/Plugins/Runtime/WindowsDeviceProfileSelector/WindowsDeviceProfileSelector.uplugin
LogPluginManager: Loaded Plugin WindowsMoviePlayer, From C:/Program Files/Epic Games/UE_4.14/Engine/Plugins/Runtime/WindowsMoviePlayer/WindowsMoviePlayer.uplugin
LogPluginManager: Loaded Plugin ScriptPlugin, From C:/Program Files/Epic Games/UE_4.14/Engine/Plugins/ScriptPlugin/ScriptPlugin.uplugin
LogPluginManager: Loaded Plugin SlateRemote, From C:/Program Files/Epic Games/UE_4.14/Engine/Plugins/Slate/SlateRemote/SlateRemote.uplugin
LogPluginManager: Loaded Plugin EditorTests, From C:/Program Files/Epic Games/UE_4.14/Engine/Plugins/Tests/EditorTests/EditorTests.uplugin
LogPluginManager: Loaded Plugin FbxAutomationTestBuilder, From C:/Program Files/Epic Games/UE_4.14/Engine/Plugins/Tests/FbxAutomationTestBuilder/FbxAutomationTestBuilder.uplugin
LogPluginManager: Loaded Plugin FunctionalTestingEditor, From C:/Program Files/Epic Games/UE_4.14/Engine/Plugins/Tests/FunctionalTestingEditor/FunctionalTestingEditor.uplugin
LogPluginManager: Loaded Plugin RuntimeTests, From C:/Program Files/Epic Games/UE_4.14/Engine/Plugins/Tests/RuntimeTests/RuntimeTests.uplugin
LogPluginManager: Loaded Plugin ScreenshotTools, From C:/Program Files/Epic Games/UE_4.14/Engine/Plugins/Tests/ScreenshotTools/ScreenshotTools.uplugin
LogInit: Using libcurl 7.47.1
LogInit:  - built for x86_64-pc-win32
LogInit:  - supports SSL with OpenSSL/1.0.2g
LogInit:  - supports HTTP deflate (compression) using libz 1.2.8
LogInit:  - other features:
LogInit:      CURL_VERSION_SSL
LogInit:      CURL_VERSION_LIBZ
LogInit:      CURL_VERSION_IPV6
LogInit:      CURL_VERSION_ASYNCHDNS
LogInit:      CURL_VERSION_LARGEFILE
LogInit:      CURL_VERSION_IDN
LogInit:  CurlRequestOptions (configurable via config and command line):
LogInit:  - bVerifyPeer = false  - Libcurl will NOT verify peer certificate
LogInit:  - bUseHttpProxy = false  - Libcurl will NOT use HTTP proxy
LogInit:  - bDontReuseConnections = false  - Libcurl will reuse connections
LogInit:  - CertBundlePath = nullptr  - Libcurl will use whatever was configured at build time.
LogInit: Build: ++UE4+Release-4.14-CL-3249277
LogInit: Engine Version: 4.14.3-3249277+++UE4+Release-4.14
LogInit: Compatible Engine Version: 4.14.0-3195953+++UE4+Release-4.14
LogInit: Net CL: 3195953
LogDevObjectVersion: Number of dev versions registered: 13
LogDevObjectVersion:   Dev-Blueprints (B0D832E4-1F89-4F0D-ACCF-7EB736FD4AA2): 7
LogDevObjectVersion:   Dev-Build (E1C64328-A22C-4D53-A36C-8E866417BD8C): 0
LogDevObjectVersion:   Dev-Core (375EC13C-06E4-48FB-B500-84F0262A717E): 1
LogDevObjectVersion:   Dev-Editor (E4B068ED-F494-42E9-A231-DA0B2E46BB41): 8
LogDevObjectVersion:   Dev-Framework (CFFC743F-43B0-4480-9391-14DF171D2073): 17
LogDevObjectVersion:   Dev-Mobile (B02B49B5-BB20-44E9-A304-32B752E40360): 0
LogDevObjectVersion:   Dev-Networking (A4E4105C-59A1-49B5-A7C5-40C4547EDFEE): 0
LogDevObjectVersion:   Dev-Online (39C831C9-5AE6-47DC-9A44-9C173E1C8E7C): 0
LogDevObjectVersion:   Dev-Physics (78F01B33-EBEA-4F98-B9B4-84EACCB95AA2): 0
LogDevObjectVersion:   Dev-Platform (6631380F-2D4D-43E0-8009-CF276956A95A): 0
LogDevObjectVersion:   Dev-Rendering (12F88B9F-8875-4AFC-A67C-D90C383ABD29): 12
LogDevObjectVersion:   Dev-Sequencer (7B5AE74C-D270-4C10-A958-57980B212A5A): 1
LogDevObjectVersion:   Dev-VR (D7296918-1DD6-4BDD-9DE2-64A83CC13884): 0
LogInit: Compiled (64-bit): Jan  6 2017 10:49:43
LogInit: Compiled with Visual C++: 19.00.23026.00
LogInit: Build Configuration: Development
LogInit: Branch Name: ++UE4+Release-4.14
LogInit: Command line:  
LogInit: Base directory: C:/Program Files/Epic Games/UE_4.14/Engine/Binaries/Win64/
LogInit: Installed Engine Build: 1
LogInit: Presizing for max 8388607 objects, including 0 objects not considered by GC, pre-allocating 0 bytes for permanent pool.
LogInit: Object subsystem initialized
[2021.10.27-01.06.48:064][  0]LogInit: Selected Device Profile: [Windows]
[2021.10.27-01.06.48:064][  0]LogInit: Applying CVar settings loaded from the selected device profile: [Windows]
[2021.10.27-01.06.48:076][  0]LogInit: Computer: LAPTOP-7NM099NT
[2021.10.27-01.06.48:076][  0]LogInit: User: jerye
[2021.10.27-01.06.48:076][  0]LogInit: CPU Page size=65536, Cores=6
[2021.10.27-01.06.48:076][  0]LogInit: High frequency timer resolution =10.000000 MHz
[2021.10.27-01.06.48:077][  0]LogMemory: Memory total: Physical=15.8GB (16GB approx)
[2021.10.27-01.06.48:077][  0]LogMemory: Platform Memory Stats for Windows
[2021.10.27-01.06.48:077][  0]LogMemory: Process Physical Memory: 264.37 MB used, 264.37 MB peak
[2021.10.27-01.06.48:077][  0]LogMemory: Process Virtual Memory: 259.94 MB used, 259.94 MB peak
[2021.10.27-01.06.48:077][  0]LogMemory: Physical Memory: 6687.86 MB used,  9497.81 MB free, 16185.68 MB total
[2021.10.27-01.06.48:077][  0]LogMemory: Virtual Memory: 4795.36 MB used,  9497.81 MB free, 134217728.00 MB total
[2021.10.27-01.06.48:519][  0]LogTextLocalizationManager: No specific translations for ('en-CA') exist, so ('en') translations will be used.
[2021.10.27-01.06.52:060][  0]LogD3D11RHI: D3D11 adapters:
[2021.10.27-01.06.52:264][  0]LogD3D11RHI:    0. 'NVIDIA GeForce GTX 1650' (Feature Level 11_0)
[2021.10.27-01.06.52:264][  0]LogD3D11RHI:       3962/0/8092 MB DedicatedVideo/DedicatedSystem/SharedSystem, Outputs:1, VendorId:0x10de
[2021.10.27-01.06.52:533][  0]LogD3D11RHI:    1. 'Intel(R) UHD Graphics' (Feature Level 11_0)
[2021.10.27-01.06.52:533][  0]LogD3D11RHI:       128/0/8092 MB DedicatedVideo/DedicatedSystem/SharedSystem, Outputs:0, VendorId:0x8086
[2021.10.27-01.06.52:536][  0]LogD3D11RHI:    2. 'Microsoft Basic Render Driver' (Feature Level 11_0)
[2021.10.27-01.06.52:536][  0]LogD3D11RHI:       0/0/8092 MB DedicatedVideo/DedicatedSystem/SharedSystem, Outputs:0, VendorId:0x1414
[2021.10.27-01.06.52:536][  0]LogD3D11RHI: Chosen D3D11 Adapter: 0
[2021.10.27-01.06.52:546][  0]LogD3D11RHI: Creating new Direct3DDevice
[2021.10.27-01.06.52:546][  0]LogD3D11RHI:     GPU DeviceId: 0x1f99 (for the marketing name, search the web for "GPU Device Id")
[2021.10.27-01.06.52:546][  0]LogWindows: EnumDisplayDevices:
[2021.10.27-01.06.52:546][  0]LogWindows:    0. 'Intel(R) UHD Graphics' (P:1 D:1)
[2021.10.27-01.06.52:546][  0]LogWindows:    1. 'Intel(R) UHD Graphics' (P:0 D:0)
[2021.10.27-01.06.52:546][  0]LogWindows:    2. 'Intel(R) UHD Graphics' (P:0 D:0)
[2021.10.27-01.06.52:546][  0]LogWindows:    3. 'NVIDIA GeForce GTX 1650' (P:0 D:0)
[2021.10.27-01.06.52:547][  0]LogWindows:    4. 'NVIDIA GeForce GTX 1650' (P:0 D:0)
[2021.10.27-01.06.52:547][  0]LogWindows:    5. 'NVIDIA GeForce GTX 1650' (P:0 D:0)
[2021.10.27-01.06.52:547][  0]LogWindows:    6. 'NVIDIA GeForce GTX 1650' (P:0 D:0)
[2021.10.27-01.06.52:547][  0]LogWindows: DebugString: GetVideoDriverDetailsInvalid PrimaryIsNotTheChoosenAdapter GetVideoDriverDetailsInvalid PrimaryIsNotTheChoosenAdapter GetVideoDriverDetailsInvalid PrimaryIsNotTheChoosenAdapter GetVideoDriverDetailsInvalid PrimaryIsNotTheChoosenAdapter GetVideoDriverDetailsInvalid PrimaryIsNotTheChoosenAdapter GetVideoDriverDetailsInvalid PrimaryIsNotTheChoosenAdapter GetVideoDriverDetailsInvalid PrimaryIsNotTheChoosenAdapter FoundDriverCount:0 
[2021.10.27-01.06.52:547][  0]LogD3D11RHI:     Adapter Name: NVIDIA GeForce GTX 1650
[2021.10.27-01.06.52:547][  0]LogD3D11RHI:   Driver Version: Unknown (internal:Unknown, unified:Unknown)
[2021.10.27-01.06.52:547][  0]LogD3D11RHI:      Driver Date: Unknown
[2021.10.27-01.06.52:547][  0]LogRHI: Texture pool is 1361 MB (70% of 1945 MB)
[2021.10.27-01.06.52:657][  0]LogD3D11RHI: Async texture creation enabled
[2021.10.27-01.06.52:721][  0]LogD3D11RHI: GPU Timing Frequency: 1000.000000 (Debug: 2 2)
[2021.10.27-01.06.52:726][  0]LogShaderCompilers: Guid format shader working directory is -32 characters bigger than the processId version (../../../../../../Users/jerye/Documents/Github Projects/Udemy_Pinball/Pinball/Intermediate/Shaders/WorkingDirectory/11100/).
[2021.10.27-01.06.52:726][  0]LogShaderCompilers: Cleaned the shader compiler working directory 'C:/Users/jerye/AppData/Local/Temp/UnrealShaderWorkingDir/D1FE8FE842C3EE83720A5E9E904348BA/'.
[2021.10.27-01.06.52:726][  0]LogShaderCompilers:Display: Using Local Shader Compiler.
[2021.10.27-01.06.55:769][  0]LogTemp:Display: Loaded TP AllDesktopTargetPlatform
[2021.10.27-01.06.55:891][  0]LogTemp:Display: Loaded TP MacClientTargetPlatform
[2021.10.27-01.06.55:986][  0]LogTemp:Display: Loaded TP MacNoEditorTargetPlatform
[2021.10.27-01.06.56:064][  0]LogTemp:Display: Loaded TP MacServerTargetPlatform
[2021.10.27-01.06.56:173][  0]LogTemp:Display: Loaded TP MacTargetPlatform
[2021.10.27-01.06.56:284][  0]LogTemp:Display: Loaded TP WindowsClientTargetPlatform
[2021.10.27-01.06.56:375][  0]LogTemp:Display: Loaded TP WindowsNoEditorTargetPlatform
[2021.10.27-01.06.56:461][  0]LogTemp:Display: Loaded TP WindowsServerTargetPlatform
[2021.10.27-01.06.56:547][  0]LogTemp:Display: Loaded TP WindowsTargetPlatform
[2021.10.27-01.06.56:649][  0]LogTemp:Display: Loaded TP AndroidTargetPlatform
[2021.10.27-01.06.56:737][  0]LogTemp:Display: Loaded TP Android_ASTCTargetPlatform
[2021.10.27-01.06.56:806][  0]LogTemp:Display: Loaded TP Android_ATCTargetPlatform
[2021.10.27-01.06.56:883][  0]LogTemp:Display: Loaded TP Android_DXTTargetPlatform
[2021.10.27-01.06.56:980][  0]LogTemp:Display: Loaded TP Android_ETC1TargetPlatform
[2021.10.27-01.06.57:063][  0]LogTemp:Display: Loaded TP Android_ETC2TargetPlatform
[2021.10.27-01.06.57:208][  0]LogTemp:Display: Loaded TP Android_MultiTargetPlatform
[2021.10.27-01.06.57:208][  0]LogTemp:Display: Loaded TP Android_PVRTCTargetPlatform
[2021.10.27-01.06.57:269][  0]LogTemp:Display: Loaded TP HTML5TargetPlatform
[2021.10.27-01.06.57:431][  0]LogTemp:Display: Loaded TP IOSTargetPlatform
[2021.10.27-01.06.57:487][  0]LogTemp:Display: Loaded TP TVOSTargetPlatform
[2021.10.27-01.06.57:574][  0]LogTemp:Display: Loaded TP LinuxClientTargetPlatform
[2021.10.27-01.06.57:647][  0]LogTemp:Display: Loaded TP LinuxNoEditorTargetPlatform
[2021.10.27-01.06.57:730][  0]LogTemp:Display: Loaded TP LinuxServerTargetPlatform
[2021.10.27-01.06.57:812][  0]LogTemp:Display: Loaded TP LinuxTargetPlatform
[2021.10.27-01.06.57:812][  0]LogTargetPlatformManager:Display: Building Assets For Windows
[2021.10.27-01.06.58:650][  0]LogDerivedDataCache:Display: Max Cache Size: 512 MB
[2021.10.27-01.06.58:870][  0]LogDerivedDataCache: Loaded boot cache 0.22s 50MB C:/Users/jerye/AppData/Local/UnrealEngine/4.14/DerivedDataCache/Boot.ddc.
[2021.10.27-01.06.58:870][  0]LogDerivedDataCache:Display: Loaded Boot cache: C:/Users/jerye/AppData/Local/UnrealEngine/4.14/DerivedDataCache/Boot.ddc
[2021.10.27-01.06.58:870][  0]LogDerivedDataCache: FDerivedDataBackendGraph:  Pak pak cache file ../../../../../../Users/jerye/Documents/Github Projects/Udemy_Pinball/Pinball/DerivedDataCache/DDC.ddp not found, will not use a pak cache.
[2021.10.27-01.06.58:870][  0]LogDerivedDataCache: Unable to find inner node Pak for hierarchical cache Hierarchy.
[2021.10.27-01.06.58:870][  0]LogDerivedDataCache: FDerivedDataBackendGraph:  CompressedPak pak cache file ../../../../../../Users/jerye/Documents/Github Projects/Udemy_Pinball/Pinball/DerivedDataCache/Compressed.ddp not found, will not use a pak cache.
[2021.10.27-01.06.58:870][  0]LogDerivedDataCache: Unable to find inner node CompressedPak for hierarchical cache Hierarchy.
[2021.10.27-01.06.58:892][  0]LogDerivedDataCache:Display: Pak cache opened for reading ../../../Engine/DerivedDataCache/Compressed.ddp.
[2021.10.27-01.06.58:979][  0]LogDerivedDataCache: Using Local data cache path C:/Users/jerye/AppData/Local/UnrealEngine/Common/DerivedDataCache: Writable
[2021.10.27-01.06.59:833][  0]LogInit: Selected Device Profile: [Windows]
[2021.10.27-01.06.59:844][  0]LogContentStreaming: Texture pool size is 0.00 MB
[2021.10.27-01.07.00:254][  0]LogMeshUtilities: Using QuadricMeshReduction for automatic static mesh reduction
[2021.10.27-01.07.00:335][  0]LogSimplygon: Simplygon DLL not present - disabling.
[2021.10.27-01.07.00:409][  0]LogMeshUtilities: Using SimplygonSwarm for distributed automatic mesh merging
[2021.10.27-01.07.00:409][  0]LogMeshUtilities: No automatic skeletal mesh reduction module available
[2021.10.27-01.07.00:409][  0]LogMeshUtilities: No automatic mesh merging module available
[2021.10.27-01.07.02:279][  0]LogNetVersion: GetLocalNetworkVersion: CL: 3195953, ProjectName: pinball, ProjectVersion: , EngineNetworkVersion: 2, GameNetworkVersion: 0, NetworkChecksum: 1748929517
[2021.10.27-01.07.02:387][  0]LogAssetRegistry: FAssetRegistry took 0.0238 seconds to start up
[2021.10.27-01.07.02:468][  0]LogPackageLocalizationCache: Processed 3 localized package path(s) for 2 prioritized culture(s) in 0.035173 seconds
[2021.10.27-01.07.02:477][  0]LogUObjectArray: 31946 objects as part of root set at end of initial load.
[2021.10.27-01.07.02:477][  0]LogUObjectAllocator: 6935840 out of 0 bytes used by permanent object pool.
[2021.10.27-01.07.02:477][  0]LogUObjectArray: CloseDisregardForGC: 0/0 objects in disregard for GC pool
[2021.10.27-01.07.02:629][  0]LogInit: WinSock: version 1.1 (2.2), MaxSocks=32767, MaxUdp=65467
[2021.10.27-01.07.04:164][  0]LogSlate: Using Freetype 2.6.0
[2021.10.27-01.07.04:182][  0]LogSlate: SlateFontCache - WITH_FREETYPE: 1, WITH_HARFBUZZ: 1
[2021.10.27-01.07.04:182][  0]LogSlate: SlateFontCache - WITH_FREETYPE: 1, WITH_HARFBUZZ: 1
[2021.10.27-01.07.06:079][  0]LogTcpMessaging: Initializing TcpMessaging bridge
[2021.10.27-01.07.06:136][  0]LogUdpMessaging: Initializing bridge on interface 0.0.0.0:0 to multicast group 230.0.0.1:6666.
[2021.10.27-01.07.06:722][  0]LogMaterial: Uniform references updated for custom material expression Custom.
[2021.10.27-01.07.07:592][  0]SourceControl: Info Source control is disabled
[2021.10.27-01.07.07:593][  0]SourceControl: Info Source control is disabled
[2021.10.27-01.07.07:668][  0]SourceControl: Info Source control is disabled
[2021.10.27-01.07.07:737][  0]SourceControl: Info Source control is disabled
[2021.10.27-01.07.09:931][  0]LogEngine: Initializing Engine...
[2021.10.27-01.07.09:933][  0]LogHMD: Failed to initialize OpenVR with code 110
[2021.10.27-01.07.10:413][  0]LogAIModule: Creating AISystem for world Untitled
[2021.10.27-01.07.10:451][  0]LogInit: XAudio2 using 'Speakers (Realtek(R) Audio)' : 2 channels at 48 kHz using 32 bits per sample (channel mask 0x3)
[2021.10.27-01.07.11:033][  0]LogInit: FAudioDevice initialized.
[2021.10.27-01.07.11:053][  0]LogDerivedDataCache: Saved boot cache 0.02s 50MB C:/Users/jerye/AppData/Local/UnrealEngine/4.14/DerivedDataCache/Boot.ddc.
[2021.10.27-01.07.11:062][  0]LogInit: Texture streaming: Enabled
[2021.10.27-01.07.11:370][  0]LogInit: Transaction tracking system initialized
[2021.10.27-01.07.11:995][  0]BlueprintLog: New page: Editor Load
[2021.10.27-01.07.13:498][  0]LocalizationService: Info Localization service is disabled
[2021.10.27-01.07.14:534][  0]LogConsoleResponse:Display: 
[2021.10.27-01.07.15:227][  0]LogFileCache: Scanning file cache for directory 'C:/Users/jerye/Documents/Github Projects/Udemy_Pinball/Pinball/Content/' took 0.01s
[2021.10.27-01.07.15:227][  0]LogCook:Display: Max memory allowance for cook 16384mb min free memory 0mb
[2021.10.27-01.07.15:227][  0]LogCook:Display: Mobile HDR setting 1
[2021.10.27-01.07.16:841][  0]SourceControl: Info Source control is disabled
[2021.10.27-01.07.16:843][  0]Cmd: MAP LOAD FILE="../../../../../../Users/jerye/Documents/Github Projects/Udemy_Pinball/Pinball/Content/Maps/MainLevel.umap" TEMPLATE=0 SHOWPROGRESS=1 FEATURELEVEL=3
[2021.10.27-01.07.16:844][  0]LightingResults: New page: Lighting Build
[2021.10.27-01.07.16:906][  0]MapCheck: New page: Map Check
[2021.10.27-01.07.16:906][  0]LightingResults: New page: Lighting Build
[2021.10.27-01.07.17:972][  0]LogAIModule: Creating AISystem for world MainLevel
[2021.10.27-01.07.18:033][  0]LogEditorServer: Finished looking for orphan Actors (0.000 secs)
[2021.10.27-01.07.18:033][  0]Cmd: MAP CHECKDEP NOCLEARLOG
[2021.10.27-01.07.18:075][  0]MapCheck: Info Map check complete: 0 Error(s), 0 Warning(s), took 41.853ms to complete.
[2021.10.27-01.07.18:075][  0]LogFileHelpers: Loading map 'MainLevel' took 1.233
[2021.10.27-01.07.18:303][  0]LogCollectionManager: Loaded 0 collections in 0.001270 seconds
[2021.10.27-01.07.18:416][  0]LogFileCache: Scanning file cache for directory 'C:/Users/jerye/Documents/Github Projects/Udemy_Pinball/Pinball/Saved/Collections/' took 0.01s
[2021.10.27-01.07.18:416][  0]LogFileCache: Scanning file cache for directory 'C:/Users/jerye/Documents/Github Projects/Udemy_Pinball/Pinball/Content/Developers/jerye/Collections/' took 0.01s
[2021.10.27-01.07.18:416][  0]LogFileCache: Scanning file cache for directory 'C:/Users/jerye/Documents/Github Projects/Udemy_Pinball/Pinball/Content/Collections/' took 0.01s
[2021.10.27-01.07.18:416][  0]LogCollectionManager: Rebuilt the GUID cache for 0 collections in 0.000002 seconds
[2021.10.27-01.07.18:426][  0]LogContentBrowser: Native class hierarchy populated in 0.0076 seconds. Added 2190 classes and 428 folders.
[2021.10.27-01.07.18:480][  0]LogStats: UGameplayTagsManager::ConstructGameplayTagTree: Construct from data asset -  0.000 s
[2021.10.27-01.07.18:481][  0]LogStats: UGameplayTagsManager::ConstructGameplayTagTree: GameplayTagTreeChangedEvent.Broadcast -  0.000 s
[2021.10.27-01.07.18:482][  0]LogContentBrowser: Native class hierarchy updated for 'GameplayTags' in 0.0005 seconds. Added 13 classes and 0 folders.
[2021.10.27-01.07.18:565][  0]LogContentBrowser: Native class hierarchy updated for 'WidgetCarousel' in 0.0003 seconds. Added 0 classes and 0 folders.
[2021.10.27-01.07.18:928][  0]LogContentBrowser: Native class hierarchy updated for 'AddContentDialog' in 0.0004 seconds. Added 0 classes and 0 folders.
[2021.10.27-01.07.19:001][  0]LogContentBrowser: Native class hierarchy updated for 'SceneOutliner' in 0.0004 seconds. Added 1 classes and 2 folders.
[2021.10.27-01.07.19:215][  0]LogCrashTracker: Crashtracker disabled due to settings.
[2021.10.27-01.07.19:235][  0]LogUObjectGlobals:Warning: Failed to find object 'Class None.'
[2021.10.27-01.07.19:326][  0]LogContentBrowser: Native class hierarchy updated for 'HierarchicalLODOutliner' in 0.0005 seconds. Added 1 classes and 2 folders.
[2021.10.27-01.07.19:326][  0]LogLoad: (Engine Initialization) Total time: 33.79 seconds
[2021.10.27-01.07.19:326][  0]LogLoad: (Engine Initialization) Total Blueprint compile time: 0.37 seconds
[2021.10.27-01.07.19:327][  0]LogExternalProfiler: No external profilers were discovered.  External profiling features will not be available.
[2021.10.27-01.07.19:349][  0]LogOcInput: OculusInput pre-init called
[2021.10.27-01.07.19:385][  0]LogContentStreaming: Texture pool size now 1000 MB
[2021.10.27-01.07.19:706][  0]LogRenderer: Reallocating scene render targets to support 1208x572 NumSamples 1 (Frame:2).
[2021.10.27-01.07.19:816][  1]LogAssetRegistry: Asset discovery search completed in 17.4513 seconds
[2021.10.27-01.07.19:817][  1]LogCollectionManager: Rebuilt the object cache for 0 collections in 0.000000 seconds (found 0 objects)
[2021.10.27-01.07.19:817][  1]LogCollectionManager: Fixed up redirectors for 0 collections in 0.000264 seconds (updated 0 objects)
[2021.10.27-01.13.24:848][179]LogContentBrowser: Native class hierarchy updated for 'BlueprintGraph' in 0.0007 seconds. Added 111 classes and 0 folders.
[2021.10.27-01.45.53:850][670]LogTemp: Repeting last play command: Selected Viewport
[2021.10.27-01.45.53:895][670]LogPlayLevel: PlayLevel: No blueprints needed recompiling
[2021.10.27-01.45.53:903][670]PIE: New page: PIE session: MainLevel (Oct 26, 2021, 5:45:53 PM)
[2021.10.27-01.45.53:904][670]LogPlayLevel: Creating play world package: /Game/Maps/UEDPIE_0_MainLevel
[2021.10.27-01.45.53:916][670]LogPlayLevel: PIE: StaticDuplicateObject took: (0.012206s)
[2021.10.27-01.45.53:917][670]LogAIModule: Creating AISystem for world MainLevel
[2021.10.27-01.45.53:918][670]LogPlayLevel: PIE: World Init took: (0.001363s)
[2021.10.27-01.45.53:918][670]LogPlayLevel: PIE: Created PIE world by copying editor world from /Game/Maps/MainLevel.MainLevel to /Game/Maps/UEDPIE_0_MainLevel.MainLevel (0.014638s)
[2021.10.27-01.45.53:966][670]LogInit: XAudio2 using 'Speakers (Realtek(R) Audio)' : 2 channels at 48 kHz using 32 bits per sample (channel mask 0x3)
[2021.10.27-01.45.53:977][670]LogInit: FAudioDevice initialized.
[2021.10.27-01.45.54:047][670]LogLoad: Game class is 'PinballGameMode_C'
[2021.10.27-01.45.54:058][670]LogWorld: Bringing World /Game/Maps/UEDPIE_0_MainLevel.MainLevel up for play (max tick rate 60) at 2021.10.26-21.45.54
[2021.10.27-01.45.54:063][670]LogWorld: Bringing up level for play took: 0.005904
[2021.10.27-01.45.54:133][670]LogContentBrowser: Native class hierarchy updated for 'MovieSceneCapture' in 0.0005 seconds. Added 11 classes and 0 folders.
[2021.10.27-01.45.54:155][670]PIE: Info Play in editor start time for /Game/Maps/UEDPIE_0_MainLevel 0.077
[2021.10.27-01.46.08:574][ 87]LogTemp: Repeting last play command: Selected Viewport
[2021.10.27-01.46.08:611][ 87]LogPlayLevel: PlayLevel: No blueprints needed recompiling
[2021.10.27-01.46.08:611][ 87]PIE: New page: PIE session: MainLevel (Oct 26, 2021, 5:46:08 PM)
[2021.10.27-01.46.08:612][ 87]LogPlayLevel: Creating play world package: /Game/Maps/UEDPIE_0_MainLevel
[2021.10.27-01.46.08:623][ 87]LogPlayLevel: PIE: StaticDuplicateObject took: (0.011610s)
[2021.10.27-01.46.08:624][ 87]LogAIModule: Creating AISystem for world MainLevel
[2021.10.27-01.46.08:624][ 87]LogPlayLevel: PIE: World Init took: (0.001082s)
[2021.10.27-01.46.08:625][ 87]LogPlayLevel: PIE: Created PIE world by copying editor world from /Game/Maps/MainLevel.MainLevel to /Game/Maps/UEDPIE_0_MainLevel.MainLevel (0.012996s)
[2021.10.27-01.46.08:648][ 87]LogInit: XAudio2 using 'Speakers (Realtek(R) Audio)' : 2 channels at 48 kHz using 32 bits per sample (channel mask 0x3)
[2021.10.27-01.46.08:661][ 87]LogInit: FAudioDevice initialized.
[2021.10.27-01.46.08:701][ 87]LogLoad: Game class is 'PinballGameMode_C'
[2021.10.27-01.46.08:704][ 87]LogWorld: Bringing World /Game/Maps/UEDPIE_0_MainLevel.MainLevel up for play (max tick rate 60) at 2021.10.26-21.46.08
[2021.10.27-01.46.08:704][ 87]LogWorld: Bringing up level for play took: 0.000981
[2021.10.27-01.46.08:705][ 87]PIE: Info Play in editor start time for /Game/Maps/UEDPIE_0_MainLevel 0.626
[2021.10.27-01.46.17:892][355]LogTemp: Repeting last play command: Selected Viewport
[2021.10.27-01.46.17:925][355]LogPlayLevel: PlayLevel: No blueprints needed recompiling
[2021.10.27-01.46.17:926][355]PIE: New page: PIE session: MainLevel (Oct 26, 2021, 5:46:17 PM)
[2021.10.27-01.46.17:926][355]LogPlayLevel: Creating play world package: /Game/Maps/UEDPIE_0_MainLevel
[2021.10.27-01.46.17:932][355]LogPlayLevel: PIE: StaticDuplicateObject took: (0.006792s)
[2021.10.27-01.46.17:933][355]LogAIModule: Creating AISystem for world MainLevel
[2021.10.27-01.46.17:933][355]LogPlayLevel: PIE: World Init took: (0.000653s)
[2021.10.27-01.46.17:933][355]LogPlayLevel: PIE: Created PIE world by copying editor world from /Game/Maps/MainLevel.MainLevel to /Game/Maps/UEDPIE_0_MainLevel.MainLevel (0.007663s)
[2021.10.27-01.46.17:955][355]LogInit: XAudio2 using 'Speakers (Realtek(R) Audio)' : 2 channels at 48 kHz using 32 bits per sample (channel mask 0x3)
[2021.10.27-01.46.17:969][355]LogInit: FAudioDevice initialized.
[2021.10.27-01.46.18:003][355]LogLoad: Game class is 'PinballGameMode_C'
[2021.10.27-01.46.18:006][355]LogWorld: Bringing World /Game/Maps/UEDPIE_0_MainLevel.MainLevel up for play (max tick rate 60) at 2021.10.26-21.46.18
[2021.10.27-01.46.18:006][355]LogWorld: Bringing up level for play took: 0.000983
[2021.10.27-01.46.18:008][355]PIE: Info Play in editor start time for /Game/Maps/UEDPIE_0_MainLevel -0.071
[2021.10.27-01.46.24:493][540]LogTemp: Repeting last play command: Selected Viewport
[2021.10.27-01.46.24:529][540]LogPlayLevel: PlayLevel: No blueprints needed recompiling
[2021.10.27-01.46.24:529][540]PIE: New page: PIE session: MainLevel (Oct 26, 2021, 5:46:24 PM)
[2021.10.27-01.46.24:529][540]LogPlayLevel: Creating play world package: /Game/Maps/UEDPIE_0_MainLevel
[2021.10.27-01.46.24:536][540]LogPlayLevel: PIE: StaticDuplicateObject took: (0.006500s)
[2021.10.27-01.46.24:536][540]LogAIModule: Creating AISystem for world MainLevel
[2021.10.27-01.46.24:537][540]LogPlayLevel: PIE: World Init took: (0.000657s)
[2021.10.27-01.46.24:537][540]LogPlayLevel: PIE: Created PIE world by copying editor world from /Game/Maps/MainLevel.MainLevel to /Game/Maps/UEDPIE_0_MainLevel.MainLevel (0.007373s)
[2021.10.27-01.46.24:558][540]LogInit: XAudio2 using 'Speakers (Realtek(R) Audio)' : 2 channels at 48 kHz using 32 bits per sample (channel mask 0x3)
[2021.10.27-01.46.24:570][540]LogInit: FAudioDevice initialized.
[2021.10.27-01.46.24:599][540]LogLoad: Game class is 'PinballGameMode_C'
[2021.10.27-01.46.24:602][540]LogWorld: Bringing World /Game/Maps/UEDPIE_0_MainLevel.MainLevel up for play (max tick rate 60) at 2021.10.26-21.46.24
[2021.10.27-01.46.24:602][540]LogWorld: Bringing up level for play took: 0.001457
[2021.10.27-01.46.24:604][540]PIE: Info Play in editor start time for /Game/Maps/UEDPIE_0_MainLevel 0.525
[2021.10.27-01.46.40:053][997]LogTemp: Repeting last play command: Selected Viewport
[2021.10.27-01.46.40:074][997]LogPlayLevel: PlayLevel: No blueprints needed recompiling
[2021.10.27-01.46.40:074][997]PIE: New page: PIE session: MainLevel (Oct 26, 2021, 5:46:40 PM)
[2021.10.27-01.46.40:074][997]LogPlayLevel: Creating play world package: /Game/Maps/UEDPIE_0_MainLevel
[2021.10.27-01.46.40:082][997]LogPlayLevel: PIE: StaticDuplicateObject took: (0.007149s)
[2021.10.27-01.46.40:082][997]LogAIModule: Creating AISystem for world MainLevel
[2021.10.27-01.46.40:082][997]LogPlayLevel: PIE: World Init took: (0.000710s)
[2021.10.27-01.46.40:082][997]LogPlayLevel: PIE: Created PIE world by copying editor world from /Game/Maps/MainLevel.MainLevel to /Game/Maps/UEDPIE_0_MainLevel.MainLevel (0.008091s)
[2021.10.27-01.46.40:112][997]LogInit: XAudio2 using 'Speakers (Realtek(R) Audio)' : 2 channels at 48 kHz using 32 bits per sample (channel mask 0x3)
[2021.10.27-01.46.40:129][997]LogInit: FAudioDevice initialized.
[2021.10.27-01.46.40:159][997]LogLoad: Game class is 'PinballGameMode_C'
[2021.10.27-01.46.40:163][997]LogWorld: Bringing World /Game/Maps/UEDPIE_0_MainLevel.MainLevel up for play (max tick rate 60) at 2021.10.26-21.46.40
[2021.10.27-01.46.40:163][997]LogWorld: Bringing up level for play took: 0.001563
[2021.10.27-01.46.40:165][997]PIE: Info Play in editor start time for /Game/Maps/UEDPIE_0_MainLevel 0.087
[2021.10.27-01.46.58:881][320]LogTemp: Repeting last play command: Selected Viewport
[2021.10.27-01.46.58:917][320]LogPlayLevel: PlayLevel: No blueprints needed recompiling
[2021.10.27-01.46.58:917][320]PIE: New page: PIE session: MainLevel (Oct 26, 2021, 5:46:58 PM)
[2021.10.27-01.46.58:917][320]LogPlayLevel: Creating play world package: /Game/Maps/UEDPIE_0_MainLevel
[2021.10.27-01.46.58:922][320]LogPlayLevel: PIE: StaticDuplicateObject took: (0.005927s)
[2021.10.27-01.46.58:923][320]LogAIModule: Creating AISystem for world MainLevel
[2021.10.27-01.46.58:923][320]LogPlayLevel: PIE: World Init took: (0.000549s)
[2021.10.27-01.46.58:923][320]LogPlayLevel: PIE: Created PIE world by copying editor world from /Game/Maps/MainLevel.MainLevel to /Game/Maps/UEDPIE_0_MainLevel.MainLevel (0.006656s)
[2021.10.27-01.46.58:941][320]LogInit: XAudio2 using 'Speakers (Realtek(R) Audio)' : 2 channels at 48 kHz using 32 bits per sample (channel mask 0x3)
[2021.10.27-01.46.58:956][320]LogInit: FAudioDevice initialized.
[2021.10.27-01.46.58:987][320]LogLoad: Game class is 'PinballGameMode_C'
[2021.10.27-01.46.58:991][320]LogWorld: Bringing World /Game/Maps/UEDPIE_0_MainLevel.MainLevel up for play (max tick rate 60) at 2021.10.26-21.46.58
[2021.10.27-01.46.58:991][320]LogWorld: Bringing up level for play took: 0.001490
[2021.10.27-01.46.59:003][320]PIE: Info Play in editor start time for /Game/Maps/UEDPIE_0_MainLevel 0.925
[2021.10.27-01.47.06:643][540]LogTemp: Repeting last play command: Selected Viewport
[2021.10.27-01.47.06:672][540]LogPlayLevel: PlayLevel: No blueprints needed recompiling
[2021.10.27-01.47.06:673][540]PIE: New page: PIE session: MainLevel (Oct 26, 2021, 5:47:06 PM)
[2021.10.27-01.47.06:673][540]LogPlayLevel: Creating play world package: /Game/Maps/UEDPIE_0_MainLevel
[2021.10.27-01.47.06:679][540]LogPlayLevel: PIE: StaticDuplicateObject took: (0.006272s)
[2021.10.27-01.47.06:679][540]LogAIModule: Creating AISystem for world MainLevel
[2021.10.27-01.47.06:680][540]LogPlayLevel: PIE: World Init took: (0.000618s)
[2021.10.27-01.47.06:680][540]LogPlayLevel: PIE: Created PIE world by copying editor world from /Game/Maps/MainLevel.MainLevel to /Game/Maps/UEDPIE_0_MainLevel.MainLevel (0.007093s)
[2021.10.27-01.47.06:698][540]LogInit: XAudio2 using 'Speakers (Realtek(R) Audio)' : 2 channels at 48 kHz using 32 bits per sample (channel mask 0x3)
[2021.10.27-01.47.06:709][540]LogInit: FAudioDevice initialized.
[2021.10.27-01.47.06:740][540]LogLoad: Game class is 'PinballGameMode_C'
[2021.10.27-01.47.06:744][540]LogWorld: Bringing World /Game/Maps/UEDPIE_0_MainLevel.MainLevel up for play (max tick rate 60) at 2021.10.26-21.47.06
[2021.10.27-01.47.06:744][540]LogWorld: Bringing up level for play took: 0.001460
[2021.10.27-01.47.06:746][540]PIE: Info Play in editor start time for /Game/Maps/UEDPIE_0_MainLevel 0.667
[2021.10.27-01.47.25:884][ 67]Cmd: BRUSH ADD SELECTNEWBRUSH
[2021.10.27-01.48.00:029][ 67]Cmd: TRANSACTION UNDO
[2021.10.27-01.48.00:038][ 67]LogEditorTransaction: Undo Move Actors
[2021.10.27-01.48.00:068][ 67]LogGeometryMode:Warning: Unable to find 1 Poly(s) in new BSP
[2021.10.27-01.48.00:068][ 67]LogGeometryMode:Warning: Unable to resolve BoxBrush3 Brush in new BSP, see above
[2021.10.27-01.48.00:068][ 67]LogGeometryMode:Warning: Unable to find all previously selected geometry data, resetting selection
[2021.10.27-01.49.16:017][  7]Cmd: DELETE
[2021.10.27-01.49.16:017][  7]Cmd: ACTOR DELETE
[2021.10.27-01.49.16:026][  7]LogEditorActor: Deleted Actor: Brush
[2021.10.27-01.49.16:046][  7]LogEditorActor: Deleted 1 Actors (0.020 secs)
[2021.10.27-01.49.25:943][299]LogTemp: Repeting last play command: Selected Viewport
[2021.10.27-01.49.25:978][299]LogPlayLevel: PlayLevel: No blueprints needed recompiling
[2021.10.27-01.49.25:978][299]PIE: New page: PIE session: MainLevel (Oct 26, 2021, 5:49:25 PM)
[2021.10.27-01.49.25:978][299]LogPlayLevel: Creating play world package: /Game/Maps/UEDPIE_0_MainLevel
[2021.10.27-01.49.25:985][299]LogPlayLevel: PIE: StaticDuplicateObject took: (0.006740s)
[2021.10.27-01.49.25:986][299]LogAIModule: Creating AISystem for world MainLevel
[2021.10.27-01.49.25:986][299]LogPlayLevel: PIE: World Init took: (0.000782s)
[2021.10.27-01.49.25:986][299]LogPlayLevel: PIE: Created PIE world by copying editor world from /Game/Maps/MainLevel.MainLevel to /Game/Maps/UEDPIE_0_MainLevel.MainLevel (0.007736s)
[2021.10.27-01.49.26:010][299]LogInit: XAudio2 using 'Speakers (Realtek(R) Audio)' : 2 channels at 48 kHz using 32 bits per sample (channel mask 0x3)
[2021.10.27-01.49.26:024][299]LogInit: FAudioDevice initialized.
[2021.10.27-01.49.26:057][299]LogLoad: Game class is 'PinballGameMode_C'
[2021.10.27-01.49.26:060][299]LogWorld: Bringing World /Game/Maps/UEDPIE_0_MainLevel.MainLevel up for play (max tick rate 60) at 2021.10.26-21.49.26
[2021.10.27-01.49.26:061][299]LogWorld: Bringing up level for play took: 0.001237
[2021.10.27-01.49.26:063][299]PIE: Info Play in editor start time for /Game/Maps/UEDPIE_0_MainLevel -0.016
[2021.10.27-01.49.38:968][675]LogTemp: Repeting last play command: Selected Viewport
[2021.10.27-01.49.39:001][675]LogPlayLevel: PlayLevel: No blueprints needed recompiling
[2021.10.27-01.49.39:002][675]PIE: New page: PIE session: MainLevel (Oct 26, 2021, 5:49:39 PM)
[2021.10.27-01.49.39:002][675]LogPlayLevel: Creating play world package: /Game/Maps/UEDPIE_0_MainLevel
[2021.10.27-01.49.39:008][675]LogPlayLevel: PIE: StaticDuplicateObject took: (0.006157s)
[2021.10.27-01.49.39:008][675]LogAIModule: Creating AISystem for world MainLevel
[2021.10.27-01.49.39:008][675]LogPlayLevel: PIE: World Init took: (0.000558s)
[2021.10.27-01.49.39:009][675]LogPlayLevel: PIE: Created PIE world by copying editor world from /Game/Maps/MainLevel.MainLevel to /Game/Maps/UEDPIE_0_MainLevel.MainLevel (0.006909s)
[2021.10.27-01.49.39:025][675]LogInit: XAudio2 using 'Speakers (Realtek(R) Audio)' : 2 channels at 48 kHz using 32 bits per sample (channel mask 0x3)
[2021.10.27-01.49.39:036][675]LogInit: FAudioDevice initialized.
[2021.10.27-01.49.39:070][675]LogLoad: Game class is 'PinballGameMode_C'
[2021.10.27-01.49.39:073][675]LogWorld: Bringing World /Game/Maps/UEDPIE_0_MainLevel.MainLevel up for play (max tick rate 60) at 2021.10.26-21.49.39
[2021.10.27-01.49.39:073][675]LogWorld: Bringing up level for play took: 0.001279
[2021.10.27-01.49.39:074][675]PIE: Info Play in editor start time for /Game/Maps/UEDPIE_0_MainLevel 0.995
[2021.10.27-01.49.46:755][894]LogTemp: Repeting last play command: Selected Viewport
[2021.10.27-01.49.46:789][894]LogPlayLevel: PlayLevel: No blueprints needed recompiling
[2021.10.27-01.49.46:790][894]PIE: New page: PIE session: MainLevel (Oct 26, 2021, 5:49:46 PM)
[2021.10.27-01.49.46:790][894]LogPlayLevel: Creating play world package: /Game/Maps/UEDPIE_0_MainLevel
[2021.10.27-01.49.46:795][894]LogPlayLevel: PIE: StaticDuplicateObject took: (0.005158s)
[2021.10.27-01.49.46:795][894]LogAIModule: Creating AISystem for world MainLevel
[2021.10.27-01.49.46:795][894]LogPlayLevel: PIE: World Init took: (0.000486s)
[2021.10.27-01.49.46:795][894]LogPlayLevel: PIE: Created PIE world by copying editor world from /Game/Maps/MainLevel.MainLevel to /Game/Maps/UEDPIE_0_MainLevel.MainLevel (0.005807s)
[2021.10.27-01.49.46:812][894]LogInit: XAudio2 using 'Speakers (Realtek(R) Audio)' : 2 channels at 48 kHz using 32 bits per sample (channel mask 0x3)
[2021.10.27-01.49.46:824][894]LogInit: FAudioDevice initialized.
[2021.10.27-01.49.46:857][894]LogLoad: Game class is 'PinballGameMode_C'
[2021.10.27-01.49.46:860][894]LogWorld: Bringing World /Game/Maps/UEDPIE_0_MainLevel.MainLevel up for play (max tick rate 60) at 2021.10.26-21.49.46
[2021.10.27-01.49.46:860][894]LogWorld: Bringing up level for play took: 0.000925
[2021.10.27-01.49.46:862][894]PIE: Info Play in editor start time for /Game/Maps/UEDPIE_0_MainLevel 0.783
[2021.10.27-01.49.59:709][268]LogTemp: Repeting last play command: Selected Viewport
[2021.10.27-01.49.59:744][268]LogPlayLevel: PlayLevel: No blueprints needed recompiling
[2021.10.27-01.49.59:744][268]PIE: New page: PIE session: MainLevel (Oct 26, 2021, 5:49:59 PM)
[2021.10.27-01.49.59:744][268]LogPlayLevel: Creating play world package: /Game/Maps/UEDPIE_0_MainLevel
[2021.10.27-01.49.59:752][268]LogPlayLevel: PIE: StaticDuplicateObject took: (0.007375s)
[2021.10.27-01.49.59:753][268]LogAIModule: Creating AISystem for world MainLevel
[2021.10.27-01.49.59:753][268]LogPlayLevel: PIE: World Init took: (0.001214s)
[2021.10.27-01.49.59:753][268]LogPlayLevel: PIE: Created PIE world by copying editor world from /Game/Maps/MainLevel.MainLevel to /Game/Maps/UEDPIE_0_MainLevel.MainLevel (0.008851s)
[2021.10.27-01.49.59:777][268]LogInit: XAudio2 using 'Speakers (Realtek(R) Audio)' : 2 channels at 48 kHz using 32 bits per sample (channel mask 0x3)
[2021.10.27-01.49.59:788][268]LogInit: FAudioDevice initialized.
[2021.10.27-01.49.59:819][268]LogLoad: Game class is 'PinballGameMode_C'
[2021.10.27-01.49.59:822][268]LogWorld: Bringing World /Game/Maps/UEDPIE_0_MainLevel.MainLevel up for play (max tick rate 60) at 2021.10.26-21.49.59
[2021.10.27-01.49.59:823][268]LogWorld: Bringing up level for play took: 0.001525
[2021.10.27-01.49.59:825][268]PIE: Info Play in editor start time for /Game/Maps/UEDPIE_0_MainLevel -0.254
[2021.10.27-01.50.06:571][461]LogTemp: Repeting last play command: Selected Viewport
[2021.10.27-01.50.06:607][461]LogPlayLevel: PlayLevel: No blueprints needed recompiling
[2021.10.27-01.50.06:608][461]PIE: New page: PIE session: MainLevel (Oct 26, 2021, 5:50:06 PM)
[2021.10.27-01.50.06:608][461]LogPlayLevel: Creating play world package: /Game/Maps/UEDPIE_0_MainLevel
[2021.10.27-01.50.06:614][461]LogPlayLevel: PIE: StaticDuplicateObject took: (0.005889s)
[2021.10.27-01.50.06:614][461]LogAIModule: Creating AISystem for world MainLevel
[2021.10.27-01.50.06:614][461]LogPlayLevel: PIE: World Init took: (0.000533s)
[2021.10.27-01.50.06:614][461]LogPlayLevel: PIE: Created PIE world by copying editor world from /Game/Maps/MainLevel.MainLevel to /Game/Maps/UEDPIE_0_MainLevel.MainLevel (0.006606s)
[2021.10.27-01.50.06:631][461]LogInit: XAudio2 using 'Speakers (Realtek(R) Audio)' : 2 channels at 48 kHz using 32 bits per sample (channel mask 0x3)
[2021.10.27-01.50.06:645][461]LogInit: FAudioDevice initialized.
[2021.10.27-01.50.06:676][461]LogLoad: Game class is 'PinballGameMode_C'
[2021.10.27-01.50.06:679][461]LogWorld: Bringing World /Game/Maps/UEDPIE_0_MainLevel.MainLevel up for play (max tick rate 60) at 2021.10.26-21.50.06
[2021.10.27-01.50.06:680][461]LogWorld: Bringing up level for play took: 0.001843
[2021.10.27-01.50.06:681][461]PIE: Info Play in editor start time for /Game/Maps/UEDPIE_0_MainLevel 0.602
[2021.10.27-01.51.09:442][299]BlueprintLog: New page: Compile BP_Ball
[2021.10.27-01.51.10:276][318]Cmd: OBJ SAVEPACKAGE PACKAGE="/Game/Blueprints/BP_Ball" FILE="../../../../../../Users/jerye/Documents/Github Projects/Udemy_Pinball/Pinball/Content/Blueprints/BP_Ball.uasset" SILENT=true
[2021.10.27-01.51.10:326][318]LogSavePackage: Save=23.42ms
[2021.10.27-01.51.10:326][318]LogSavePackage: Moving '../../../../../../Users/jerye/Documents/Github Projects/Udemy_Pinball/Pinball/Saved/BP_Ball4864BCB94057EDFD58CF19A84871DF28.tmp' to '../../../../../../Users/jerye/Documents/Github Projects/Udemy_Pinball/Pinball/Content/Blueprints/BP_Ball.uasset'
[2021.10.27-01.51.10:329][318]LogSavePackage:Display: Finished SavePackage ../../../../../../Users/jerye/Documents/Github Projects/Udemy_Pinball/Pinball/Content/Blueprints/BP_Ball.uasset
[2021.10.27-01.51.12:353][383]LogTemp: Repeting last play command: Selected Viewport
[2021.10.27-01.51.12:392][383]LogPlayLevel: PlayLevel: No blueprints needed recompiling
[2021.10.27-01.51.12:392][383]PIE: New page: PIE session: MainLevel (Oct 26, 2021, 5:51:12 PM)
[2021.10.27-01.51.12:392][383]LogPlayLevel: Creating play world package: /Game/Maps/UEDPIE_0_MainLevel
[2021.10.27-01.51.12:400][383]LogPlayLevel: PIE: StaticDuplicateObject took: (0.007950s)
[2021.10.27-01.51.12:401][383]LogAIModule: Creating AISystem for world MainLevel
[2021.10.27-01.51.12:401][383]LogPlayLevel: PIE: World Init took: (0.000826s)
[2021.10.27-01.51.12:401][383]LogPlayLevel: PIE: Created PIE world by copying editor world from /Game/Maps/MainLevel.MainLevel to /Game/Maps/UEDPIE_0_MainLevel.MainLevel (0.009035s)
[2021.10.27-01.51.12:429][383]LogInit: XAudio2 using 'Speakers (Realtek(R) Audio)' : 2 channels at 48 kHz using 32 bits per sample (channel mask 0x3)
[2021.10.27-01.51.12:440][383]LogInit: FAudioDevice initialized.
[2021.10.27-01.51.12:470][383]LogLoad: Game class is 'PinballGameMode_C'
[2021.10.27-01.51.12:473][383]LogWorld: Bringing World /Game/Maps/UEDPIE_0_MainLevel.MainLevel up for play (max tick rate 60) at 2021.10.26-21.51.12
[2021.10.27-01.51.12:473][383]LogWorld: Bringing up level for play took: 0.001208
[2021.10.27-01.51.12:475][383]PIE: Info Play in editor start time for /Game/Maps/UEDPIE_0_MainLevel 0.396
[2021.10.27-01.51.21:323][627]LogTemp: Repeting last play command: Selected Viewport
[2021.10.27-01.51.21:359][627]LogPlayLevel: PlayLevel: No blueprints needed recompiling
[2021.10.27-01.51.21:359][627]PIE: New page: PIE session: MainLevel (Oct 26, 2021, 5:51:21 PM)
[2021.10.27-01.51.21:359][627]LogPlayLevel: Creating play world package: /Game/Maps/UEDPIE_0_MainLevel
[2021.10.27-01.51.21:364][627]LogPlayLevel: PIE: StaticDuplicateObject took: (0.005289s)
[2021.10.27-01.51.21:365][627]LogAIModule: Creating AISystem for world MainLevel
[2021.10.27-01.51.21:365][627]LogPlayLevel: PIE: World Init took: (0.000558s)
[2021.10.27-01.51.21:365][627]LogPlayLevel: PIE: Created PIE world by copying editor world from /Game/Maps/MainLevel.MainLevel to /Game/Maps/UEDPIE_0_MainLevel.MainLevel (0.006034s)
[2021.10.27-01.51.21:384][627]LogInit: XAudio2 using 'Speakers (Realtek(R) Audio)' : 2 channels at 48 kHz using 32 bits per sample (channel mask 0x3)
[2021.10.27-01.51.21:398][627]LogInit: FAudioDevice initialized.
[2021.10.27-01.51.21:432][627]LogLoad: Game class is 'PinballGameMode_C'
[2021.10.27-01.51.21:434][627]LogWorld: Bringing World /Game/Maps/UEDPIE_0_MainLevel.MainLevel up for play (max tick rate 60) at 2021.10.26-21.51.21
[2021.10.27-01.51.21:435][627]LogWorld: Bringing up level for play took: 0.001000
[2021.10.27-01.51.21:436][627]PIE: Info Play in editor start time for /Game/Maps/UEDPIE_0_MainLevel -0.643
[2021.10.27-01.52.03:980][879]LogTemp: Repeting last play command: Selected Viewport
[2021.10.27-01.52.04:024][879]LogPlayLevel: PlayLevel: No blueprints needed recompiling
[2021.10.27-01.52.04:024][879]PIE: New page: PIE session: MainLevel (Oct 26, 2021, 5:52:04 PM)
[2021.10.27-01.52.04:024][879]LogPlayLevel: Creating play world package: /Game/Maps/UEDPIE_0_MainLevel
[2021.10.27-01.52.04:032][879]LogPlayLevel: PIE: StaticDuplicateObject took: (0.007356s)
[2021.10.27-01.52.04:032][879]LogAIModule: Creating AISystem for world MainLevel
[2021.10.27-01.52.04:033][879]LogPlayLevel: PIE: World Init took: (0.000713s)
[2021.10.27-01.52.04:033][879]LogPlayLevel: PIE: Created PIE world by copying editor world from /Game/Maps/MainLevel.MainLevel to /Game/Maps/UEDPIE_0_MainLevel.MainLevel (0.008301s)
[2021.10.27-01.52.04:052][879]LogInit: XAudio2 using 'Speakers (Realtek(R) Audio)' : 2 channels at 48 kHz using 32 bits per sample (channel mask 0x3)
[2021.10.27-01.52.04:066][879]LogInit: FAudioDevice initialized.
[2021.10.27-01.52.04:098][879]LogLoad: Game class is 'PinballGameMode_C'
[2021.10.27-01.52.04:101][879]LogWorld: Bringing World /Game/Maps/UEDPIE_0_MainLevel.MainLevel up for play (max tick rate 60) at 2021.10.26-21.52.04
[2021.10.27-01.52.04:101][879]LogWorld: Bringing up level for play took: 0.001576
[2021.10.27-01.52.04:103][879]PIE: Info Play in editor start time for /Game/Maps/UEDPIE_0_MainLevel 0.023
[2021.10.27-01.52.40:347][964]LogEditorViewport: Clicking on Actor (LMB): CameraActor (CameraActor)
[2021.10.27-01.53.02:255][611]LogTemp: Repeting last play command: Selected Viewport
[2021.10.27-01.53.02:277][611]LogPlayLevel: PlayLevel: No blueprints needed recompiling
[2021.10.27-01.53.02:278][611]PIE: New page: PIE session: MainLevel (Oct 26, 2021, 5:53:02 PM)
[2021.10.27-01.53.02:278][611]LogPlayLevel: Creating play world package: /Game/Maps/UEDPIE_0_MainLevel
[2021.10.27-01.53.02:283][611]LogPlayLevel: PIE: StaticDuplicateObject took: (0.005829s)
[2021.10.27-01.53.02:283][611]LogAIModule: Creating AISystem for world MainLevel
[2021.10.27-01.53.02:284][611]LogPlayLevel: PIE: World Init took: (0.000584s)
[2021.10.27-01.53.02:284][611]LogPlayLevel: PIE: Created PIE world by copying editor world from /Game/Maps/MainLevel.MainLevel to /Game/Maps/UEDPIE_0_MainLevel.MainLevel (0.006603s)
[2021.10.27-01.53.02:353][611]LogInit: XAudio2 using 'Speakers (Realtek(R) Audio)' : 2 channels at 48 kHz using 32 bits per sample (channel mask 0x3)
[2021.10.27-01.53.02:364][611]LogInit: FAudioDevice initialized.
[2021.10.27-01.53.02:392][611]LogLoad: Game class is 'PinballGameMode_C'
[2021.10.27-01.53.02:395][611]LogWorld: Bringing World /Game/Maps/UEDPIE_0_MainLevel.MainLevel up for play (max tick rate 0) at 2021.10.26-21.53.02
[2021.10.27-01.53.02:395][611]LogWorld: Bringing up level for play took: 0.001214
[2021.10.27-01.53.02:397][611]PIE: Info Play in editor start time for /Game/Maps/UEDPIE_0_MainLevel 0.318
[2021.10.27-01.53.25:796][307]Cmd: TRANSACTION UNDO
[2021.10.27-01.53.25:796][307]LogEditorTransaction: Undo Move Actors
[2021.10.27-01.53.26:396][319]Cmd: TRANSACTION UNDO
[2021.10.27-01.53.26:396][319]LogEditorTransaction: Undo Rotate Actors
[2021.10.27-01.53.27:001][328]Cmd: TRANSACTION UNDO
[2021.10.27-01.53.27:001][328]LogEditorTransaction: Undo Move Actors
[2021.10.27-01.53.27:934][342]Cmd: TRANSACTION UNDO
[2021.10.27-01.53.27:934][342]LogEditorTransaction: Undo Move Actors
[2021.10.27-01.54.12:347][544]LogTemp: Repeting last play command: Selected Viewport
[2021.10.27-01.54.12:387][544]LogPlayLevel: PlayLevel: No blueprints needed recompiling
[2021.10.27-01.54.12:387][544]PIE: New page: PIE session: MainLevel (Oct 26, 2021, 5:54:12 PM)
[2021.10.27-01.54.12:387][544]LogPlayLevel: Creating play world package: /Game/Maps/UEDPIE_0_MainLevel
[2021.10.27-01.54.12:393][544]LogPlayLevel: PIE: StaticDuplicateObject took: (0.006273s)
[2021.10.27-01.54.12:394][544]LogAIModule: Creating AISystem for world MainLevel
[2021.10.27-01.54.12:394][544]LogPlayLevel: PIE: World Init took: (0.000575s)
[2021.10.27-01.54.12:394][544]LogPlayLevel: PIE: Created PIE world by copying editor world from /Game/Maps/MainLevel.MainLevel to /Game/Maps/UEDPIE_0_MainLevel.MainLevel (0.007054s)
[2021.10.27-01.54.12:421][544]LogInit: XAudio2 using 'Speakers (Realtek(R) Audio)' : 2 channels at 48 kHz using 32 bits per sample (channel mask 0x3)
[2021.10.27-01.54.12:431][544]LogInit: FAudioDevice initialized.
[2021.10.27-01.54.12:462][544]LogLoad: Game class is 'PinballGameMode_C'
[2021.10.27-01.54.12:465][544]LogWorld: Bringing World /Game/Maps/UEDPIE_0_MainLevel.MainLevel up for play (max tick rate 0) at 2021.10.26-21.54.12
[2021.10.27-01.54.12:465][544]LogWorld: Bringing up level for play took: 0.001184
[2021.10.27-01.54.12:467][544]PIE: Info Play in editor start time for /Game/Maps/UEDPIE_0_MainLevel 0.388
[2021.10.27-01.55.24:356][484]BlueprintLog: New page: Compile BP_Ball
[2021.10.27-01.55.27:499][526]Cmd: OBJ SAVEPACKAGE PACKAGE="/Game/Blueprints/BP_Ball" FILE="../../../../../../Users/jerye/Documents/Github Projects/Udemy_Pinball/Pinball/Content/Blueprints/BP_Ball.uasset" SILENT=true
[2021.10.27-01.55.27:537][526]LogSavePackage: Save=21.38ms
[2021.10.27-01.55.27:537][526]LogSavePackage: Moving '../../../../../../Users/jerye/Documents/Github Projects/Udemy_Pinball/Pinball/Saved/BP_BallD8E567D041FED655622DE498984C9C42.tmp' to '../../../../../../Users/jerye/Documents/Github Projects/Udemy_Pinball/Pinball/Content/Blueprints/BP_Ball.uasset'
[2021.10.27-01.55.27:541][526]LogSavePackage:Display: Finished SavePackage ../../../../../../Users/jerye/Documents/Github Projects/Udemy_Pinball/Pinball/Content/Blueprints/BP_Ball.uasset
[2021.10.27-01.55.29:910][591]LogTemp: Repeting last play command: Selected Viewport
[2021.10.27-01.55.29:925][591]LogPlayLevel: PlayLevel: No blueprints needed recompiling
[2021.10.27-01.55.29:926][591]PIE: New page: PIE session: MainLevel (Oct 26, 2021, 5:55:29 PM)
[2021.10.27-01.55.29:926][591]LogPlayLevel: Creating play world package: /Game/Maps/UEDPIE_0_MainLevel
[2021.10.27-01.55.29:930][591]LogPlayLevel: PIE: StaticDuplicateObject took: (0.004117s)
[2021.10.27-01.55.29:930][591]LogAIModule: Creating AISystem for world MainLevel
[2021.10.27-01.55.29:930][591]LogPlayLevel: PIE: World Init took: (0.000482s)
[2021.10.27-01.55.29:930][591]LogPlayLevel: PIE: Created PIE world by copying editor world from /Game/Maps/MainLevel.MainLevel to /Game/Maps/UEDPIE_0_MainLevel.MainLevel (0.004745s)
[2021.10.27-01.55.29:985][591]LogInit: XAudio2 using 'Speakers (Realtek(R) Audio)' : 2 channels at 48 kHz using 32 bits per sample (channel mask 0x3)
[2021.10.27-01.55.29:998][591]LogInit: FAudioDevice initialized.
[2021.10.27-01.55.30:035][591]LogLoad: Game class is 'PinballGameMode_C'
[2021.10.27-01.55.30:037][591]LogWorld: Bringing World /Game/Maps/UEDPIE_0_MainLevel.MainLevel up for play (max tick rate 0) at 2021.10.26-21.55.30
[2021.10.27-01.55.30:038][591]LogWorld: Bringing up level for play took: 0.001440
[2021.10.27-01.55.30:040][591]PIE: Info Play in editor start time for /Game/Maps/UEDPIE_0_MainLevel -0.038
[2021.10.27-01.55.53:733][287]LogEditorViewport: Clicking on Actor (LMB): BP_Flipper_C (BP_Flipper3)
[2021.10.27-01.55.59:914][467]LogTemp: Repeting last play command: Selected Viewport
[2021.10.27-01.55.59:955][467]LogPlayLevel: PlayLevel: No blueprints needed recompiling
[2021.10.27-01.55.59:955][467]PIE: New page: PIE session: MainLevel (Oct 26, 2021, 5:55:59 PM)
[2021.10.27-01.55.59:955][467]LogPlayLevel: Creating play world package: /Game/Maps/UEDPIE_0_MainLevel
[2021.10.27-01.55.59:963][467]LogPlayLevel: PIE: StaticDuplicateObject took: (0.007724s)
[2021.10.27-01.55.59:963][467]LogAIModule: Creating AISystem for world MainLevel
[2021.10.27-01.55.59:963][467]LogPlayLevel: PIE: World Init took: (0.000751s)
[2021.10.27-01.55.59:964][467]LogPlayLevel: PIE: Created PIE world by copying editor world from /Game/Maps/MainLevel.MainLevel to /Game/Maps/UEDPIE_0_MainLevel.MainLevel (0.008736s)
[2021.10.27-01.55.59:991][467]LogInit: XAudio2 using 'Speakers (Realtek(R) Audio)' : 2 channels at 48 kHz using 32 bits per sample (channel mask 0x3)
[2021.10.27-01.56.00:005][467]LogInit: FAudioDevice initialized.
[2021.10.27-01.56.00:034][467]LogLoad: Game class is 'PinballGameMode_C'
[2021.10.27-01.56.00:037][467]LogWorld: Bringing World /Game/Maps/UEDPIE_0_MainLevel.MainLevel up for play (max tick rate 0) at 2021.10.26-21.56.00
[2021.10.27-01.56.00:038][467]LogWorld: Bringing up level for play took: 0.001589
[2021.10.27-01.56.00:040][467]PIE: Info Play in editor start time for /Game/Maps/UEDPIE_0_MainLevel -0.039
[2021.10.27-01.56.17:918][976]LogTemp: Repeting last play command: Selected Viewport
[2021.10.27-01.56.17:956][976]LogPlayLevel: PlayLevel: No blueprints needed recompiling
[2021.10.27-01.56.17:956][976]PIE: New page: PIE session: MainLevel (Oct 26, 2021, 5:56:17 PM)
[2021.10.27-01.56.17:957][976]LogPlayLevel: Creating play world package: /Game/Maps/UEDPIE_0_MainLevel
[2021.10.27-01.56.17:962][976]LogPlayLevel: PIE: StaticDuplicateObject took: (0.005372s)
[2021.10.27-01.56.17:962][976]LogAIModule: Creating AISystem for world MainLevel
[2021.10.27-01.56.17:963][976]LogPlayLevel: PIE: World Init took: (0.000522s)
[2021.10.27-01.56.17:963][976]LogPlayLevel: PIE: Created PIE world by copying editor world from /Game/Maps/MainLevel.MainLevel to /Game/Maps/UEDPIE_0_MainLevel.MainLevel (0.006071s)
[2021.10.27-01.56.17:983][976]LogInit: XAudio2 using 'Speakers (Realtek(R) Audio)' : 2 channels at 48 kHz using 32 bits per sample (channel mask 0x3)
[2021.10.27-01.56.17:999][976]LogInit: FAudioDevice initialized.
[2021.10.27-01.56.18:032][976]LogLoad: Game class is 'PinballGameMode_C'
[2021.10.27-01.56.18:035][976]LogWorld: Bringing World /Game/Maps/UEDPIE_0_MainLevel.MainLevel up for play (max tick rate 0) at 2021.10.26-21.56.18
[2021.10.27-01.56.18:035][976]LogWorld: Bringing up level for play took: 0.000987
[2021.10.27-01.56.18:037][976]PIE: Info Play in editor start time for /Game/Maps/UEDPIE_0_MainLevel -0.042
[2021.10.27-01.56.34:535][362]LogActorComponent: UnregisterComponent: (/Engine/Transient.EditorFloorComp) Not registered. Aborting.
[2021.10.27-01.56.34:580][362]LogActorComponent: UnregisterComponent: (/Engine/Transient.EditorFloorComp) Not registered. Aborting.
[2021.10.27-01.56.34:877][363]Cmd: QUIT_EDITOR
[2021.10.27-01.56.35:397][363]LogWindowsTextInputMethodSystem:Display: IME system now deactivated.
[2021.10.27-01.56.35:427][363]LogExit: Preparing to exit.
[2021.10.27-01.56.35:767][363]LogDirectoryWatcher: A directory notification for 'C:/Users/jerye/Documents/Github Projects/Udemy_Pinball/Pinball/Content/' was aborted.
[2021.10.27-01.56.35:802][363]LogExit: Editor shut down
[2021.10.27-01.56.35:803][363]LogExit: Transaction tracking system shut down
[2021.10.27-01.56.35:937][363]LogObj: Freed 0b from 0 cluster array pools.
[2021.10.27-01.56.35:937][363]LogExit: Object subsystem successfully closed.
[2021.10.27-01.56.35:958][363]LogD3D11RHI: Shutdown
[2021.10.27-01.56.35:958][363]LogD3D11RHI: CleanupD3DDevice
[2021.10.27-01.56.36:045][363]LogD3D11RHI: ~FD3D11DynamicRHI
[2021.10.27-01.56.36:076][363]LogHttp:Display: Http module shutting down, but needs to wait on 1 outstanding Http requests:
[2021.10.27-01.56.36:076][363]LogHttp:Display: 	verb=[POST] url=[https://datarouter.ol.epicgames.com/datarouter/api/v1/public/data?SessionID=%7BFAAD555A-44C2-7E10-D74D-13A771CD9395%7D&AppID=UEEditor.Rocket.Release&AppVersion=4.14.3-3249277%2B%2B%2BUE4%2BRelease-4.14&UserID=7db31ef3424040b5127926acd693b607%7Cf5476c74213e466690d5d7ff3df1aed1%7Cea129a08-4feb-40de-8b03-1ae58b7a3fb5&AppEnvironment=datacollector-binary&UploadType=eteventstream] status=Processing
[2021.10.27-01.56.36:078][363]LogModuleManager: Shutting down and abandoning module MovieSceneCapture (244)
[2021.10.27-01.56.36:078][363]LogModuleManager: Shutting down and abandoning module BlueprintGraph (243)
[2021.10.27-01.56.36:078][363]LogModuleManager: Shutting down and abandoning module BlueprintProfiler (242)
[2021.10.27-01.56.36:080][363]LogModuleManager: Shutting down and abandoning module HierarchicalLODOutliner (241)
[2021.10.27-01.56.36:080][363]LogModuleManager: Shutting down and abandoning module CrashTracker (240)
[2021.10.27-01.56.36:080][363]LogModuleManager: Shutting down and abandoning module SceneOutliner (239)
[2021.10.27-01.56.36:081][363]LogModuleManager: Shutting down and abandoning module WidgetCarousel (238)
[2021.10.27-01.56.36:081][363]LogModuleManager: Shutting down and abandoning module AddContentDialog (237)
[2021.10.27-01.56.36:081][363]LogDirectoryWatcher: A directory notification for 'C:/Program Files/Epic Games/UE_4.14/FeaturePacks/' was aborted.
[2021.10.27-01.56.36:082][363]LogModuleManager: Shutting down and abandoning module GameplayTags (236)
[2021.10.27-01.56.36:082][363]LogModuleManager: Shutting down and abandoning module EditorWidgets (235)
[2021.10.27-01.56.36:082][363]LogModuleManager: Shutting down and abandoning module CollectionManager (234)
[2021.10.27-01.56.36:083][363]LogDirectoryWatcher: A directory notification for 'C:/Users/jerye/Documents/Github Projects/Udemy_Pinball/Pinball/Content/Collections/' was aborted.
[2021.10.27-01.56.36:083][363]LogDirectoryWatcher: A directory notification for 'C:/Users/jerye/Documents/Github Projects/Udemy_Pinball/Pinball/Content/Developers/jerye/Collections/' was aborted.
[2021.10.27-01.56.36:083][363]LogDirectoryWatcher: A directory notification for 'C:/Users/jerye/Documents/Github Projects/Udemy_Pinball/Pinball/Saved/Collections/' was aborted.
[2021.10.27-01.56.36:083][363]LogModuleManager: Shutting down and abandoning module StatsViewer (233)
[2021.10.27-01.56.36:084][363]LogModuleManager: Shutting down and abandoning module FoliageEdit (232)
[2021.10.27-01.56.36:084][363]LogModuleManager: Shutting down and abandoning module LandscapeEditor (231)
[2021.10.27-01.56.36:084][363]LogModuleManager: Shutting down and abandoning module SceneDepthPickerMode (230)
[2021.10.27-01.56.36:084][363]LogModuleManager: Shutting down and abandoning module ActorPickerMode (229)
[2021.10.27-01.56.36:084][363]LogModuleManager: Shutting down and abandoning module GeometryMode (228)
[2021.10.27-01.56.36:084][363]LogModuleManager: Shutting down and abandoning module TextureAlignMode (227)
[2021.10.27-01.56.36:084][363]LogModuleManager: Shutting down and abandoning module BspMode (226)
[2021.10.27-01.56.36:084][363]LogModuleManager: Shutting down and abandoning module HardwareSurvey (225)
[2021.10.27-01.56.36:084][363]LogModuleManager: Shutting down and abandoning module SequenceRecorderSections (224)
[2021.10.27-01.56.36:085][363]LogModuleManager: Shutting down and abandoning module AutomationWorker (223)
[2021.10.27-01.56.36:085][363]LogModuleManager: Shutting down and abandoning module MatineeToLevelSequence (222)
[2021.10.27-01.56.36:085][363]LogModuleManager: Shutting down and abandoning module PlacementMode (221)
[2021.10.27-01.56.36:086][363]LogModuleManager: Shutting down and abandoning module LevelSequenceEditor (220)
[2021.10.27-01.56.36:087][363]LogModuleManager: Shutting down and abandoning module WmfMediaFactory (219)
[2021.10.27-01.56.36:087][363]LogModuleManager: Shutting down and abandoning module WmfMediaEditor (218)
[2021.10.27-01.56.36:087][363]LogModuleManager: Shutting down and abandoning module AvfMediaFactory (217)
[2021.10.27-01.56.36:087][363]LogModuleManager: Shutting down and abandoning module AvfMediaEditor (216)
[2021.10.27-01.56.36:087][363]LogModuleManager: Shutting down and abandoning module Media (215)
[2021.10.27-01.56.36:087][363]LogModuleManager: Shutting down and abandoning module AndroidMediaFactory (214)
[2021.10.27-01.56.36:087][363]LogModuleManager: Shutting down and abandoning module AndroidMediaEditor (213)
[2021.10.27-01.56.36:087][363]LogModuleManager: Shutting down and abandoning module CharacterAI (212)
[2021.10.27-01.56.36:087][363]LogModuleManager: Shutting down and abandoning module SequenceRecorder (211)
[2021.10.27-01.56.36:088][363]LogModuleManager: Shutting down and abandoning module AudioCapture (210)
[2021.10.27-01.56.36:088][363]LogModuleManager: Shutting down and abandoning module SmartSnapping (209)
[2021.10.27-01.56.36:088][363]LogModuleManager: Shutting down and abandoning module SessionServices (208)
[2021.10.27-01.56.36:088][363]LogModuleManager: Shutting down and abandoning module ViewportSnapping (207)
[2021.10.27-01.56.36:088][363]LogModuleManager: Shutting down and abandoning module ViewportInteraction (206)
[2021.10.27-01.56.36:088][363]LogModuleManager: Shutting down and abandoning module LogVisualizer (205)
[2021.10.27-01.56.36:089][363]LogModuleManager: Shutting down and abandoning module GameProjectGeneration (204)
[2021.10.27-01.56.36:089][363]LogModuleManager: Shutting down and abandoning module IntroTutorials (203)
[2021.10.27-01.56.36:089][363]LogModuleManager: Shutting down and abandoning module EditorLiveStreaming (202)
[2021.10.27-01.56.36:089][363]LogModuleManager: Shutting down and abandoning module IOSPlatformEditor (201)
[2021.10.27-01.56.36:090][363]LogModuleManager: Shutting down and abandoning module HTML5PlatformEditor (200)
[2021.10.27-01.56.36:090][363]LogModuleManager: Shutting down and abandoning module AndroidDeviceDetection (199)
[2021.10.27-01.56.36:747][363]LogModuleManager: Shutting down and abandoning module AndroidPlatformEditor (198)
[2021.10.27-01.56.36:756][363]LogModuleManager: Shutting down and abandoning module IOSRuntimeSettings (197)
[2021.10.27-01.56.36:756][363]LogModuleManager: Shutting down and abandoning module AndroidRuntimeSettings (196)
[2021.10.27-01.56.36:756][363]LogModuleManager: Shutting down and abandoning module InputBindingEditor (195)
[2021.10.27-01.56.36:757][363]LogModuleManager: Shutting down and abandoning module NiagaraEditor (194)
[2021.10.27-01.56.36:759][363]LogModuleManager: Shutting down and abandoning module MergeActors (193)
[2021.10.27-01.56.36:760][363]LogModuleManager: Shutting down and abandoning module SizeMap (192)
[2021.10.27-01.56.36:761][363]LogModuleManager: Shutting down and abandoning module TreeMap (191)
[2021.10.27-01.56.36:762][363]LogModuleManager: Shutting down and abandoning module ReferenceViewer (190)
[2021.10.27-01.56.36:762][363]LogModuleManager: Shutting down and abandoning module LocalizationService (189)
[2021.10.27-01.56.36:763][363]LogModuleManager: Shutting down and abandoning module LocalizationDashboard (188)
[2021.10.27-01.56.36:764][363]LogModuleManager: Shutting down and abandoning module HardwareTargeting (187)
[2021.10.27-01.56.36:764][363]LogModuleManager: Shutting down and abandoning module DeviceProfileEditor (186)
[2021.10.27-01.56.36:765][363]LogModuleManager: Shutting down and abandoning module UndoHistory (185)
[2021.10.27-01.56.36:765][363]LogModuleManager: Shutting down and abandoning module UserFeedback (184)
[2021.10.27-01.56.36:765][363]LogModuleManager: Shutting down and abandoning module XmlParser (183)
[2021.10.27-01.56.36:765][363]LogModuleManager: Shutting down and abandoning module Blutility (182)
[2021.10.27-01.56.36:765][363]LogModuleManager: Shutting down and abandoning module ProjectTargetPlatformEditor (181)
[2021.10.27-01.56.36:765][363]LogModuleManager: Shutting down and abandoning module ProjectSettingsViewer (180)
[2021.10.27-01.56.36:765][363]LogModuleManager: Shutting down and abandoning module EditorSettingsViewer (179)
[2021.10.27-01.56.36:765][363]LogModuleManager: Shutting down and abandoning module SettingsEditor (178)
[2021.10.27-01.56.36:766][363]LogModuleManager: Shutting down and abandoning module ProjectLauncher (177)
[2021.10.27-01.56.36:767][363]LogModuleManager: Shutting down and abandoning module SessionFrontend (176)
[2021.10.27-01.56.36:767][363]LogModuleManager: Shutting down and abandoning module ProfilerClient (175)
[2021.10.27-01.56.36:768][363]LogModuleManager: Shutting down and abandoning module TargetDeviceServices (174)
[2021.10.27-01.56.36:768][363]LogModuleManager: Shutting down and abandoning module DeviceManager (173)
[2021.10.27-01.56.36:800][363]LogModuleManager: Shutting down and abandoning module AutomationController (172)
[2021.10.27-01.56.36:802][363]LogModuleManager: Shutting down and abandoning module AutomationWindow (171)
[2021.10.27-01.56.36:803][363]LogModuleManager: Shutting down and abandoning module Layers (170)
[2021.10.27-01.56.36:806][363]LogModuleManager: Shutting down and abandoning module ComponentVisualizers (169)
[2021.10.27-01.56.36:806][363]LogModuleManager: Shutting down and abandoning module DetailCustomizations (168)
[2021.10.27-01.56.36:807][363]LogModuleManager: Shutting down and abandoning module PackagesDialog (167)
[2021.10.27-01.56.36:807][363]LogModuleManager: Shutting down and abandoning module AnimGraph (166)
[2021.10.27-01.56.36:807][363]LogModuleManager: Shutting down and abandoning module Persona (165)
[2021.10.27-01.56.36:809][363]LogModuleManager: Shutting down and abandoning module Kismet (164)
[2021.10.27-01.56.36:826][363]LogModuleManager: Shutting down and abandoning module GraphEditor (163)
[2021.10.27-01.56.36:826][363]LogModuleManager: Shutting down and abandoning module ClassViewer (162)
[2021.10.27-01.56.36:828][363]LogModuleManager: Shutting down and abandoning module Toolbox (161)
[2021.10.27-01.56.36:829][363]LogModuleManager: Shutting down and abandoning module ModuleUI (160)
[2021.10.27-01.56.36:830][363]LogModuleManager: Shutting down and abandoning module MovieSceneTools (159)
[2021.10.27-01.56.36:832][363]LogModuleManager: Shutting down and abandoning module OutputLog (158)
[2021.10.27-01.56.36:832][363]LogModuleManager: Shutting down and abandoning module GammaUI (157)
[2021.10.27-01.56.36:833][363]LogModuleManager: Shutting down and abandoning module Documentation (156)
[2021.10.27-01.56.36:833][363]LogModuleManager: Shutting down and abandoning module Niagara (155)
[2021.10.27-01.56.36:833][363]LogModuleManager: Shutting down and abandoning module StreamingPauseRendering (154)
[2021.10.27-01.56.36:833][363]LogModuleManager: Shutting down and abandoning module AnalyticsET (153)
[2021.10.27-01.56.36:833][363]LogModuleManager: Shutting down and abandoning module PortalServices (152)
[2021.10.27-01.56.36:833][363]LogModuleManager: Shutting down and abandoning module PortalRpc (151)
[2021.10.27-01.56.36:833][363]LogModuleManager: Shutting down and abandoning module MessagingRpc (150)
[2021.10.27-01.56.36:833][363]LogModuleManager: Shutting down and abandoning module GameplayDebugger (149)
[2021.10.27-01.56.36:833][363]LogModuleManager: Shutting down and abandoning module AITestSuite (148)
[2021.10.27-01.56.36:834][363]LogModuleManager: Shutting down and abandoning module AIModule (147)
[2021.10.27-01.56.36:834][363]LogModuleManager: Shutting down and abandoning module ProfilerService (146)
[2021.10.27-01.56.36:880][363]LogModuleManager: Shutting down and abandoning module TaskGraph (145)
[2021.10.27-01.56.36:882][363]LogModuleManager: Shutting down and abandoning module SlateRemote (144)
[2021.10.27-01.56.36:882][363]LogModuleManager: Shutting down and abandoning module SteamVRController (143)
[2021.10.27-01.56.36:882][363]LogModuleManager: Shutting down and abandoning module SteamVR (142)
[2021.10.27-01.56.36:882][363]LogModuleManager: Shutting down and abandoning module ProceduralMeshComponentEditor (141)
[2021.10.27-01.56.36:883][363]LogModuleManager: Shutting down and abandoning module ProceduralMeshComponent (140)
[2021.10.27-01.56.36:884][363]LogModuleManager: Shutting down and abandoning module OculusLibrary (139)
[2021.10.27-01.56.36:884][363]LogModuleManager: Shutting down and abandoning module OculusInput (138)
[2021.10.27-01.56.36:884][363]LogModuleManager: Shutting down and abandoning module MobilePatchingUtils (137)
[2021.10.27-01.56.36:884][363]LogModuleManager: Shutting down and abandoning module CustomMeshComponent (136)
[2021.10.27-01.56.36:884][363]LogModuleManager: Shutting down and abandoning module CableComponent (135)
[2021.10.27-01.56.36:884][363]LogModuleManager: Shutting down and abandoning module ArchVisCharacter (134)
[2021.10.27-01.56.36:884][363]LogModuleManager: Shutting down and abandoning module MediaPlayerEditor (132)
[2021.10.27-01.56.36:889][363]LogModuleManager: Shutting down and abandoning module HTML5Networking (131)
[2021.10.27-01.56.36:889][363]LogModuleManager: Shutting down and abandoning module GeometryCacheEd (130)
[2021.10.27-01.56.36:889][363]LogModuleManager: Shutting down and abandoning module GeometryCache (129)
[2021.10.27-01.56.36:889][363]LogModuleManager: Shutting down and abandoning module AlembicLibrary (128)
[2021.10.27-01.56.36:890][363]LogModuleManager: Shutting down and abandoning module AlembicImporter (127)
[2021.10.27-01.56.36:890][363]LogModuleManager: Shutting down and abandoning module SuperSearch (126)
[2021.10.27-01.56.36:891][363]LogModuleManager: Shutting down and abandoning module SuperSearchEditor (125)
[2021.10.27-01.56.36:891][363]LogModuleManager: Shutting down and abandoning module SpeedTreeImporter (124)
[2021.10.27-01.56.36:891][363]LogModuleManager: Shutting down and abandoning module PluginBrowser (123)
[2021.10.27-01.56.36:893][363]LogModuleManager: Shutting down and abandoning module MobileLauncherProfileWizard (122)
[2021.10.27-01.56.36:895][363]LogModuleManager: Shutting down and abandoning module EpicSurvey (121)
[2021.10.27-01.56.36:896][363]LogModuleManager: Shutting down and abandoning module DesktopPlatform (120)
[2021.10.27-01.56.36:896][363]LogModuleManager: Shutting down and abandoning module VisualStudioSourceCodeAccess (119)
[2021.10.27-01.56.36:897][363]LogModuleManager: Shutting down and abandoning module UObjectPlugin (118)
[2021.10.27-01.56.36:897][363]LogModuleManager: Shutting down and abandoning module SubversionSourceControl (117)
[2021.10.27-01.56.36:898][363]LogModuleManager: Shutting down and abandoning module PerforceSourceControl (116)
[2021.10.27-01.56.36:900][363]LogModuleManager: Shutting down and abandoning module SourceControl (115)
[2021.10.27-01.56.36:901][363]LogModuleManager: Shutting down and abandoning module GitSourceControl (114)
[2021.10.27-01.56.36:901][363]LogModuleManager: Shutting down and abandoning module LightPropagationVolumeEditor (113)
[2021.10.27-01.56.36:901][363]LogModuleManager: Shutting down and abandoning module PaperTiledImporter (112)
[2021.10.27-01.56.36:902][363]LogModuleManager: Shutting down and abandoning module PaperSpriteSheetImporter (111)
[2021.10.27-01.56.36:902][363]LogModuleManager: Shutting down and abandoning module MeshPaint (110)
[2021.10.27-01.56.36:902][363]LogModuleManager: Shutting down and abandoning module PixelInspectorModule (109)
[2021.10.27-01.56.36:903][363]LogModuleManager: Shutting down and abandoning module HotReload (108)
[2021.10.27-01.56.36:905][363]LogModuleManager: Shutting down and abandoning module MainFrame (107)
[2021.10.27-01.56.36:906][363]LogModuleManager: Shutting down and abandoning module LevelEditor (106)
[2021.10.27-01.56.36:908][363]LogModuleManager: Shutting down and abandoning module ContentBrowser (105)
[2021.10.27-01.56.36:910][363]LogModuleManager: Shutting down and abandoning module Paper2DEditor (104)
[2021.10.27-01.56.36:911][363]LogModuleManager: Shutting down and abandoning module UdpMessaging (103)
[2021.10.27-01.56.37:013][363]LogModuleManager: Shutting down and abandoning module TcpMessaging (102)
[2021.10.27-01.56.37:115][363]LogModuleManager: Shutting down and abandoning module LightPropagationVolumeRuntime (101)
[2021.10.27-01.56.37:115][363]LogModuleManager: Shutting down and abandoning module Paper2D (100)
[2021.10.27-01.56.37:116][363]LogModuleManager: Shutting down and abandoning module WindowsMoviePlayer (99)
[2021.10.27-01.56.37:116][363]LogModuleManager: Shutting down and abandoning module WmfMedia (98)
[2021.10.27-01.56.37:120][363]LogModuleManager: Shutting down and abandoning module MediaAssets (97)
[2021.10.27-01.56.37:121][363]LogModuleManager: Shutting down and abandoning module GameLiveStreaming (96)
[2021.10.27-01.56.37:121][363]LogModuleManager: Shutting down and abandoning module GameplayTagsEditor (95)
[2021.10.27-01.56.37:121][363]LogModuleManager: Shutting down and abandoning module VREditor (94)
[2021.10.27-01.56.37:121][363]LogModuleManager: Shutting down and abandoning module GameplayTasksEditor (93)
[2021.10.27-01.56.37:121][363]LogModuleManager: Shutting down and abandoning module BehaviorTreeEditor (92)
[2021.10.27-01.56.37:123][363]LogModuleManager: Shutting down and abandoning module FunctionalTesting (91)
[2021.10.27-01.56.37:124][363]LogModuleManager: Shutting down and abandoning module CollisionAnalyzer (90)
[2021.10.27-01.56.37:126][363]LogModuleManager: Shutting down and abandoning module Sequencer (89)
[2021.10.27-01.56.37:129][363]LogModuleManager: Shutting down and abandoning module WorkspaceMenuStructure (88)
[2021.10.27-01.56.37:129][363]LogModuleManager: Shutting down and abandoning module MessageLog (87)
[2021.10.27-01.56.37:129][363]LogModuleManager: Shutting down and abandoning module AssetTools (86)
[2021.10.27-01.56.37:133][363]LogModuleManager: Shutting down and abandoning module UMGEditor (85)
[2021.10.27-01.56.37:135][363]LogModuleManager: Shutting down and abandoning module UMG (84)
[2021.10.27-01.56.37:135][363]LogModuleManager: Shutting down and abandoning module SlateReflector (83)
[2021.10.27-01.56.37:137][363]LogModuleManager: Shutting down and abandoning module Slate (82)
[2021.10.27-01.56.37:137][363]LogModuleManager: Shutting down and abandoning module EditorStyle (81)
[2021.10.27-01.56.37:139][363]LogModuleManager: Shutting down and abandoning module SourceCodeAccess (80)
[2021.10.27-01.56.37:139][363]LogModuleManager: Shutting down and abandoning module HeadMountedDisplay (79)
[2021.10.27-01.56.37:139][363]LogModuleManager: Shutting down and abandoning module XAudio2 (78)
[2021.10.27-01.56.37:139][363]LogModuleManager: Shutting down and abandoning module Networking (76)
[2021.10.27-01.56.37:139][363]LogModuleManager: Shutting down and abandoning module Core (75)
[2021.10.27-01.56.37:139][363]LogModuleManager: Shutting down and abandoning module DirectoryWatcher (74)
[2021.10.27-01.56.37:139][363]LogDirectoryWatcher: A directory notification for '../../../Engine/Content/' was aborted.
[2021.10.27-01.56.37:139][363]LogDirectoryWatcher: A directory notification for '../../../../../../Users/jerye/Documents/Github Projects/Udemy_Pinball/Pinball/Content/' was aborted.
[2021.10.27-01.56.37:139][363]LogDirectoryWatcher: A directory notification for '../../../Engine/Plugins/2D/Paper2D/Content/' was aborted.
[2021.10.27-01.56.37:140][363]LogModuleManager: Shutting down and abandoning module AssetRegistry (73)
[2021.10.27-01.56.37:308][363]LogModuleManager: Shutting down and abandoning module KismetCompiler (72)
[2021.10.27-01.56.37:308][363]LogModuleManager: Shutting down and abandoning module PhysXFormats (71)
[2021.10.27-01.56.37:308][363]LogModuleManager: Shutting down and abandoning module SimplygonSwarm (70)
[2021.10.27-01.56.37:308][363]LogModuleManager: Shutting down and abandoning module SimplygonMeshReduction (69)
[2021.10.27-01.56.37:309][363]LogModuleManager: Shutting down and abandoning module QuadricMeshReduction (68)
[2021.10.27-01.56.37:309][363]LogModuleManager: Shutting down and abandoning module PropertyEditor (67)
[2021.10.27-01.56.37:309][363]LogModuleManager: Shutting down and abandoning module MeshUtilities (66)
[2021.10.27-01.56.37:311][363]LogModuleManager: Shutting down and abandoning module DerivedDataCache (65)
[2021.10.27-01.56.37:329][363]LogDerivedDataCache: Shutdown
[2021.10.27-01.56.37:329][363]LogModuleManager: Shutting down and abandoning module VulkanShaderFormat (64)
[2021.10.27-01.56.37:329][363]LogModuleManager: Shutting down and abandoning module ShaderFormatOpenGL (63)
[2021.10.27-01.56.37:330][363]LogModuleManager: Shutting down and abandoning module ShaderFormatD3D (62)
[2021.10.27-01.56.37:330][363]LogModuleManager: Shutting down and abandoning module MetalShaderFormat (61)
[2021.10.27-01.56.37:331][363]LogModuleManager: Shutting down and abandoning module TextureFormatUncompressed (60)
[2021.10.27-01.56.37:331][363]LogModuleManager: Shutting down and abandoning module TextureFormatPVR (59)
[2021.10.27-01.56.37:331][363]LogModuleManager: Shutting down and abandoning module TextureFormatDXT (58)
[2021.10.27-01.56.37:332][363]LogModuleManager: Shutting down and abandoning module TextureFormatIntelISPCTexComp (57)
[2021.10.27-01.56.37:333][363]LogModuleManager: Shutting down and abandoning module ImageWrapper (56)
[2021.10.27-01.56.37:333][363]LogModuleManager: Shutting down and abandoning module TextureFormatASTC (55)
[2021.10.27-01.56.37:333][363]LogModuleManager: Shutting down and abandoning module TextureFormatAndroid (54)
[2021.10.27-01.56.37:333][363]LogModuleManager: Shutting down and abandoning module AudioFormatOpus (53)
[2021.10.27-01.56.37:334][363]LogModuleManager: Shutting down and abandoning module AudioFormatOgg (52)
[2021.10.27-01.56.37:334][363]LogModuleManager: Shutting down and abandoning module AudioFormatADPCM (51)
[2021.10.27-01.56.37:334][363]LogModuleManager: Shutting down and abandoning module LinuxTargetPlatform (50)
[2021.10.27-01.56.37:334][363]LogModuleManager: Shutting down and abandoning module LinuxServerTargetPlatform (49)
[2021.10.27-01.56.37:334][363]LogModuleManager: Shutting down and abandoning module LinuxNoEditorTargetPlatform (48)
[2021.10.27-01.56.37:335][363]LogModuleManager: Shutting down and abandoning module LinuxClientTargetPlatform (47)
[2021.10.27-01.56.37:335][363]LogModuleManager: Shutting down and abandoning module TVOSTargetPlatform (46)
[2021.10.27-01.56.37:335][363]LogModuleManager: Shutting down and abandoning module Messaging (45)
[2021.10.27-01.56.37:335][363]LogModuleManager: Shutting down and abandoning module IOSTargetPlatform (44)
[2021.10.27-01.56.37:335][363]LogModuleManager: Shutting down and abandoning module HTML5TargetPlatform (43)
[2021.10.27-01.56.37:335][363]LogModuleManager: Shutting down and abandoning module Android_PVRTCTargetPlatform (42)
[2021.10.27-01.56.37:335][363]LogModuleManager: Shutting down and abandoning module Android_MultiTargetPlatform (41)
[2021.10.27-01.56.37:335][363]LogModuleManager: Shutting down and abandoning module Android_ETC2TargetPlatform (40)
[2021.10.27-01.56.37:335][363]LogModuleManager: Shutting down and abandoning module Android_ETC1TargetPlatform (39)
[2021.10.27-01.56.37:335][363]LogModuleManager: Shutting down and abandoning module Android_DXTTargetPlatform (38)
[2021.10.27-01.56.37:335][363]LogModuleManager: Shutting down and abandoning module Android_ATCTargetPlatform (37)
[2021.10.27-01.56.37:335][363]LogModuleManager: Shutting down and abandoning module Android_ASTCTargetPlatform (36)
[2021.10.27-01.56.37:335][363]LogModuleManager: Shutting down and abandoning module AndroidTargetPlatform (35)
[2021.10.27-01.56.37:335][363]LogModuleManager: Shutting down and abandoning module WindowsTargetPlatform (34)
[2021.10.27-01.56.37:335][363]LogModuleManager: Shutting down and abandoning module WindowsServerTargetPlatform (33)
[2021.10.27-01.56.37:335][363]LogModuleManager: Shutting down and abandoning module WindowsNoEditorTargetPlatform (32)
[2021.10.27-01.56.37:336][363]LogModuleManager: Shutting down and abandoning module WindowsClientTargetPlatform (31)
[2021.10.27-01.56.37:336][363]LogModuleManager: Shutting down and abandoning module MacTargetPlatform (30)
[2021.10.27-01.56.37:336][363]LogModuleManager: Shutting down and abandoning module MacServerTargetPlatform (29)
[2021.10.27-01.56.37:336][363]LogModuleManager: Shutting down and abandoning module MacNoEditorTargetPlatform (28)
[2021.10.27-01.56.37:336][363]LogModuleManager: Shutting down and abandoning module MacClientTargetPlatform (27)
[2021.10.27-01.56.37:336][363]LogModuleManager: Shutting down and abandoning module AllDesktopTargetPlatform (26)
[2021.10.27-01.56.37:336][363]LogModuleManager: Shutting down and abandoning module TargetPlatform (25)
[2021.10.27-01.56.37:336][363]LogModuleManager: Shutting down and abandoning module InputCore (24)
[2021.10.27-01.56.37:336][363]LogModuleManager: Shutting down and abandoning module Settings (23)
[2021.10.27-01.56.37:336][363]LogModuleManager: Shutting down and abandoning module OculusRift (22)
[2021.10.27-01.56.37:337][363]LogModuleManager: Shutting down and abandoning module ExampleDeviceProfileSelector (21)
[2021.10.27-01.56.37:337][363]LogModuleManager: Shutting down and abandoning module OnlineBlueprintSupport (20)
[2021.10.27-01.56.37:337][363]LogModuleManager: Shutting down and abandoning module OnlineSubsystem (18)
[2021.10.27-01.56.37:337][363]LogOnline:Display: Unloading online subsystem: NULL
[2021.10.27-01.56.37:338][363]LogModuleManager: Shutting down and abandoning module SSL (17)
[2021.10.27-01.56.37:339][363]LogModuleManager: Shutting down and abandoning module HTTP (16)
[2021.10.27-01.56.37:339][363]LogModuleManager: Shutting down and abandoning module XMPP (15)
[2021.10.27-01.56.37:341][363]LogModuleManager: Shutting down and abandoning module TextureCompressor (14)
[2021.10.27-01.56.37:343][363]LogModuleManager: Shutting down and abandoning module ShaderCore (13)
[2021.10.27-01.56.37:343][363]LogModuleManager: Shutting down and abandoning module Landscape (12)
[2021.10.27-01.56.37:343][363]LogModuleManager: Shutting down and abandoning module SlateRHIRenderer (11)
[2021.10.27-01.56.37:345][363]LogModuleManager: Shutting down and abandoning module OpenGLDrv (10)
[2021.10.27-01.56.37:346][363]LogModuleManager: Shutting down and abandoning module D3D11RHI (9)
[2021.10.27-01.56.37:346][363]LogModuleManager: Shutting down and abandoning module AnimGraphRuntime (8)
[2021.10.27-01.56.37:346][363]LogModuleManager: Shutting down and abandoning module Renderer (7)
[2021.10.27-01.56.37:346][363]LogModuleManager: Shutting down and abandoning module Engine (6)
[2021.10.27-01.56.37:346][363]LogModuleManager: Shutting down and abandoning module CoreUObject (5)
[2021.10.27-01.56.37:346][363]LogModuleManager: Shutting down and abandoning module NetworkFile (4)
[2021.10.27-01.56.37:346][363]LogModuleManager: Shutting down and abandoning module StreamingFile (3)
[2021.10.27-01.56.37:347][363]LogModuleManager: Shutting down and abandoning module SandboxFile (2)
[2021.10.27-01.56.37:347][363]LogModuleManager: Shutting down and abandoning module PakFile (1)
[2021.10.27-01.56.37:349][363]LogExit: Exiting.
[2021.10.27-01.56.37:351][363]Log file closed, 10/26/21 21:56:37
