Log file open, 10/14/21 20:45:55
LogInit:Display: Running engine for game: Pinball
LogPlatformFile: Not using cached read wrapper
LogInit:Display: RandInit(-1317676469) SRandInit(-1317676469).
LogTaskGraph: Started task graph with 5 named threads and 10 total threads with 1 sets of task threads.
LogStats: Stats thread started at 5.263947
LogPluginManager: Loaded Plugin Paper2D, From D:/EpicGames/UE_4.14/Engine/Plugins/2D/Paper2D/Paper2D.uplugin
LogPluginManager: Loaded Plugin LightPropagationVolume, From D:/EpicGames/UE_4.14/Engine/Plugins/Blendables/LightPropagationVolume/LightPropagationVolume.uplugin
LogPluginManager: Loaded Plugin BlankPlugin, From D:/EpicGames/UE_4.14/Engine/Plugins/Developer/BlankPlugin/BlankPlugin.uplugin
LogPluginManager: Loaded Plugin CodeLiteSourceCodeAccess, From D:/EpicGames/UE_4.14/Engine/Plugins/Developer/CodeLiteSourceCodeAccess/CodeLiteSourceCodeAccess.uplugin
LogPluginManager: Loaded Plugin GitSourceControl, From D:/EpicGames/UE_4.14/Engine/Plugins/Developer/GitSourceControl/GitSourceControl.uplugin
LogPluginManager: Loaded Plugin KDevelopSourceCodeAccess, From D:/EpicGames/UE_4.14/Engine/Plugins/Developer/KDevelopSourceCodeAccess/KDevelopSourceCodeAccess.uplugin
LogPluginManager: Loaded Plugin NullSourceCodeAccess, From D:/EpicGames/UE_4.14/Engine/Plugins/Developer/NullSourceCodeAccess/NullSourceCodeAccess.uplugin
LogPluginManager: Loaded Plugin OneSkyLocalizationService, From D:/EpicGames/UE_4.14/Engine/Plugins/Developer/OneSkyLocalizationService/OneSkyLocalizationService.uplugin
LogPluginManager: Loaded Plugin PerforceSourceControl, From D:/EpicGames/UE_4.14/Engine/Plugins/Developer/PerforceSourceControl/PerforceSourceControl.uplugin
LogPluginManager: Loaded Plugin SubversionSourceControl, From D:/EpicGames/UE_4.14/Engine/Plugins/Developer/SubversionSourceControl/SubversionSourceControl.uplugin
LogPluginManager: Loaded Plugin UObjectPlugin, From D:/EpicGames/UE_4.14/Engine/Plugins/Developer/UObjectPlugin/UObjectPlugin.uplugin
LogPluginManager: Loaded Plugin VisualStudioSourceCodeAccess, From D:/EpicGames/UE_4.14/Engine/Plugins/Developer/VisualStudioSourceCodeAccess/VisualStudioSourceCodeAccess.uplugin
LogPluginManager: Loaded Plugin XCodeSourceCodeAccess, From D:/EpicGames/UE_4.14/Engine/Plugins/Developer/XCodeSourceCodeAccess/XCodeSourceCodeAccess.uplugin
LogPluginManager: Loaded Plugin AudioCapture, From D:/EpicGames/UE_4.14/Engine/Plugins/Editor/AudioCapture/AudioCapture.uplugin
LogPluginManager: Loaded Plugin EpicSurvey, From D:/EpicGames/UE_4.14/Engine/Plugins/Editor/EpicSurvey/EpicSurvey.uplugin
LogPluginManager: Loaded Plugin MacGraphicsSwitching, From D:/EpicGames/UE_4.14/Engine/Plugins/Editor/MacGraphicsSwitching/MacGraphicsSwitching.uplugin
LogPluginManager: Loaded Plugin MobileLauncherProfileWizard, From D:/EpicGames/UE_4.14/Engine/Plugins/Editor/MobileLauncherProfileWizard/MobileLauncherProfileWizard.uplugin
LogPluginManager: Loaded Plugin PluginBrowser, From D:/EpicGames/UE_4.14/Engine/Plugins/Editor/PluginBrowser/PluginBrowser.uplugin
LogPluginManager: Loaded Plugin SpeedTreeImporter, From D:/EpicGames/UE_4.14/Engine/Plugins/Editor/SpeedTreeImporter/SpeedTreeImporter.uplugin
LogPluginManager: Loaded Plugin SuperSearchEditor, From D:/EpicGames/UE_4.14/Engine/Plugins/Editor/SuperSearchEditor/SuperSearchEditor.uplugin
LogPluginManager: Loaded Plugin AlembicImporter, From D:/EpicGames/UE_4.14/Engine/Plugins/Experimental/AlembicImporter/AlembicImporter.uplugin
LogPluginManager: Loaded Plugin BlueprintStats, From D:/EpicGames/UE_4.14/Engine/Plugins/Experimental/BlueprintStats/BlueprintStats.uplugin
LogPluginManager: Loaded Plugin CharacterAI, From D:/EpicGames/UE_4.14/Engine/Plugins/Experimental/CharacterAI/CharacterAI.uplugin
LogPluginManager: Loaded Plugin CodeEditor, From D:/EpicGames/UE_4.14/Engine/Plugins/Experimental/CodeEditor/CodeEditor.uplugin
LogPluginManager: Loaded Plugin CodeView, From D:/EpicGames/UE_4.14/Engine/Plugins/Experimental/CodeView/CodeView.uplugin
LogPluginManager: Loaded Plugin HTML5Networking, From D:/EpicGames/UE_4.14/Engine/Plugins/Experimental/HTML5Networking/HTML5Networking.uplugin
LogPluginManager: Loaded Plugin OSVR, From D:/EpicGames/UE_4.14/Engine/Plugins/Experimental/OSVR/OSVR.uplugin
LogPluginManager: Loaded Plugin Phya, From D:/EpicGames/UE_4.14/Engine/Plugins/Experimental/Phya/Phya.uplugin
LogPluginManager: Loaded Plugin SignificanceManager, From D:/EpicGames/UE_4.14/Engine/Plugins/Experimental/SignificanceManager/SignificanceManager.uplugin
LogPluginManager: Loaded Plugin SimpleHMD, From D:/EpicGames/UE_4.14/Engine/Plugins/Experimental/SimpleHMD/SimpleHMD.uplugin
LogPluginManager: Loaded Plugin StereoPanorama, From D:/EpicGames/UE_4.14/Engine/Plugins/Experimental/StereoPanorama/StereoPanorama.uplugin
LogPluginManager: Loaded Plugin StructBox, From D:/EpicGames/UE_4.14/Engine/Plugins/Experimental/StructBox/StructBox.uplugin
LogPluginManager: Loaded Plugin AndroidMedia, From D:/EpicGames/UE_4.14/Engine/Plugins/Media/AndroidMedia/AndroidMedia.uplugin
LogPluginManager: Loaded Plugin AvfMedia, From D:/EpicGames/UE_4.14/Engine/Plugins/Media/AvfMedia/AvfMedia.uplugin
LogPluginManager: Loaded Plugin MediaPlayerEditor, From D:/EpicGames/UE_4.14/Engine/Plugins/Media/MediaPlayerEditor/MediaPlayerEditor.uplugin
LogPluginManager: Loaded Plugin WmfMedia, From D:/EpicGames/UE_4.14/Engine/Plugins/Media/WmfMedia/WmfMedia.uplugin
LogPluginManager: Loaded Plugin MessagingDebugger, From D:/EpicGames/UE_4.14/Engine/Plugins/Messaging/MessagingDebugger/MessagingDebugger.uplugin
LogPluginManager: Loaded Plugin TcpMessaging, From D:/EpicGames/UE_4.14/Engine/Plugins/Messaging/TcpMessaging/TcpMessaging.uplugin
LogPluginManager: Loaded Plugin UdpMessaging, From D:/EpicGames/UE_4.14/Engine/Plugins/Messaging/UdpMessaging/UdpMessaging.uplugin
LogPluginManager: Loaded Plugin LevelSequenceEditor, From D:/EpicGames/UE_4.14/Engine/Plugins/MovieScene/LevelSequenceEditor/LevelSequenceEditor.uplugin
LogPluginManager: Loaded Plugin MatineeToLevelSequence, From D:/EpicGames/UE_4.14/Engine/Plugins/MovieScene/MatineeToLevelSequence/MatineeToLevelSequence.uplugin
LogPluginManager: Loaded Plugin NetcodeUnitTest, From D:/EpicGames/UE_4.14/Engine/Plugins/NetcodeUnitTest/NetcodeUnitTest/NetcodeUnitTest.uplugin
LogPluginManager: Loaded Plugin NUTUnrealEngine4, From D:/EpicGames/UE_4.14/Engine/Plugins/NetcodeUnitTest/NUTUnrealEngine4/NUTUnrealEngine4.uplugin
LogPluginManager: Loaded Plugin OnlineSubsystemGameCircle, From D:/EpicGames/UE_4.14/Engine/Plugins/Online/Android/OnlineSubsystemGameCircle/OnlineSubsystemGameCircle.uplugin
LogPluginManager: Loaded Plugin OnlineSubsystemGooglePlay, From D:/EpicGames/UE_4.14/Engine/Plugins/Online/Android/OnlineSubsystemGooglePlay/OnlineSubsystemGooglePlay.uplugin
LogPluginManager: Loaded Plugin OnlineSubsystemIOS, From D:/EpicGames/UE_4.14/Engine/Plugins/Online/IOS/OnlineSubsystemIOS/OnlineSubsystemIOS.uplugin
LogPluginManager: Loaded Plugin OnlineFramework, From D:/EpicGames/UE_4.14/Engine/Plugins/Online/OnlineFramework/OnlineFramework.uplugin
LogPluginManager: Loaded Plugin OnlineSubsystem, From D:/EpicGames/UE_4.14/Engine/Plugins/Online/OnlineSubsystem/OnlineSubsystem.uplugin
LogPluginManager: Loaded Plugin OnlineSubsystemAmazon, From D:/EpicGames/UE_4.14/Engine/Plugins/Online/OnlineSubsystemAmazon/OnlineSubsystemAmazon.uplugin
LogPluginManager: Loaded Plugin OnlineSubsystemFacebook, From D:/EpicGames/UE_4.14/Engine/Plugins/Online/OnlineSubsystemFacebook/OnlineSubsystemFacebook.uplugin
LogPluginManager: Loaded Plugin OnlineSubsystemNull, From D:/EpicGames/UE_4.14/Engine/Plugins/Online/OnlineSubsystemNull/OnlineSubsystemNull.uplugin
LogPluginManager: Loaded Plugin OnlineSubsystemOculus, From D:/EpicGames/UE_4.14/Engine/Plugins/Online/OnlineSubsystemOculus/OnlineSubsystemOculus.uplugin
LogPluginManager: Loaded Plugin OnlineSubsystemSteam, From D:/EpicGames/UE_4.14/Engine/Plugins/Online/OnlineSubsystemSteam/OnlineSubsystemSteam.uplugin
LogPluginManager: Loaded Plugin OnlineSubsystemUtils, From D:/EpicGames/UE_4.14/Engine/Plugins/Online/OnlineSubsystemUtils/OnlineSubsystemUtils.uplugin
LogPluginManager: Loaded Plugin IOSTapJoy, From D:/EpicGames/UE_4.14/Engine/Plugins/Runtime/Advertising/IOSTapJoy/IOSTapJoy.uplugin
LogPluginManager: Loaded Plugin AnalyticsBlueprintLibrary, From D:/EpicGames/UE_4.14/Engine/Plugins/Runtime/Analytics/AnalyticsBlueprintLibrary/AnalyticsBlueprintLibrary.uplugin
LogPluginManager: Loaded Plugin AnalyticsMulticast, From D:/EpicGames/UE_4.14/Engine/Plugins/Runtime/Analytics/AnalyticsMulticast/AnalyticsMulticast.uplugin
LogPluginManager: Loaded Plugin Apsalar, From D:/EpicGames/UE_4.14/Engine/Plugins/Runtime/Analytics/Apsalar/Apsalar.uplugin
LogPluginManager: Loaded Plugin FileLogging, From D:/EpicGames/UE_4.14/Engine/Plugins/Runtime/Analytics/FileLogging/FileLogging.uplugin
LogPluginManager: Loaded Plugin Flurry, From D:/EpicGames/UE_4.14/Engine/Plugins/Runtime/Analytics/Flurry/Flurry.uplugin
LogPluginManager: Loaded Plugin AndroidDeviceProfileSelector, From D:/EpicGames/UE_4.14/Engine/Plugins/Runtime/AndroidDeviceProfileSelector/AndroidDeviceProfileSelector.uplugin
LogPluginManager: Loaded Plugin AndroidMoviePlayer, From D:/EpicGames/UE_4.14/Engine/Plugins/Runtime/AndroidMoviePlayer/AndroidMoviePlayer.uplugin
LogPluginManager: Loaded Plugin AppleMoviePlayer, From D:/EpicGames/UE_4.14/Engine/Plugins/Runtime/AppleMoviePlayer/AppleMoviePlayer.uplugin
LogPluginManager: Loaded Plugin ArchVisCharacter, From D:/EpicGames/UE_4.14/Engine/Plugins/Runtime/ArchVisCharacter/ArchVisCharacter.uplugin
LogPluginManager: Loaded Plugin CableComponent, From D:/EpicGames/UE_4.14/Engine/Plugins/Runtime/CableComponent/CableComponent.uplugin
LogPluginManager: Loaded Plugin CustomMeshComponent, From D:/EpicGames/UE_4.14/Engine/Plugins/Runtime/CustomMeshComponent/CustomMeshComponent.uplugin
LogPluginManager: Loaded Plugin ExampleDeviceProfileSelector, From D:/EpicGames/UE_4.14/Engine/Plugins/Runtime/ExampleDeviceProfileSelector/ExampleDeviceProfileSelector.uplugin
LogPluginManager: Loaded Plugin GearVR, From D:/EpicGames/UE_4.14/Engine/Plugins/Runtime/GearVR/GearVR.uplugin
LogPluginManager: Loaded Plugin GoogleVRController, From D:/EpicGames/UE_4.14/Engine/Plugins/Runtime/GoogleVR/GoogleVRController/GoogleVRController.uplugin
LogPluginManager: Loaded Plugin GoogleVRHMD, From D:/EpicGames/UE_4.14/Engine/Plugins/Runtime/GoogleVR/GoogleVRHMD/GoogleVRHMD.uplugin
LogPluginManager: Loaded Plugin IOSDeviceProfileSelector, From D:/EpicGames/UE_4.14/Engine/Plugins/Runtime/IOSDeviceProfileSelector/IOSDeviceProfileSelector.uplugin
LogPluginManager: Loaded Plugin LeapMotion, From D:/EpicGames/UE_4.14/Engine/Plugins/Runtime/LeapMotion/LeapMotion.uplugin
LogPluginManager: Loaded Plugin LinuxDeviceProfileSelector, From D:/EpicGames/UE_4.14/Engine/Plugins/Runtime/LinuxDeviceProfileSelector/LinuxDeviceProfileSelector.uplugin
LogPluginManager: Loaded Plugin MIDIDevice, From D:/EpicGames/UE_4.14/Engine/Plugins/Runtime/MIDIDevice/MIDIDevice.uplugin
LogPluginManager: Loaded Plugin MobilePatchingUtils, From D:/EpicGames/UE_4.14/Engine/Plugins/Runtime/MobilePatchingUtils/MobilePatchingUtils.uplugin
LogPluginManager: Loaded Plugin Ansel, From D:/EpicGames/UE_4.14/Engine/Plugins/Runtime/Nvidia/Ansel/Ansel.uplugin
LogPluginManager: Loaded Plugin OculusAudio, From D:/EpicGames/UE_4.14/Engine/Plugins/Runtime/OculusAudio/OculusAudio.uplugin
LogPluginManager: Loaded Plugin OculusInput, From D:/EpicGames/UE_4.14/Engine/Plugins/Runtime/OculusInput/OculusInput.uplugin
LogPluginManager: Loaded Plugin OculusLibrary, From D:/EpicGames/UE_4.14/Engine/Plugins/Runtime/OculusLibrary/OculusLibrary.uplugin
LogPluginManager: Loaded Plugin OculusRift, From D:/EpicGames/UE_4.14/Engine/Plugins/Runtime/OculusRift/OculusRift.uplugin
LogPluginManager: Loaded Plugin Oodle, From D:/EpicGames/UE_4.14/Engine/Plugins/Runtime/PacketHandlers/CompressionComponents/Oodle/Oodle.uplugin
LogPluginManager: Loaded Plugin ProceduralMeshComponent, From D:/EpicGames/UE_4.14/Engine/Plugins/Runtime/ProceduralMeshComponent/ProceduralMeshComponent.uplugin
LogPluginManager: Loaded Plugin SoundMod, From D:/EpicGames/UE_4.14/Engine/Plugins/Runtime/SoundMod/SoundMod.uplugin
LogPluginManager: Loaded Plugin SoundVisualizations, From D:/EpicGames/UE_4.14/Engine/Plugins/Runtime/SoundVisualizations/SoundVisualizations.uplugin
LogPluginManager: Loaded Plugin SteamController, From D:/EpicGames/UE_4.14/Engine/Plugins/Runtime/Steam/SteamController/SteamController.uplugin
LogPluginManager: Loaded Plugin SteamVR, From D:/EpicGames/UE_4.14/Engine/Plugins/Runtime/Steam/SteamVR/SteamVR.uplugin
LogPluginManager: Loaded Plugin WebBrowserWidget, From D:/EpicGames/UE_4.14/Engine/Plugins/Runtime/WebBrowserWidget/WebBrowserWidget.uplugin
LogPluginManager: Loaded Plugin WindowsDeviceProfileSelector, From D:/EpicGames/UE_4.14/Engine/Plugins/Runtime/WindowsDeviceProfileSelector/WindowsDeviceProfileSelector.uplugin
LogPluginManager: Loaded Plugin WindowsMoviePlayer, From D:/EpicGames/UE_4.14/Engine/Plugins/Runtime/WindowsMoviePlayer/WindowsMoviePlayer.uplugin
LogPluginManager: Loaded Plugin ScriptPlugin, From D:/EpicGames/UE_4.14/Engine/Plugins/ScriptPlugin/ScriptPlugin.uplugin
LogPluginManager: Loaded Plugin SlateRemote, From D:/EpicGames/UE_4.14/Engine/Plugins/Slate/SlateRemote/SlateRemote.uplugin
LogPluginManager: Loaded Plugin EditorTests, From D:/EpicGames/UE_4.14/Engine/Plugins/Tests/EditorTests/EditorTests.uplugin
LogPluginManager: Loaded Plugin FbxAutomationTestBuilder, From D:/EpicGames/UE_4.14/Engine/Plugins/Tests/FbxAutomationTestBuilder/FbxAutomationTestBuilder.uplugin
LogPluginManager: Loaded Plugin FunctionalTestingEditor, From D:/EpicGames/UE_4.14/Engine/Plugins/Tests/FunctionalTestingEditor/FunctionalTestingEditor.uplugin
LogPluginManager: Loaded Plugin RuntimeTests, From D:/EpicGames/UE_4.14/Engine/Plugins/Tests/RuntimeTests/RuntimeTests.uplugin
LogPluginManager: Loaded Plugin ScreenshotTools, From D:/EpicGames/UE_4.14/Engine/Plugins/Tests/ScreenshotTools/ScreenshotTools.uplugin
LogInit: Using libcurl 7.47.1
LogInit:  - built for x86_64-pc-win32
LogInit:  - supports SSL with OpenSSL/1.0.2g
LogInit:  - supports HTTP deflate (compression) using libz 1.2.8
LogInit:  - other features:
LogInit:      CURL_VERSION_SSL
LogInit:      CURL_VERSION_LIBZ
LogInit:      CURL_VERSION_IPV6
LogInit:      CURL_VERSION_ASYNCHDNS
LogInit:      CURL_VERSION_LARGEFILE
LogInit:      CURL_VERSION_IDN
LogInit:  CurlRequestOptions (configurable via config and command line):
LogInit:  - bVerifyPeer = false  - Libcurl will NOT verify peer certificate
LogInit:  - bUseHttpProxy = false  - Libcurl will NOT use HTTP proxy
LogInit:  - bDontReuseConnections = false  - Libcurl will reuse connections
LogInit:  - CertBundlePath = nullptr  - Libcurl will use whatever was configured at build time.
LogInit: Build: ++UE4+Release-4.14-CL-3249277
LogInit: Engine Version: 4.14.3-3249277+++UE4+Release-4.14
LogInit: Compatible Engine Version: 4.14.0-3195953+++UE4+Release-4.14
LogInit: Net CL: 3195953
LogDevObjectVersion: Number of dev versions registered: 13
LogDevObjectVersion:   Dev-Blueprints (B0D832E4-1F89-4F0D-ACCF-7EB736FD4AA2): 7
LogDevObjectVersion:   Dev-Build (E1C64328-A22C-4D53-A36C-8E866417BD8C): 0
LogDevObjectVersion:   Dev-Core (375EC13C-06E4-48FB-B500-84F0262A717E): 1
LogDevObjectVersion:   Dev-Editor (E4B068ED-F494-42E9-A231-DA0B2E46BB41): 8
LogDevObjectVersion:   Dev-Framework (CFFC743F-43B0-4480-9391-14DF171D2073): 17
LogDevObjectVersion:   Dev-Mobile (B02B49B5-BB20-44E9-A304-32B752E40360): 0
LogDevObjectVersion:   Dev-Networking (A4E4105C-59A1-49B5-A7C5-40C4547EDFEE): 0
LogDevObjectVersion:   Dev-Online (39C831C9-5AE6-47DC-9A44-9C173E1C8E7C): 0
LogDevObjectVersion:   Dev-Physics (78F01B33-EBEA-4F98-B9B4-84EACCB95AA2): 0
LogDevObjectVersion:   Dev-Platform (6631380F-2D4D-43E0-8009-CF276956A95A): 0
LogDevObjectVersion:   Dev-Rendering (12F88B9F-8875-4AFC-A67C-D90C383ABD29): 12
LogDevObjectVersion:   Dev-Sequencer (7B5AE74C-D270-4C10-A958-57980B212A5A): 1
LogDevObjectVersion:   Dev-VR (D7296918-1DD6-4BDD-9DE2-64A83CC13884): 0
LogInit: Compiled (64-bit): Jan  6 2017 10:49:43
LogInit: Compiled with Visual C++: 19.00.23026.00
LogInit: Build Configuration: Development
LogInit: Branch Name: ++UE4+Release-4.14
LogInit: Command line:  
LogInit: Base directory: D:/EpicGames/UE_4.14/Engine/Binaries/Win64/
LogInit: Installed Engine Build: 1
LogInit: Presizing for max 8388607 objects, including 0 objects not considered by GC, pre-allocating 0 bytes for permanent pool.
LogInit: Object subsystem initialized
[2021.10.15-00.45.56:930][  0]LogInit: Selected Device Profile: [Windows]
[2021.10.15-00.45.56:930][  0]LogInit: Applying CVar settings loaded from the selected device profile: [Windows]
[2021.10.15-00.45.57:028][  0]LogInit: Computer: DESKTOP-GK7AF5R
[2021.10.15-00.45.57:028][  0]LogInit: User: jerye
[2021.10.15-00.45.57:028][  0]LogInit: CPU Page size=65536, Cores=6
[2021.10.15-00.45.57:028][  0]LogInit: High frequency timer resolution =10.000000 MHz
[2021.10.15-00.45.57:028][  0]LogMemory: Memory total: Physical=31.9GB (32GB approx)
[2021.10.15-00.45.57:028][  0]LogMemory: Platform Memory Stats for Windows
[2021.10.15-00.45.57:028][  0]LogMemory: Process Physical Memory: 267.89 MB used, 267.89 MB peak
[2021.10.15-00.45.57:028][  0]LogMemory: Process Virtual Memory: 260.18 MB used, 260.18 MB peak
[2021.10.15-00.45.57:028][  0]LogMemory: Physical Memory: 12869.79 MB used,  19808.09 MB free, 32677.88 MB total
[2021.10.15-00.45.57:028][  0]LogMemory: Virtual Memory: 4795.93 MB used,  19808.09 MB free, 134217728.00 MB total
[2021.10.15-00.45.58:303][  0]LogTextLocalizationManager: No specific translations for ('en-CA') exist, so ('en') translations will be used.
[2021.10.15-00.46.03:642][  0]LogD3D11RHI: D3D11 adapters:
[2021.10.15-00.46.03:700][  0]LogD3D11RHI:    0. 'AMD Radeon RX 5700 XT' (Feature Level 11_0)
[2021.10.15-00.46.03:700][  0]LogD3D11RHI:       8151/0/16338 MB DedicatedVideo/DedicatedSystem/SharedSystem, Outputs:2, VendorId:0x1002
[2021.10.15-00.46.03:703][  0]LogD3D11RHI:    1. 'Microsoft Basic Render Driver' (Feature Level 11_0)
[2021.10.15-00.46.03:703][  0]LogD3D11RHI:       0/0/16338 MB DedicatedVideo/DedicatedSystem/SharedSystem, Outputs:0, VendorId:0x1414
[2021.10.15-00.46.03:703][  0]LogD3D11RHI: Chosen D3D11 Adapter: 0
[2021.10.15-00.46.03:715][  0]LogD3D11RHI: Creating new Direct3DDevice
[2021.10.15-00.46.03:715][  0]LogD3D11RHI:     GPU DeviceId: 0x731f (for the marketing name, search the web for "GPU Device Id")
[2021.10.15-00.46.03:715][  0]LogWindows: EnumDisplayDevices:
[2021.10.15-00.46.03:716][  0]LogWindows:    0. 'AMD Radeon RX 5700 XT' (P:1 D:1)
[2021.10.15-00.46.03:716][  0]LogWindows:    1. 'AMD Radeon RX 5700 XT' (P:0 D:1)
[2021.10.15-00.46.03:716][  0]LogWindows:    2. 'AMD Radeon RX 5700 XT' (P:0 D:0)
[2021.10.15-00.46.03:717][  0]LogWindows:    3. 'AMD Radeon RX 5700 XT' (P:0 D:0)
[2021.10.15-00.46.03:717][  0]LogWindows:    4. 'AMD Radeon RX 5700 XT' (P:0 D:0)
[2021.10.15-00.46.03:717][  0]LogWindows:    5. 'AMD Radeon RX 5700 XT' (P:0 D:0)
[2021.10.15-00.46.03:717][  0]LogWindows:    6. 'AMD Radeon RX 5700 XT' (P:0 D:0)
[2021.10.15-00.46.03:717][  0]LogWindows: DebugString: GetVideoDriverDetailsInvalid PrimaryIsNotTheChoosenAdapter GetVideoDriverDetailsInvalid PrimaryIsNotTheChoosenAdapter GetVideoDriverDetailsInvalid PrimaryIsNotTheChoosenAdapter GetVideoDriverDetailsInvalid PrimaryIsNotTheChoosenAdapter GetVideoDriverDetailsInvalid PrimaryIsNotTheChoosenAdapter GetVideoDriverDetailsInvalid PrimaryIsNotTheChoosenAdapter GetVideoDriverDetailsInvalid PrimaryIsNotTheChoosenAdapter FoundDriverCount:0 
[2021.10.15-00.46.03:717][  0]LogD3D11RHI:     Adapter Name: AMD Radeon RX 5700 XT
[2021.10.15-00.46.03:717][  0]LogD3D11RHI:   Driver Version: Unknown (internal:Unknown, unified:Unknown)
[2021.10.15-00.46.03:717][  0]LogD3D11RHI:      Driver Date: Unknown
[2021.10.15-00.46.03:746][  0]LogRHI: Texture pool is 1361 MB (70% of 1945 MB)
[2021.10.15-00.46.03:782][  0]LogD3D11RHI: Async texture creation enabled
[2021.10.15-00.46.04:064][  0]LogD3D11RHI: GPU Timing Frequency: 100.000000 (Debug: 2 1)
[2021.10.15-00.46.04:197][  0]LogShaderCompilers: Guid format shader working directory is -34 characters bigger than the processId version (../../../../../GitHub Projects/Udemy_Unreal/Udemy_Pinball/Udemy_Pinball/Pinball/Intermediate/Shaders/WorkingDirectory/11184/).
[2021.10.15-00.46.04:198][  0]LogShaderCompilers: Cleaned the shader compiler working directory 'C:/Users/jerye/AppData/Local/Temp/UnrealShaderWorkingDir/5B350DD14E0D4EB45AAE80870DD84789/'.
[2021.10.15-00.46.04:208][  0]LogShaderCompilers:Display: Using Local Shader Compiler.
[2021.10.15-00.46.10:201][  0]LogTemp:Display: Loaded TP AllDesktopTargetPlatform
[2021.10.15-00.46.10:259][  0]LogTemp:Display: Loaded TP MacClientTargetPlatform
[2021.10.15-00.46.10:317][  0]LogTemp:Display: Loaded TP MacNoEditorTargetPlatform
[2021.10.15-00.46.10:379][  0]LogTemp:Display: Loaded TP MacServerTargetPlatform
[2021.10.15-00.46.10:474][  0]LogTemp:Display: Loaded TP MacTargetPlatform
[2021.10.15-00.46.10:537][  0]LogTemp:Display: Loaded TP WindowsClientTargetPlatform
[2021.10.15-00.46.10:598][  0]LogTemp:Display: Loaded TP WindowsNoEditorTargetPlatform
[2021.10.15-00.46.10:657][  0]LogTemp:Display: Loaded TP WindowsServerTargetPlatform
[2021.10.15-00.46.10:711][  0]LogTemp:Display: Loaded TP WindowsTargetPlatform
[2021.10.15-00.46.10:800][  0]LogTemp:Display: Loaded TP AndroidTargetPlatform
[2021.10.15-00.46.10:866][  0]LogTemp:Display: Loaded TP Android_ASTCTargetPlatform
[2021.10.15-00.46.10:946][  0]LogTemp:Display: Loaded TP Android_ATCTargetPlatform
[2021.10.15-00.46.11:019][  0]LogTemp:Display: Loaded TP Android_DXTTargetPlatform
[2021.10.15-00.46.11:096][  0]LogTemp:Display: Loaded TP Android_ETC1TargetPlatform
[2021.10.15-00.46.11:159][  0]LogTemp:Display: Loaded TP Android_ETC2TargetPlatform
[2021.10.15-00.46.11:312][  0]LogTemp:Display: Loaded TP Android_MultiTargetPlatform
[2021.10.15-00.46.11:312][  0]LogTemp:Display: Loaded TP Android_PVRTCTargetPlatform
[2021.10.15-00.46.11:353][  0]LogTemp:Display: Loaded TP HTML5TargetPlatform
[2021.10.15-00.46.11:562][  0]LogTemp:Display: Loaded TP IOSTargetPlatform
[2021.10.15-00.46.11:602][  0]LogTemp:Display: Loaded TP TVOSTargetPlatform
[2021.10.15-00.46.11:659][  0]LogTemp:Display: Loaded TP LinuxClientTargetPlatform
[2021.10.15-00.46.11:720][  0]LogTemp:Display: Loaded TP LinuxNoEditorTargetPlatform
[2021.10.15-00.46.11:776][  0]LogTemp:Display: Loaded TP LinuxServerTargetPlatform
[2021.10.15-00.46.11:870][  0]LogTemp:Display: Loaded TP LinuxTargetPlatform
[2021.10.15-00.46.11:870][  0]LogTargetPlatformManager:Display: Building Assets For Windows
[2021.10.15-00.46.13:202][  0]LogDerivedDataCache:Display: Max Cache Size: 512 MB
[2021.10.15-00.46.13:429][  0]LogDerivedDataCache: Loaded boot cache 0.23s 50MB C:/Users/jerye/AppData/Local/UnrealEngine/4.14/DerivedDataCache/Boot.ddc.
[2021.10.15-00.46.13:429][  0]LogDerivedDataCache:Display: Loaded Boot cache: C:/Users/jerye/AppData/Local/UnrealEngine/4.14/DerivedDataCache/Boot.ddc
[2021.10.15-00.46.13:429][  0]LogDerivedDataCache: FDerivedDataBackendGraph:  Pak pak cache file ../../../../../GitHub Projects/Udemy_Unreal/Udemy_Pinball/Udemy_Pinball/Pinball/DerivedDataCache/DDC.ddp not found, will not use a pak cache.
[2021.10.15-00.46.13:429][  0]LogDerivedDataCache: Unable to find inner node Pak for hierarchical cache Hierarchy.
[2021.10.15-00.46.13:429][  0]LogDerivedDataCache: FDerivedDataBackendGraph:  CompressedPak pak cache file ../../../../../GitHub Projects/Udemy_Unreal/Udemy_Pinball/Udemy_Pinball/Pinball/DerivedDataCache/Compressed.ddp not found, will not use a pak cache.
[2021.10.15-00.46.13:429][  0]LogDerivedDataCache: Unable to find inner node CompressedPak for hierarchical cache Hierarchy.
[2021.10.15-00.46.13:493][  0]LogDerivedDataCache:Display: Pak cache opened for reading ../../../Engine/DerivedDataCache/Compressed.ddp.
[2021.10.15-00.46.13:506][  0]LogDerivedDataCache: Using Local data cache path C:/Users/jerye/AppData/Local/UnrealEngine/Common/DerivedDataCache: Writable
[2021.10.15-00.46.25:323][  0]LogInit: Selected Device Profile: [Windows]
[2021.10.15-00.46.25:372][  0]LogContentStreaming: Texture pool size is 0.00 MB
[2021.10.15-00.46.26:346][  0]LogMeshUtilities: Using QuadricMeshReduction for automatic static mesh reduction
[2021.10.15-00.46.26:465][  0]LogSimplygon: Simplygon DLL not present - disabling.
[2021.10.15-00.46.26:547][  0]LogMeshUtilities: Using SimplygonSwarm for distributed automatic mesh merging
[2021.10.15-00.46.26:547][  0]LogMeshUtilities: No automatic skeletal mesh reduction module available
[2021.10.15-00.46.26:547][  0]LogMeshUtilities: No automatic mesh merging module available
[2021.10.15-00.46.33:881][  0]LogNetVersion: GetLocalNetworkVersion: CL: 3195953, ProjectName: pinball, ProjectVersion: , EngineNetworkVersion: 2, GameNetworkVersion: 0, NetworkChecksum: 1748929517
[2021.10.15-00.46.34:112][  0]LogAssetRegistry: FAssetRegistry took 0.0255 seconds to start up
[2021.10.15-00.46.34:371][  0]LogPackageLocalizationCache: Processed 3 localized package path(s) for 2 prioritized culture(s) in 0.115491 seconds
[2021.10.15-00.46.34:387][  0]LogUObjectArray: 31946 objects as part of root set at end of initial load.
[2021.10.15-00.46.34:387][  0]LogUObjectAllocator: 6935840 out of 0 bytes used by permanent object pool.
[2021.10.15-00.46.34:387][  0]LogUObjectArray: CloseDisregardForGC: 0/0 objects in disregard for GC pool
[2021.10.15-00.46.34:466][  0]LogInit: WinSock: version 1.1 (2.2), MaxSocks=32767, MaxUdp=65467
[2021.10.15-00.46.39:002][  0]LogSlate: Using Freetype 2.6.0
[2021.10.15-00.46.39:089][  0]LogSlate: SlateFontCache - WITH_FREETYPE: 1, WITH_HARFBUZZ: 1
[2021.10.15-00.46.39:089][  0]LogSlate: SlateFontCache - WITH_FREETYPE: 1, WITH_HARFBUZZ: 1
[2021.10.15-00.46.56:318][  0]LogTcpMessaging: Initializing TcpMessaging bridge
[2021.10.15-00.46.56:377][  0]LogUdpMessaging: Initializing bridge on interface 0.0.0.0:0 to multicast group 230.0.0.1:6666.
[2021.10.15-00.46.57:523][  0]LogMaterial: Uniform references updated for custom material expression Custom.
[2021.10.15-00.46.58:494][  0]SourceControl: Info Source control is disabled
[2021.10.15-00.46.58:504][  0]SourceControl: Info Source control is disabled
[2021.10.15-00.46.58:605][  0]SourceControl: Info Source control is disabled
[2021.10.15-00.46.58:690][  0]SourceControl: Info Source control is disabled
[2021.10.15-00.47.01:544][  0]LogEngine: Initializing Engine...
[2021.10.15-00.47.01:607][  0]LogHMD: Failed to initialize OpenVR with code 110
[2021.10.15-00.47.02:764][  0]LogAIModule: Creating AISystem for world Untitled
[2021.10.15-00.47.02:940][  0]LogInit: XAudio2 using 'Headphones (Arctis 5 Game)' : 2 channels at 48 kHz using 16 bits per sample (channel mask 0x3)
[2021.10.15-00.47.03:003][  0]LogInit: FAudioDevice initialized.
[2021.10.15-00.47.03:038][  0]LogDerivedDataCache: Saved boot cache 0.03s 50MB C:/Users/jerye/AppData/Local/UnrealEngine/4.14/DerivedDataCache/Boot.ddc.
[2021.10.15-00.47.03:048][  0]LogInit: Texture streaming: Enabled
[2021.10.15-00.47.04:143][  0]LogInit: Transaction tracking system initialized
[2021.10.15-00.47.04:828][  0]BlueprintLog: New page: Editor Load
[2021.10.15-00.47.06:846][  0]LocalizationService: Info Localization service is disabled
[2021.10.15-00.47.08:125][  0]LogConsoleResponse:Display: 
[2021.10.15-00.47.09:797][  0]LogFileCache: Scanning file cache for directory 'D:/GitHub Projects/Udemy_Unreal/Udemy_Pinball/Udemy_Pinball/Pinball/Content/' took 0.02s
[2021.10.15-00.47.09:797][  0]LogCook:Display: Max memory allowance for cook 16384mb min free memory 0mb
[2021.10.15-00.47.09:797][  0]LogCook:Display: Mobile HDR setting 1
[2021.10.15-00.47.13:187][  0]SourceControl: Info Source control is disabled
[2021.10.15-00.47.13:221][  0]Cmd: MAP LOAD FILE="../../../../../GitHub Projects/Udemy_Unreal/Udemy_Pinball/Udemy_Pinball/Pinball/Content/Maps/MainLevel.umap" TEMPLATE=0 SHOWPROGRESS=1 FEATURELEVEL=3
[2021.10.15-00.47.13:240][  0]LightingResults: New page: Lighting Build
[2021.10.15-00.47.13:412][  0]MapCheck: New page: Map Check
[2021.10.15-00.47.13:412][  0]LightingResults: New page: Lighting Build
[2021.10.15-00.47.15:675][  0]LogAIModule: Creating AISystem for world MainLevel
[2021.10.15-00.47.16:185][  0]LogEditorServer: Finished looking for orphan Actors (0.000 secs)
[2021.10.15-00.47.16:203][  0]Cmd: MAP CHECKDEP NOCLEARLOG
[2021.10.15-00.47.16:278][  0]MapCheck: Info Map check complete: 0 Error(s), 0 Warning(s), took 74.313ms to complete.
[2021.10.15-00.47.16:278][  0]LogFileHelpers: Loading map 'MainLevel' took 3.063
[2021.10.15-00.47.17:685][  0]LogCollectionManager: Loaded 0 collections in 0.001538 seconds
[2021.10.15-00.47.17:895][  0]LogFileCache: Scanning file cache for directory 'D:/GitHub Projects/Udemy_Unreal/Udemy_Pinball/Udemy_Pinball/Pinball/Saved/Collections/' took 0.01s
[2021.10.15-00.47.17:895][  0]LogFileCache: Scanning file cache for directory 'D:/GitHub Projects/Udemy_Unreal/Udemy_Pinball/Udemy_Pinball/Pinball/Content/Developers/jerye/Collections/' took 0.01s
[2021.10.15-00.47.17:895][  0]LogFileCache: Scanning file cache for directory 'D:/GitHub Projects/Udemy_Unreal/Udemy_Pinball/Udemy_Pinball/Pinball/Content/Collections/' took 0.01s
[2021.10.15-00.47.17:895][  0]LogCollectionManager: Rebuilt the GUID cache for 0 collections in 0.000002 seconds
[2021.10.15-00.47.17:922][  0]LogContentBrowser: Native class hierarchy populated in 0.0208 seconds. Added 2190 classes and 428 folders.
[2021.10.15-00.47.18:011][  0]LogStats: UGameplayTagsManager::ConstructGameplayTagTree: Construct from data asset -  0.000 s
[2021.10.15-00.47.18:011][  0]LogStats: UGameplayTagsManager::ConstructGameplayTagTree: GameplayTagTreeChangedEvent.Broadcast -  0.000 s
[2021.10.15-00.47.18:013][  0]LogContentBrowser: Native class hierarchy updated for 'GameplayTags' in 0.0011 seconds. Added 13 classes and 0 folders.
[2021.10.15-00.47.18:118][  0]LogContentBrowser: Native class hierarchy updated for 'WidgetCarousel' in 0.0007 seconds. Added 0 classes and 0 folders.
[2021.10.15-00.47.19:491][  0]LogContentBrowser: Native class hierarchy updated for 'AddContentDialog' in 0.0009 seconds. Added 0 classes and 0 folders.
[2021.10.15-00.47.19:643][  0]LogContentBrowser: Native class hierarchy updated for 'SceneOutliner' in 0.0010 seconds. Added 1 classes and 2 folders.
[2021.10.15-00.47.21:574][  0]LogCrashTracker: Crashtracker disabled due to settings.
[2021.10.15-00.47.21:751][  0]LogUObjectGlobals:Warning: Failed to find object 'Class None.'
[2021.10.15-00.47.21:962][  0]LogContentBrowser: Native class hierarchy updated for 'HierarchicalLODOutliner' in 0.0010 seconds. Added 1 classes and 2 folders.
[2021.10.15-00.47.21:962][  0]LogLoad: (Engine Initialization) Total time: 100.47 seconds
[2021.10.15-00.47.21:962][  0]LogLoad: (Engine Initialization) Total Blueprint compile time: 0.76 seconds
[2021.10.15-00.47.21:962][  0]LogExternalProfiler: No external profilers were discovered.  External profiling features will not be available.
[2021.10.15-00.47.22:317][  0]LogOcInput: OculusInput pre-init called
[2021.10.15-00.47.22:481][  0]LogContentStreaming: Texture pool size now 1000 MB
[2021.10.15-00.47.23:637][  0]LogRenderer: Reallocating scene render targets to support 1172x576 NumSamples 1 (Frame:2).
[2021.10.15-00.47.24:388][  2]LogAssetRegistry: Asset discovery search completed in 50.2990 seconds
[2021.10.15-00.47.24:394][  2]LogCollectionManager: Rebuilt the object cache for 0 collections in 0.000001 seconds (found 0 objects)
[2021.10.15-00.47.24:395][  2]LogCollectionManager: Fixed up redirectors for 0 collections in 0.006710 seconds (updated 0 objects)
[2021.10.15-01.43.48:153][373]LogContentBrowser: Native class hierarchy updated for 'BlueprintGraph' in 0.0011 seconds. Added 111 classes and 0 folders.
[2021.10.15-02.04.08:560][ 93]LogFileHelpers: Editor autosave (incl. sublevels) for '/Game/Maps/MainLevel' took 0.223
[2021.10.15-02.04.08:581][ 93]OBJ SavePackage: Generating thumbnails for [1] asset(s) in package [/Game/Blueprints/BP_Plunger] ([1] browsable assets)...
[2021.10.15-02.04.08:634][ 93]OBJ SavePackage:     Rendered thumbnail for [Blueprint /Game/Blueprints/BP_Plunger.BP_Plunger]
[2021.10.15-02.04.08:634][ 93]OBJ SavePackage: Finished generating thumbnails for package [/Game/Blueprints/BP_Plunger]
[2021.10.15-02.04.09:064][ 93]LogSavePackage: Save=186.92ms
[2021.10.15-02.04.09:064][ 93]LogSavePackage: Moving '../../../../../GitHub Projects/Udemy_Unreal/Udemy_Pinball/Udemy_Pinball/Pinball/Saved/BP_Plunger_Auto1AEFCD6C846C9DD77581A048FEFB7F42F.tmp' to '../../../../../GitHub Projects/Udemy_Unreal/Udemy_Pinball/Udemy_Pinball/Pinball/Saved/Autosaves/Game/Blueprints/BP_Plunger_Auto1.uasset'
[2021.10.15-02.04.09:081][ 93]LogSavePackage:Display: Finished SavePackage ../../../../../GitHub Projects/Udemy_Unreal/Udemy_Pinball/Udemy_Pinball/Pinball/Saved/Autosaves/Game/Blueprints/BP_Plunger_Auto1.uasset
[2021.10.15-02.04.09:081][ 93]LogFileHelpers: Auto-saving content packages took 0.520
[2021.10.15-02.04.44:340][561]LogEditorViewport: Clicking on Actor (LMB): BP_Ball_C (BP_Ball)
[2021.10.15-02.04.46:092][729]Cmd: DELETE
[2021.10.15-02.04.46:092][729]Cmd: ACTOR DELETE
[2021.10.15-02.04.46:358][729]LogEditorActor: Deleted Actor: BP_Ball_C
[2021.10.15-02.04.46:397][729]LogEditorActor: Deleted 1 Actors (0.074 secs)
[2021.10.15-02.04.47:473][851]LogEditorViewport: Clicking on Actor (LMB): BP_Plunger_C (BP_Plunger)
[2021.10.15-02.04.57:437][968]BlueprintLog: New page: Compile BP_Plunger
[2021.10.15-02.04.58:156][982]Cmd: OBJ SAVEPACKAGE PACKAGE="/Game/Blueprints/BP_Plunger" FILE="../../../../../GitHub Projects/Udemy_Unreal/Udemy_Pinball/Udemy_Pinball/Pinball/Content/Blueprints/BP_Plunger.uasset" SILENT=true
[2021.10.15-02.04.58:188][982]LogSavePackage: Save=24.58ms
[2021.10.15-02.04.58:188][982]LogSavePackage: Moving '../../../../../GitHub Projects/Udemy_Unreal/Udemy_Pinball/Udemy_Pinball/Pinball/Saved/BP_Plunger3CD188F645050C6E7EC5E487BA08D7A0.tmp' to '../../../../../GitHub Projects/Udemy_Unreal/Udemy_Pinball/Udemy_Pinball/Pinball/Content/Blueprints/BP_Plunger.uasset'
[2021.10.15-02.04.58:195][982]LogSavePackage:Display: Finished SavePackage ../../../../../GitHub Projects/Udemy_Unreal/Udemy_Pinball/Udemy_Pinball/Pinball/Content/Blueprints/BP_Plunger.uasset
[2021.10.15-02.07.19:287][841]BlueprintLog: New page: Compile PinballGameMode
[2021.10.15-02.07.19:889][883]Cmd: OBJ SAVEPACKAGE PACKAGE="/Game/Blueprints/PinballGameMode" FILE="../../../../../GitHub Projects/Udemy_Unreal/Udemy_Pinball/Udemy_Pinball/Pinball/Content/Blueprints/PinballGameMode.uasset" SILENT=true
[2021.10.15-02.07.19:909][883]LogSavePackage: Save=10.22ms
[2021.10.15-02.07.19:909][883]LogSavePackage: Moving '../../../../../GitHub Projects/Udemy_Unreal/Udemy_Pinball/Udemy_Pinball/Pinball/Saved/PinballGameMode006F9DFF4FF2A6181CA2BE819C586CF7.tmp' to '../../../../../GitHub Projects/Udemy_Unreal/Udemy_Pinball/Udemy_Pinball/Pinball/Content/Blueprints/PinballGameMode.uasset'
[2021.10.15-02.07.19:918][883]LogSavePackage:Display: Finished SavePackage ../../../../../GitHub Projects/Udemy_Unreal/Udemy_Pinball/Udemy_Pinball/Pinball/Content/Blueprints/PinballGameMode.uasset
[2021.10.15-02.14.23:243][275]LogSavePackage: Save=105.66ms
[2021.10.15-02.14.23:243][275]LogSavePackage: Moving '../../../../../GitHub Projects/Udemy_Unreal/Udemy_Pinball/Udemy_Pinball/Pinball/Saved/MainLevel_Auto2C8CE19974AC4C8C3820ED0BE04258A60.tmp' to '../../../../../GitHub Projects/Udemy_Unreal/Udemy_Pinball/Udemy_Pinball/Pinball/Saved/Autosaves/Game/Maps/MainLevel_Auto2.umap'
[2021.10.15-02.14.23:246][275]LogSavePackage:Display: Finished SavePackage ../../../../../GitHub Projects/Udemy_Unreal/Udemy_Pinball/Udemy_Pinball/Pinball/Saved/Autosaves/Game/Maps/MainLevel_Auto2.umap
[2021.10.15-02.14.23:272][275]LogFileHelpers: Editor autosave (incl. sublevels) for '/Game/Maps/MainLevel' took 0.230
[2021.10.15-02.14.23:272][275]LogFileHelpers: Editor autosave (incl. sublevels) for all levels took 0.230
[2021.10.15-02.19.52:982][987]BlueprintLog: New page: Compile PinballGameMode
[2021.10.15-02.19.53:679][ 55]Cmd: OBJ SAVEPACKAGE PACKAGE="/Game/Blueprints/PinballGameMode" FILE="../../../../../GitHub Projects/Udemy_Unreal/Udemy_Pinball/Udemy_Pinball/Pinball/Content/Blueprints/PinballGameMode.uasset" SILENT=true
[2021.10.15-02.19.53:699][ 55]LogSavePackage: Save=10.82ms
[2021.10.15-02.19.53:699][ 55]LogSavePackage: Moving '../../../../../GitHub Projects/Udemy_Unreal/Udemy_Pinball/Udemy_Pinball/Pinball/Saved/PinballGameMode184B576F40A4CC6B2FDF6A8F48124389.tmp' to '../../../../../GitHub Projects/Udemy_Unreal/Udemy_Pinball/Udemy_Pinball/Pinball/Content/Blueprints/PinballGameMode.uasset'
[2021.10.15-02.19.53:706][ 55]LogSavePackage:Display: Finished SavePackage ../../../../../GitHub Projects/Udemy_Unreal/Udemy_Pinball/Udemy_Pinball/Pinball/Content/Blueprints/PinballGameMode.uasset
[2021.10.15-02.20.04:275][ 51]BlueprintLog: New page: Compile BP_Plunger
[2021.10.15-02.20.05:204][134]Cmd: OBJ SAVEPACKAGE PACKAGE="/Game/Blueprints/BP_Plunger" FILE="../../../../../GitHub Projects/Udemy_Unreal/Udemy_Pinball/Udemy_Pinball/Pinball/Content/Blueprints/BP_Plunger.uasset" SILENT=true
[2021.10.15-02.20.05:242][134]LogSavePackage: Save=27.82ms
[2021.10.15-02.20.05:242][134]LogSavePackage: Moving '../../../../../GitHub Projects/Udemy_Unreal/Udemy_Pinball/Udemy_Pinball/Pinball/Saved/BP_Plunger10940F4A40012C65A4ADE48B838E9315.tmp' to '../../../../../GitHub Projects/Udemy_Unreal/Udemy_Pinball/Udemy_Pinball/Pinball/Content/Blueprints/BP_Plunger.uasset'
[2021.10.15-02.20.05:250][134]LogSavePackage:Display: Finished SavePackage ../../../../../GitHub Projects/Udemy_Unreal/Udemy_Pinball/Udemy_Pinball/Pinball/Content/Blueprints/BP_Plunger.uasset
[2021.10.15-02.24.24:032][228]LogSavePackage: Save=55.69ms
[2021.10.15-02.24.24:032][228]LogSavePackage: Moving '../../../../../GitHub Projects/Udemy_Unreal/Udemy_Pinball/Udemy_Pinball/Pinball/Saved/MainLevel_Auto3E848A7884F14F7F572D285A07ED8A487.tmp' to '../../../../../GitHub Projects/Udemy_Unreal/Udemy_Pinball/Udemy_Pinball/Pinball/Saved/Autosaves/Game/Maps/MainLevel_Auto3.umap'
[2021.10.15-02.24.24:036][228]LogSavePackage:Display: Finished SavePackage ../../../../../GitHub Projects/Udemy_Unreal/Udemy_Pinball/Udemy_Pinball/Pinball/Saved/Autosaves/Game/Maps/MainLevel_Auto3.umap
[2021.10.15-02.24.24:040][228]LogFileHelpers: Editor autosave (incl. sublevels) for '/Game/Maps/MainLevel' took 0.106
[2021.10.15-02.24.24:040][228]LogFileHelpers: Editor autosave (incl. sublevels) for all levels took 0.106
[2021.10.15-02.24.24:045][228]OBJ SavePackage: Generating thumbnails for [0] asset(s) in package [/Game/Blueprints/PinballGameMode] ([1] browsable assets)...
[2021.10.15-02.24.24:045][228]OBJ SavePackage: Finished generating thumbnails for package [/Game/Blueprints/PinballGameMode]
[2021.10.15-02.24.24:080][228]LogSavePackage: Save=13.76ms
[2021.10.15-02.24.24:080][228]LogSavePackage: Moving '../../../../../GitHub Projects/Udemy_Unreal/Udemy_Pinball/Udemy_Pinball/Pinball/Saved/PinballGameMode_Auto3EC39E35E42201E56DE718894DB058A62.tmp' to '../../../../../GitHub Projects/Udemy_Unreal/Udemy_Pinball/Udemy_Pinball/Pinball/Saved/Autosaves/Game/Blueprints/PinballGameMode_Auto3.uasset'
[2021.10.15-02.24.24:083][228]LogSavePackage:Display: Finished SavePackage ../../../../../GitHub Projects/Udemy_Unreal/Udemy_Pinball/Udemy_Pinball/Pinball/Saved/Autosaves/Game/Blueprints/PinballGameMode_Auto3.uasset
[2021.10.15-02.24.24:083][228]LogFileHelpers: Auto-saving content packages took 0.041
[2021.10.15-02.33.12:601][944]LogSlate:Warning: Prevented a slow task dialog from being summoned while a context menu was open
[2021.10.15-02.33.29:848][965]BlueprintLog: New page: Compile PinballGameMode
[2021.10.15-02.33.30:900][ 74]Cmd: OBJ SAVEPACKAGE PACKAGE="/Game/Blueprints/PinballGameMode" FILE="../../../../../GitHub Projects/Udemy_Unreal/Udemy_Pinball/Udemy_Pinball/Pinball/Content/Blueprints/PinballGameMode.uasset" SILENT=true
[2021.10.15-02.33.30:926][ 74]LogSavePackage: Save=15.26ms
[2021.10.15-02.33.30:926][ 74]LogSavePackage: Moving '../../../../../GitHub Projects/Udemy_Unreal/Udemy_Pinball/Udemy_Pinball/Pinball/Saved/PinballGameMode7C36B8CE47E27186088A9F9E5597E932.tmp' to '../../../../../GitHub Projects/Udemy_Unreal/Udemy_Pinball/Udemy_Pinball/Pinball/Content/Blueprints/PinballGameMode.uasset'
[2021.10.15-02.33.30:934][ 74]LogSavePackage:Display: Finished SavePackage ../../../../../GitHub Projects/Udemy_Unreal/Udemy_Pinball/Udemy_Pinball/Pinball/Content/Blueprints/PinballGameMode.uasset
[2021.10.15-02.33.37:675][483]LogTemp: Repeting last play command: Selected Viewport
[2021.10.15-02.33.37:730][483]LogPlayLevel: PlayLevel: No blueprints needed recompiling
[2021.10.15-02.33.37:856][483]PIE: New page: PIE session: MainLevel (Oct 14, 2021, 6:33:37 PM)
[2021.10.15-02.33.37:864][483]LogPlayLevel: Creating play world package: /Game/Maps/UEDPIE_0_MainLevel
[2021.10.15-02.33.37:918][483]LogPlayLevel: PIE: StaticDuplicateObject took: (0.053763s)
[2021.10.15-02.33.37:919][483]LogAIModule: Creating AISystem for world MainLevel
[2021.10.15-02.33.37:937][483]LogPlayLevel: PIE: World Init took: (0.019246s)
[2021.10.15-02.33.37:951][483]LogPlayLevel: PIE: Created PIE world by copying editor world from /Game/Maps/MainLevel.MainLevel to /Game/Maps/UEDPIE_0_MainLevel.MainLevel (0.086816s)
[2021.10.15-02.33.38:049][483]LogInit: XAudio2 using 'Headphones (Arctis 5 Game)' : 2 channels at 48 kHz using 16 bits per sample (channel mask 0x3)
[2021.10.15-02.33.38:086][483]LogInit: FAudioDevice initialized.
[2021.10.15-02.33.38:325][483]LogLoad: Game class is 'PinballGameMode_C'
[2021.10.15-02.33.38:457][483]LogWorld: Bringing World /Game/Maps/UEDPIE_0_MainLevel.MainLevel up for play (max tick rate 0) at 2021.10.14-22.33.38
[2021.10.15-02.33.38:515][483]LogWorld: Bringing up level for play took: 0.064424
[2021.10.15-02.33.38:792][483]LogContentBrowser: Native class hierarchy updated for 'MovieSceneCapture' in 0.0010 seconds. Added 11 classes and 0 folders.
[2021.10.15-02.33.38:894][483]PIE: Info Play in editor start time for /Game/Maps/UEDPIE_0_MainLevel 0.976
[2021.10.15-02.33.51:726][866]LogTemp: Repeting last play command: Selected Viewport
[2021.10.15-02.33.51:741][866]LogPlayLevel: PlayLevel: No blueprints needed recompiling
[2021.10.15-02.33.51:741][866]PIE: New page: PIE session: MainLevel (Oct 14, 2021, 6:33:51 PM)
[2021.10.15-02.33.51:741][866]LogPlayLevel: Creating play world package: /Game/Maps/UEDPIE_0_MainLevel
[2021.10.15-02.33.51:747][866]LogPlayLevel: PIE: StaticDuplicateObject took: (0.005846s)
[2021.10.15-02.33.51:748][866]LogAIModule: Creating AISystem for world MainLevel
[2021.10.15-02.33.51:748][866]LogPlayLevel: PIE: World Init took: (0.000666s)
[2021.10.15-02.33.51:748][866]LogPlayLevel: PIE: Created PIE world by copying editor world from /Game/Maps/MainLevel.MainLevel to /Game/Maps/UEDPIE_0_MainLevel.MainLevel (0.006725s)
[2021.10.15-02.33.51:826][866]LogInit: XAudio2 using 'Headphones (Arctis 5 Game)' : 2 channels at 48 kHz using 16 bits per sample (channel mask 0x3)
[2021.10.15-02.33.51:846][866]LogInit: FAudioDevice initialized.
[2021.10.15-02.33.51:891][866]LogLoad: Game class is 'PinballGameMode_C'
[2021.10.15-02.33.51:893][866]LogWorld: Bringing World /Game/Maps/UEDPIE_0_MainLevel.MainLevel up for play (max tick rate 0) at 2021.10.14-22.33.51
[2021.10.15-02.33.51:893][866]LogWorld: Bringing up level for play took: 0.001180
[2021.10.15-02.33.51:895][866]PIE: Info Play in editor start time for /Game/Maps/UEDPIE_0_MainLevel -0.023
[2021.10.15-02.33.59:593][758]LogTemp: Repeting last play command: Selected Viewport
[2021.10.15-02.33.59:608][758]LogPlayLevel: PlayLevel: No blueprints needed recompiling
[2021.10.15-02.33.59:609][758]PIE: New page: PIE session: MainLevel (Oct 14, 2021, 6:33:59 PM)
[2021.10.15-02.33.59:609][758]LogPlayLevel: Creating play world package: /Game/Maps/UEDPIE_0_MainLevel
[2021.10.15-02.33.59:614][758]LogPlayLevel: PIE: StaticDuplicateObject took: (0.004897s)
[2021.10.15-02.33.59:614][758]LogAIModule: Creating AISystem for world MainLevel
[2021.10.15-02.33.59:614][758]LogPlayLevel: PIE: World Init took: (0.000527s)
[2021.10.15-02.33.59:614][758]LogPlayLevel: PIE: Created PIE world by copying editor world from /Game/Maps/MainLevel.MainLevel to /Game/Maps/UEDPIE_0_MainLevel.MainLevel (0.005613s)
[2021.10.15-02.33.59:679][758]LogInit: XAudio2 using 'Headphones (Arctis 5 Game)' : 2 channels at 48 kHz using 16 bits per sample (channel mask 0x3)
[2021.10.15-02.33.59:694][758]LogInit: FAudioDevice initialized.
[2021.10.15-02.33.59:732][758]LogLoad: Game class is 'PinballGameMode_C'
[2021.10.15-02.33.59:735][758]LogWorld: Bringing World /Game/Maps/UEDPIE_0_MainLevel.MainLevel up for play (max tick rate 0) at 2021.10.14-22.33.59
[2021.10.15-02.33.59:736][758]LogWorld: Bringing up level for play took: 0.002708
[2021.10.15-02.33.59:737][758]PIE: Info Play in editor start time for /Game/Maps/UEDPIE_0_MainLevel -0.18
[2021.10.15-02.34.40:918][930]LogEditorViewport: Clicking on Actor (LMB): BP_Sky_Sphere_C (Sky Sphere)
[2021.10.15-02.36.37:338][375]LogFileHelpers: Editor autosave (incl. sublevels) for '/Game/Maps/MainLevel' took 0.019
[2021.10.15-02.36.37:342][375]OBJ SavePackage: Generating thumbnails for [0] asset(s) in package [/Game/Blueprints/PinballGameMode] ([1] browsable assets)...
[2021.10.15-02.36.37:342][375]OBJ SavePackage: Finished generating thumbnails for package [/Game/Blueprints/PinballGameMode]
[2021.10.15-02.36.37:367][375]LogSavePackage: Save=17.28ms
[2021.10.15-02.36.37:367][375]LogSavePackage: Moving '../../../../../GitHub Projects/Udemy_Unreal/Udemy_Pinball/Udemy_Pinball/Pinball/Saved/PinballGameMode_Auto43AFC7ADF4C859828C8E641AB9C9722C2.tmp' to '../../../../../GitHub Projects/Udemy_Unreal/Udemy_Pinball/Udemy_Pinball/Pinball/Saved/Autosaves/Game/Blueprints/PinballGameMode_Auto4.uasset'
[2021.10.15-02.36.37:371][375]LogSavePackage:Display: Finished SavePackage ../../../../../GitHub Projects/Udemy_Unreal/Udemy_Pinball/Udemy_Pinball/Pinball/Saved/Autosaves/Game/Blueprints/PinballGameMode_Auto4.uasset
[2021.10.15-02.36.37:371][375]LogFileHelpers: Auto-saving content packages took 0.032
[2021.10.15-02.50.56:646][887]BlueprintLog: New page: Compile PinballGameMode
[2021.10.15-02.50.57:256][946]Cmd: OBJ SAVEPACKAGE PACKAGE="/Game/Blueprints/PinballGameMode" FILE="../../../../../GitHub Projects/Udemy_Unreal/Udemy_Pinball/Udemy_Pinball/Pinball/Content/Blueprints/PinballGameMode.uasset" SILENT=true
[2021.10.15-02.50.57:279][946]LogSavePackage: Save=14.39ms
[2021.10.15-02.50.57:279][946]LogSavePackage: Moving '../../../../../GitHub Projects/Udemy_Unreal/Udemy_Pinball/Udemy_Pinball/Pinball/Saved/PinballGameMode9EFD374249AF5BF0249540B479CFDCF0.tmp' to '../../../../../GitHub Projects/Udemy_Unreal/Udemy_Pinball/Udemy_Pinball/Pinball/Content/Blueprints/PinballGameMode.uasset'
[2021.10.15-02.50.57:285][946]LogSavePackage:Display: Finished SavePackage ../../../../../GitHub Projects/Udemy_Unreal/Udemy_Pinball/Udemy_Pinball/Pinball/Content/Blueprints/PinballGameMode.uasset
[2021.10.15-02.51.15:859][847]LogRenderer: Reallocating scene render targets to support 1172x712 NumSamples 1 (Frame:12896).
[2021.10.15-02.52.04:842][ 54]BlueprintLog: New page: Compile BP_BallResetZone
[2021.10.15-02.52.05:668][128]LogSavePackage: Save=10.53ms
[2021.10.15-02.52.05:668][128]LogSavePackage: Moving '../../../../../GitHub Projects/Udemy_Unreal/Udemy_Pinball/Udemy_Pinball/Pinball/Saved/BP_BallResetZoneAEF0953742E387DFB6332CB904935144.tmp' to '../../../../../GitHub Projects/Udemy_Unreal/Udemy_Pinball/Udemy_Pinball/Pinball/Content/Blueprints/BP_BallResetZone.uasset'
[2021.10.15-02.52.05:674][128]LogSavePackage:Display: Finished SavePackage ../../../../../GitHub Projects/Udemy_Unreal/Udemy_Pinball/Udemy_Pinball/Pinball/Content/Blueprints/BP_BallResetZone.uasset
[2021.10.15-02.52.22:743][546]LogEditorViewport: Clicking on Actor (LMB): BP_BallResetZone_C (BP_BallResetZone)
[2021.10.15-02.52.33:905][235]LogEditorViewport: Clicking on Actor (context menu): BP_BallResetZone_C (BP_BallResetZone)
[2021.10.15-02.52.46:770][716]LogTemp: Repeting last play command: Selected Viewport
[2021.10.15-02.52.46:784][716]LogPlayLevel: PlayLevel: No blueprints needed recompiling
[2021.10.15-02.52.46:784][716]PIE: New page: PIE session: MainLevel (Oct 14, 2021, 6:52:46 PM)
[2021.10.15-02.52.46:784][716]LogPlayLevel: Creating play world package: /Game/Maps/UEDPIE_0_MainLevel
[2021.10.15-02.52.46:789][716]LogPlayLevel: PIE: StaticDuplicateObject took: (0.004495s)
[2021.10.15-02.52.46:790][716]LogAIModule: Creating AISystem for world MainLevel
[2021.10.15-02.52.46:790][716]LogPlayLevel: PIE: World Init took: (0.000933s)
[2021.10.15-02.52.46:790][716]LogPlayLevel: PIE: Created PIE world by copying editor world from /Game/Maps/MainLevel.MainLevel to /Game/Maps/UEDPIE_0_MainLevel.MainLevel (0.005771s)
[2021.10.15-02.52.46:843][716]LogInit: XAudio2 using 'Headphones (Arctis 5 Game)' : 2 channels at 48 kHz using 16 bits per sample (channel mask 0x3)
[2021.10.15-02.52.46:858][716]LogInit: FAudioDevice initialized.
[2021.10.15-02.52.46:888][716]LogLoad: Game class is 'PinballGameMode_C'
[2021.10.15-02.52.46:890][716]LogWorld: Bringing World /Game/Maps/UEDPIE_0_MainLevel.MainLevel up for play (max tick rate 0) at 2021.10.14-22.52.46
[2021.10.15-02.52.46:924][716]LogWorld: Bringing up level for play took: 0.035781
[2021.10.15-02.52.46:926][716]PIE: Info Play in editor start time for /Game/Maps/UEDPIE_0_MainLevel 1.008
[2021.10.15-02.53.10:694][991]LogSavePackage: Save=43.87ms
[2021.10.15-02.53.10:694][991]LogSavePackage: Moving '../../../../../GitHub Projects/Udemy_Unreal/Udemy_Pinball/Udemy_Pinball/Pinball/Saved/MainLevel47FBE83B464151D13E19C48B7847B421.tmp' to '../../../../../GitHub Projects/Udemy_Unreal/Udemy_Pinball/Udemy_Pinball/Pinball/Content/Maps/MainLevel.umap'
[2021.10.15-02.53.10:701][991]LogSavePackage:Display: Finished SavePackage ../../../../../GitHub Projects/Udemy_Unreal/Udemy_Pinball/Udemy_Pinball/Pinball/Content/Maps/MainLevel.umap
[2021.10.15-02.53.10:732][991]LogFileHelpers: Saving map 'MainLevel' took 0.172
[2021.10.15-02.53.15:462][529]LogActorComponent: UnregisterComponent: (/Engine/Transient.EditorFloorComp) Not registered. Aborting.
[2021.10.15-02.53.15:509][529]LogActorComponent: UnregisterComponent: (/Engine/Transient.EditorFloorComp) Not registered. Aborting.
[2021.10.15-02.53.15:949][530]Cmd: QUIT_EDITOR
[2021.10.15-02.53.16:426][530]LogWindowsTextInputMethodSystem:Display: IME system now deactivated.
[2021.10.15-02.53.16:497][530]LogExit: Preparing to exit.
[2021.10.15-02.53.17:963][530]LogDirectoryWatcher: A directory notification for 'D:/GitHub Projects/Udemy_Unreal/Udemy_Pinball/Udemy_Pinball/Pinball/Content/' was aborted.
[2021.10.15-02.53.18:093][530]LogExit: Editor shut down
[2021.10.15-02.53.18:093][530]LogExit: Transaction tracking system shut down
[2021.10.15-02.53.19:923][530]LogObj: Freed 0b from 0 cluster array pools.
[2021.10.15-02.53.19:924][530]LogExit: Object subsystem successfully closed.
[2021.10.15-02.53.20:161][530]LogD3D11RHI: Shutdown
[2021.10.15-02.53.20:171][530]LogD3D11RHI: CleanupD3DDevice
[2021.10.15-02.53.20:330][530]LogD3D11RHI: ~FD3D11DynamicRHI
[2021.10.15-02.53.21:179][530]LogHttp:Display: Http module shutting down, but needs to wait on 1 outstanding Http requests:
[2021.10.15-02.53.21:179][530]LogHttp:Display: 	verb=[POST] url=[https://datarouter.ol.epicgames.com/datarouter/api/v1/public/data?SessionID=%7B3AB4F664-4AD3-62BD-B228-A896083B8E9A%7D&AppID=UEEditor.Rocket.Release&AppVersion=4.14.3-3249277%2B%2B%2BUE4%2BRelease-4.14&UserID=dd55dcd44d4de2f3f5b041b7246e1094%7Cf5476c74213e466690d5d7ff3df1aed1%7C051aa251-e9c6-4825-b070-34c45b984ebd&AppEnvironment=datacollector-binary&UploadType=eteventstream] status=Processing
[2021.10.15-02.53.21:278][530]LogModuleManager: Shutting down and abandoning module MovieSceneCapture (244)
[2021.10.15-02.53.21:288][530]LogModuleManager: Shutting down and abandoning module BlueprintGraph (243)
[2021.10.15-02.53.21:288][530]LogModuleManager: Shutting down and abandoning module BlueprintProfiler (242)
[2021.10.15-02.53.21:303][530]LogModuleManager: Shutting down and abandoning module HierarchicalLODOutliner (241)
[2021.10.15-02.53.21:314][530]LogModuleManager: Shutting down and abandoning module CrashTracker (240)
[2021.10.15-02.53.21:326][530]LogModuleManager: Shutting down and abandoning module SceneOutliner (239)
[2021.10.15-02.53.21:326][530]LogModuleManager: Shutting down and abandoning module WidgetCarousel (238)
[2021.10.15-02.53.21:326][530]LogModuleManager: Shutting down and abandoning module AddContentDialog (237)
[2021.10.15-02.53.21:356][530]LogDirectoryWatcher: A directory notification for 'D:/EpicGames/UE_4.14/FeaturePacks/' was aborted.
[2021.10.15-02.53.21:357][530]LogModuleManager: Shutting down and abandoning module GameplayTags (236)
[2021.10.15-02.53.21:357][530]LogModuleManager: Shutting down and abandoning module EditorWidgets (235)
[2021.10.15-02.53.21:357][530]LogModuleManager: Shutting down and abandoning module CollectionManager (234)
[2021.10.15-02.53.21:372][530]LogDirectoryWatcher: A directory notification for 'D:/GitHub Projects/Udemy_Unreal/Udemy_Pinball/Udemy_Pinball/Pinball/Content/Collections/' was aborted.
[2021.10.15-02.53.21:372][530]LogDirectoryWatcher: A directory notification for 'D:/GitHub Projects/Udemy_Unreal/Udemy_Pinball/Udemy_Pinball/Pinball/Content/Developers/jerye/Collections/' was aborted.
[2021.10.15-02.53.21:372][530]LogDirectoryWatcher: A directory notification for 'D:/GitHub Projects/Udemy_Unreal/Udemy_Pinball/Udemy_Pinball/Pinball/Saved/Collections/' was aborted.
[2021.10.15-02.53.21:372][530]LogModuleManager: Shutting down and abandoning module StatsViewer (233)
[2021.10.15-02.53.21:391][530]LogModuleManager: Shutting down and abandoning module FoliageEdit (232)
[2021.10.15-02.53.21:406][530]LogModuleManager: Shutting down and abandoning module LandscapeEditor (231)
[2021.10.15-02.53.21:422][530]LogModuleManager: Shutting down and abandoning module SceneDepthPickerMode (230)
[2021.10.15-02.53.21:422][530]LogModuleManager: Shutting down and abandoning module ActorPickerMode (229)
[2021.10.15-02.53.21:422][530]LogModuleManager: Shutting down and abandoning module GeometryMode (228)
[2021.10.15-02.53.21:422][530]LogModuleManager: Shutting down and abandoning module TextureAlignMode (227)
[2021.10.15-02.53.21:422][530]LogModuleManager: Shutting down and abandoning module BspMode (226)
[2021.10.15-02.53.21:431][530]LogModuleManager: Shutting down and abandoning module HardwareSurvey (225)
[2021.10.15-02.53.21:437][530]LogModuleManager: Shutting down and abandoning module SequenceRecorderSections (224)
[2021.10.15-02.53.21:446][530]LogModuleManager: Shutting down and abandoning module AutomationWorker (223)
[2021.10.15-02.53.21:460][530]LogModuleManager: Shutting down and abandoning module MatineeToLevelSequence (222)
[2021.10.15-02.53.21:460][530]LogModuleManager: Shutting down and abandoning module PlacementMode (221)
[2021.10.15-02.53.21:471][530]LogModuleManager: Shutting down and abandoning module LevelSequenceEditor (220)
[2021.10.15-02.53.21:489][530]LogModuleManager: Shutting down and abandoning module WmfMediaFactory (219)
[2021.10.15-02.53.21:489][530]LogModuleManager: Shutting down and abandoning module WmfMediaEditor (218)
[2021.10.15-02.53.21:489][530]LogModuleManager: Shutting down and abandoning module AvfMediaFactory (217)
[2021.10.15-02.53.21:489][530]LogModuleManager: Shutting down and abandoning module AvfMediaEditor (216)
[2021.10.15-02.53.21:489][530]LogModuleManager: Shutting down and abandoning module Media (215)
[2021.10.15-02.53.21:489][530]LogModuleManager: Shutting down and abandoning module AndroidMediaFactory (214)
[2021.10.15-02.53.21:489][530]LogModuleManager: Shutting down and abandoning module AndroidMediaEditor (213)
[2021.10.15-02.53.21:489][530]LogModuleManager: Shutting down and abandoning module CharacterAI (212)
[2021.10.15-02.53.21:489][530]LogModuleManager: Shutting down and abandoning module SequenceRecorder (211)
[2021.10.15-02.53.21:528][530]LogModuleManager: Shutting down and abandoning module AudioCapture (210)
[2021.10.15-02.53.21:528][530]LogModuleManager: Shutting down and abandoning module SmartSnapping (209)
[2021.10.15-02.53.21:528][530]LogModuleManager: Shutting down and abandoning module SessionServices (208)
[2021.10.15-02.53.21:528][530]LogModuleManager: Shutting down and abandoning module ViewportSnapping (207)
[2021.10.15-02.53.21:528][530]LogModuleManager: Shutting down and abandoning module ViewportInteraction (206)
[2021.10.15-02.53.21:528][530]LogModuleManager: Shutting down and abandoning module LogVisualizer (205)
[2021.10.15-02.53.21:543][530]LogModuleManager: Shutting down and abandoning module GameProjectGeneration (204)
[2021.10.15-02.53.21:563][530]LogModuleManager: Shutting down and abandoning module IntroTutorials (203)
[2021.10.15-02.53.21:572][530]LogModuleManager: Shutting down and abandoning module EditorLiveStreaming (202)
[2021.10.15-02.53.21:572][530]LogModuleManager: Shutting down and abandoning module IOSPlatformEditor (201)
[2021.10.15-02.53.21:593][530]LogModuleManager: Shutting down and abandoning module HTML5PlatformEditor (200)
[2021.10.15-02.53.21:593][530]LogModuleManager: Shutting down and abandoning module AndroidDeviceDetection (199)
[2021.10.15-02.53.22:114][530]LogModuleManager: Shutting down and abandoning module AndroidPlatformEditor (198)
[2021.10.15-02.53.22:251][530]LogModuleManager: Shutting down and abandoning module IOSRuntimeSettings (197)
[2021.10.15-02.53.22:251][530]LogModuleManager: Shutting down and abandoning module AndroidRuntimeSettings (196)
[2021.10.15-02.53.22:251][530]LogModuleManager: Shutting down and abandoning module InputBindingEditor (195)
[2021.10.15-02.53.22:261][530]LogModuleManager: Shutting down and abandoning module NiagaraEditor (194)
[2021.10.15-02.53.22:284][530]LogModuleManager: Shutting down and abandoning module MergeActors (193)
[2021.10.15-02.53.22:301][530]LogModuleManager: Shutting down and abandoning module SizeMap (192)
[2021.10.15-02.53.22:309][530]LogModuleManager: Shutting down and abandoning module TreeMap (191)
[2021.10.15-02.53.22:331][530]LogModuleManager: Shutting down and abandoning module ReferenceViewer (190)
[2021.10.15-02.53.22:331][530]LogModuleManager: Shutting down and abandoning module LocalizationService (189)
[2021.10.15-02.53.22:339][530]LogModuleManager: Shutting down and abandoning module LocalizationDashboard (188)
[2021.10.15-02.53.22:357][530]LogModuleManager: Shutting down and abandoning module HardwareTargeting (187)
[2021.10.15-02.53.22:369][530]LogModuleManager: Shutting down and abandoning module DeviceProfileEditor (186)
[2021.10.15-02.53.22:386][530]LogModuleManager: Shutting down and abandoning module UndoHistory (185)
[2021.10.15-02.53.22:400][530]LogModuleManager: Shutting down and abandoning module UserFeedback (184)
[2021.10.15-02.53.22:400][530]LogModuleManager: Shutting down and abandoning module XmlParser (183)
[2021.10.15-02.53.22:413][530]LogModuleManager: Shutting down and abandoning module Blutility (182)
[2021.10.15-02.53.22:421][530]LogModuleManager: Shutting down and abandoning module ProjectTargetPlatformEditor (181)
[2021.10.15-02.53.22:421][530]LogModuleManager: Shutting down and abandoning module ProjectSettingsViewer (180)
[2021.10.15-02.53.22:421][530]LogModuleManager: Shutting down and abandoning module EditorSettingsViewer (179)
[2021.10.15-02.53.22:421][530]LogModuleManager: Shutting down and abandoning module SettingsEditor (178)
[2021.10.15-02.53.22:439][530]LogModuleManager: Shutting down and abandoning module ProjectLauncher (177)
[2021.10.15-02.53.22:452][530]LogModuleManager: Shutting down and abandoning module SessionFrontend (176)
[2021.10.15-02.53.22:469][530]LogModuleManager: Shutting down and abandoning module ProfilerClient (175)
[2021.10.15-02.53.22:485][530]LogModuleManager: Shutting down and abandoning module TargetDeviceServices (174)
[2021.10.15-02.53.22:497][530]LogModuleManager: Shutting down and abandoning module DeviceManager (173)
[2021.10.15-02.53.22:578][530]LogModuleManager: Shutting down and abandoning module AutomationController (172)
[2021.10.15-02.53.22:591][530]LogModuleManager: Shutting down and abandoning module AutomationWindow (171)
[2021.10.15-02.53.22:610][530]LogModuleManager: Shutting down and abandoning module Layers (170)
[2021.10.15-02.53.22:641][530]LogModuleManager: Shutting down and abandoning module ComponentVisualizers (169)
[2021.10.15-02.53.22:641][530]LogModuleManager: Shutting down and abandoning module DetailCustomizations (168)
[2021.10.15-02.53.22:654][530]LogModuleManager: Shutting down and abandoning module PackagesDialog (167)
[2021.10.15-02.53.22:654][530]LogModuleManager: Shutting down and abandoning module AnimGraph (166)
[2021.10.15-02.53.22:654][530]LogModuleManager: Shutting down and abandoning module Persona (165)
[2021.10.15-02.53.22:712][530]LogModuleManager: Shutting down and abandoning module Kismet (164)
[2021.10.15-02.53.22:729][530]LogModuleManager: Shutting down and abandoning module GraphEditor (163)
[2021.10.15-02.53.22:729][530]LogModuleManager: Shutting down and abandoning module ClassViewer (162)
[2021.10.15-02.53.22:732][530]LogModuleManager: Shutting down and abandoning module Toolbox (161)
[2021.10.15-02.53.22:748][530]LogModuleManager: Shutting down and abandoning module ModuleUI (160)
[2021.10.15-02.53.22:769][530]LogModuleManager: Shutting down and abandoning module MovieSceneTools (159)
[2021.10.15-02.53.22:792][530]LogModuleManager: Shutting down and abandoning module OutputLog (158)
[2021.10.15-02.53.22:808][530]LogModuleManager: Shutting down and abandoning module GammaUI (157)
[2021.10.15-02.53.22:827][530]LogModuleManager: Shutting down and abandoning module Documentation (156)
[2021.10.15-02.53.22:828][530]LogModuleManager: Shutting down and abandoning module Niagara (155)
[2021.10.15-02.53.22:828][530]LogModuleManager: Shutting down and abandoning module StreamingPauseRendering (154)
[2021.10.15-02.53.22:828][530]LogModuleManager: Shutting down and abandoning module AnalyticsET (153)
[2021.10.15-02.53.22:828][530]LogModuleManager: Shutting down and abandoning module PortalServices (152)
[2021.10.15-02.53.22:828][530]LogModuleManager: Shutting down and abandoning module PortalRpc (151)
[2021.10.15-02.53.22:828][530]LogModuleManager: Shutting down and abandoning module MessagingRpc (150)
[2021.10.15-02.53.22:828][530]LogModuleManager: Shutting down and abandoning module GameplayDebugger (149)
[2021.10.15-02.53.22:840][530]LogModuleManager: Shutting down and abandoning module AITestSuite (148)
[2021.10.15-02.53.22:851][530]LogModuleManager: Shutting down and abandoning module AIModule (147)
[2021.10.15-02.53.22:851][530]LogModuleManager: Shutting down and abandoning module ProfilerService (146)
[2021.10.15-02.53.22:957][530]LogModuleManager: Shutting down and abandoning module TaskGraph (145)
[2021.10.15-02.53.23:017][530]LogModuleManager: Shutting down and abandoning module SlateRemote (144)
[2021.10.15-02.53.23:017][530]LogModuleManager: Shutting down and abandoning module SteamVRController (143)
[2021.10.15-02.53.23:017][530]LogModuleManager: Shutting down and abandoning module SteamVR (142)
[2021.10.15-02.53.23:017][530]LogModuleManager: Shutting down and abandoning module ProceduralMeshComponentEditor (141)
[2021.10.15-02.53.23:039][530]LogModuleManager: Shutting down and abandoning module ProceduralMeshComponent (140)
[2021.10.15-02.53.23:069][530]LogModuleManager: Shutting down and abandoning module OculusLibrary (139)
[2021.10.15-02.53.23:069][530]LogModuleManager: Shutting down and abandoning module OculusInput (138)
[2021.10.15-02.53.23:069][530]LogModuleManager: Shutting down and abandoning module MobilePatchingUtils (137)
[2021.10.15-02.53.23:069][530]LogModuleManager: Shutting down and abandoning module CustomMeshComponent (136)
[2021.10.15-02.53.23:069][530]LogModuleManager: Shutting down and abandoning module CableComponent (135)
[2021.10.15-02.53.23:090][530]LogModuleManager: Shutting down and abandoning module ArchVisCharacter (134)
[2021.10.15-02.53.23:090][530]LogModuleManager: Shutting down and abandoning module MediaPlayerEditor (132)
[2021.10.15-02.53.23:110][530]LogModuleManager: Shutting down and abandoning module HTML5Networking (131)
[2021.10.15-02.53.23:110][530]LogModuleManager: Shutting down and abandoning module GeometryCacheEd (130)
[2021.10.15-02.53.23:110][530]LogModuleManager: Shutting down and abandoning module GeometryCache (129)
[2021.10.15-02.53.23:110][530]LogModuleManager: Shutting down and abandoning module AlembicLibrary (128)
[2021.10.15-02.53.23:124][530]LogModuleManager: Shutting down and abandoning module AlembicImporter (127)
[2021.10.15-02.53.23:145][530]LogModuleManager: Shutting down and abandoning module SuperSearch (126)
[2021.10.15-02.53.23:145][530]LogModuleManager: Shutting down and abandoning module SuperSearchEditor (125)
[2021.10.15-02.53.23:145][530]LogModuleManager: Shutting down and abandoning module SpeedTreeImporter (124)
[2021.10.15-02.53.23:145][530]LogModuleManager: Shutting down and abandoning module PluginBrowser (123)
[2021.10.15-02.53.23:172][530]LogModuleManager: Shutting down and abandoning module MobileLauncherProfileWizard (122)
[2021.10.15-02.53.23:254][530]LogModuleManager: Shutting down and abandoning module EpicSurvey (121)
[2021.10.15-02.53.23:262][530]LogModuleManager: Shutting down and abandoning module DesktopPlatform (120)
[2021.10.15-02.53.23:262][530]LogModuleManager: Shutting down and abandoning module VisualStudioSourceCodeAccess (119)
[2021.10.15-02.53.23:264][530]LogModuleManager: Shutting down and abandoning module UObjectPlugin (118)
[2021.10.15-02.53.23:264][530]LogModuleManager: Shutting down and abandoning module SubversionSourceControl (117)
[2021.10.15-02.53.23:292][530]LogModuleManager: Shutting down and abandoning module PerforceSourceControl (116)
[2021.10.15-02.53.23:348][530]LogModuleManager: Shutting down and abandoning module SourceControl (115)
[2021.10.15-02.53.23:368][530]LogModuleManager: Shutting down and abandoning module GitSourceControl (114)
[2021.10.15-02.53.23:407][530]LogModuleManager: Shutting down and abandoning module LightPropagationVolumeEditor (113)
[2021.10.15-02.53.23:407][530]LogModuleManager: Shutting down and abandoning module PaperTiledImporter (112)
[2021.10.15-02.53.23:414][530]LogModuleManager: Shutting down and abandoning module PaperSpriteSheetImporter (111)
[2021.10.15-02.53.23:414][530]LogModuleManager: Shutting down and abandoning module MeshPaint (110)
[2021.10.15-02.53.23:414][530]LogModuleManager: Shutting down and abandoning module PixelInspectorModule (109)
[2021.10.15-02.53.23:432][530]LogModuleManager: Shutting down and abandoning module HotReload (108)
[2021.10.15-02.53.23:432][530]LogModuleManager: Shutting down and abandoning module MainFrame (107)
[2021.10.15-02.53.23:432][530]LogModuleManager: Shutting down and abandoning module LevelEditor (106)
[2021.10.15-02.53.23:442][530]LogModuleManager: Shutting down and abandoning module ContentBrowser (105)
[2021.10.15-02.53.23:443][530]LogModuleManager: Shutting down and abandoning module Paper2DEditor (104)
[2021.10.15-02.53.23:460][530]LogModuleManager: Shutting down and abandoning module UdpMessaging (103)
[2021.10.15-02.53.23:562][530]LogModuleManager: Shutting down and abandoning module TcpMessaging (102)
[2021.10.15-02.53.23:673][530]LogModuleManager: Shutting down and abandoning module LightPropagationVolumeRuntime (101)
[2021.10.15-02.53.23:673][530]LogModuleManager: Shutting down and abandoning module Paper2D (100)
[2021.10.15-02.53.23:681][530]LogModuleManager: Shutting down and abandoning module WindowsMoviePlayer (99)
[2021.10.15-02.53.23:720][530]LogModuleManager: Shutting down and abandoning module WmfMedia (98)
[2021.10.15-02.53.23:746][530]LogModuleManager: Shutting down and abandoning module MediaAssets (97)
[2021.10.15-02.53.23:746][530]LogModuleManager: Shutting down and abandoning module GameLiveStreaming (96)
[2021.10.15-02.53.23:757][530]LogModuleManager: Shutting down and abandoning module GameplayTagsEditor (95)
[2021.10.15-02.53.23:757][530]LogModuleManager: Shutting down and abandoning module VREditor (94)
[2021.10.15-02.53.23:757][530]LogModuleManager: Shutting down and abandoning module GameplayTasksEditor (93)
[2021.10.15-02.53.23:757][530]LogModuleManager: Shutting down and abandoning module BehaviorTreeEditor (92)
[2021.10.15-02.53.23:795][530]LogModuleManager: Shutting down and abandoning module FunctionalTesting (91)
[2021.10.15-02.53.23:803][530]LogModuleManager: Shutting down and abandoning module CollisionAnalyzer (90)
[2021.10.15-02.53.23:833][530]LogModuleManager: Shutting down and abandoning module Sequencer (89)
[2021.10.15-02.53.23:904][530]LogModuleManager: Shutting down and abandoning module WorkspaceMenuStructure (88)
[2021.10.15-02.53.23:904][530]LogModuleManager: Shutting down and abandoning module MessageLog (87)
[2021.10.15-02.53.23:904][530]LogModuleManager: Shutting down and abandoning module AssetTools (86)
[2021.10.15-02.53.24:053][530]LogModuleManager: Shutting down and abandoning module UMGEditor (85)
[2021.10.15-02.53.24:082][530]LogModuleManager: Shutting down and abandoning module UMG (84)
[2021.10.15-02.53.24:114][530]LogModuleManager: Shutting down and abandoning module SlateReflector (83)
[2021.10.15-02.53.24:164][530]LogModuleManager: Shutting down and abandoning module Slate (82)
[2021.10.15-02.53.24:164][530]LogModuleManager: Shutting down and abandoning module EditorStyle (81)
[2021.10.15-02.53.24:166][530]LogModuleManager: Shutting down and abandoning module SourceCodeAccess (80)
[2021.10.15-02.53.24:166][530]LogModuleManager: Shutting down and abandoning module HeadMountedDisplay (79)
[2021.10.15-02.53.24:166][530]LogModuleManager: Shutting down and abandoning module XAudio2 (78)
[2021.10.15-02.53.24:166][530]LogModuleManager: Shutting down and abandoning module Networking (76)
[2021.10.15-02.53.24:166][530]LogModuleManager: Shutting down and abandoning module Core (75)
[2021.10.15-02.53.24:166][530]LogModuleManager: Shutting down and abandoning module DirectoryWatcher (74)
[2021.10.15-02.53.24:166][530]LogDirectoryWatcher: A directory notification for '../../../Engine/Content/' was aborted.
[2021.10.15-02.53.24:166][530]LogDirectoryWatcher: A directory notification for '../../../../../GitHub Projects/Udemy_Unreal/Udemy_Pinball/Udemy_Pinball/Pinball/Content/' was aborted.
[2021.10.15-02.53.24:166][530]LogDirectoryWatcher: A directory notification for '../../../Engine/Plugins/2D/Paper2D/Content/' was aborted.
[2021.10.15-02.53.24:166][530]LogModuleManager: Shutting down and abandoning module AssetRegistry (73)
[2021.10.15-02.53.24:286][530]LogModuleManager: Shutting down and abandoning module KismetCompiler (72)
[2021.10.15-02.53.24:286][530]LogModuleManager: Shutting down and abandoning module PhysXFormats (71)
[2021.10.15-02.53.24:308][530]LogModuleManager: Shutting down and abandoning module SimplygonSwarm (70)
[2021.10.15-02.53.24:344][530]LogModuleManager: Shutting down and abandoning module SimplygonMeshReduction (69)
[2021.10.15-02.53.24:365][530]LogModuleManager: Shutting down and abandoning module QuadricMeshReduction (68)
[2021.10.15-02.53.24:380][530]LogModuleManager: Shutting down and abandoning module PropertyEditor (67)
[2021.10.15-02.53.24:380][530]LogModuleManager: Shutting down and abandoning module MeshUtilities (66)
[2021.10.15-02.53.24:416][530]LogModuleManager: Shutting down and abandoning module DerivedDataCache (65)
[2021.10.15-02.53.24:522][530]LogDerivedDataCache: Shutdown
[2021.10.15-02.53.24:523][530]LogModuleManager: Shutting down and abandoning module VulkanShaderFormat (64)
[2021.10.15-02.53.24:531][530]LogModuleManager: Shutting down and abandoning module ShaderFormatOpenGL (63)
[2021.10.15-02.53.24:551][530]LogModuleManager: Shutting down and abandoning module ShaderFormatD3D (62)
[2021.10.15-02.53.24:559][530]LogModuleManager: Shutting down and abandoning module MetalShaderFormat (61)
[2021.10.15-02.53.24:577][530]LogModuleManager: Shutting down and abandoning module TextureFormatUncompressed (60)
[2021.10.15-02.53.24:577][530]LogModuleManager: Shutting down and abandoning module TextureFormatPVR (59)
[2021.10.15-02.53.24:588][530]LogModuleManager: Shutting down and abandoning module TextureFormatDXT (58)
[2021.10.15-02.53.24:598][530]LogModuleManager: Shutting down and abandoning module TextureFormatIntelISPCTexComp (57)
[2021.10.15-02.53.24:636][530]LogModuleManager: Shutting down and abandoning module ImageWrapper (56)
[2021.10.15-02.53.24:636][530]LogModuleManager: Shutting down and abandoning module TextureFormatASTC (55)
[2021.10.15-02.53.24:636][530]LogModuleManager: Shutting down and abandoning module TextureFormatAndroid (54)
[2021.10.15-02.53.24:636][530]LogModuleManager: Shutting down and abandoning module AudioFormatOpus (53)
[2021.10.15-02.53.24:644][530]LogModuleManager: Shutting down and abandoning module AudioFormatOgg (52)
[2021.10.15-02.53.24:660][530]LogModuleManager: Shutting down and abandoning module AudioFormatADPCM (51)
[2021.10.15-02.53.24:660][530]LogModuleManager: Shutting down and abandoning module LinuxTargetPlatform (50)
[2021.10.15-02.53.24:660][530]LogModuleManager: Shutting down and abandoning module LinuxServerTargetPlatform (49)
[2021.10.15-02.53.24:672][530]LogModuleManager: Shutting down and abandoning module LinuxNoEditorTargetPlatform (48)
[2021.10.15-02.53.24:685][530]LogModuleManager: Shutting down and abandoning module LinuxClientTargetPlatform (47)
[2021.10.15-02.53.24:696][530]LogModuleManager: Shutting down and abandoning module TVOSTargetPlatform (46)
[2021.10.15-02.53.24:696][530]LogModuleManager: Shutting down and abandoning module Messaging (45)
[2021.10.15-02.53.24:696][530]LogModuleManager: Shutting down and abandoning module IOSTargetPlatform (44)
[2021.10.15-02.53.24:696][530]LogModuleManager: Shutting down and abandoning module HTML5TargetPlatform (43)
[2021.10.15-02.53.24:696][530]LogModuleManager: Shutting down and abandoning module Android_PVRTCTargetPlatform (42)
[2021.10.15-02.53.24:696][530]LogModuleManager: Shutting down and abandoning module Android_MultiTargetPlatform (41)
[2021.10.15-02.53.24:696][530]LogModuleManager: Shutting down and abandoning module Android_ETC2TargetPlatform (40)
[2021.10.15-02.53.24:696][530]LogModuleManager: Shutting down and abandoning module Android_ETC1TargetPlatform (39)
[2021.10.15-02.53.24:696][530]LogModuleManager: Shutting down and abandoning module Android_DXTTargetPlatform (38)
[2021.10.15-02.53.24:696][530]LogModuleManager: Shutting down and abandoning module Android_ATCTargetPlatform (37)
[2021.10.15-02.53.24:696][530]LogModuleManager: Shutting down and abandoning module Android_ASTCTargetPlatform (36)
[2021.10.15-02.53.24:696][530]LogModuleManager: Shutting down and abandoning module AndroidTargetPlatform (35)
[2021.10.15-02.53.24:696][530]LogModuleManager: Shutting down and abandoning module WindowsTargetPlatform (34)
[2021.10.15-02.53.24:696][530]LogModuleManager: Shutting down and abandoning module WindowsServerTargetPlatform (33)
[2021.10.15-02.53.24:704][530]LogModuleManager: Shutting down and abandoning module WindowsNoEditorTargetPlatform (32)
[2021.10.15-02.53.24:716][530]LogModuleManager: Shutting down and abandoning module WindowsClientTargetPlatform (31)
[2021.10.15-02.53.24:728][530]LogModuleManager: Shutting down and abandoning module MacTargetPlatform (30)
[2021.10.15-02.53.24:728][530]LogModuleManager: Shutting down and abandoning module MacServerTargetPlatform (29)
[2021.10.15-02.53.24:728][530]LogModuleManager: Shutting down and abandoning module MacNoEditorTargetPlatform (28)
[2021.10.15-02.53.24:728][530]LogModuleManager: Shutting down and abandoning module MacClientTargetPlatform (27)
[2021.10.15-02.53.24:728][530]LogModuleManager: Shutting down and abandoning module AllDesktopTargetPlatform (26)
[2021.10.15-02.53.24:728][530]LogModuleManager: Shutting down and abandoning module TargetPlatform (25)
[2021.10.15-02.53.24:728][530]LogModuleManager: Shutting down and abandoning module InputCore (24)
[2021.10.15-02.53.24:728][530]LogModuleManager: Shutting down and abandoning module Settings (23)
[2021.10.15-02.53.24:728][530]LogModuleManager: Shutting down and abandoning module OculusRift (22)
[2021.10.15-02.53.24:742][530]LogModuleManager: Shutting down and abandoning module ExampleDeviceProfileSelector (21)
[2021.10.15-02.53.24:742][530]LogModuleManager: Shutting down and abandoning module OnlineBlueprintSupport (20)
[2021.10.15-02.53.24:742][530]LogModuleManager: Shutting down and abandoning module OnlineSubsystem (18)
[2021.10.15-02.53.24:742][530]LogOnline:Display: Unloading online subsystem: NULL
[2021.10.15-02.53.24:762][530]LogModuleManager: Shutting down and abandoning module SSL (17)
[2021.10.15-02.53.24:775][530]LogModuleManager: Shutting down and abandoning module HTTP (16)
[2021.10.15-02.53.24:775][530]LogModuleManager: Shutting down and abandoning module XMPP (15)
[2021.10.15-02.53.24:792][530]LogModuleManager: Shutting down and abandoning module TextureCompressor (14)
[2021.10.15-02.53.24:808][530]LogModuleManager: Shutting down and abandoning module ShaderCore (13)
[2021.10.15-02.53.24:808][530]LogModuleManager: Shutting down and abandoning module Landscape (12)
[2021.10.15-02.53.24:808][530]LogModuleManager: Shutting down and abandoning module SlateRHIRenderer (11)
[2021.10.15-02.53.24:839][530]LogModuleManager: Shutting down and abandoning module OpenGLDrv (10)
[2021.10.15-02.53.24:857][530]LogModuleManager: Shutting down and abandoning module D3D11RHI (9)
[2021.10.15-02.53.24:857][530]LogModuleManager: Shutting down and abandoning module AnimGraphRuntime (8)
[2021.10.15-02.53.24:869][530]LogModuleManager: Shutting down and abandoning module Renderer (7)
[2021.10.15-02.53.24:878][530]LogModuleManager: Shutting down and abandoning module Engine (6)
[2021.10.15-02.53.24:878][530]LogModuleManager: Shutting down and abandoning module CoreUObject (5)
[2021.10.15-02.53.24:878][530]LogModuleManager: Shutting down and abandoning module NetworkFile (4)
[2021.10.15-02.53.24:886][530]LogModuleManager: Shutting down and abandoning module StreamingFile (3)
[2021.10.15-02.53.24:894][530]LogModuleManager: Shutting down and abandoning module SandboxFile (2)
[2021.10.15-02.53.24:903][530]LogModuleManager: Shutting down and abandoning module PakFile (1)
[2021.10.15-02.53.24:916][530]LogExit: Exiting.
[2021.10.15-02.53.24:926][530]Log file closed, 10/14/21 22:53:24
