Log file open, 10/26/21 22:32:13
LogInit:Display: Running engine for game: Pinball
LogPlatformFile: Not using cached read wrapper
LogInit:Display: RandInit(1964909989) SRandInit(1964909990).
LogTaskGraph: Started task graph with 5 named threads and 10 total threads with 1 sets of task threads.
LogStats: Stats thread started at 0.194770
LogPluginManager: Loaded Plugin Paper2D, From D:/EpicGames/UE_4.14/Engine/Plugins/2D/Paper2D/Paper2D.uplugin
LogPluginManager: Loaded Plugin LightPropagationVolume, From D:/EpicGames/UE_4.14/Engine/Plugins/Blendables/LightPropagationVolume/LightPropagationVolume.uplugin
LogPluginManager: Loaded Plugin BlankPlugin, From D:/EpicGames/UE_4.14/Engine/Plugins/Developer/BlankPlugin/BlankPlugin.uplugin
LogPluginManager: Loaded Plugin CodeLiteSourceCodeAccess, From D:/EpicGames/UE_4.14/Engine/Plugins/Developer/CodeLiteSourceCodeAccess/CodeLiteSourceCodeAccess.uplugin
LogPluginManager: Loaded Plugin GitSourceControl, From D:/EpicGames/UE_4.14/Engine/Plugins/Developer/GitSourceControl/GitSourceControl.uplugin
LogPluginManager: Loaded Plugin KDevelopSourceCodeAccess, From D:/EpicGames/UE_4.14/Engine/Plugins/Developer/KDevelopSourceCodeAccess/KDevelopSourceCodeAccess.uplugin
LogPluginManager: Loaded Plugin NullSourceCodeAccess, From D:/EpicGames/UE_4.14/Engine/Plugins/Developer/NullSourceCodeAccess/NullSourceCodeAccess.uplugin
LogPluginManager: Loaded Plugin OneSkyLocalizationService, From D:/EpicGames/UE_4.14/Engine/Plugins/Developer/OneSkyLocalizationService/OneSkyLocalizationService.uplugin
LogPluginManager: Loaded Plugin PerforceSourceControl, From D:/EpicGames/UE_4.14/Engine/Plugins/Developer/PerforceSourceControl/PerforceSourceControl.uplugin
LogPluginManager: Loaded Plugin SubversionSourceControl, From D:/EpicGames/UE_4.14/Engine/Plugins/Developer/SubversionSourceControl/SubversionSourceControl.uplugin
LogPluginManager: Loaded Plugin UObjectPlugin, From D:/EpicGames/UE_4.14/Engine/Plugins/Developer/UObjectPlugin/UObjectPlugin.uplugin
LogPluginManager: Loaded Plugin VisualStudioSourceCodeAccess, From D:/EpicGames/UE_4.14/Engine/Plugins/Developer/VisualStudioSourceCodeAccess/VisualStudioSourceCodeAccess.uplugin
LogPluginManager: Loaded Plugin XCodeSourceCodeAccess, From D:/EpicGames/UE_4.14/Engine/Plugins/Developer/XCodeSourceCodeAccess/XCodeSourceCodeAccess.uplugin
LogPluginManager: Loaded Plugin AudioCapture, From D:/EpicGames/UE_4.14/Engine/Plugins/Editor/AudioCapture/AudioCapture.uplugin
LogPluginManager: Loaded Plugin EpicSurvey, From D:/EpicGames/UE_4.14/Engine/Plugins/Editor/EpicSurvey/EpicSurvey.uplugin
LogPluginManager: Loaded Plugin MacGraphicsSwitching, From D:/EpicGames/UE_4.14/Engine/Plugins/Editor/MacGraphicsSwitching/MacGraphicsSwitching.uplugin
LogPluginManager: Loaded Plugin MobileLauncherProfileWizard, From D:/EpicGames/UE_4.14/Engine/Plugins/Editor/MobileLauncherProfileWizard/MobileLauncherProfileWizard.uplugin
LogPluginManager: Loaded Plugin PluginBrowser, From D:/EpicGames/UE_4.14/Engine/Plugins/Editor/PluginBrowser/PluginBrowser.uplugin
LogPluginManager: Loaded Plugin SpeedTreeImporter, From D:/EpicGames/UE_4.14/Engine/Plugins/Editor/SpeedTreeImporter/SpeedTreeImporter.uplugin
LogPluginManager: Loaded Plugin SuperSearchEditor, From D:/EpicGames/UE_4.14/Engine/Plugins/Editor/SuperSearchEditor/SuperSearchEditor.uplugin
LogPluginManager: Loaded Plugin AlembicImporter, From D:/EpicGames/UE_4.14/Engine/Plugins/Experimental/AlembicImporter/AlembicImporter.uplugin
LogPluginManager: Loaded Plugin BlueprintStats, From D:/EpicGames/UE_4.14/Engine/Plugins/Experimental/BlueprintStats/BlueprintStats.uplugin
LogPluginManager: Loaded Plugin CharacterAI, From D:/EpicGames/UE_4.14/Engine/Plugins/Experimental/CharacterAI/CharacterAI.uplugin
LogPluginManager: Loaded Plugin CodeEditor, From D:/EpicGames/UE_4.14/Engine/Plugins/Experimental/CodeEditor/CodeEditor.uplugin
LogPluginManager: Loaded Plugin CodeView, From D:/EpicGames/UE_4.14/Engine/Plugins/Experimental/CodeView/CodeView.uplugin
LogPluginManager: Loaded Plugin HTML5Networking, From D:/EpicGames/UE_4.14/Engine/Plugins/Experimental/HTML5Networking/HTML5Networking.uplugin
LogPluginManager: Loaded Plugin OSVR, From D:/EpicGames/UE_4.14/Engine/Plugins/Experimental/OSVR/OSVR.uplugin
LogPluginManager: Loaded Plugin Phya, From D:/EpicGames/UE_4.14/Engine/Plugins/Experimental/Phya/Phya.uplugin
LogPluginManager: Loaded Plugin SignificanceManager, From D:/EpicGames/UE_4.14/Engine/Plugins/Experimental/SignificanceManager/SignificanceManager.uplugin
LogPluginManager: Loaded Plugin SimpleHMD, From D:/EpicGames/UE_4.14/Engine/Plugins/Experimental/SimpleHMD/SimpleHMD.uplugin
LogPluginManager: Loaded Plugin StereoPanorama, From D:/EpicGames/UE_4.14/Engine/Plugins/Experimental/StereoPanorama/StereoPanorama.uplugin
LogPluginManager: Loaded Plugin StructBox, From D:/EpicGames/UE_4.14/Engine/Plugins/Experimental/StructBox/StructBox.uplugin
LogPluginManager: Loaded Plugin AndroidMedia, From D:/EpicGames/UE_4.14/Engine/Plugins/Media/AndroidMedia/AndroidMedia.uplugin
LogPluginManager: Loaded Plugin AvfMedia, From D:/EpicGames/UE_4.14/Engine/Plugins/Media/AvfMedia/AvfMedia.uplugin
LogPluginManager: Loaded Plugin MediaPlayerEditor, From D:/EpicGames/UE_4.14/Engine/Plugins/Media/MediaPlayerEditor/MediaPlayerEditor.uplugin
LogPluginManager: Loaded Plugin WmfMedia, From D:/EpicGames/UE_4.14/Engine/Plugins/Media/WmfMedia/WmfMedia.uplugin
LogPluginManager: Loaded Plugin MessagingDebugger, From D:/EpicGames/UE_4.14/Engine/Plugins/Messaging/MessagingDebugger/MessagingDebugger.uplugin
LogPluginManager: Loaded Plugin TcpMessaging, From D:/EpicGames/UE_4.14/Engine/Plugins/Messaging/TcpMessaging/TcpMessaging.uplugin
LogPluginManager: Loaded Plugin UdpMessaging, From D:/EpicGames/UE_4.14/Engine/Plugins/Messaging/UdpMessaging/UdpMessaging.uplugin
LogPluginManager: Loaded Plugin LevelSequenceEditor, From D:/EpicGames/UE_4.14/Engine/Plugins/MovieScene/LevelSequenceEditor/LevelSequenceEditor.uplugin
LogPluginManager: Loaded Plugin MatineeToLevelSequence, From D:/EpicGames/UE_4.14/Engine/Plugins/MovieScene/MatineeToLevelSequence/MatineeToLevelSequence.uplugin
LogPluginManager: Loaded Plugin NetcodeUnitTest, From D:/EpicGames/UE_4.14/Engine/Plugins/NetcodeUnitTest/NetcodeUnitTest/NetcodeUnitTest.uplugin
LogPluginManager: Loaded Plugin NUTUnrealEngine4, From D:/EpicGames/UE_4.14/Engine/Plugins/NetcodeUnitTest/NUTUnrealEngine4/NUTUnrealEngine4.uplugin
LogPluginManager: Loaded Plugin OnlineSubsystemGameCircle, From D:/EpicGames/UE_4.14/Engine/Plugins/Online/Android/OnlineSubsystemGameCircle/OnlineSubsystemGameCircle.uplugin
LogPluginManager: Loaded Plugin OnlineSubsystemGooglePlay, From D:/EpicGames/UE_4.14/Engine/Plugins/Online/Android/OnlineSubsystemGooglePlay/OnlineSubsystemGooglePlay.uplugin
LogPluginManager: Loaded Plugin OnlineSubsystemIOS, From D:/EpicGames/UE_4.14/Engine/Plugins/Online/IOS/OnlineSubsystemIOS/OnlineSubsystemIOS.uplugin
LogPluginManager: Loaded Plugin OnlineFramework, From D:/EpicGames/UE_4.14/Engine/Plugins/Online/OnlineFramework/OnlineFramework.uplugin
LogPluginManager: Loaded Plugin OnlineSubsystem, From D:/EpicGames/UE_4.14/Engine/Plugins/Online/OnlineSubsystem/OnlineSubsystem.uplugin
LogPluginManager: Loaded Plugin OnlineSubsystemAmazon, From D:/EpicGames/UE_4.14/Engine/Plugins/Online/OnlineSubsystemAmazon/OnlineSubsystemAmazon.uplugin
LogPluginManager: Loaded Plugin OnlineSubsystemFacebook, From D:/EpicGames/UE_4.14/Engine/Plugins/Online/OnlineSubsystemFacebook/OnlineSubsystemFacebook.uplugin
LogPluginManager: Loaded Plugin OnlineSubsystemNull, From D:/EpicGames/UE_4.14/Engine/Plugins/Online/OnlineSubsystemNull/OnlineSubsystemNull.uplugin
LogPluginManager: Loaded Plugin OnlineSubsystemOculus, From D:/EpicGames/UE_4.14/Engine/Plugins/Online/OnlineSubsystemOculus/OnlineSubsystemOculus.uplugin
LogPluginManager: Loaded Plugin OnlineSubsystemSteam, From D:/EpicGames/UE_4.14/Engine/Plugins/Online/OnlineSubsystemSteam/OnlineSubsystemSteam.uplugin
LogPluginManager: Loaded Plugin OnlineSubsystemUtils, From D:/EpicGames/UE_4.14/Engine/Plugins/Online/OnlineSubsystemUtils/OnlineSubsystemUtils.uplugin
LogPluginManager: Loaded Plugin IOSTapJoy, From D:/EpicGames/UE_4.14/Engine/Plugins/Runtime/Advertising/IOSTapJoy/IOSTapJoy.uplugin
LogPluginManager: Loaded Plugin AnalyticsBlueprintLibrary, From D:/EpicGames/UE_4.14/Engine/Plugins/Runtime/Analytics/AnalyticsBlueprintLibrary/AnalyticsBlueprintLibrary.uplugin
LogPluginManager: Loaded Plugin AnalyticsMulticast, From D:/EpicGames/UE_4.14/Engine/Plugins/Runtime/Analytics/AnalyticsMulticast/AnalyticsMulticast.uplugin
LogPluginManager: Loaded Plugin Apsalar, From D:/EpicGames/UE_4.14/Engine/Plugins/Runtime/Analytics/Apsalar/Apsalar.uplugin
LogPluginManager: Loaded Plugin FileLogging, From D:/EpicGames/UE_4.14/Engine/Plugins/Runtime/Analytics/FileLogging/FileLogging.uplugin
LogPluginManager: Loaded Plugin Flurry, From D:/EpicGames/UE_4.14/Engine/Plugins/Runtime/Analytics/Flurry/Flurry.uplugin
LogPluginManager: Loaded Plugin AndroidDeviceProfileSelector, From D:/EpicGames/UE_4.14/Engine/Plugins/Runtime/AndroidDeviceProfileSelector/AndroidDeviceProfileSelector.uplugin
LogPluginManager: Loaded Plugin AndroidMoviePlayer, From D:/EpicGames/UE_4.14/Engine/Plugins/Runtime/AndroidMoviePlayer/AndroidMoviePlayer.uplugin
LogPluginManager: Loaded Plugin AppleMoviePlayer, From D:/EpicGames/UE_4.14/Engine/Plugins/Runtime/AppleMoviePlayer/AppleMoviePlayer.uplugin
LogPluginManager: Loaded Plugin ArchVisCharacter, From D:/EpicGames/UE_4.14/Engine/Plugins/Runtime/ArchVisCharacter/ArchVisCharacter.uplugin
LogPluginManager: Loaded Plugin CableComponent, From D:/EpicGames/UE_4.14/Engine/Plugins/Runtime/CableComponent/CableComponent.uplugin
LogPluginManager: Loaded Plugin CustomMeshComponent, From D:/EpicGames/UE_4.14/Engine/Plugins/Runtime/CustomMeshComponent/CustomMeshComponent.uplugin
LogPluginManager: Loaded Plugin ExampleDeviceProfileSelector, From D:/EpicGames/UE_4.14/Engine/Plugins/Runtime/ExampleDeviceProfileSelector/ExampleDeviceProfileSelector.uplugin
LogPluginManager: Loaded Plugin GearVR, From D:/EpicGames/UE_4.14/Engine/Plugins/Runtime/GearVR/GearVR.uplugin
LogPluginManager: Loaded Plugin GoogleVRController, From D:/EpicGames/UE_4.14/Engine/Plugins/Runtime/GoogleVR/GoogleVRController/GoogleVRController.uplugin
LogPluginManager: Loaded Plugin GoogleVRHMD, From D:/EpicGames/UE_4.14/Engine/Plugins/Runtime/GoogleVR/GoogleVRHMD/GoogleVRHMD.uplugin
LogPluginManager: Loaded Plugin IOSDeviceProfileSelector, From D:/EpicGames/UE_4.14/Engine/Plugins/Runtime/IOSDeviceProfileSelector/IOSDeviceProfileSelector.uplugin
LogPluginManager: Loaded Plugin LeapMotion, From D:/EpicGames/UE_4.14/Engine/Plugins/Runtime/LeapMotion/LeapMotion.uplugin
LogPluginManager: Loaded Plugin LinuxDeviceProfileSelector, From D:/EpicGames/UE_4.14/Engine/Plugins/Runtime/LinuxDeviceProfileSelector/LinuxDeviceProfileSelector.uplugin
LogPluginManager: Loaded Plugin MIDIDevice, From D:/EpicGames/UE_4.14/Engine/Plugins/Runtime/MIDIDevice/MIDIDevice.uplugin
LogPluginManager: Loaded Plugin MobilePatchingUtils, From D:/EpicGames/UE_4.14/Engine/Plugins/Runtime/MobilePatchingUtils/MobilePatchingUtils.uplugin
LogPluginManager: Loaded Plugin Ansel, From D:/EpicGames/UE_4.14/Engine/Plugins/Runtime/Nvidia/Ansel/Ansel.uplugin
LogPluginManager: Loaded Plugin OculusAudio, From D:/EpicGames/UE_4.14/Engine/Plugins/Runtime/OculusAudio/OculusAudio.uplugin
LogPluginManager: Loaded Plugin OculusInput, From D:/EpicGames/UE_4.14/Engine/Plugins/Runtime/OculusInput/OculusInput.uplugin
LogPluginManager: Loaded Plugin OculusLibrary, From D:/EpicGames/UE_4.14/Engine/Plugins/Runtime/OculusLibrary/OculusLibrary.uplugin
LogPluginManager: Loaded Plugin OculusRift, From D:/EpicGames/UE_4.14/Engine/Plugins/Runtime/OculusRift/OculusRift.uplugin
LogPluginManager: Loaded Plugin Oodle, From D:/EpicGames/UE_4.14/Engine/Plugins/Runtime/PacketHandlers/CompressionComponents/Oodle/Oodle.uplugin
LogPluginManager: Loaded Plugin ProceduralMeshComponent, From D:/EpicGames/UE_4.14/Engine/Plugins/Runtime/ProceduralMeshComponent/ProceduralMeshComponent.uplugin
LogPluginManager: Loaded Plugin SoundMod, From D:/EpicGames/UE_4.14/Engine/Plugins/Runtime/SoundMod/SoundMod.uplugin
LogPluginManager: Loaded Plugin SoundVisualizations, From D:/EpicGames/UE_4.14/Engine/Plugins/Runtime/SoundVisualizations/SoundVisualizations.uplugin
LogPluginManager: Loaded Plugin SteamController, From D:/EpicGames/UE_4.14/Engine/Plugins/Runtime/Steam/SteamController/SteamController.uplugin
LogPluginManager: Loaded Plugin SteamVR, From D:/EpicGames/UE_4.14/Engine/Plugins/Runtime/Steam/SteamVR/SteamVR.uplugin
LogPluginManager: Loaded Plugin WebBrowserWidget, From D:/EpicGames/UE_4.14/Engine/Plugins/Runtime/WebBrowserWidget/WebBrowserWidget.uplugin
LogPluginManager: Loaded Plugin WindowsDeviceProfileSelector, From D:/EpicGames/UE_4.14/Engine/Plugins/Runtime/WindowsDeviceProfileSelector/WindowsDeviceProfileSelector.uplugin
LogPluginManager: Loaded Plugin WindowsMoviePlayer, From D:/EpicGames/UE_4.14/Engine/Plugins/Runtime/WindowsMoviePlayer/WindowsMoviePlayer.uplugin
LogPluginManager: Loaded Plugin ScriptPlugin, From D:/EpicGames/UE_4.14/Engine/Plugins/ScriptPlugin/ScriptPlugin.uplugin
LogPluginManager: Loaded Plugin SlateRemote, From D:/EpicGames/UE_4.14/Engine/Plugins/Slate/SlateRemote/SlateRemote.uplugin
LogPluginManager: Loaded Plugin EditorTests, From D:/EpicGames/UE_4.14/Engine/Plugins/Tests/EditorTests/EditorTests.uplugin
LogPluginManager: Loaded Plugin FbxAutomationTestBuilder, From D:/EpicGames/UE_4.14/Engine/Plugins/Tests/FbxAutomationTestBuilder/FbxAutomationTestBuilder.uplugin
LogPluginManager: Loaded Plugin FunctionalTestingEditor, From D:/EpicGames/UE_4.14/Engine/Plugins/Tests/FunctionalTestingEditor/FunctionalTestingEditor.uplugin
LogPluginManager: Loaded Plugin RuntimeTests, From D:/EpicGames/UE_4.14/Engine/Plugins/Tests/RuntimeTests/RuntimeTests.uplugin
LogPluginManager: Loaded Plugin ScreenshotTools, From D:/EpicGames/UE_4.14/Engine/Plugins/Tests/ScreenshotTools/ScreenshotTools.uplugin
LogInit: Using libcurl 7.47.1
LogInit:  - built for x86_64-pc-win32
LogInit:  - supports SSL with OpenSSL/1.0.2g
LogInit:  - supports HTTP deflate (compression) using libz 1.2.8
LogInit:  - other features:
LogInit:      CURL_VERSION_SSL
LogInit:      CURL_VERSION_LIBZ
LogInit:      CURL_VERSION_IPV6
LogInit:      CURL_VERSION_ASYNCHDNS
LogInit:      CURL_VERSION_LARGEFILE
LogInit:      CURL_VERSION_IDN
LogInit:  CurlRequestOptions (configurable via config and command line):
LogInit:  - bVerifyPeer = false  - Libcurl will NOT verify peer certificate
LogInit:  - bUseHttpProxy = false  - Libcurl will NOT use HTTP proxy
LogInit:  - bDontReuseConnections = false  - Libcurl will reuse connections
LogInit:  - CertBundlePath = nullptr  - Libcurl will use whatever was configured at build time.
LogInit: Build: ++UE4+Release-4.14-CL-3249277
LogInit: Engine Version: 4.14.3-3249277+++UE4+Release-4.14
LogInit: Compatible Engine Version: 4.14.0-3195953+++UE4+Release-4.14
LogInit: Net CL: 3195953
LogDevObjectVersion: Number of dev versions registered: 13
LogDevObjectVersion:   Dev-Blueprints (B0D832E4-1F89-4F0D-ACCF-7EB736FD4AA2): 7
LogDevObjectVersion:   Dev-Build (E1C64328-A22C-4D53-A36C-8E866417BD8C): 0
LogDevObjectVersion:   Dev-Core (375EC13C-06E4-48FB-B500-84F0262A717E): 1
LogDevObjectVersion:   Dev-Editor (E4B068ED-F494-42E9-A231-DA0B2E46BB41): 8
LogDevObjectVersion:   Dev-Framework (CFFC743F-43B0-4480-9391-14DF171D2073): 17
LogDevObjectVersion:   Dev-Mobile (B02B49B5-BB20-44E9-A304-32B752E40360): 0
LogDevObjectVersion:   Dev-Networking (A4E4105C-59A1-49B5-A7C5-40C4547EDFEE): 0
LogDevObjectVersion:   Dev-Online (39C831C9-5AE6-47DC-9A44-9C173E1C8E7C): 0
LogDevObjectVersion:   Dev-Physics (78F01B33-EBEA-4F98-B9B4-84EACCB95AA2): 0
LogDevObjectVersion:   Dev-Platform (6631380F-2D4D-43E0-8009-CF276956A95A): 0
LogDevObjectVersion:   Dev-Rendering (12F88B9F-8875-4AFC-A67C-D90C383ABD29): 12
LogDevObjectVersion:   Dev-Sequencer (7B5AE74C-D270-4C10-A958-57980B212A5A): 1
LogDevObjectVersion:   Dev-VR (D7296918-1DD6-4BDD-9DE2-64A83CC13884): 0
LogInit: Compiled (64-bit): Jan  6 2017 10:49:43
LogInit: Compiled with Visual C++: 19.00.23026.00
LogInit: Build Configuration: Development
LogInit: Branch Name: ++UE4+Release-4.14
LogInit: Command line:  
LogInit: Base directory: D:/EpicGames/UE_4.14/Engine/Binaries/Win64/
LogInit: Installed Engine Build: 1
LogInit: Presizing for max 8388607 objects, including 0 objects not considered by GC, pre-allocating 0 bytes for permanent pool.
LogInit: Object subsystem initialized
[2021.10.27-02.32.13:749][  0]LogInit: Selected Device Profile: [Windows]
[2021.10.27-02.32.13:749][  0]LogInit: Applying CVar settings loaded from the selected device profile: [Windows]
[2021.10.27-02.32.13:771][  0]LogInit: Computer: DESKTOP-GK7AF5R
[2021.10.27-02.32.13:771][  0]LogInit: User: jerye
[2021.10.27-02.32.13:771][  0]LogInit: CPU Page size=65536, Cores=6
[2021.10.27-02.32.13:771][  0]LogInit: High frequency timer resolution =10.000000 MHz
[2021.10.27-02.32.13:771][  0]LogMemory: Memory total: Physical=31.9GB (32GB approx)
[2021.10.27-02.32.13:771][  0]LogMemory: Platform Memory Stats for Windows
[2021.10.27-02.32.13:771][  0]LogMemory: Process Physical Memory: 265.15 MB used, 265.15 MB peak
[2021.10.27-02.32.13:771][  0]LogMemory: Process Virtual Memory: 260.15 MB used, 260.15 MB peak
[2021.10.27-02.32.13:771][  0]LogMemory: Physical Memory: 10055.84 MB used,  22622.04 MB free, 32677.88 MB total
[2021.10.27-02.32.13:771][  0]LogMemory: Virtual Memory: 4795.36 MB used,  22622.04 MB free, 134217728.00 MB total
[2021.10.27-02.32.14:707][  0]LogTextLocalizationManager: No specific translations for ('en-CA') exist, so ('en') translations will be used.
[2021.10.27-02.32.18:796][  0]LogD3D11RHI: D3D11 adapters:
[2021.10.27-02.32.18:839][  0]LogD3D11RHI:    0. 'AMD Radeon RX 5700 XT' (Feature Level 11_0)
[2021.10.27-02.32.18:839][  0]LogD3D11RHI:       8151/0/16338 MB DedicatedVideo/DedicatedSystem/SharedSystem, Outputs:2, VendorId:0x1002
[2021.10.27-02.32.18:841][  0]LogD3D11RHI:    1. 'Microsoft Basic Render Driver' (Feature Level 11_0)
[2021.10.27-02.32.18:841][  0]LogD3D11RHI:       0/0/16338 MB DedicatedVideo/DedicatedSystem/SharedSystem, Outputs:0, VendorId:0x1414
[2021.10.27-02.32.18:841][  0]LogD3D11RHI: Chosen D3D11 Adapter: 0
[2021.10.27-02.32.18:864][  0]LogD3D11RHI: Creating new Direct3DDevice
[2021.10.27-02.32.18:864][  0]LogD3D11RHI:     GPU DeviceId: 0x731f (for the marketing name, search the web for "GPU Device Id")
[2021.10.27-02.32.18:864][  0]LogWindows: EnumDisplayDevices:
[2021.10.27-02.32.18:864][  0]LogWindows:    0. 'AMD Radeon RX 5700 XT' (P:1 D:1)
[2021.10.27-02.32.18:864][  0]LogWindows:    1. 'AMD Radeon RX 5700 XT' (P:0 D:1)
[2021.10.27-02.32.18:865][  0]LogWindows:    2. 'AMD Radeon RX 5700 XT' (P:0 D:0)
[2021.10.27-02.32.18:865][  0]LogWindows:    3. 'AMD Radeon RX 5700 XT' (P:0 D:0)
[2021.10.27-02.32.18:865][  0]LogWindows:    4. 'AMD Radeon RX 5700 XT' (P:0 D:0)
[2021.10.27-02.32.18:865][  0]LogWindows:    5. 'AMD Radeon RX 5700 XT' (P:0 D:0)
[2021.10.27-02.32.18:865][  0]LogWindows:    6. 'AMD Radeon RX 5700 XT' (P:0 D:0)
[2021.10.27-02.32.18:866][  0]LogWindows: DebugString: GetVideoDriverDetailsInvalid PrimaryIsNotTheChoosenAdapter GetVideoDriverDetailsInvalid PrimaryIsNotTheChoosenAdapter GetVideoDriverDetailsInvalid PrimaryIsNotTheChoosenAdapter GetVideoDriverDetailsInvalid PrimaryIsNotTheChoosenAdapter GetVideoDriverDetailsInvalid PrimaryIsNotTheChoosenAdapter GetVideoDriverDetailsInvalid PrimaryIsNotTheChoosenAdapter GetVideoDriverDetailsInvalid PrimaryIsNotTheChoosenAdapter FoundDriverCount:0 
[2021.10.27-02.32.18:866][  0]LogD3D11RHI:     Adapter Name: AMD Radeon RX 5700 XT
[2021.10.27-02.32.18:866][  0]LogD3D11RHI:   Driver Version: Unknown (internal:Unknown, unified:Unknown)
[2021.10.27-02.32.18:866][  0]LogD3D11RHI:      Driver Date: Unknown
[2021.10.27-02.32.18:866][  0]LogRHI: Texture pool is 1361 MB (70% of 1945 MB)
[2021.10.27-02.32.18:891][  0]LogD3D11RHI: Async texture creation enabled
[2021.10.27-02.32.19:204][  0]LogD3D11RHI: GPU Timing Frequency: 100.000000 (Debug: 2 1)
[2021.10.27-02.32.19:285][  0]LogShaderCompilers: Guid format shader working directory is -34 characters bigger than the processId version (../../../../../GitHub Projects/Udemy_Unreal/Udemy_Pinball/Udemy_Pinball/Pinball/Intermediate/Shaders/WorkingDirectory/21696/).
[2021.10.27-02.32.19:285][  0]LogShaderCompilers: Cleaned the shader compiler working directory 'C:/Users/jerye/AppData/Local/Temp/UnrealShaderWorkingDir/AF567B5C496A0E34797116852BE820D4/'.
[2021.10.27-02.32.19:291][  0]LogShaderCompilers:Display: Using Local Shader Compiler.
[2021.10.27-02.32.23:462][  0]LogTemp:Display: Loaded TP AllDesktopTargetPlatform
[2021.10.27-02.32.23:514][  0]LogTemp:Display: Loaded TP MacClientTargetPlatform
[2021.10.27-02.32.23:569][  0]LogTemp:Display: Loaded TP MacNoEditorTargetPlatform
[2021.10.27-02.32.23:625][  0]LogTemp:Display: Loaded TP MacServerTargetPlatform
[2021.10.27-02.32.23:696][  0]LogTemp:Display: Loaded TP MacTargetPlatform
[2021.10.27-02.32.23:748][  0]LogTemp:Display: Loaded TP WindowsClientTargetPlatform
[2021.10.27-02.32.23:800][  0]LogTemp:Display: Loaded TP WindowsNoEditorTargetPlatform
[2021.10.27-02.32.23:852][  0]LogTemp:Display: Loaded TP WindowsServerTargetPlatform
[2021.10.27-02.32.23:900][  0]LogTemp:Display: Loaded TP WindowsTargetPlatform
[2021.10.27-02.32.23:973][  0]LogTemp:Display: Loaded TP AndroidTargetPlatform
[2021.10.27-02.32.24:030][  0]LogTemp:Display: Loaded TP Android_ASTCTargetPlatform
[2021.10.27-02.32.24:095][  0]LogTemp:Display: Loaded TP Android_ATCTargetPlatform
[2021.10.27-02.32.24:159][  0]LogTemp:Display: Loaded TP Android_DXTTargetPlatform
[2021.10.27-02.32.24:221][  0]LogTemp:Display: Loaded TP Android_ETC1TargetPlatform
[2021.10.27-02.32.24:292][  0]LogTemp:Display: Loaded TP Android_ETC2TargetPlatform
[2021.10.27-02.32.24:436][  0]LogTemp:Display: Loaded TP Android_MultiTargetPlatform
[2021.10.27-02.32.24:436][  0]LogTemp:Display: Loaded TP Android_PVRTCTargetPlatform
[2021.10.27-02.32.24:474][  0]LogTemp:Display: Loaded TP HTML5TargetPlatform
[2021.10.27-02.32.24:660][  0]LogTemp:Display: Loaded TP IOSTargetPlatform
[2021.10.27-02.32.24:693][  0]LogTemp:Display: Loaded TP TVOSTargetPlatform
[2021.10.27-02.32.24:747][  0]LogTemp:Display: Loaded TP LinuxClientTargetPlatform
[2021.10.27-02.32.24:799][  0]LogTemp:Display: Loaded TP LinuxNoEditorTargetPlatform
[2021.10.27-02.32.24:850][  0]LogTemp:Display: Loaded TP LinuxServerTargetPlatform
[2021.10.27-02.32.24:918][  0]LogTemp:Display: Loaded TP LinuxTargetPlatform
[2021.10.27-02.32.24:918][  0]LogTargetPlatformManager:Display: Building Assets For Windows
[2021.10.27-02.32.26:080][  0]LogDerivedDataCache:Display: Max Cache Size: 512 MB
[2021.10.27-02.32.26:279][  0]LogDerivedDataCache: Loaded boot cache 0.20s 50MB C:/Users/jerye/AppData/Local/UnrealEngine/4.14/DerivedDataCache/Boot.ddc.
[2021.10.27-02.32.26:279][  0]LogDerivedDataCache:Display: Loaded Boot cache: C:/Users/jerye/AppData/Local/UnrealEngine/4.14/DerivedDataCache/Boot.ddc
[2021.10.27-02.32.26:279][  0]LogDerivedDataCache: FDerivedDataBackendGraph:  Pak pak cache file ../../../../../GitHub Projects/Udemy_Unreal/Udemy_Pinball/Udemy_Pinball/Pinball/DerivedDataCache/DDC.ddp not found, will not use a pak cache.
[2021.10.27-02.32.26:279][  0]LogDerivedDataCache: Unable to find inner node Pak for hierarchical cache Hierarchy.
[2021.10.27-02.32.26:279][  0]LogDerivedDataCache: FDerivedDataBackendGraph:  CompressedPak pak cache file ../../../../../GitHub Projects/Udemy_Unreal/Udemy_Pinball/Udemy_Pinball/Pinball/DerivedDataCache/Compressed.ddp not found, will not use a pak cache.
[2021.10.27-02.32.26:279][  0]LogDerivedDataCache: Unable to find inner node CompressedPak for hierarchical cache Hierarchy.
[2021.10.27-02.32.26:356][  0]LogDerivedDataCache:Display: Pak cache opened for reading ../../../Engine/DerivedDataCache/Compressed.ddp.
[2021.10.27-02.32.26:369][  0]LogDerivedDataCache: Using Local data cache path C:/Users/jerye/AppData/Local/UnrealEngine/Common/DerivedDataCache: Writable
[2021.10.27-02.32.35:721][  0]LogInit: Selected Device Profile: [Windows]
[2021.10.27-02.32.35:841][  0]LogContentStreaming: Texture pool size is 0.00 MB
[2021.10.27-02.32.37:162][  0]LogMeshUtilities: Using QuadricMeshReduction for automatic static mesh reduction
[2021.10.27-02.32.37:282][  0]LogSimplygon: Simplygon DLL not present - disabling.
[2021.10.27-02.32.37:371][  0]LogMeshUtilities: Using SimplygonSwarm for distributed automatic mesh merging
[2021.10.27-02.32.37:371][  0]LogMeshUtilities: No automatic skeletal mesh reduction module available
[2021.10.27-02.32.37:371][  0]LogMeshUtilities: No automatic mesh merging module available
[2021.10.27-02.32.43:669][  0]LogNetVersion: GetLocalNetworkVersion: CL: 3195953, ProjectName: pinball, ProjectVersion: , EngineNetworkVersion: 2, GameNetworkVersion: 0, NetworkChecksum: 1748929517
[2021.10.27-02.32.43:919][  0]LogAssetRegistry: FAssetRegistry took 0.0255 seconds to start up
[2021.10.27-02.32.44:141][  0]LogPackageLocalizationCache: Processed 3 localized package path(s) for 2 prioritized culture(s) in 0.128939 seconds
[2021.10.27-02.32.44:161][  0]LogUObjectArray: 31946 objects as part of root set at end of initial load.
[2021.10.27-02.32.44:161][  0]LogUObjectAllocator: 6935840 out of 0 bytes used by permanent object pool.
[2021.10.27-02.32.44:161][  0]LogUObjectArray: CloseDisregardForGC: 0/0 objects in disregard for GC pool
[2021.10.27-02.32.44:256][  0]LogInit: WinSock: version 1.1 (2.2), MaxSocks=32767, MaxUdp=65467
[2021.10.27-02.32.49:412][  0]LogSlate: Using Freetype 2.6.0
[2021.10.27-02.32.49:514][  0]LogSlate: SlateFontCache - WITH_FREETYPE: 1, WITH_HARFBUZZ: 1
[2021.10.27-02.32.49:514][  0]LogSlate: SlateFontCache - WITH_FREETYPE: 1, WITH_HARFBUZZ: 1
[2021.10.27-02.33.16:774][  0]LogTcpMessaging: Initializing TcpMessaging bridge
[2021.10.27-02.33.16:881][  0]LogUdpMessaging: Initializing bridge on interface 0.0.0.0:0 to multicast group 230.0.0.1:6666.
[2021.10.27-02.33.18:286][  0]LogMaterial: Uniform references updated for custom material expression Custom.
[2021.10.27-02.33.19:381][  0]SourceControl: Info Source control is disabled
[2021.10.27-02.33.19:446][  0]SourceControl: Info Source control is disabled
[2021.10.27-02.33.19:537][  0]SourceControl: Info Source control is disabled
[2021.10.27-02.33.19:607][  0]SourceControl: Info Source control is disabled
[2021.10.27-02.33.22:035][  0]LogEngine: Initializing Engine...
[2021.10.27-02.33.22:058][  0]LogHMD: Failed to initialize OpenVR with code 110
[2021.10.27-02.33.22:820][  0]LogAIModule: Creating AISystem for world Untitled
[2021.10.27-02.33.23:012][  0]LogInit: XAudio2 using 'Speakers (High Definition Audio Device)' : 2 channels at 48 kHz using 16 bits per sample (channel mask 0x3)
[2021.10.27-02.33.23:038][  0]LogInit: FAudioDevice initialized.
[2021.10.27-02.33.23:069][  0]LogDerivedDataCache: Saved boot cache 0.03s 50MB C:/Users/jerye/AppData/Local/UnrealEngine/4.14/DerivedDataCache/Boot.ddc.
[2021.10.27-02.33.23:074][  0]LogInit: Texture streaming: Enabled
[2021.10.27-02.33.23:515][  0]LogInit: Transaction tracking system initialized
[2021.10.27-02.33.24:186][  0]BlueprintLog: New page: Editor Load
[2021.10.27-02.33.26:102][  0]LocalizationService: Info Localization service is disabled
[2021.10.27-02.33.27:497][  0]LogConsoleResponse:Display: 
[2021.10.27-02.33.28:316][  0]LogFileCache: Scanning file cache for directory 'D:/GitHub Projects/Udemy_Unreal/Udemy_Pinball/Udemy_Pinball/Pinball/Content/' took 0.02s
[2021.10.27-02.33.28:316][  0]LogCook:Display: Max memory allowance for cook 16384mb min free memory 0mb
[2021.10.27-02.33.28:329][  0]LogCook:Display: Mobile HDR setting 1
[2021.10.27-02.33.30:701][  0]SourceControl: Info Source control is disabled
[2021.10.27-02.33.30:736][  0]Cmd: MAP LOAD FILE="../../../../../GitHub Projects/Udemy_Unreal/Udemy_Pinball/Udemy_Pinball/Pinball/Content/Maps/MainLevel.umap" TEMPLATE=0 SHOWPROGRESS=1 FEATURELEVEL=3
[2021.10.27-02.33.30:747][  0]LightingResults: New page: Lighting Build
[2021.10.27-02.33.30:932][  0]MapCheck: New page: Map Check
[2021.10.27-02.33.30:932][  0]LightingResults: New page: Lighting Build
[2021.10.27-02.33.32:662][  0]LogAIModule: Creating AISystem for world MainLevel
[2021.10.27-02.33.33:026][  0]LogEditorServer: Finished looking for orphan Actors (0.000 secs)
[2021.10.27-02.33.33:044][  0]Cmd: MAP CHECKDEP NOCLEARLOG
[2021.10.27-02.33.33:117][  0]MapCheck: Info Map check complete: 0 Error(s), 0 Warning(s), took 71.974ms to complete.
[2021.10.27-02.33.33:117][  0]LogFileHelpers: Loading map 'MainLevel' took 2.386
[2021.10.27-02.33.34:488][  0]LogCollectionManager: Loaded 0 collections in 0.001044 seconds
[2021.10.27-02.33.34:711][  0]LogFileCache: Scanning file cache for directory 'D:/GitHub Projects/Udemy_Unreal/Udemy_Pinball/Udemy_Pinball/Pinball/Saved/Collections/' took 0.01s
[2021.10.27-02.33.34:711][  0]LogFileCache: Scanning file cache for directory 'D:/GitHub Projects/Udemy_Unreal/Udemy_Pinball/Udemy_Pinball/Pinball/Content/Developers/jerye/Collections/' took 0.01s
[2021.10.27-02.33.34:711][  0]LogFileCache: Scanning file cache for directory 'D:/GitHub Projects/Udemy_Unreal/Udemy_Pinball/Udemy_Pinball/Pinball/Content/Collections/' took 0.01s
[2021.10.27-02.33.34:711][  0]LogCollectionManager: Rebuilt the GUID cache for 0 collections in 0.000002 seconds
[2021.10.27-02.33.34:738][  0]LogContentBrowser: Native class hierarchy populated in 0.0205 seconds. Added 2190 classes and 428 folders.
[2021.10.27-02.33.34:811][  0]LogStats: UGameplayTagsManager::ConstructGameplayTagTree: Construct from data asset -  0.000 s
[2021.10.27-02.33.34:818][  0]LogStats: UGameplayTagsManager::ConstructGameplayTagTree: GameplayTagTreeChangedEvent.Broadcast -  0.008 s
[2021.10.27-02.33.34:820][  0]LogContentBrowser: Native class hierarchy updated for 'GameplayTags' in 0.0007 seconds. Added 13 classes and 0 folders.
[2021.10.27-02.33.34:895][  0]LogContentBrowser: Native class hierarchy updated for 'WidgetCarousel' in 0.0006 seconds. Added 0 classes and 0 folders.
[2021.10.27-02.33.36:050][  0]LogContentBrowser: Native class hierarchy updated for 'AddContentDialog' in 0.0007 seconds. Added 0 classes and 0 folders.
[2021.10.27-02.33.36:150][  0]LogContentBrowser: Native class hierarchy updated for 'SceneOutliner' in 0.0007 seconds. Added 1 classes and 2 folders.
[2021.10.27-02.33.36:548][  0]LogCrashTracker: Crashtracker disabled due to settings.
[2021.10.27-02.33.36:708][  0]LogUObjectGlobals:Warning: Failed to find object 'Class None.'
[2021.10.27-02.33.36:897][  0]LogContentBrowser: Native class hierarchy updated for 'HierarchicalLODOutliner' in 0.0008 seconds. Added 1 classes and 2 folders.
[2021.10.27-02.33.36:898][  0]LogLoad: (Engine Initialization) Total time: 87.52 seconds
[2021.10.27-02.33.36:898][  0]LogLoad: (Engine Initialization) Total Blueprint compile time: 0.94 seconds
[2021.10.27-02.33.36:898][  0]LogExternalProfiler: No external profilers were discovered.  External profiling features will not be available.
[2021.10.27-02.33.36:916][  0]LogOcInput: OculusInput pre-init called
[2021.10.27-02.33.37:137][  0]LogContentStreaming: Texture pool size now 1000 MB
[2021.10.27-02.33.38:775][  0]LogRenderer: Reallocating scene render targets to support 1172x576 NumSamples 1 (Frame:2).
[2021.10.27-02.33.39:136][  2]LogAssetRegistry: Asset discovery search completed in 55.2405 seconds
[2021.10.27-02.33.39:152][  2]LogCollectionManager: Rebuilt the object cache for 0 collections in 0.000001 seconds (found 0 objects)
[2021.10.27-02.33.39:152][  2]LogCollectionManager: Fixed up redirectors for 0 collections in 0.015648 seconds (updated 0 objects)
[2021.10.27-02.34.24:746][309]LogContentBrowser: Native class hierarchy updated for 'BlueprintGraph' in 0.0010 seconds. Added 111 classes and 0 folders.
[2021.10.27-02.35.32:703][911]BlueprintLog: New page: Compile PinballGameMode
[2021.10.27-02.35.33:507][958]Cmd: OBJ SAVEPACKAGE PACKAGE="/Game/Blueprints/PinballGameMode" FILE="../../../../../GitHub Projects/Udemy_Unreal/Udemy_Pinball/Udemy_Pinball/Pinball/Content/Blueprints/PinballGameMode.uasset" SILENT=true
[2021.10.27-02.35.33:762][958]LogSavePackage: Save=74.22ms
[2021.10.27-02.35.33:762][958]LogSavePackage: Moving '../../../../../GitHub Projects/Udemy_Unreal/Udemy_Pinball/Udemy_Pinball/Pinball/Saved/PinballGameModeEA8815BA4029A79B9F75EFA669592DA2.tmp' to '../../../../../GitHub Projects/Udemy_Unreal/Udemy_Pinball/Udemy_Pinball/Pinball/Content/Blueprints/PinballGameMode.uasset'
[2021.10.27-02.35.33:770][958]LogSavePackage:Display: Finished SavePackage ../../../../../GitHub Projects/Udemy_Unreal/Udemy_Pinball/Udemy_Pinball/Pinball/Content/Blueprints/PinballGameMode.uasset
[2021.10.27-02.35.37:649][416]LogTemp: Repeting last play command: Selected Viewport
[2021.10.27-02.35.37:691][416]LogPlayLevel: PlayLevel: No blueprints needed recompiling
[2021.10.27-02.35.37:705][416]PIE: New page: PIE session: MainLevel (Oct 26, 2021, 6:35:37 PM)
[2021.10.27-02.35.37:705][416]LogPlayLevel: Creating play world package: /Game/Maps/UEDPIE_0_MainLevel
[2021.10.27-02.35.37:737][416]LogPlayLevel: PIE: StaticDuplicateObject took: (0.031772s)
[2021.10.27-02.35.37:737][416]LogAIModule: Creating AISystem for world MainLevel
[2021.10.27-02.35.37:737][416]LogPlayLevel: PIE: World Init took: (0.000505s)
[2021.10.27-02.35.37:737][416]LogPlayLevel: PIE: Created PIE world by copying editor world from /Game/Maps/MainLevel.MainLevel to /Game/Maps/UEDPIE_0_MainLevel.MainLevel (0.032798s)
[2021.10.27-02.35.37:794][416]LogInit: XAudio2 using 'Speakers (High Definition Audio Device)' : 2 channels at 48 kHz using 16 bits per sample (channel mask 0x3)
[2021.10.27-02.35.37:810][416]LogInit: FAudioDevice initialized.
[2021.10.27-02.35.37:886][416]LogLoad: Game class is 'PinballGameMode_C'
[2021.10.27-02.35.37:904][416]LogWorld: Bringing World /Game/Maps/UEDPIE_0_MainLevel.MainLevel up for play (max tick rate 0) at 2021.10.26-22.35.37
[2021.10.27-02.35.37:928][416]LogWorld: Bringing up level for play took: 0.024501
[2021.10.27-02.35.38:022][416]LogContentBrowser: Native class hierarchy updated for 'MovieSceneCapture' in 0.0008 seconds. Added 11 classes and 0 folders.
[2021.10.27-02.35.38:103][416]PIE: Info Play in editor start time for /Game/Maps/UEDPIE_0_MainLevel 0.264
[2021.10.27-02.36.02:855][355]LogBlueprintUserMessages: [PinballGameMode_C_0] EndGameTriggered
[2021.10.27-02.37.07:502][111]BlueprintLog: New page: Compile PinballGameMode
[2021.10.27-02.37.08:262][176]Cmd: OBJ SAVEPACKAGE PACKAGE="/Game/Blueprints/PinballGameMode" FILE="../../../../../GitHub Projects/Udemy_Unreal/Udemy_Pinball/Udemy_Pinball/Pinball/Content/Blueprints/PinballGameMode.uasset" SILENT=true
[2021.10.27-02.37.08:316][176]LogSavePackage: Save=46.30ms
[2021.10.27-02.37.08:316][176]LogSavePackage: Moving '../../../../../GitHub Projects/Udemy_Unreal/Udemy_Pinball/Udemy_Pinball/Pinball/Saved/PinballGameModeC906A4144171DD35ACE7408FCF56E65C.tmp' to '../../../../../GitHub Projects/Udemy_Unreal/Udemy_Pinball/Udemy_Pinball/Pinball/Content/Blueprints/PinballGameMode.uasset'
[2021.10.27-02.37.08:322][176]LogSavePackage:Display: Finished SavePackage ../../../../../GitHub Projects/Udemy_Unreal/Udemy_Pinball/Udemy_Pinball/Pinball/Content/Blueprints/PinballGameMode.uasset
[2021.10.27-02.38.34:085][640]LogTemp: Repeting last play command: Selected Viewport
[2021.10.27-02.38.34:100][640]LogPlayLevel: PlayLevel: No blueprints needed recompiling
[2021.10.27-02.38.34:100][640]PIE: New page: PIE session: MainLevel (Oct 26, 2021, 6:38:34 PM)
[2021.10.27-02.38.34:100][640]LogPlayLevel: Creating play world package: /Game/Maps/UEDPIE_0_MainLevel
[2021.10.27-02.38.34:106][640]LogPlayLevel: PIE: StaticDuplicateObject took: (0.005654s)
[2021.10.27-02.38.34:106][640]LogAIModule: Creating AISystem for world MainLevel
[2021.10.27-02.38.34:106][640]LogPlayLevel: PIE: World Init took: (0.000663s)
[2021.10.27-02.38.34:107][640]LogPlayLevel: PIE: Created PIE world by copying editor world from /Game/Maps/MainLevel.MainLevel to /Game/Maps/UEDPIE_0_MainLevel.MainLevel (0.006527s)
[2021.10.27-02.38.34:155][640]LogInit: XAudio2 using 'Speakers (High Definition Audio Device)' : 2 channels at 48 kHz using 16 bits per sample (channel mask 0x3)
[2021.10.27-02.38.34:177][640]LogInit: FAudioDevice initialized.
[2021.10.27-02.38.34:208][640]LogLoad: Game class is 'PinballGameMode_C'
[2021.10.27-02.38.34:210][640]LogWorld: Bringing World /Game/Maps/UEDPIE_0_MainLevel.MainLevel up for play (max tick rate 0) at 2021.10.26-22.38.34
[2021.10.27-02.38.34:210][640]LogWorld: Bringing up level for play took: 0.001354
[2021.10.27-02.38.34:212][640]PIE: Info Play in editor start time for /Game/Maps/UEDPIE_0_MainLevel 0.374
[2021.10.27-02.38.41:217][210]LogTemp: Repeting last play command: Selected Viewport
[2021.10.27-02.38.41:230][210]LogPlayLevel: PlayLevel: No blueprints needed recompiling
[2021.10.27-02.38.41:230][210]PIE: New page: PIE session: MainLevel (Oct 26, 2021, 6:38:41 PM)
[2021.10.27-02.38.41:230][210]LogPlayLevel: Creating play world package: /Game/Maps/UEDPIE_0_MainLevel
[2021.10.27-02.38.41:235][210]LogPlayLevel: PIE: StaticDuplicateObject took: (0.004689s)
[2021.10.27-02.38.41:235][210]LogAIModule: Creating AISystem for world MainLevel
[2021.10.27-02.38.41:235][210]LogPlayLevel: PIE: World Init took: (0.000485s)
[2021.10.27-02.38.41:235][210]LogPlayLevel: PIE: Created PIE world by copying editor world from /Game/Maps/MainLevel.MainLevel to /Game/Maps/UEDPIE_0_MainLevel.MainLevel (0.005356s)
[2021.10.27-02.38.41:287][210]LogInit: XAudio2 using 'Speakers (High Definition Audio Device)' : 2 channels at 48 kHz using 16 bits per sample (channel mask 0x3)
[2021.10.27-02.38.41:302][210]LogInit: FAudioDevice initialized.
[2021.10.27-02.38.41:336][210]LogLoad: Game class is 'PinballGameMode_C'
[2021.10.27-02.38.41:339][210]LogWorld: Bringing World /Game/Maps/UEDPIE_0_MainLevel.MainLevel up for play (max tick rate 0) at 2021.10.26-22.38.41
[2021.10.27-02.38.41:339][210]LogWorld: Bringing up level for play took: 0.001620
[2021.10.27-02.38.41:341][210]PIE: Info Play in editor start time for /Game/Maps/UEDPIE_0_MainLevel -0.497
[2021.10.27-02.39.11:285][704]LogBlueprintUserMessages: [PinballGameMode_C_0] EndGameTriggered
[2021.10.27-02.39.35:160][266]LogScript:Warning: Accessed None trying to read property K2Node_DynamicCast_AsPinball_Player_Controller2
	PinballGameMode_C /Engine/Transient.World_4:PersistentLevel.PinballGameMode_C_4
	Function /Game/Blueprints/PinballGameMode.PinballGameMode_C:ExecuteUbergraph_PinballGameMode:019A
[2021.10.27-02.39.38:206][451]LogTemp: Repeting last play command: Selected Viewport
[2021.10.27-02.39.38:219][451]LogPlayLevel: PlayLevel: No blueprints needed recompiling
[2021.10.27-02.39.38:220][451]PIE: New page: PIE session: MainLevel (Oct 26, 2021, 6:39:38 PM)
[2021.10.27-02.39.38:220][451]LogPlayLevel: Creating play world package: /Game/Maps/UEDPIE_0_MainLevel
[2021.10.27-02.39.38:224][451]LogPlayLevel: PIE: StaticDuplicateObject took: (0.004394s)
[2021.10.27-02.39.38:224][451]LogAIModule: Creating AISystem for world MainLevel
[2021.10.27-02.39.38:225][451]LogPlayLevel: PIE: World Init took: (0.000563s)
[2021.10.27-02.39.38:225][451]LogPlayLevel: PIE: Created PIE world by copying editor world from /Game/Maps/MainLevel.MainLevel to /Game/Maps/UEDPIE_0_MainLevel.MainLevel (0.005202s)
[2021.10.27-02.39.38:277][451]LogInit: XAudio2 using 'Speakers (High Definition Audio Device)' : 2 channels at 48 kHz using 16 bits per sample (channel mask 0x3)
[2021.10.27-02.39.38:291][451]LogInit: FAudioDevice initialized.
[2021.10.27-02.39.38:326][451]LogLoad: Game class is 'PinballGameMode_C'
[2021.10.27-02.39.38:329][451]LogWorld: Bringing World /Game/Maps/UEDPIE_0_MainLevel.MainLevel up for play (max tick rate 0) at 2021.10.26-22.39.38
[2021.10.27-02.39.38:329][451]LogWorld: Bringing up level for play took: 0.001409
[2021.10.27-02.39.38:331][451]PIE: Info Play in editor start time for /Game/Maps/UEDPIE_0_MainLevel 0.492
[2021.10.27-02.40.12:934][616]LogBlueprintUserMessages: [PinballGameMode_C_0] EndGameTriggered
[2021.10.27-02.41.02:416][224]LogTemp: Repeting last play command: Selected Viewport
[2021.10.27-02.41.02:429][224]BlueprintLog: New page: Pre-Play auto-recompile
[2021.10.27-02.41.02:429][224]LogPlayLevel: [PlayLevel] Compiling PinballGameMode before play...
[2021.10.27-02.41.02:573][224]LogPlayLevel: PlayLevel: Blueprint regeneration took 144 ms (1 blueprints)
[2021.10.27-02.41.02:573][224]PIE: New page: PIE session: MainLevel (Oct 26, 2021, 6:41:02 PM)
[2021.10.27-02.41.02:573][224]LogPlayLevel: Creating play world package: /Game/Maps/UEDPIE_0_MainLevel
[2021.10.27-02.41.02:578][224]LogPlayLevel: PIE: StaticDuplicateObject took: (0.004915s)
[2021.10.27-02.41.02:579][224]LogAIModule: Creating AISystem for world MainLevel
[2021.10.27-02.41.02:579][224]LogPlayLevel: PIE: World Init took: (0.000785s)
[2021.10.27-02.41.02:579][224]LogPlayLevel: PIE: Created PIE world by copying editor world from /Game/Maps/MainLevel.MainLevel to /Game/Maps/UEDPIE_0_MainLevel.MainLevel (0.006002s)
[2021.10.27-02.41.02:632][224]LogInit: XAudio2 using 'Speakers (High Definition Audio Device)' : 2 channels at 48 kHz using 16 bits per sample (channel mask 0x3)
[2021.10.27-02.41.02:647][224]LogInit: FAudioDevice initialized.
[2021.10.27-02.41.02:676][224]LogLoad: Game class is 'PinballGameMode_C'
[2021.10.27-02.41.02:679][224]LogWorld: Bringing World /Game/Maps/UEDPIE_0_MainLevel.MainLevel up for play (max tick rate 0) at 2021.10.26-22.41.02
[2021.10.27-02.41.02:679][224]LogWorld: Bringing up level for play took: 0.001310
[2021.10.27-02.41.02:681][224]PIE: Info Play in editor start time for /Game/Maps/UEDPIE_0_MainLevel 0.843
[2021.10.27-02.41.58:052][645]LogBlueprintUserMessages: [PinballGameMode_C_0] Get Save Game Data
[2021.10.27-02.47.38:039][297]BlueprintLog: New page: Compile PinballGameMode
[2021.10.27-02.47.38:641][337]Cmd: OBJ SAVEPACKAGE PACKAGE="/Game/Blueprints/PinballGameMode" FILE="../../../../../GitHub Projects/Udemy_Unreal/Udemy_Pinball/Udemy_Pinball/Pinball/Content/Blueprints/PinballGameMode.uasset" SILENT=true
[2021.10.27-02.47.38:697][337]LogSavePackage: Save=45.67ms
[2021.10.27-02.47.38:697][337]LogSavePackage: Moving '../../../../../GitHub Projects/Udemy_Unreal/Udemy_Pinball/Udemy_Pinball/Pinball/Saved/PinballGameModeFE7E73414A5FE446F8A54DA4E9C13039.tmp' to '../../../../../GitHub Projects/Udemy_Unreal/Udemy_Pinball/Udemy_Pinball/Pinball/Content/Blueprints/PinballGameMode.uasset'
[2021.10.27-02.47.38:704][337]LogSavePackage:Display: Finished SavePackage ../../../../../GitHub Projects/Udemy_Unreal/Udemy_Pinball/Udemy_Pinball/Pinball/Content/Blueprints/PinballGameMode.uasset
[2021.10.27-02.47.47:722][248]BlueprintLog: New page: Compile PinballGameMode
[2021.10.27-02.47.48:277][285]Cmd: OBJ SAVEPACKAGE PACKAGE="/Game/Blueprints/PinballGameMode" FILE="../../../../../GitHub Projects/Udemy_Unreal/Udemy_Pinball/Udemy_Pinball/Pinball/Content/Blueprints/PinballGameMode.uasset" SILENT=true
[2021.10.27-02.47.48:341][285]LogSavePackage: Save=55.17ms
[2021.10.27-02.47.48:341][285]LogSavePackage: Moving '../../../../../GitHub Projects/Udemy_Unreal/Udemy_Pinball/Udemy_Pinball/Pinball/Saved/PinballGameModeCCEBB6E64C8F65CF125BB79C4588AE6B.tmp' to '../../../../../GitHub Projects/Udemy_Unreal/Udemy_Pinball/Udemy_Pinball/Pinball/Content/Blueprints/PinballGameMode.uasset'
[2021.10.27-02.47.48:344][285]LogSavePackage:Display: Finished SavePackage ../../../../../GitHub Projects/Udemy_Unreal/Udemy_Pinball/Udemy_Pinball/Pinball/Content/Blueprints/PinballGameMode.uasset
[2021.10.27-02.49.45:189][732]Cmd: OBJ SAVEPACKAGE PACKAGE="/Game/Blueprints/HighScoreSave" FILE="../../../../../GitHub Projects/Udemy_Unreal/Udemy_Pinball/Udemy_Pinball/Pinball/Content/Blueprints/HighScoreSave.uasset" SILENT=true
[2021.10.27-02.49.45:235][732]LogSavePackage: Save=35.03ms
[2021.10.27-02.49.45:235][732]LogSavePackage: Moving '../../../../../GitHub Projects/Udemy_Unreal/Udemy_Pinball/Udemy_Pinball/Pinball/Saved/HighScoreSave1045D6214DA5110F209EA494575D55DC.tmp' to '../../../../../GitHub Projects/Udemy_Unreal/Udemy_Pinball/Udemy_Pinball/Pinball/Content/Blueprints/HighScoreSave.uasset'
[2021.10.27-02.49.45:238][732]LogSavePackage:Display: Finished SavePackage ../../../../../GitHub Projects/Udemy_Unreal/Udemy_Pinball/Udemy_Pinball/Pinball/Content/Blueprints/HighScoreSave.uasset
[2021.10.27-02.50.20:784][911]LogSavePackage: Save=75.38ms
[2021.10.27-02.50.20:784][911]LogSavePackage: Moving '../../../../../GitHub Projects/Udemy_Unreal/Udemy_Pinball/Udemy_Pinball/Pinball/Saved/MainLevelF1860D13441393A521A4108F152B0050.tmp' to '../../../../../GitHub Projects/Udemy_Unreal/Udemy_Pinball/Udemy_Pinball/Pinball/Content/Maps/MainLevel.umap'
[2021.10.27-02.50.20:787][911]LogSavePackage:Display: Finished SavePackage ../../../../../GitHub Projects/Udemy_Unreal/Udemy_Pinball/Udemy_Pinball/Pinball/Content/Maps/MainLevel.umap
[2021.10.27-02.50.24:001][227]Cmd: QUIT_EDITOR
[2021.10.27-02.50.24:995][227]LogWindowsTextInputMethodSystem:Display: IME system now deactivated.
[2021.10.27-02.50.25:018][227]LogExit: Preparing to exit.
[2021.10.27-02.50.25:435][227]LogDirectoryWatcher: A directory notification for 'D:/GitHub Projects/Udemy_Unreal/Udemy_Pinball/Udemy_Pinball/Pinball/Content/' was aborted.
[2021.10.27-02.50.25:469][227]LogExit: Editor shut down
[2021.10.27-02.50.25:469][227]LogExit: Transaction tracking system shut down
[2021.10.27-02.50.25:908][227]LogObj: Freed 0b from 0 cluster array pools.
[2021.10.27-02.50.25:913][227]LogExit: Object subsystem successfully closed.
[2021.10.27-02.50.25:974][227]LogD3D11RHI: Shutdown
[2021.10.27-02.50.25:974][227]LogD3D11RHI: CleanupD3DDevice
[2021.10.27-02.50.26:074][227]LogD3D11RHI: ~FD3D11DynamicRHI
[2021.10.27-02.50.26:400][227]LogHttp:Display: Http module shutting down, but needs to wait on 1 outstanding Http requests:
[2021.10.27-02.50.26:400][227]LogHttp:Display: 	verb=[POST] url=[https://datarouter.ol.epicgames.com/datarouter/api/v1/public/data?SessionID=%7B1284D646-4541-D401-3366-29B8739011E5%7D&AppID=UEEditor.Rocket.Release&AppVersion=4.14.3-3249277%2B%2B%2BUE4%2BRelease-4.14&UserID=dd55dcd44d4de2f3f5b041b7246e1094%7Cf5476c74213e466690d5d7ff3df1aed1%7C051aa251-e9c6-4825-b070-34c45b984ebd&AppEnvironment=datacollector-binary&UploadType=eteventstream] status=Processing
[2021.10.27-02.50.26:413][227]LogModuleManager: Shutting down and abandoning module MovieSceneCapture (244)
[2021.10.27-02.50.26:413][227]LogModuleManager: Shutting down and abandoning module BlueprintGraph (243)
[2021.10.27-02.50.26:413][227]LogModuleManager: Shutting down and abandoning module BlueprintProfiler (242)
[2021.10.27-02.50.26:434][227]LogModuleManager: Shutting down and abandoning module HierarchicalLODOutliner (241)
[2021.10.27-02.50.26:445][227]LogModuleManager: Shutting down and abandoning module CrashTracker (240)
[2021.10.27-02.50.26:445][227]LogModuleManager: Shutting down and abandoning module SceneOutliner (239)
[2021.10.27-02.50.26:445][227]LogModuleManager: Shutting down and abandoning module WidgetCarousel (238)
[2021.10.27-02.50.26:445][227]LogModuleManager: Shutting down and abandoning module AddContentDialog (237)
[2021.10.27-02.50.26:445][227]LogDirectoryWatcher: A directory notification for 'D:/EpicGames/UE_4.14/FeaturePacks/' was aborted.
[2021.10.27-02.50.26:446][227]LogModuleManager: Shutting down and abandoning module GameplayTags (236)
[2021.10.27-02.50.26:446][227]LogModuleManager: Shutting down and abandoning module EditorWidgets (235)
[2021.10.27-02.50.26:446][227]LogModuleManager: Shutting down and abandoning module CollectionManager (234)
[2021.10.27-02.50.26:446][227]LogDirectoryWatcher: A directory notification for 'D:/GitHub Projects/Udemy_Unreal/Udemy_Pinball/Udemy_Pinball/Pinball/Content/Collections/' was aborted.
[2021.10.27-02.50.26:446][227]LogDirectoryWatcher: A directory notification for 'D:/GitHub Projects/Udemy_Unreal/Udemy_Pinball/Udemy_Pinball/Pinball/Content/Developers/jerye/Collections/' was aborted.
[2021.10.27-02.50.26:446][227]LogDirectoryWatcher: A directory notification for 'D:/GitHub Projects/Udemy_Unreal/Udemy_Pinball/Udemy_Pinball/Pinball/Saved/Collections/' was aborted.
[2021.10.27-02.50.26:446][227]LogModuleManager: Shutting down and abandoning module StatsViewer (233)
[2021.10.27-02.50.26:464][227]LogModuleManager: Shutting down and abandoning module FoliageEdit (232)
[2021.10.27-02.50.26:464][227]LogModuleManager: Shutting down and abandoning module LandscapeEditor (231)
[2021.10.27-02.50.26:479][227]LogModuleManager: Shutting down and abandoning module SceneDepthPickerMode (230)
[2021.10.27-02.50.26:479][227]LogModuleManager: Shutting down and abandoning module ActorPickerMode (229)
[2021.10.27-02.50.26:479][227]LogModuleManager: Shutting down and abandoning module GeometryMode (228)
[2021.10.27-02.50.26:479][227]LogModuleManager: Shutting down and abandoning module TextureAlignMode (227)
[2021.10.27-02.50.26:479][227]LogModuleManager: Shutting down and abandoning module BspMode (226)
[2021.10.27-02.50.26:479][227]LogModuleManager: Shutting down and abandoning module HardwareSurvey (225)
[2021.10.27-02.50.26:479][227]LogModuleManager: Shutting down and abandoning module SequenceRecorderSections (224)
[2021.10.27-02.50.26:479][227]LogModuleManager: Shutting down and abandoning module AutomationWorker (223)
[2021.10.27-02.50.26:479][227]LogModuleManager: Shutting down and abandoning module MatineeToLevelSequence (222)
[2021.10.27-02.50.26:479][227]LogModuleManager: Shutting down and abandoning module PlacementMode (221)
[2021.10.27-02.50.26:493][227]LogModuleManager: Shutting down and abandoning module LevelSequenceEditor (220)
[2021.10.27-02.50.26:501][227]LogModuleManager: Shutting down and abandoning module WmfMediaFactory (219)
[2021.10.27-02.50.26:501][227]LogModuleManager: Shutting down and abandoning module WmfMediaEditor (218)
[2021.10.27-02.50.26:501][227]LogModuleManager: Shutting down and abandoning module AvfMediaFactory (217)
[2021.10.27-02.50.26:501][227]LogModuleManager: Shutting down and abandoning module AvfMediaEditor (216)
[2021.10.27-02.50.26:501][227]LogModuleManager: Shutting down and abandoning module Media (215)
[2021.10.27-02.50.26:501][227]LogModuleManager: Shutting down and abandoning module AndroidMediaFactory (214)
[2021.10.27-02.50.26:501][227]LogModuleManager: Shutting down and abandoning module AndroidMediaEditor (213)
[2021.10.27-02.50.26:501][227]LogModuleManager: Shutting down and abandoning module CharacterAI (212)
[2021.10.27-02.50.26:501][227]LogModuleManager: Shutting down and abandoning module SequenceRecorder (211)
[2021.10.27-02.50.26:501][227]LogModuleManager: Shutting down and abandoning module AudioCapture (210)
[2021.10.27-02.50.26:501][227]LogModuleManager: Shutting down and abandoning module SmartSnapping (209)
[2021.10.27-02.50.26:501][227]LogModuleManager: Shutting down and abandoning module SessionServices (208)
[2021.10.27-02.50.26:501][227]LogModuleManager: Shutting down and abandoning module ViewportSnapping (207)
[2021.10.27-02.50.26:501][227]LogModuleManager: Shutting down and abandoning module ViewportInteraction (206)
[2021.10.27-02.50.26:501][227]LogModuleManager: Shutting down and abandoning module LogVisualizer (205)
[2021.10.27-02.50.26:508][227]LogModuleManager: Shutting down and abandoning module GameProjectGeneration (204)
[2021.10.27-02.50.26:519][227]LogModuleManager: Shutting down and abandoning module IntroTutorials (203)
[2021.10.27-02.50.26:528][227]LogModuleManager: Shutting down and abandoning module EditorLiveStreaming (202)
[2021.10.27-02.50.26:528][227]LogModuleManager: Shutting down and abandoning module IOSPlatformEditor (201)
[2021.10.27-02.50.26:528][227]LogModuleManager: Shutting down and abandoning module HTML5PlatformEditor (200)
[2021.10.27-02.50.26:528][227]LogModuleManager: Shutting down and abandoning module AndroidDeviceDetection (199)
[2021.10.27-02.50.27:327][227]LogModuleManager: Shutting down and abandoning module AndroidPlatformEditor (198)
[2021.10.27-02.50.27:327][227]LogModuleManager: Shutting down and abandoning module IOSRuntimeSettings (197)
[2021.10.27-02.50.27:327][227]LogModuleManager: Shutting down and abandoning module AndroidRuntimeSettings (196)
[2021.10.27-02.50.27:327][227]LogModuleManager: Shutting down and abandoning module InputBindingEditor (195)
[2021.10.27-02.50.27:327][227]LogModuleManager: Shutting down and abandoning module NiagaraEditor (194)
[2021.10.27-02.50.27:362][227]LogModuleManager: Shutting down and abandoning module MergeActors (193)
[2021.10.27-02.50.27:374][227]LogModuleManager: Shutting down and abandoning module SizeMap (192)
[2021.10.27-02.50.27:374][227]LogModuleManager: Shutting down and abandoning module TreeMap (191)
[2021.10.27-02.50.27:374][227]LogModuleManager: Shutting down and abandoning module ReferenceViewer (190)
[2021.10.27-02.50.27:374][227]LogModuleManager: Shutting down and abandoning module LocalizationService (189)
[2021.10.27-02.50.27:374][227]LogModuleManager: Shutting down and abandoning module LocalizationDashboard (188)
[2021.10.27-02.50.27:378][227]LogModuleManager: Shutting down and abandoning module HardwareTargeting (187)
[2021.10.27-02.50.27:378][227]LogModuleManager: Shutting down and abandoning module DeviceProfileEditor (186)
[2021.10.27-02.50.27:393][227]LogModuleManager: Shutting down and abandoning module UndoHistory (185)
[2021.10.27-02.50.27:406][227]LogModuleManager: Shutting down and abandoning module UserFeedback (184)
[2021.10.27-02.50.27:406][227]LogModuleManager: Shutting down and abandoning module XmlParser (183)
[2021.10.27-02.50.27:406][227]LogModuleManager: Shutting down and abandoning module Blutility (182)
[2021.10.27-02.50.27:406][227]LogModuleManager: Shutting down and abandoning module ProjectTargetPlatformEditor (181)
[2021.10.27-02.50.27:406][227]LogModuleManager: Shutting down and abandoning module ProjectSettingsViewer (180)
[2021.10.27-02.50.27:407][227]LogModuleManager: Shutting down and abandoning module EditorSettingsViewer (179)
[2021.10.27-02.50.27:407][227]LogModuleManager: Shutting down and abandoning module SettingsEditor (178)
[2021.10.27-02.50.27:414][227]LogModuleManager: Shutting down and abandoning module ProjectLauncher (177)
[2021.10.27-02.50.27:429][227]LogModuleManager: Shutting down and abandoning module SessionFrontend (176)
[2021.10.27-02.50.27:442][227]LogModuleManager: Shutting down and abandoning module ProfilerClient (175)
[2021.10.27-02.50.27:458][227]LogModuleManager: Shutting down and abandoning module TargetDeviceServices (174)
[2021.10.27-02.50.27:459][227]LogModuleManager: Shutting down and abandoning module DeviceManager (173)
[2021.10.27-02.50.27:518][227]LogModuleManager: Shutting down and abandoning module AutomationController (172)
[2021.10.27-02.50.27:518][227]LogModuleManager: Shutting down and abandoning module AutomationWindow (171)
[2021.10.27-02.50.27:534][227]LogModuleManager: Shutting down and abandoning module Layers (170)
[2021.10.27-02.50.27:558][227]LogModuleManager: Shutting down and abandoning module ComponentVisualizers (169)
[2021.10.27-02.50.27:558][227]LogModuleManager: Shutting down and abandoning module DetailCustomizations (168)
[2021.10.27-02.50.27:572][227]LogModuleManager: Shutting down and abandoning module PackagesDialog (167)
[2021.10.27-02.50.27:572][227]LogModuleManager: Shutting down and abandoning module AnimGraph (166)
[2021.10.27-02.50.27:572][227]LogModuleManager: Shutting down and abandoning module Persona (165)
[2021.10.27-02.50.27:581][227]LogModuleManager: Shutting down and abandoning module Kismet (164)
[2021.10.27-02.50.27:588][227]LogModuleManager: Shutting down and abandoning module GraphEditor (163)
[2021.10.27-02.50.27:588][227]LogModuleManager: Shutting down and abandoning module ClassViewer (162)
[2021.10.27-02.50.27:599][227]LogModuleManager: Shutting down and abandoning module Toolbox (161)
[2021.10.27-02.50.27:599][227]LogModuleManager: Shutting down and abandoning module ModuleUI (160)
[2021.10.27-02.50.27:618][227]LogModuleManager: Shutting down and abandoning module MovieSceneTools (159)
[2021.10.27-02.50.27:632][227]LogModuleManager: Shutting down and abandoning module OutputLog (158)
[2021.10.27-02.50.27:639][227]LogModuleManager: Shutting down and abandoning module GammaUI (157)
[2021.10.27-02.50.27:651][227]LogModuleManager: Shutting down and abandoning module Documentation (156)
[2021.10.27-02.50.27:651][227]LogModuleManager: Shutting down and abandoning module Niagara (155)
[2021.10.27-02.50.27:651][227]LogModuleManager: Shutting down and abandoning module StreamingPauseRendering (154)
[2021.10.27-02.50.27:651][227]LogModuleManager: Shutting down and abandoning module AnalyticsET (153)
[2021.10.27-02.50.27:651][227]LogModuleManager: Shutting down and abandoning module PortalServices (152)
[2021.10.27-02.50.27:651][227]LogModuleManager: Shutting down and abandoning module PortalRpc (151)
[2021.10.27-02.50.27:651][227]LogModuleManager: Shutting down and abandoning module MessagingRpc (150)
[2021.10.27-02.50.27:651][227]LogModuleManager: Shutting down and abandoning module GameplayDebugger (149)
[2021.10.27-02.50.27:651][227]LogModuleManager: Shutting down and abandoning module AITestSuite (148)
[2021.10.27-02.50.27:651][227]LogModuleManager: Shutting down and abandoning module AIModule (147)
[2021.10.27-02.50.27:651][227]LogModuleManager: Shutting down and abandoning module ProfilerService (146)
[2021.10.27-02.50.27:659][227]LogModuleManager: Shutting down and abandoning module TaskGraph (145)
[2021.10.27-02.50.27:666][227]LogModuleManager: Shutting down and abandoning module SlateRemote (144)
[2021.10.27-02.50.27:666][227]LogModuleManager: Shutting down and abandoning module SteamVRController (143)
[2021.10.27-02.50.27:666][227]LogModuleManager: Shutting down and abandoning module SteamVR (142)
[2021.10.27-02.50.27:666][227]LogModuleManager: Shutting down and abandoning module ProceduralMeshComponentEditor (141)
[2021.10.27-02.50.27:666][227]LogModuleManager: Shutting down and abandoning module ProceduralMeshComponent (140)
[2021.10.27-02.50.27:677][227]LogModuleManager: Shutting down and abandoning module OculusLibrary (139)
[2021.10.27-02.50.27:677][227]LogModuleManager: Shutting down and abandoning module OculusInput (138)
[2021.10.27-02.50.27:677][227]LogModuleManager: Shutting down and abandoning module MobilePatchingUtils (137)
[2021.10.27-02.50.27:677][227]LogModuleManager: Shutting down and abandoning module CustomMeshComponent (136)
[2021.10.27-02.50.27:677][227]LogModuleManager: Shutting down and abandoning module CableComponent (135)
[2021.10.27-02.50.27:677][227]LogModuleManager: Shutting down and abandoning module ArchVisCharacter (134)
[2021.10.27-02.50.27:677][227]LogModuleManager: Shutting down and abandoning module MediaPlayerEditor (132)
[2021.10.27-02.50.27:691][227]LogModuleManager: Shutting down and abandoning module HTML5Networking (131)
[2021.10.27-02.50.27:704][227]LogModuleManager: Shutting down and abandoning module GeometryCacheEd (130)
[2021.10.27-02.50.27:704][227]LogModuleManager: Shutting down and abandoning module GeometryCache (129)
[2021.10.27-02.50.27:704][227]LogModuleManager: Shutting down and abandoning module AlembicLibrary (128)
[2021.10.27-02.50.27:704][227]LogModuleManager: Shutting down and abandoning module AlembicImporter (127)
[2021.10.27-02.50.27:711][227]LogModuleManager: Shutting down and abandoning module SuperSearch (126)
[2021.10.27-02.50.27:711][227]LogModuleManager: Shutting down and abandoning module SuperSearchEditor (125)
[2021.10.27-02.50.27:711][227]LogModuleManager: Shutting down and abandoning module SpeedTreeImporter (124)
[2021.10.27-02.50.27:711][227]LogModuleManager: Shutting down and abandoning module PluginBrowser (123)
[2021.10.27-02.50.27:711][227]LogModuleManager: Shutting down and abandoning module MobileLauncherProfileWizard (122)
[2021.10.27-02.50.27:721][227]LogModuleManager: Shutting down and abandoning module EpicSurvey (121)
[2021.10.27-02.50.27:721][227]LogModuleManager: Shutting down and abandoning module DesktopPlatform (120)
[2021.10.27-02.50.27:721][227]LogModuleManager: Shutting down and abandoning module VisualStudioSourceCodeAccess (119)
[2021.10.27-02.50.27:721][227]LogModuleManager: Shutting down and abandoning module UObjectPlugin (118)
[2021.10.27-02.50.27:721][227]LogModuleManager: Shutting down and abandoning module SubversionSourceControl (117)
[2021.10.27-02.50.27:721][227]LogModuleManager: Shutting down and abandoning module PerforceSourceControl (116)
[2021.10.27-02.50.27:721][227]LogModuleManager: Shutting down and abandoning module SourceControl (115)
[2021.10.27-02.50.27:721][227]LogModuleManager: Shutting down and abandoning module GitSourceControl (114)
[2021.10.27-02.50.27:721][227]LogModuleManager: Shutting down and abandoning module LightPropagationVolumeEditor (113)
[2021.10.27-02.50.27:721][227]LogModuleManager: Shutting down and abandoning module PaperTiledImporter (112)
[2021.10.27-02.50.27:721][227]LogModuleManager: Shutting down and abandoning module PaperSpriteSheetImporter (111)
[2021.10.27-02.50.27:721][227]LogModuleManager: Shutting down and abandoning module MeshPaint (110)
[2021.10.27-02.50.27:721][227]LogModuleManager: Shutting down and abandoning module PixelInspectorModule (109)
[2021.10.27-02.50.27:721][227]LogModuleManager: Shutting down and abandoning module HotReload (108)
[2021.10.27-02.50.27:721][227]LogModuleManager: Shutting down and abandoning module MainFrame (107)
[2021.10.27-02.50.27:721][227]LogModuleManager: Shutting down and abandoning module LevelEditor (106)
[2021.10.27-02.50.27:722][227]LogModuleManager: Shutting down and abandoning module ContentBrowser (105)
[2021.10.27-02.50.27:722][227]LogModuleManager: Shutting down and abandoning module Paper2DEditor (104)
[2021.10.27-02.50.27:725][227]LogModuleManager: Shutting down and abandoning module UdpMessaging (103)
[2021.10.27-02.50.27:826][227]LogModuleManager: Shutting down and abandoning module TcpMessaging (102)
[2021.10.27-02.50.27:927][227]LogModuleManager: Shutting down and abandoning module LightPropagationVolumeRuntime (101)
[2021.10.27-02.50.27:927][227]LogModuleManager: Shutting down and abandoning module Paper2D (100)
[2021.10.27-02.50.27:927][227]LogModuleManager: Shutting down and abandoning module WindowsMoviePlayer (99)
[2021.10.27-02.50.27:927][227]LogModuleManager: Shutting down and abandoning module WmfMedia (98)
[2021.10.27-02.50.27:936][227]LogModuleManager: Shutting down and abandoning module MediaAssets (97)
[2021.10.27-02.50.27:936][227]LogModuleManager: Shutting down and abandoning module GameLiveStreaming (96)
[2021.10.27-02.50.27:936][227]LogModuleManager: Shutting down and abandoning module GameplayTagsEditor (95)
[2021.10.27-02.50.27:936][227]LogModuleManager: Shutting down and abandoning module VREditor (94)
[2021.10.27-02.50.27:936][227]LogModuleManager: Shutting down and abandoning module GameplayTasksEditor (93)
[2021.10.27-02.50.27:936][227]LogModuleManager: Shutting down and abandoning module BehaviorTreeEditor (92)
[2021.10.27-02.50.27:943][227]LogModuleManager: Shutting down and abandoning module FunctionalTesting (91)
[2021.10.27-02.50.27:943][227]LogModuleManager: Shutting down and abandoning module CollisionAnalyzer (90)
[2021.10.27-02.50.27:953][227]LogModuleManager: Shutting down and abandoning module Sequencer (89)
[2021.10.27-02.50.27:965][227]LogModuleManager: Shutting down and abandoning module WorkspaceMenuStructure (88)
[2021.10.27-02.50.27:965][227]LogModuleManager: Shutting down and abandoning module MessageLog (87)
[2021.10.27-02.50.27:965][227]LogModuleManager: Shutting down and abandoning module AssetTools (86)
[2021.10.27-02.50.27:983][227]LogModuleManager: Shutting down and abandoning module UMGEditor (85)
[2021.10.27-02.50.27:983][227]LogModuleManager: Shutting down and abandoning module UMG (84)
[2021.10.27-02.50.27:983][227]LogModuleManager: Shutting down and abandoning module SlateReflector (83)
[2021.10.27-02.50.28:002][227]LogModuleManager: Shutting down and abandoning module Slate (82)
[2021.10.27-02.50.28:002][227]LogModuleManager: Shutting down and abandoning module EditorStyle (81)
[2021.10.27-02.50.28:003][227]LogModuleManager: Shutting down and abandoning module SourceCodeAccess (80)
[2021.10.27-02.50.28:003][227]LogModuleManager: Shutting down and abandoning module HeadMountedDisplay (79)
[2021.10.27-02.50.28:003][227]LogModuleManager: Shutting down and abandoning module XAudio2 (78)
[2021.10.27-02.50.28:003][227]LogModuleManager: Shutting down and abandoning module Networking (76)
[2021.10.27-02.50.28:003][227]LogModuleManager: Shutting down and abandoning module Core (75)
[2021.10.27-02.50.28:003][227]LogModuleManager: Shutting down and abandoning module DirectoryWatcher (74)
[2021.10.27-02.50.28:003][227]LogDirectoryWatcher: A directory notification for '../../../Engine/Content/' was aborted.
[2021.10.27-02.50.28:004][227]LogDirectoryWatcher: A directory notification for '../../../../../GitHub Projects/Udemy_Unreal/Udemy_Pinball/Udemy_Pinball/Pinball/Content/' was aborted.
[2021.10.27-02.50.28:004][227]LogDirectoryWatcher: A directory notification for '../../../Engine/Plugins/2D/Paper2D/Content/' was aborted.
[2021.10.27-02.50.28:004][227]LogModuleManager: Shutting down and abandoning module AssetRegistry (73)
[2021.10.27-02.50.28:193][227]LogModuleManager: Shutting down and abandoning module KismetCompiler (72)
[2021.10.27-02.50.28:193][227]LogModuleManager: Shutting down and abandoning module PhysXFormats (71)
[2021.10.27-02.50.28:193][227]LogModuleManager: Shutting down and abandoning module SimplygonSwarm (70)
[2021.10.27-02.50.28:200][227]LogModuleManager: Shutting down and abandoning module SimplygonMeshReduction (69)
[2021.10.27-02.50.28:200][227]LogModuleManager: Shutting down and abandoning module QuadricMeshReduction (68)
[2021.10.27-02.50.28:200][227]LogModuleManager: Shutting down and abandoning module PropertyEditor (67)
[2021.10.27-02.50.28:201][227]LogModuleManager: Shutting down and abandoning module MeshUtilities (66)
[2021.10.27-02.50.28:207][227]LogModuleManager: Shutting down and abandoning module DerivedDataCache (65)
[2021.10.27-02.50.28:233][227]LogDerivedDataCache: Shutdown
[2021.10.27-02.50.28:233][227]LogModuleManager: Shutting down and abandoning module VulkanShaderFormat (64)
[2021.10.27-02.50.28:233][227]LogModuleManager: Shutting down and abandoning module ShaderFormatOpenGL (63)
[2021.10.27-02.50.28:249][227]LogModuleManager: Shutting down and abandoning module ShaderFormatD3D (62)
[2021.10.27-02.50.28:249][227]LogModuleManager: Shutting down and abandoning module MetalShaderFormat (61)
[2021.10.27-02.50.28:267][227]LogModuleManager: Shutting down and abandoning module TextureFormatUncompressed (60)
[2021.10.27-02.50.28:267][227]LogModuleManager: Shutting down and abandoning module TextureFormatPVR (59)
[2021.10.27-02.50.28:267][227]LogModuleManager: Shutting down and abandoning module TextureFormatDXT (58)
[2021.10.27-02.50.28:267][227]LogModuleManager: Shutting down and abandoning module TextureFormatIntelISPCTexComp (57)
[2021.10.27-02.50.28:268][227]LogModuleManager: Shutting down and abandoning module ImageWrapper (56)
[2021.10.27-02.50.28:268][227]LogModuleManager: Shutting down and abandoning module TextureFormatASTC (55)
[2021.10.27-02.50.28:268][227]LogModuleManager: Shutting down and abandoning module TextureFormatAndroid (54)
[2021.10.27-02.50.28:268][227]LogModuleManager: Shutting down and abandoning module AudioFormatOpus (53)
[2021.10.27-02.50.28:268][227]LogModuleManager: Shutting down and abandoning module AudioFormatOgg (52)
[2021.10.27-02.50.28:268][227]LogModuleManager: Shutting down and abandoning module AudioFormatADPCM (51)
[2021.10.27-02.50.28:268][227]LogModuleManager: Shutting down and abandoning module LinuxTargetPlatform (50)
[2021.10.27-02.50.28:268][227]LogModuleManager: Shutting down and abandoning module LinuxServerTargetPlatform (49)
[2021.10.27-02.50.28:268][227]LogModuleManager: Shutting down and abandoning module LinuxNoEditorTargetPlatform (48)
[2021.10.27-02.50.28:268][227]LogModuleManager: Shutting down and abandoning module LinuxClientTargetPlatform (47)
[2021.10.27-02.50.28:268][227]LogModuleManager: Shutting down and abandoning module TVOSTargetPlatform (46)
[2021.10.27-02.50.28:268][227]LogModuleManager: Shutting down and abandoning module Messaging (45)
[2021.10.27-02.50.28:268][227]LogModuleManager: Shutting down and abandoning module IOSTargetPlatform (44)
[2021.10.27-02.50.28:268][227]LogModuleManager: Shutting down and abandoning module HTML5TargetPlatform (43)
[2021.10.27-02.50.28:268][227]LogModuleManager: Shutting down and abandoning module Android_PVRTCTargetPlatform (42)
[2021.10.27-02.50.28:268][227]LogModuleManager: Shutting down and abandoning module Android_MultiTargetPlatform (41)
[2021.10.27-02.50.28:268][227]LogModuleManager: Shutting down and abandoning module Android_ETC2TargetPlatform (40)
[2021.10.27-02.50.28:268][227]LogModuleManager: Shutting down and abandoning module Android_ETC1TargetPlatform (39)
[2021.10.27-02.50.28:268][227]LogModuleManager: Shutting down and abandoning module Android_DXTTargetPlatform (38)
[2021.10.27-02.50.28:268][227]LogModuleManager: Shutting down and abandoning module Android_ATCTargetPlatform (37)
[2021.10.27-02.50.28:268][227]LogModuleManager: Shutting down and abandoning module Android_ASTCTargetPlatform (36)
[2021.10.27-02.50.28:268][227]LogModuleManager: Shutting down and abandoning module AndroidTargetPlatform (35)
[2021.10.27-02.50.28:268][227]LogModuleManager: Shutting down and abandoning module WindowsTargetPlatform (34)
[2021.10.27-02.50.28:268][227]LogModuleManager: Shutting down and abandoning module WindowsServerTargetPlatform (33)
[2021.10.27-02.50.28:268][227]LogModuleManager: Shutting down and abandoning module WindowsNoEditorTargetPlatform (32)
[2021.10.27-02.50.28:268][227]LogModuleManager: Shutting down and abandoning module WindowsClientTargetPlatform (31)
[2021.10.27-02.50.28:268][227]LogModuleManager: Shutting down and abandoning module MacTargetPlatform (30)
[2021.10.27-02.50.28:268][227]LogModuleManager: Shutting down and abandoning module MacServerTargetPlatform (29)
[2021.10.27-02.50.28:268][227]LogModuleManager: Shutting down and abandoning module MacNoEditorTargetPlatform (28)
[2021.10.27-02.50.28:268][227]LogModuleManager: Shutting down and abandoning module MacClientTargetPlatform (27)
[2021.10.27-02.50.28:268][227]LogModuleManager: Shutting down and abandoning module AllDesktopTargetPlatform (26)
[2021.10.27-02.50.28:268][227]LogModuleManager: Shutting down and abandoning module TargetPlatform (25)
[2021.10.27-02.50.28:268][227]LogModuleManager: Shutting down and abandoning module InputCore (24)
[2021.10.27-02.50.28:268][227]LogModuleManager: Shutting down and abandoning module Settings (23)
[2021.10.27-02.50.28:268][227]LogModuleManager: Shutting down and abandoning module OculusRift (22)
[2021.10.27-02.50.28:274][227]LogModuleManager: Shutting down and abandoning module ExampleDeviceProfileSelector (21)
[2021.10.27-02.50.28:274][227]LogModuleManager: Shutting down and abandoning module OnlineBlueprintSupport (20)
[2021.10.27-02.50.28:274][227]LogModuleManager: Shutting down and abandoning module OnlineSubsystem (18)
[2021.10.27-02.50.28:274][227]LogOnline:Display: Unloading online subsystem: NULL
[2021.10.27-02.50.28:293][227]LogModuleManager: Shutting down and abandoning module SSL (17)
[2021.10.27-02.50.28:294][227]LogModuleManager: Shutting down and abandoning module HTTP (16)
[2021.10.27-02.50.28:294][227]LogModuleManager: Shutting down and abandoning module XMPP (15)
[2021.10.27-02.50.28:314][227]LogModuleManager: Shutting down and abandoning module TextureCompressor (14)
[2021.10.27-02.50.28:315][227]LogModuleManager: Shutting down and abandoning module ShaderCore (13)
[2021.10.27-02.50.28:315][227]LogModuleManager: Shutting down and abandoning module Landscape (12)
[2021.10.27-02.50.28:315][227]LogModuleManager: Shutting down and abandoning module SlateRHIRenderer (11)
[2021.10.27-02.50.28:329][227]LogModuleManager: Shutting down and abandoning module OpenGLDrv (10)
[2021.10.27-02.50.28:347][227]LogModuleManager: Shutting down and abandoning module D3D11RHI (9)
[2021.10.27-02.50.28:347][227]LogModuleManager: Shutting down and abandoning module AnimGraphRuntime (8)
[2021.10.27-02.50.28:347][227]LogModuleManager: Shutting down and abandoning module Renderer (7)
[2021.10.27-02.50.28:347][227]LogModuleManager: Shutting down and abandoning module Engine (6)
[2021.10.27-02.50.28:347][227]LogModuleManager: Shutting down and abandoning module CoreUObject (5)
[2021.10.27-02.50.28:347][227]LogModuleManager: Shutting down and abandoning module NetworkFile (4)
[2021.10.27-02.50.28:347][227]LogModuleManager: Shutting down and abandoning module StreamingFile (3)
[2021.10.27-02.50.28:347][227]LogModuleManager: Shutting down and abandoning module SandboxFile (2)
[2021.10.27-02.50.28:347][227]LogModuleManager: Shutting down and abandoning module PakFile (1)
[2021.10.27-02.50.28:350][227]LogExit: Exiting.
[2021.10.27-02.50.28:359][227]Log file closed, 10/26/21 22:50:28
