Log file open, 10/10/21 20:22:19
LogInit:Display: Running engine for game: Pinball
LogPlatformFile: Not using cached read wrapper
LogInit:Display: RandInit(-1550691782) SRandInit(-1550691782).
LogTaskGraph: Started task graph with 5 named threads and 10 total threads with 1 sets of task threads.
LogStats: Stats thread started at 0.181121
LogPluginManager: Loaded Plugin Paper2D, From D:/EpicGames/UE_4.14/Engine/Plugins/2D/Paper2D/Paper2D.uplugin
LogPluginManager: Loaded Plugin LightPropagationVolume, From D:/EpicGames/UE_4.14/Engine/Plugins/Blendables/LightPropagationVolume/LightPropagationVolume.uplugin
LogPluginManager: Loaded Plugin BlankPlugin, From D:/EpicGames/UE_4.14/Engine/Plugins/Developer/BlankPlugin/BlankPlugin.uplugin
LogPluginManager: Loaded Plugin CodeLiteSourceCodeAccess, From D:/EpicGames/UE_4.14/Engine/Plugins/Developer/CodeLiteSourceCodeAccess/CodeLiteSourceCodeAccess.uplugin
LogPluginManager: Loaded Plugin GitSourceControl, From D:/EpicGames/UE_4.14/Engine/Plugins/Developer/GitSourceControl/GitSourceControl.uplugin
LogPluginManager: Loaded Plugin KDevelopSourceCodeAccess, From D:/EpicGames/UE_4.14/Engine/Plugins/Developer/KDevelopSourceCodeAccess/KDevelopSourceCodeAccess.uplugin
LogPluginManager: Loaded Plugin NullSourceCodeAccess, From D:/EpicGames/UE_4.14/Engine/Plugins/Developer/NullSourceCodeAccess/NullSourceCodeAccess.uplugin
LogPluginManager: Loaded Plugin OneSkyLocalizationService, From D:/EpicGames/UE_4.14/Engine/Plugins/Developer/OneSkyLocalizationService/OneSkyLocalizationService.uplugin
LogPluginManager: Loaded Plugin PerforceSourceControl, From D:/EpicGames/UE_4.14/Engine/Plugins/Developer/PerforceSourceControl/PerforceSourceControl.uplugin
LogPluginManager: Loaded Plugin SubversionSourceControl, From D:/EpicGames/UE_4.14/Engine/Plugins/Developer/SubversionSourceControl/SubversionSourceControl.uplugin
LogPluginManager: Loaded Plugin UObjectPlugin, From D:/EpicGames/UE_4.14/Engine/Plugins/Developer/UObjectPlugin/UObjectPlugin.uplugin
LogPluginManager: Loaded Plugin VisualStudioSourceCodeAccess, From D:/EpicGames/UE_4.14/Engine/Plugins/Developer/VisualStudioSourceCodeAccess/VisualStudioSourceCodeAccess.uplugin
LogPluginManager: Loaded Plugin XCodeSourceCodeAccess, From D:/EpicGames/UE_4.14/Engine/Plugins/Developer/XCodeSourceCodeAccess/XCodeSourceCodeAccess.uplugin
LogPluginManager: Loaded Plugin AudioCapture, From D:/EpicGames/UE_4.14/Engine/Plugins/Editor/AudioCapture/AudioCapture.uplugin
LogPluginManager: Loaded Plugin EpicSurvey, From D:/EpicGames/UE_4.14/Engine/Plugins/Editor/EpicSurvey/EpicSurvey.uplugin
LogPluginManager: Loaded Plugin MacGraphicsSwitching, From D:/EpicGames/UE_4.14/Engine/Plugins/Editor/MacGraphicsSwitching/MacGraphicsSwitching.uplugin
LogPluginManager: Loaded Plugin MobileLauncherProfileWizard, From D:/EpicGames/UE_4.14/Engine/Plugins/Editor/MobileLauncherProfileWizard/MobileLauncherProfileWizard.uplugin
LogPluginManager: Loaded Plugin PluginBrowser, From D:/EpicGames/UE_4.14/Engine/Plugins/Editor/PluginBrowser/PluginBrowser.uplugin
LogPluginManager: Loaded Plugin SpeedTreeImporter, From D:/EpicGames/UE_4.14/Engine/Plugins/Editor/SpeedTreeImporter/SpeedTreeImporter.uplugin
LogPluginManager: Loaded Plugin SuperSearchEditor, From D:/EpicGames/UE_4.14/Engine/Plugins/Editor/SuperSearchEditor/SuperSearchEditor.uplugin
LogPluginManager: Loaded Plugin AlembicImporter, From D:/EpicGames/UE_4.14/Engine/Plugins/Experimental/AlembicImporter/AlembicImporter.uplugin
LogPluginManager: Loaded Plugin BlueprintStats, From D:/EpicGames/UE_4.14/Engine/Plugins/Experimental/BlueprintStats/BlueprintStats.uplugin
LogPluginManager: Loaded Plugin CharacterAI, From D:/EpicGames/UE_4.14/Engine/Plugins/Experimental/CharacterAI/CharacterAI.uplugin
LogPluginManager: Loaded Plugin CodeEditor, From D:/EpicGames/UE_4.14/Engine/Plugins/Experimental/CodeEditor/CodeEditor.uplugin
LogPluginManager: Loaded Plugin CodeView, From D:/EpicGames/UE_4.14/Engine/Plugins/Experimental/CodeView/CodeView.uplugin
LogPluginManager: Loaded Plugin HTML5Networking, From D:/EpicGames/UE_4.14/Engine/Plugins/Experimental/HTML5Networking/HTML5Networking.uplugin
LogPluginManager: Loaded Plugin OSVR, From D:/EpicGames/UE_4.14/Engine/Plugins/Experimental/OSVR/OSVR.uplugin
LogPluginManager: Loaded Plugin Phya, From D:/EpicGames/UE_4.14/Engine/Plugins/Experimental/Phya/Phya.uplugin
LogPluginManager: Loaded Plugin SignificanceManager, From D:/EpicGames/UE_4.14/Engine/Plugins/Experimental/SignificanceManager/SignificanceManager.uplugin
LogPluginManager: Loaded Plugin SimpleHMD, From D:/EpicGames/UE_4.14/Engine/Plugins/Experimental/SimpleHMD/SimpleHMD.uplugin
LogPluginManager: Loaded Plugin StereoPanorama, From D:/EpicGames/UE_4.14/Engine/Plugins/Experimental/StereoPanorama/StereoPanorama.uplugin
LogPluginManager: Loaded Plugin StructBox, From D:/EpicGames/UE_4.14/Engine/Plugins/Experimental/StructBox/StructBox.uplugin
LogPluginManager: Loaded Plugin AndroidMedia, From D:/EpicGames/UE_4.14/Engine/Plugins/Media/AndroidMedia/AndroidMedia.uplugin
LogPluginManager: Loaded Plugin AvfMedia, From D:/EpicGames/UE_4.14/Engine/Plugins/Media/AvfMedia/AvfMedia.uplugin
LogPluginManager: Loaded Plugin MediaPlayerEditor, From D:/EpicGames/UE_4.14/Engine/Plugins/Media/MediaPlayerEditor/MediaPlayerEditor.uplugin
LogPluginManager: Loaded Plugin WmfMedia, From D:/EpicGames/UE_4.14/Engine/Plugins/Media/WmfMedia/WmfMedia.uplugin
LogPluginManager: Loaded Plugin MessagingDebugger, From D:/EpicGames/UE_4.14/Engine/Plugins/Messaging/MessagingDebugger/MessagingDebugger.uplugin
LogPluginManager: Loaded Plugin TcpMessaging, From D:/EpicGames/UE_4.14/Engine/Plugins/Messaging/TcpMessaging/TcpMessaging.uplugin
LogPluginManager: Loaded Plugin UdpMessaging, From D:/EpicGames/UE_4.14/Engine/Plugins/Messaging/UdpMessaging/UdpMessaging.uplugin
LogPluginManager: Loaded Plugin LevelSequenceEditor, From D:/EpicGames/UE_4.14/Engine/Plugins/MovieScene/LevelSequenceEditor/LevelSequenceEditor.uplugin
LogPluginManager: Loaded Plugin MatineeToLevelSequence, From D:/EpicGames/UE_4.14/Engine/Plugins/MovieScene/MatineeToLevelSequence/MatineeToLevelSequence.uplugin
LogPluginManager: Loaded Plugin NetcodeUnitTest, From D:/EpicGames/UE_4.14/Engine/Plugins/NetcodeUnitTest/NetcodeUnitTest/NetcodeUnitTest.uplugin
LogPluginManager: Loaded Plugin NUTUnrealEngine4, From D:/EpicGames/UE_4.14/Engine/Plugins/NetcodeUnitTest/NUTUnrealEngine4/NUTUnrealEngine4.uplugin
LogPluginManager: Loaded Plugin OnlineSubsystemGameCircle, From D:/EpicGames/UE_4.14/Engine/Plugins/Online/Android/OnlineSubsystemGameCircle/OnlineSubsystemGameCircle.uplugin
LogPluginManager: Loaded Plugin OnlineSubsystemGooglePlay, From D:/EpicGames/UE_4.14/Engine/Plugins/Online/Android/OnlineSubsystemGooglePlay/OnlineSubsystemGooglePlay.uplugin
LogPluginManager: Loaded Plugin OnlineSubsystemIOS, From D:/EpicGames/UE_4.14/Engine/Plugins/Online/IOS/OnlineSubsystemIOS/OnlineSubsystemIOS.uplugin
LogPluginManager: Loaded Plugin OnlineFramework, From D:/EpicGames/UE_4.14/Engine/Plugins/Online/OnlineFramework/OnlineFramework.uplugin
LogPluginManager: Loaded Plugin OnlineSubsystem, From D:/EpicGames/UE_4.14/Engine/Plugins/Online/OnlineSubsystem/OnlineSubsystem.uplugin
LogPluginManager: Loaded Plugin OnlineSubsystemAmazon, From D:/EpicGames/UE_4.14/Engine/Plugins/Online/OnlineSubsystemAmazon/OnlineSubsystemAmazon.uplugin
LogPluginManager: Loaded Plugin OnlineSubsystemFacebook, From D:/EpicGames/UE_4.14/Engine/Plugins/Online/OnlineSubsystemFacebook/OnlineSubsystemFacebook.uplugin
LogPluginManager: Loaded Plugin OnlineSubsystemNull, From D:/EpicGames/UE_4.14/Engine/Plugins/Online/OnlineSubsystemNull/OnlineSubsystemNull.uplugin
LogPluginManager: Loaded Plugin OnlineSubsystemOculus, From D:/EpicGames/UE_4.14/Engine/Plugins/Online/OnlineSubsystemOculus/OnlineSubsystemOculus.uplugin
LogPluginManager: Loaded Plugin OnlineSubsystemSteam, From D:/EpicGames/UE_4.14/Engine/Plugins/Online/OnlineSubsystemSteam/OnlineSubsystemSteam.uplugin
LogPluginManager: Loaded Plugin OnlineSubsystemUtils, From D:/EpicGames/UE_4.14/Engine/Plugins/Online/OnlineSubsystemUtils/OnlineSubsystemUtils.uplugin
LogPluginManager: Loaded Plugin IOSTapJoy, From D:/EpicGames/UE_4.14/Engine/Plugins/Runtime/Advertising/IOSTapJoy/IOSTapJoy.uplugin
LogPluginManager: Loaded Plugin AnalyticsBlueprintLibrary, From D:/EpicGames/UE_4.14/Engine/Plugins/Runtime/Analytics/AnalyticsBlueprintLibrary/AnalyticsBlueprintLibrary.uplugin
LogPluginManager: Loaded Plugin AnalyticsMulticast, From D:/EpicGames/UE_4.14/Engine/Plugins/Runtime/Analytics/AnalyticsMulticast/AnalyticsMulticast.uplugin
LogPluginManager: Loaded Plugin Apsalar, From D:/EpicGames/UE_4.14/Engine/Plugins/Runtime/Analytics/Apsalar/Apsalar.uplugin
LogPluginManager: Loaded Plugin FileLogging, From D:/EpicGames/UE_4.14/Engine/Plugins/Runtime/Analytics/FileLogging/FileLogging.uplugin
LogPluginManager: Loaded Plugin Flurry, From D:/EpicGames/UE_4.14/Engine/Plugins/Runtime/Analytics/Flurry/Flurry.uplugin
LogPluginManager: Loaded Plugin AndroidDeviceProfileSelector, From D:/EpicGames/UE_4.14/Engine/Plugins/Runtime/AndroidDeviceProfileSelector/AndroidDeviceProfileSelector.uplugin
LogPluginManager: Loaded Plugin AndroidMoviePlayer, From D:/EpicGames/UE_4.14/Engine/Plugins/Runtime/AndroidMoviePlayer/AndroidMoviePlayer.uplugin
LogPluginManager: Loaded Plugin AppleMoviePlayer, From D:/EpicGames/UE_4.14/Engine/Plugins/Runtime/AppleMoviePlayer/AppleMoviePlayer.uplugin
LogPluginManager: Loaded Plugin ArchVisCharacter, From D:/EpicGames/UE_4.14/Engine/Plugins/Runtime/ArchVisCharacter/ArchVisCharacter.uplugin
LogPluginManager: Loaded Plugin CableComponent, From D:/EpicGames/UE_4.14/Engine/Plugins/Runtime/CableComponent/CableComponent.uplugin
LogPluginManager: Loaded Plugin CustomMeshComponent, From D:/EpicGames/UE_4.14/Engine/Plugins/Runtime/CustomMeshComponent/CustomMeshComponent.uplugin
LogPluginManager: Loaded Plugin ExampleDeviceProfileSelector, From D:/EpicGames/UE_4.14/Engine/Plugins/Runtime/ExampleDeviceProfileSelector/ExampleDeviceProfileSelector.uplugin
LogPluginManager: Loaded Plugin GearVR, From D:/EpicGames/UE_4.14/Engine/Plugins/Runtime/GearVR/GearVR.uplugin
LogPluginManager: Loaded Plugin GoogleVRController, From D:/EpicGames/UE_4.14/Engine/Plugins/Runtime/GoogleVR/GoogleVRController/GoogleVRController.uplugin
LogPluginManager: Loaded Plugin GoogleVRHMD, From D:/EpicGames/UE_4.14/Engine/Plugins/Runtime/GoogleVR/GoogleVRHMD/GoogleVRHMD.uplugin
LogPluginManager: Loaded Plugin IOSDeviceProfileSelector, From D:/EpicGames/UE_4.14/Engine/Plugins/Runtime/IOSDeviceProfileSelector/IOSDeviceProfileSelector.uplugin
LogPluginManager: Loaded Plugin LeapMotion, From D:/EpicGames/UE_4.14/Engine/Plugins/Runtime/LeapMotion/LeapMotion.uplugin
LogPluginManager: Loaded Plugin LinuxDeviceProfileSelector, From D:/EpicGames/UE_4.14/Engine/Plugins/Runtime/LinuxDeviceProfileSelector/LinuxDeviceProfileSelector.uplugin
LogPluginManager: Loaded Plugin MIDIDevice, From D:/EpicGames/UE_4.14/Engine/Plugins/Runtime/MIDIDevice/MIDIDevice.uplugin
LogPluginManager: Loaded Plugin MobilePatchingUtils, From D:/EpicGames/UE_4.14/Engine/Plugins/Runtime/MobilePatchingUtils/MobilePatchingUtils.uplugin
LogPluginManager: Loaded Plugin Ansel, From D:/EpicGames/UE_4.14/Engine/Plugins/Runtime/Nvidia/Ansel/Ansel.uplugin
LogPluginManager: Loaded Plugin OculusAudio, From D:/EpicGames/UE_4.14/Engine/Plugins/Runtime/OculusAudio/OculusAudio.uplugin
LogPluginManager: Loaded Plugin OculusInput, From D:/EpicGames/UE_4.14/Engine/Plugins/Runtime/OculusInput/OculusInput.uplugin
LogPluginManager: Loaded Plugin OculusLibrary, From D:/EpicGames/UE_4.14/Engine/Plugins/Runtime/OculusLibrary/OculusLibrary.uplugin
LogPluginManager: Loaded Plugin OculusRift, From D:/EpicGames/UE_4.14/Engine/Plugins/Runtime/OculusRift/OculusRift.uplugin
LogPluginManager: Loaded Plugin Oodle, From D:/EpicGames/UE_4.14/Engine/Plugins/Runtime/PacketHandlers/CompressionComponents/Oodle/Oodle.uplugin
LogPluginManager: Loaded Plugin ProceduralMeshComponent, From D:/EpicGames/UE_4.14/Engine/Plugins/Runtime/ProceduralMeshComponent/ProceduralMeshComponent.uplugin
LogPluginManager: Loaded Plugin SoundMod, From D:/EpicGames/UE_4.14/Engine/Plugins/Runtime/SoundMod/SoundMod.uplugin
LogPluginManager: Loaded Plugin SoundVisualizations, From D:/EpicGames/UE_4.14/Engine/Plugins/Runtime/SoundVisualizations/SoundVisualizations.uplugin
LogPluginManager: Loaded Plugin SteamController, From D:/EpicGames/UE_4.14/Engine/Plugins/Runtime/Steam/SteamController/SteamController.uplugin
LogPluginManager: Loaded Plugin SteamVR, From D:/EpicGames/UE_4.14/Engine/Plugins/Runtime/Steam/SteamVR/SteamVR.uplugin
LogPluginManager: Loaded Plugin WebBrowserWidget, From D:/EpicGames/UE_4.14/Engine/Plugins/Runtime/WebBrowserWidget/WebBrowserWidget.uplugin
LogPluginManager: Loaded Plugin WindowsDeviceProfileSelector, From D:/EpicGames/UE_4.14/Engine/Plugins/Runtime/WindowsDeviceProfileSelector/WindowsDeviceProfileSelector.uplugin
LogPluginManager: Loaded Plugin WindowsMoviePlayer, From D:/EpicGames/UE_4.14/Engine/Plugins/Runtime/WindowsMoviePlayer/WindowsMoviePlayer.uplugin
LogPluginManager: Loaded Plugin ScriptPlugin, From D:/EpicGames/UE_4.14/Engine/Plugins/ScriptPlugin/ScriptPlugin.uplugin
LogPluginManager: Loaded Plugin SlateRemote, From D:/EpicGames/UE_4.14/Engine/Plugins/Slate/SlateRemote/SlateRemote.uplugin
LogPluginManager: Loaded Plugin EditorTests, From D:/EpicGames/UE_4.14/Engine/Plugins/Tests/EditorTests/EditorTests.uplugin
LogPluginManager: Loaded Plugin FbxAutomationTestBuilder, From D:/EpicGames/UE_4.14/Engine/Plugins/Tests/FbxAutomationTestBuilder/FbxAutomationTestBuilder.uplugin
LogPluginManager: Loaded Plugin FunctionalTestingEditor, From D:/EpicGames/UE_4.14/Engine/Plugins/Tests/FunctionalTestingEditor/FunctionalTestingEditor.uplugin
LogPluginManager: Loaded Plugin RuntimeTests, From D:/EpicGames/UE_4.14/Engine/Plugins/Tests/RuntimeTests/RuntimeTests.uplugin
LogPluginManager: Loaded Plugin ScreenshotTools, From D:/EpicGames/UE_4.14/Engine/Plugins/Tests/ScreenshotTools/ScreenshotTools.uplugin
LogInit: Using libcurl 7.47.1
LogInit:  - built for x86_64-pc-win32
LogInit:  - supports SSL with OpenSSL/1.0.2g
LogInit:  - supports HTTP deflate (compression) using libz 1.2.8
LogInit:  - other features:
LogInit:      CURL_VERSION_SSL
LogInit:      CURL_VERSION_LIBZ
LogInit:      CURL_VERSION_IPV6
LogInit:      CURL_VERSION_ASYNCHDNS
LogInit:      CURL_VERSION_LARGEFILE
LogInit:      CURL_VERSION_IDN
LogInit:  CurlRequestOptions (configurable via config and command line):
LogInit:  - bVerifyPeer = false  - Libcurl will NOT verify peer certificate
LogInit:  - bUseHttpProxy = false  - Libcurl will NOT use HTTP proxy
LogInit:  - bDontReuseConnections = false  - Libcurl will reuse connections
LogInit:  - CertBundlePath = nullptr  - Libcurl will use whatever was configured at build time.
LogInit: Build: ++UE4+Release-4.14-CL-3249277
LogInit: Engine Version: 4.14.3-3249277+++UE4+Release-4.14
LogInit: Compatible Engine Version: 4.14.0-3195953+++UE4+Release-4.14
LogInit: Net CL: 3195953
LogDevObjectVersion: Number of dev versions registered: 13
LogDevObjectVersion:   Dev-Blueprints (B0D832E4-1F89-4F0D-ACCF-7EB736FD4AA2): 7
LogDevObjectVersion:   Dev-Build (E1C64328-A22C-4D53-A36C-8E866417BD8C): 0
LogDevObjectVersion:   Dev-Core (375EC13C-06E4-48FB-B500-84F0262A717E): 1
LogDevObjectVersion:   Dev-Editor (E4B068ED-F494-42E9-A231-DA0B2E46BB41): 8
LogDevObjectVersion:   Dev-Framework (CFFC743F-43B0-4480-9391-14DF171D2073): 17
LogDevObjectVersion:   Dev-Mobile (B02B49B5-BB20-44E9-A304-32B752E40360): 0
LogDevObjectVersion:   Dev-Networking (A4E4105C-59A1-49B5-A7C5-40C4547EDFEE): 0
LogDevObjectVersion:   Dev-Online (39C831C9-5AE6-47DC-9A44-9C173E1C8E7C): 0
LogDevObjectVersion:   Dev-Physics (78F01B33-EBEA-4F98-B9B4-84EACCB95AA2): 0
LogDevObjectVersion:   Dev-Platform (6631380F-2D4D-43E0-8009-CF276956A95A): 0
LogDevObjectVersion:   Dev-Rendering (12F88B9F-8875-4AFC-A67C-D90C383ABD29): 12
LogDevObjectVersion:   Dev-Sequencer (7B5AE74C-D270-4C10-A958-57980B212A5A): 1
LogDevObjectVersion:   Dev-VR (D7296918-1DD6-4BDD-9DE2-64A83CC13884): 0
LogInit: Compiled (64-bit): Jan  6 2017 10:49:43
LogInit: Compiled with Visual C++: 19.00.23026.00
LogInit: Build Configuration: Development
LogInit: Branch Name: ++UE4+Release-4.14
LogInit: Command line:  
LogInit: Base directory: D:/EpicGames/UE_4.14/Engine/Binaries/Win64/
LogInit: Installed Engine Build: 1
LogInit: Presizing for max 8388607 objects, including 0 objects not considered by GC, pre-allocating 0 bytes for permanent pool.
LogInit: Object subsystem initialized
[2021.10.11-00.22.19:356][  0]LogInit: Selected Device Profile: [Windows]
[2021.10.11-00.22.19:356][  0]LogInit: Applying CVar settings loaded from the selected device profile: [Windows]
[2021.10.11-00.22.19:366][  0]LogInit: Computer: DESKTOP-GK7AF5R
[2021.10.11-00.22.19:366][  0]LogInit: User: jerye
[2021.10.11-00.22.19:366][  0]LogInit: CPU Page size=65536, Cores=6
[2021.10.11-00.22.19:366][  0]LogInit: High frequency timer resolution =10.000000 MHz
[2021.10.11-00.22.19:366][  0]LogMemory: Memory total: Physical=31.9GB (32GB approx)
[2021.10.11-00.22.19:366][  0]LogMemory: Platform Memory Stats for Windows
[2021.10.11-00.22.19:366][  0]LogMemory: Process Physical Memory: 269.27 MB used, 269.27 MB peak
[2021.10.11-00.22.19:366][  0]LogMemory: Process Virtual Memory: 269.15 MB used, 269.15 MB peak
[2021.10.11-00.22.19:366][  0]LogMemory: Physical Memory: 10806.98 MB used,  21870.89 MB free, 32677.88 MB total
[2021.10.11-00.22.19:366][  0]LogMemory: Virtual Memory: 4804.86 MB used,  21870.89 MB free, 134217728.00 MB total
[2021.10.11-00.22.19:511][  0]LogTextLocalizationManager: No specific translations for ('en-CA') exist, so ('en') translations will be used.
[2021.10.11-00.22.20:292][  0]LogD3D11RHI: D3D11 adapters:
[2021.10.11-00.22.20:331][  0]LogD3D11RHI:    0. 'AMD Radeon RX 5700 XT' (Feature Level 11_0)
[2021.10.11-00.22.20:331][  0]LogD3D11RHI:       8151/0/16338 MB DedicatedVideo/DedicatedSystem/SharedSystem, Outputs:2, VendorId:0x1002
[2021.10.11-00.22.20:336][  0]LogD3D11RHI:    1. 'Microsoft Basic Render Driver' (Feature Level 11_0)
[2021.10.11-00.22.20:336][  0]LogD3D11RHI:       0/0/16338 MB DedicatedVideo/DedicatedSystem/SharedSystem, Outputs:0, VendorId:0x1414
[2021.10.11-00.22.20:336][  0]LogD3D11RHI: Chosen D3D11 Adapter: 0
[2021.10.11-00.22.20:346][  0]LogD3D11RHI: Creating new Direct3DDevice
[2021.10.11-00.22.20:346][  0]LogD3D11RHI:     GPU DeviceId: 0x731f (for the marketing name, search the web for "GPU Device Id")
[2021.10.11-00.22.20:346][  0]LogWindows: EnumDisplayDevices:
[2021.10.11-00.22.20:346][  0]LogWindows:    0. 'AMD Radeon RX 5700 XT' (P:1 D:1)
[2021.10.11-00.22.20:346][  0]LogWindows:    1. 'AMD Radeon RX 5700 XT' (P:0 D:1)
[2021.10.11-00.22.20:346][  0]LogWindows:    2. 'AMD Radeon RX 5700 XT' (P:0 D:0)
[2021.10.11-00.22.20:347][  0]LogWindows:    3. 'AMD Radeon RX 5700 XT' (P:0 D:0)
[2021.10.11-00.22.20:347][  0]LogWindows:    4. 'AMD Radeon RX 5700 XT' (P:0 D:0)
[2021.10.11-00.22.20:347][  0]LogWindows:    5. 'AMD Radeon RX 5700 XT' (P:0 D:0)
[2021.10.11-00.22.20:347][  0]LogWindows:    6. 'AMD Radeon RX 5700 XT' (P:0 D:0)
[2021.10.11-00.22.20:347][  0]LogWindows: DebugString: GetVideoDriverDetailsInvalid PrimaryIsNotTheChoosenAdapter GetVideoDriverDetailsInvalid PrimaryIsNotTheChoosenAdapter GetVideoDriverDetailsInvalid PrimaryIsNotTheChoosenAdapter GetVideoDriverDetailsInvalid PrimaryIsNotTheChoosenAdapter GetVideoDriverDetailsInvalid PrimaryIsNotTheChoosenAdapter GetVideoDriverDetailsInvalid PrimaryIsNotTheChoosenAdapter GetVideoDriverDetailsInvalid PrimaryIsNotTheChoosenAdapter FoundDriverCount:0 
[2021.10.11-00.22.20:347][  0]LogD3D11RHI:     Adapter Name: AMD Radeon RX 5700 XT
[2021.10.11-00.22.20:347][  0]LogD3D11RHI:   Driver Version: Unknown (internal:Unknown, unified:Unknown)
[2021.10.11-00.22.20:347][  0]LogD3D11RHI:      Driver Date: Unknown
[2021.10.11-00.22.20:347][  0]LogRHI: Texture pool is 1361 MB (70% of 1945 MB)
[2021.10.11-00.22.20:375][  0]LogD3D11RHI: Async texture creation enabled
[2021.10.11-00.22.20:390][  0]LogD3D11RHI: GPU Timing Frequency: 100.000000 (Debug: 2 1)
[2021.10.11-00.22.20:391][  0]LogShaderCompilers: Guid format shader working directory is -34 characters bigger than the processId version (../../../../../GitHub Projects/Udemy_Unreal/Udemy_Pinball/Udemy_Pinball/Pinball/Intermediate/Shaders/WorkingDirectory/14400/).
[2021.10.11-00.22.20:391][  0]LogShaderCompilers: Cleaned the shader compiler working directory 'C:/Users/jerye/AppData/Local/Temp/UnrealShaderWorkingDir/85AA5B284194F56EF6CD608F5863321E/'.
[2021.10.11-00.22.20:391][  0]LogShaderCompilers:Display: Using Local Shader Compiler.
[2021.10.11-00.22.21:391][  0]LogTemp:Display: Loaded TP AllDesktopTargetPlatform
[2021.10.11-00.22.21:444][  0]LogTemp:Display: Loaded TP MacClientTargetPlatform
[2021.10.11-00.22.21:498][  0]LogTemp:Display: Loaded TP MacNoEditorTargetPlatform
[2021.10.11-00.22.21:560][  0]LogTemp:Display: Loaded TP MacServerTargetPlatform
[2021.10.11-00.22.21:626][  0]LogTemp:Display: Loaded TP MacTargetPlatform
[2021.10.11-00.22.21:686][  0]LogTemp:Display: Loaded TP WindowsClientTargetPlatform
[2021.10.11-00.22.21:751][  0]LogTemp:Display: Loaded TP WindowsNoEditorTargetPlatform
[2021.10.11-00.22.21:806][  0]LogTemp:Display: Loaded TP WindowsServerTargetPlatform
[2021.10.11-00.22.21:849][  0]LogTemp:Display: Loaded TP WindowsTargetPlatform
[2021.10.11-00.22.21:919][  0]LogTemp:Display: Loaded TP AndroidTargetPlatform
[2021.10.11-00.22.21:977][  0]LogTemp:Display: Loaded TP Android_ASTCTargetPlatform
[2021.10.11-00.22.22:056][  0]LogTemp:Display: Loaded TP Android_ATCTargetPlatform
[2021.10.11-00.22.22:121][  0]LogTemp:Display: Loaded TP Android_DXTTargetPlatform
[2021.10.11-00.22.22:182][  0]LogTemp:Display: Loaded TP Android_ETC1TargetPlatform
[2021.10.11-00.22.22:255][  0]LogTemp:Display: Loaded TP Android_ETC2TargetPlatform
[2021.10.11-00.22.22:406][  0]LogTemp:Display: Loaded TP Android_MultiTargetPlatform
[2021.10.11-00.22.22:406][  0]LogTemp:Display: Loaded TP Android_PVRTCTargetPlatform
[2021.10.11-00.22.22:446][  0]LogTemp:Display: Loaded TP HTML5TargetPlatform
[2021.10.11-00.22.22:564][  0]LogTemp:Display: Loaded TP IOSTargetPlatform
[2021.10.11-00.22.22:599][  0]LogTemp:Display: Loaded TP TVOSTargetPlatform
[2021.10.11-00.22.22:671][  0]LogTemp:Display: Loaded TP LinuxClientTargetPlatform
[2021.10.11-00.22.22:743][  0]LogTemp:Display: Loaded TP LinuxNoEditorTargetPlatform
[2021.10.11-00.22.22:795][  0]LogTemp:Display: Loaded TP LinuxServerTargetPlatform
[2021.10.11-00.22.22:847][  0]LogTemp:Display: Loaded TP LinuxTargetPlatform
[2021.10.11-00.22.22:847][  0]LogTargetPlatformManager:Display: Building Assets For Windows
[2021.10.11-00.22.23:335][  0]LogDerivedDataCache:Display: Max Cache Size: 512 MB
[2021.10.11-00.22.23:380][  0]LogDerivedDataCache: Loaded boot cache 0.05s 64MB C:/Users/jerye/AppData/Local/UnrealEngine/4.14/DerivedDataCache/Boot.ddc.
[2021.10.11-00.22.23:380][  0]LogDerivedDataCache:Display: Loaded Boot cache: C:/Users/jerye/AppData/Local/UnrealEngine/4.14/DerivedDataCache/Boot.ddc
[2021.10.11-00.22.23:380][  0]LogDerivedDataCache: FDerivedDataBackendGraph:  Pak pak cache file ../../../../../GitHub Projects/Udemy_Unreal/Udemy_Pinball/Udemy_Pinball/Pinball/DerivedDataCache/DDC.ddp not found, will not use a pak cache.
[2021.10.11-00.22.23:380][  0]LogDerivedDataCache: Unable to find inner node Pak for hierarchical cache Hierarchy.
[2021.10.11-00.22.23:380][  0]LogDerivedDataCache: FDerivedDataBackendGraph:  CompressedPak pak cache file ../../../../../GitHub Projects/Udemy_Unreal/Udemy_Pinball/Udemy_Pinball/Pinball/DerivedDataCache/Compressed.ddp not found, will not use a pak cache.
[2021.10.11-00.22.23:380][  0]LogDerivedDataCache: Unable to find inner node CompressedPak for hierarchical cache Hierarchy.
[2021.10.11-00.22.23:396][  0]LogDerivedDataCache:Display: Pak cache opened for reading ../../../Engine/DerivedDataCache/Compressed.ddp.
[2021.10.11-00.22.23:408][  0]LogDerivedDataCache: Using Local data cache path C:/Users/jerye/AppData/Local/UnrealEngine/Common/DerivedDataCache: Writable
[2021.10.11-00.22.23:605][  0]LogInit: Selected Device Profile: [Windows]
[2021.10.11-00.22.23:607][  0]LogContentStreaming: Texture pool size is 0.00 MB
[2021.10.11-00.22.23:872][  0]LogMeshUtilities: Using QuadricMeshReduction for automatic static mesh reduction
[2021.10.11-00.22.23:924][  0]LogSimplygon: Simplygon DLL not present - disabling.
[2021.10.11-00.22.23:977][  0]LogMeshUtilities: Using SimplygonSwarm for distributed automatic mesh merging
[2021.10.11-00.22.23:977][  0]LogMeshUtilities: No automatic skeletal mesh reduction module available
[2021.10.11-00.22.23:977][  0]LogMeshUtilities: No automatic mesh merging module available
[2021.10.11-00.22.24:485][  0]LogNetVersion: GetLocalNetworkVersion: CL: 3195953, ProjectName: pinball, ProjectVersion: , EngineNetworkVersion: 2, GameNetworkVersion: 0, NetworkChecksum: 1748929517
[2021.10.11-00.22.24:559][  0]LogAssetRegistry: FAssetRegistry took 0.0219 seconds to start up
[2021.10.11-00.22.24:639][  0]LogPackageLocalizationCache: Processed 3 localized package path(s) for 2 prioritized culture(s) in 0.039058 seconds
[2021.10.11-00.22.24:644][  0]LogUObjectArray: 31946 objects as part of root set at end of initial load.
[2021.10.11-00.22.24:644][  0]LogUObjectAllocator: 6935840 out of 0 bytes used by permanent object pool.
[2021.10.11-00.22.24:644][  0]LogUObjectArray: CloseDisregardForGC: 0/0 objects in disregard for GC pool
[2021.10.11-00.22.24:718][  0]LogInit: WinSock: version 1.1 (2.2), MaxSocks=32767, MaxUdp=65467
[2021.10.11-00.22.25:841][  0]LogSlate: Using Freetype 2.6.0
[2021.10.11-00.22.25:862][  0]LogSlate: SlateFontCache - WITH_FREETYPE: 1, WITH_HARFBUZZ: 1
[2021.10.11-00.22.25:862][  0]LogSlate: SlateFontCache - WITH_FREETYPE: 1, WITH_HARFBUZZ: 1
[2021.10.11-00.22.26:712][  0]LogTcpMessaging: Initializing TcpMessaging bridge
[2021.10.11-00.22.26:825][  0]LogUdpMessaging: Initializing bridge on interface 0.0.0.0:0 to multicast group 230.0.0.1:6666.
[2021.10.11-00.22.27:293][  0]LogMaterial: Uniform references updated for custom material expression Custom.
[2021.10.11-00.22.27:719][  0]SourceControl: Info Source control is disabled
[2021.10.11-00.22.27:720][  0]SourceControl: Info Source control is disabled
[2021.10.11-00.22.27:787][  0]SourceControl: Info Source control is disabled
[2021.10.11-00.22.27:839][  0]SourceControl: Info Source control is disabled
[2021.10.11-00.22.29:586][  0]LogEngine: Initializing Engine...
[2021.10.11-00.22.29:648][  0]LogHMD: Failed to initialize OpenVR with code 110
[2021.10.11-00.22.29:958][  0]LogAIModule: Creating AISystem for world Untitled
[2021.10.11-00.22.30:022][  0]LogInit: XAudio2 using 'Speakers (High Definition Audio Device)' : 2 channels at 48 kHz using 16 bits per sample (channel mask 0x3)
[2021.10.11-00.22.30:071][  0]LogInit: FAudioDevice initialized.
[2021.10.11-00.22.30:110][  0]LogDerivedDataCache: Saved boot cache 0.04s 64MB C:/Users/jerye/AppData/Local/UnrealEngine/4.14/DerivedDataCache/Boot.ddc.
[2021.10.11-00.22.30:120][  0]LogInit: Texture streaming: Enabled
[2021.10.11-00.22.30:370][  0]LogInit: Transaction tracking system initialized
[2021.10.11-00.22.30:791][  0]BlueprintLog: New page: Editor Load
[2021.10.11-00.22.32:339][  0]LocalizationService: Info Localization service is disabled
[2021.10.11-00.22.33:225][  0]LogConsoleResponse:Display: 
[2021.10.11-00.22.33:369][  0]LogCook:Display: Max memory allowance for cook 16384mb min free memory 0mb
[2021.10.11-00.22.33:369][  0]LogCook:Display: Mobile HDR setting 1
[2021.10.11-00.22.34:450][  0]LogFileCache: Scanning file cache for directory 'D:/GitHub Projects/Udemy_Unreal/Udemy_Pinball/Udemy_Pinball/Pinball/Content/' took 0.01s
[2021.10.11-00.22.34:516][  0]SourceControl: Info Source control is disabled
[2021.10.11-00.22.34:516][  0]Cmd: MAP LOAD FILE="../../../Engine/Content/Maps/Templates/Template_Default.umap" TEMPLATE=1 SHOWPROGRESS=1 FEATURELEVEL=3
[2021.10.11-00.22.34:517][  0]LightingResults: New page: Lighting Build
[2021.10.11-00.22.34:574][  0]MapCheck: New page: Map Check
[2021.10.11-00.22.34:574][  0]LightingResults: New page: Lighting Build
[2021.10.11-00.22.34:770][  0]LogAIModule: Creating AISystem for world Untitled_1
[2021.10.11-00.22.34:771][  0]LogActorComponent: RegisterComponentWithWorld: (/Temp/Untitled_1.Untitled_1:PersistentLevel.WorldSettings_1.StaticMeshComponent0) Trying to register component with IsPendingKill() == true. Aborting.
[2021.10.11-00.22.34:833][  0]LogEditorServer: Finished looking for orphan Actors (0.000 secs)
[2021.10.11-00.22.34:838][  0]Cmd: MAP CHECKDEP NOCLEARLOG
[2021.10.11-00.22.34:880][  0]MapCheck: Info Map check complete: 0 Error(s), 0 Warning(s), took 42.378ms to complete.
[2021.10.11-00.22.34:880][  0]LogFileHelpers: Loading map 'Template_Default' took 0.364
[2021.10.11-00.22.35:101][  0]LogCollectionManager: Loaded 0 collections in 0.001160 seconds
[2021.10.11-00.22.35:189][  0]LogFileCache: Scanning file cache for directory 'D:/GitHub Projects/Udemy_Unreal/Udemy_Pinball/Udemy_Pinball/Pinball/Saved/Collections/' took 0.01s
[2021.10.11-00.22.35:189][  0]LogFileCache: Scanning file cache for directory 'D:/GitHub Projects/Udemy_Unreal/Udemy_Pinball/Udemy_Pinball/Pinball/Content/Developers/jerye/Collections/' took 0.01s
[2021.10.11-00.22.35:189][  0]LogFileCache: Scanning file cache for directory 'D:/GitHub Projects/Udemy_Unreal/Udemy_Pinball/Udemy_Pinball/Pinball/Content/Collections/' took 0.01s
[2021.10.11-00.22.35:189][  0]LogCollectionManager: Rebuilt the GUID cache for 0 collections in 0.000002 seconds
[2021.10.11-00.22.35:198][  0]LogContentBrowser: Native class hierarchy populated in 0.0089 seconds. Added 2190 classes and 428 folders.
[2021.10.11-00.22.35:266][  0]LogStats: UGameplayTagsManager::ConstructGameplayTagTree: Construct from data asset -  0.000 s
[2021.10.11-00.22.35:266][  0]LogStats: UGameplayTagsManager::ConstructGameplayTagTree: GameplayTagTreeChangedEvent.Broadcast -  0.000 s
[2021.10.11-00.22.35:267][  0]LogContentBrowser: Native class hierarchy updated for 'GameplayTags' in 0.0007 seconds. Added 13 classes and 0 folders.
[2021.10.11-00.22.35:356][  0]LogContentBrowser: Native class hierarchy updated for 'WidgetCarousel' in 0.0007 seconds. Added 0 classes and 0 folders.
[2021.10.11-00.22.35:418][  0]LogContentBrowser: Native class hierarchy updated for 'AddContentDialog' in 0.0007 seconds. Added 0 classes and 0 folders.
[2021.10.11-00.22.35:514][  0]LogContentBrowser: Native class hierarchy updated for 'SceneOutliner' in 0.0008 seconds. Added 1 classes and 2 folders.
[2021.10.11-00.22.35:572][  0]LogCrashTracker: Crashtracker disabled due to settings.
[2021.10.11-00.22.35:715][  0]LogContentBrowser: Native class hierarchy updated for 'HierarchicalLODOutliner' in 0.0007 seconds. Added 1 classes and 2 folders.
[2021.10.11-00.22.35:716][  0]LogLoad: (Engine Initialization) Total time: 18.20 seconds
[2021.10.11-00.22.35:716][  0]LogLoad: (Engine Initialization) Total Blueprint compile time: 0.14 seconds
[2021.10.11-00.22.35:716][  0]LogExternalProfiler: No external profilers were discovered.  External profiling features will not be available.
[2021.10.11-00.22.36:055][  0]LogOcInput: OculusInput pre-init called
[2021.10.11-00.22.36:068][  0]LogAssetRegistry: Asset discovery search completed in 11.5317 seconds
[2021.10.11-00.22.36:068][  0]LogCollectionManager: Rebuilt the object cache for 0 collections in 0.000001 seconds (found 0 objects)
[2021.10.11-00.22.36:068][  0]LogCollectionManager: Fixed up redirectors for 0 collections in 0.000011 seconds (updated 0 objects)
[2021.10.11-00.22.36:071][  0]LogContentStreaming: Texture pool size now 1000 MB
[2021.10.11-00.22.36:268][  0]LogRenderer: Reallocating scene render targets to support 1208x576 NumSamples 1 (Frame:2).
[2021.10.11-00.25.43:462][347]LogFactory: FactoryCreateFile: StaticMesh with FbxFactory (0 0 D:\GitHub Projects\Udemy_Unreal\PinballAssets\BallSphere.FBX)
[2021.10.11-00.25.43:604][347]LogFbx: ItemName: GlobalSettings, ItemCount : 1
[2021.10.11-00.25.43:604][347]LogFbx: ItemName: AnimationStack, ItemCount : 1
[2021.10.11-00.25.43:604][347]LogFbx: ItemName: AnimationLayer, ItemCount : 1
[2021.10.11-00.25.43:604][347]LogFbx: ItemName: Model, ItemCount : 1
[2021.10.11-00.25.43:604][347]LogFbx: ItemName: Geometry, ItemCount : 1
[2021.10.11-00.25.43:604][347]LogFbx: ItemName: Material, ItemCount : 1
[2021.10.11-00.25.43:611][347]LogFbx: Loading FBX Scene from D:\GitHub Projects\Udemy_Unreal\PinballAssets\BallSphere.FBX
[2021.10.11-00.25.43:621][347]LogFbx: FBX Scene Loaded Succesfully
[2021.10.11-00.26.28:535][347]LogFbx: Loading FBX Scene from D:\GitHub Projects\Udemy_Unreal\PinballAssets\BallSphere.FBX
[2021.10.11-00.26.28:540][347]LogFbx: FBX Scene Loaded Succesfully
[2021.10.11-00.26.28:643][347]LogStaticMesh: Building static mesh BallSphere...
[2021.10.11-00.26.28:688][347]LogStaticMesh: Built static mesh [0.05s] /Game/Assets/BallSphere.BallSphere
[2021.10.11-00.26.28:774][347]FBXImport:Warning: Warning No smoothing group information was found in this FBX scene.  Please make sure to enable the 'Export Smoothing Groups' option in the FBX Exporter plug-in before exporting the file.  Even for tools that don't support smoothing groups, the FBX Exporter will generate appropriate smoothing data at export-time so that correct vertex normals can be inferred while importing. 
[2021.10.11-00.26.51:467][930]LogMaterial: Missing cached shader map for material M_SimpleMetal, compiling. 
[2021.10.11-00.26.52:124][930]LogMaterial: Missing cached shader map for material M_SimpleMetal, compiling. 
[2021.10.11-00.26.52:134][930]LogMaterial: 0.00 seconds spent updating 1 materials, 1 interfaces, 0 instances, 0 with static permutations.
[2021.10.11-00.26.55:380][ 99]MaterialEditorStats: Info Base pass shader with only dynamic lighting: 22 instructions
[2021.10.11-00.26.55:380][ 99]MaterialEditorStats: Info Vertex shader: 29 instructions
[2021.10.11-00.26.55:380][ 99]MaterialEditorStats: Info Texture samplers: 0/16
[2021.10.11-00.27.07:544][526]LogMaterial: Missing cached shader map for material M_SimpleMetal, compiling. 
[2021.10.11-00.27.07:553][526]LogMaterial: 0.00 seconds spent updating 1 materials, 1 interfaces, 0 instances, 0 with static permutations.
[2021.10.11-00.27.07:932][560]MaterialEditorStats: Info Base pass shader with only dynamic lighting: 22 instructions
[2021.10.11-00.27.07:932][560]MaterialEditorStats: Info Vertex shader: 29 instructions
[2021.10.11-00.27.07:932][560]MaterialEditorStats: Info Texture samplers: 0/16
[2021.10.11-00.27.23:815][439]LogMaterial: Missing cached shader map for material M_SimpleMetal, compiling. 
[2021.10.11-00.27.23:831][439]LogMaterial: 0.00 seconds spent updating 1 materials, 1 interfaces, 0 instances, 0 with static permutations.
[2021.10.11-00.27.24:267][483]MaterialEditorStats: Info Base pass shader with only dynamic lighting: 22 instructions
[2021.10.11-00.27.24:267][483]MaterialEditorStats: Info Vertex shader: 29 instructions
[2021.10.11-00.27.24:267][483]MaterialEditorStats: Info Texture samplers: 0/16
[2021.10.11-00.27.27:719][885]LogMaterial: Missing cached shader map for material M_SimpleMetal, compiling. 
[2021.10.11-00.27.27:727][885]LogMaterial: 0.00 seconds spent updating 1 materials, 1 interfaces, 0 instances, 0 with static permutations.
[2021.10.11-00.27.28:141][932]MaterialEditorStats: Info Base pass shader with only dynamic lighting: 22 instructions
[2021.10.11-00.27.28:141][932]MaterialEditorStats: Info Vertex shader: 29 instructions
[2021.10.11-00.27.28:141][932]MaterialEditorStats: Info Texture samplers: 0/16
[2021.10.11-00.27.37:065][  1]LogMaterial: Missing cached shader map for material M_SimpleMetal, compiling. 
[2021.10.11-00.27.37:073][  1]LogMaterial: 0.00 seconds spent updating 1 materials, 1 interfaces, 0 instances, 0 with static permutations.
[2021.10.11-00.27.37:473][ 43]MaterialEditorStats: Info Base pass shader with only dynamic lighting: 22 instructions
[2021.10.11-00.27.37:473][ 43]MaterialEditorStats: Info Vertex shader: 29 instructions
[2021.10.11-00.27.37:473][ 43]MaterialEditorStats: Info Texture samplers: 0/16
[2021.10.11-00.27.39:490][284]LogEditorTransaction: Undo Edit Value
[2021.10.11-00.27.39:508][284]LogMaterial: Missing cached shader map for material M_SimpleMetal, compiling. 
[2021.10.11-00.27.39:558][284]LogMaterial: Missing cached shader map for material M_SimpleMetal, compiling. 
[2021.10.11-00.27.39:569][284]LogMaterial: 0.00 seconds spent updating 1 materials, 1 interfaces, 0 instances, 0 with static permutations.
[2021.10.11-00.27.40:085][317]MaterialEditorStats: Info Base pass shader with only dynamic lighting: 22 instructions
[2021.10.11-00.27.40:085][317]MaterialEditorStats: Info Vertex shader: 29 instructions
[2021.10.11-00.27.40:085][317]MaterialEditorStats: Info Texture samplers: 0/16
[2021.10.11-00.27.41:107][439]LogMaterial: Missing cached shader map for material M_SimpleMetal, compiling. 
[2021.10.11-00.27.41:115][439]LogMaterial: 0.00 seconds spent updating 1 materials, 1 interfaces, 0 instances, 0 with static permutations.
[2021.10.11-00.27.41:508][479]MaterialEditorStats: Info Base pass shader with only dynamic lighting: 22 instructions
[2021.10.11-00.27.41:508][479]MaterialEditorStats: Info Vertex shader: 29 instructions
[2021.10.11-00.27.41:508][479]MaterialEditorStats: Info Texture samplers: 0/16
[2021.10.11-00.27.43:146][673]LogMaterial: Missing cached shader map for material M_SimpleMetal, compiling. 
[2021.10.11-00.27.43:154][673]LogMaterial: 0.00 seconds spent updating 1 materials, 1 interfaces, 0 instances, 0 with static permutations.
[2021.10.11-00.27.43:605][718]MaterialEditorStats: Info Base pass shader with only dynamic lighting: 22 instructions
[2021.10.11-00.27.43:605][718]MaterialEditorStats: Info Vertex shader: 29 instructions
[2021.10.11-00.27.43:605][718]MaterialEditorStats: Info Texture samplers: 0/16
[2021.10.11-00.27.45:720][971]LogMaterial: Missing cached shader map for material M_SimpleMetal, compiling. 
[2021.10.11-00.27.45:728][971]LogMaterial: 0.00 seconds spent updating 1 materials, 1 interfaces, 0 instances, 0 with static permutations.
[2021.10.11-00.27.46:116][ 15]MaterialEditorStats: Info Base pass shader with only dynamic lighting: 22 instructions
[2021.10.11-00.27.46:116][ 15]MaterialEditorStats: Info Vertex shader: 29 instructions
[2021.10.11-00.27.46:116][ 15]MaterialEditorStats: Info Texture samplers: 0/16
[2021.10.11-00.28.02:553][978]LogMaterial: Missing cached shader map for material M_SimpleMetal, compiling. 
[2021.10.11-00.28.02:561][978]LogMaterial: 0.00 seconds spent updating 1 materials, 1 interfaces, 0 instances, 0 with static permutations.
[2021.10.11-00.28.02:570][978]LogMaterial: Missing cached shader map for material FMatExpressionPreview MaterialExpressionVectorParameter_0, compiling. 
[2021.10.11-00.28.03:032][ 10]MaterialEditorStats: Info Base pass shader with only dynamic lighting: 22 instructions
[2021.10.11-00.28.03:033][ 10]MaterialEditorStats: Info Vertex shader: 29 instructions
[2021.10.11-00.28.03:033][ 10]MaterialEditorStats: Info Texture samplers: 0/16
[2021.10.11-00.28.40:839][528]LogMaterial: Missing cached shader map for material M_SimpleMetal, compiling. 
[2021.10.11-00.28.40:848][528]LogMaterial: 0.00 seconds spent updating 1 materials, 1 interfaces, 0 instances, 0 with static permutations.
[2021.10.11-00.28.40:882][528]LogMaterial: Missing cached shader map for material FMatExpressionPreview MaterialExpressionVectorParameter_0, compiling. 
[2021.10.11-00.28.41:825][627]MaterialEditorStats: Info Base pass shader with only dynamic lighting: 22 instructions
[2021.10.11-00.28.41:825][627]MaterialEditorStats: Info Vertex shader: 29 instructions
[2021.10.11-00.28.41:825][627]MaterialEditorStats: Info Texture samplers: 0/16
[2021.10.11-00.28.47:188][261]LogMaterial: Missing cached shader map for material M_SimpleMetal, compiling. 
[2021.10.11-00.28.47:196][261]LogMaterial: 0.00 seconds spent updating 1 materials, 1 interfaces, 0 instances, 0 with static permutations.
[2021.10.11-00.28.47:221][261]LogMaterial: Missing cached shader map for material FMatExpressionPreview MaterialExpressionVectorParameter_0, compiling. 
[2021.10.11-00.28.47:654][306]MaterialEditorStats: Info Base pass shader with only dynamic lighting: 22 instructions
[2021.10.11-00.28.47:654][306]MaterialEditorStats: Info Vertex shader: 29 instructions
[2021.10.11-00.28.47:654][306]MaterialEditorStats: Info Texture samplers: 0/16
[2021.10.11-00.28.57:873][527]LogMaterial: Missing cached shader map for material M_SimpleMetal, compiling. 
[2021.10.11-00.28.57:881][527]LogMaterial: 0.00 seconds spent updating 1 materials, 1 interfaces, 0 instances, 0 with static permutations.
[2021.10.11-00.28.57:908][527]LogMaterial: Missing cached shader map for material FMatExpressionPreview MaterialExpressionVectorParameter_0, compiling. 
[2021.10.11-00.28.58:303][565]MaterialEditorStats: Info Base pass shader with only dynamic lighting: 22 instructions
[2021.10.11-00.28.58:303][565]MaterialEditorStats: Info Vertex shader: 29 instructions
[2021.10.11-00.28.58:303][565]MaterialEditorStats: Info Texture samplers: 0/16
[2021.10.11-00.28.59:122][663]LogMaterial: Missing cached shader map for material M_SimpleMetal, compiling. 
[2021.10.11-00.28.59:130][663]LogMaterial: 0.00 seconds spent updating 1 materials, 1 interfaces, 0 instances, 0 with static permutations.
[2021.10.11-00.28.59:157][663]LogMaterial: Missing cached shader map for material FMatExpressionPreview MaterialExpressionVectorParameter_0, compiling. 
[2021.10.11-00.28.59:564][705]MaterialEditorStats: Info Base pass shader with only dynamic lighting: 22 instructions
[2021.10.11-00.28.59:564][705]MaterialEditorStats: Info Vertex shader: 29 instructions
[2021.10.11-00.28.59:564][705]MaterialEditorStats: Info Texture samplers: 0/16
[2021.10.11-00.29.00:359][800]LogMaterial: Missing cached shader map for material M_SimpleMetal, compiling. 
[2021.10.11-00.29.00:367][800]LogMaterial: 0.00 seconds spent updating 1 materials, 1 interfaces, 0 instances, 0 with static permutations.
[2021.10.11-00.29.00:398][800]LogMaterial: Missing cached shader map for material FMatExpressionPreview MaterialExpressionVectorParameter_0, compiling. 
[2021.10.11-00.29.00:788][841]MaterialEditorStats: Info Base pass shader with only dynamic lighting: 22 instructions
[2021.10.11-00.29.00:788][841]MaterialEditorStats: Info Vertex shader: 29 instructions
[2021.10.11-00.29.00:788][841]MaterialEditorStats: Info Texture samplers: 0/16
[2021.10.11-00.29.11:412][ 91]LogMaterialEditor: Saving and Compiling material M_SimpleMetal
[2021.10.11-00.29.11:787][ 91]LogMaterial: Missing cached shader map for material M_SimpleMetal, compiling. 
[2021.10.11-00.29.11:805][ 91]LogMaterial: 0.00 seconds spent updating 1 materials, 1 interfaces, 0 instances, 0 with static permutations.
[2021.10.11-00.29.11:850][ 91]LogMaterial: Missing cached shader map for material M_SimpleMetal, compiling. 
[2021.10.11-00.29.11:880][ 91]LogMaterial: Missing cached shader map for material M_SimpleMetal, compiling. 
[2021.10.11-00.29.11:895][ 91]LogMaterial: 0.00 seconds spent updating 1 materials, 1 interfaces, 0 instances, 0 with static permutations.
[2021.10.11-00.29.13:308][ 91]Cmd: OBJ SAVEPACKAGE PACKAGE="/Game/Assets/M_SimpleMetal" FILE="../../../../../GitHub Projects/Udemy_Unreal/Udemy_Pinball/Udemy_Pinball/Pinball/Content/Assets/M_SimpleMetal.uasset" SILENT=true
[2021.10.11-00.29.13:436][ 91]LogSavePackage: Save=111.52ms
[2021.10.11-00.29.13:436][ 91]LogSavePackage: Moving '../../../../../GitHub Projects/Udemy_Unreal/Udemy_Pinball/Udemy_Pinball/Pinball/Saved/M_SimpleMetalD60E60504EEDE69A703481990510898D.tmp' to '../../../../../GitHub Projects/Udemy_Unreal/Udemy_Pinball/Udemy_Pinball/Pinball/Content/Assets/M_SimpleMetal.uasset'
[2021.10.11-00.29.13:453][ 91]LogSavePackage:Display: Finished SavePackage ../../../../../GitHub Projects/Udemy_Unreal/Udemy_Pinball/Udemy_Pinball/Pinball/Content/Assets/M_SimpleMetal.uasset
[2021.10.11-00.29.13:459][ 91]MaterialEditorStats: Info Base pass shader with only dynamic lighting: 57 instructions
[2021.10.11-00.29.13:459][ 91]MaterialEditorStats: Info Vertex shader: 29 instructions
[2021.10.11-00.29.13:459][ 91]MaterialEditorStats: Info Texture samplers: 3/16
[2021.10.11-00.29.15:965][340]LogTexture:Display: Building textures: SunsetAmbientCubemap (RGBA16F)
[2021.10.11-00.29.21:272][340]LogTexture:Display: Building textures: SimplygonLogo (AutoDXT)
[2021.10.11-00.29.21:991][341]LogRenderer: Reallocating scene render targets to support 1432x924 NumSamples 1 (Frame:21007).
[2021.10.11-00.29.47:597][288]LogActorFactory: Actor Factory created BallSphere
[2021.10.11-00.29.48:122][317]LogActorFactory: Actor Factory created BallSphere
[2021.10.11-00.30.28:326][931]LogTemp: Repeting last play command: Selected Viewport
[2021.10.11-00.30.28:384][931]LogPlayLevel: PlayLevel: No blueprints needed recompiling
[2021.10.11-00.30.28:491][931]PIE: New page: PIE session: Untitled_1 (Oct 10, 2021, 4:30:28 PM)
[2021.10.11-00.30.28:499][931]LogPlayLevel: Creating play world package: /Temp/UEDPIE_0_Untitled_1
[2021.10.11-00.30.28:528][931]LogPlayLevel: PIE: StaticDuplicateObject took: (0.028648s)
[2021.10.11-00.30.28:528][931]LogAIModule: Creating AISystem for world Untitled_1
[2021.10.11-00.30.28:547][931]LogPlayLevel: PIE: World Init took: (0.019210s)
[2021.10.11-00.30.28:547][931]LogPlayLevel: PIE: Created PIE world by copying editor world from /Temp/Untitled_1.Untitled_1 to /Temp/UEDPIE_0_Untitled_1.Untitled_1 (0.049036s)
[2021.10.11-00.30.28:624][931]LogInit: XAudio2 using 'Speakers (High Definition Audio Device)' : 2 channels at 48 kHz using 16 bits per sample (channel mask 0x3)
[2021.10.11-00.30.28:650][931]LogInit: FAudioDevice initialized.
[2021.10.11-00.30.28:837][931]LogLoad: Game class is 'GameModeBase'
[2021.10.11-00.30.28:943][931]LogWorld: Bringing World /Temp/UEDPIE_0_Untitled_1.Untitled_1 up for play (max tick rate 0) at 2021.10.10-20.30.28
[2021.10.11-00.30.28:974][931]LogWorld: Bringing up level for play took: 0.021627
[2021.10.11-00.30.29:231][931]LogContentBrowser: Native class hierarchy updated for 'MovieSceneCapture' in 0.0009 seconds. Added 11 classes and 0 folders.
[2021.10.11-00.30.29:287][931]PIE: Info Play in editor start time for /Temp/UEDPIE_0_Untitled_1 0.042
[2021.10.11-00.30.33:035][264]LogEditorViewport: Clicking on Actor (context menu): BP_Sky_Sphere_C (Sky Sphere)
[2021.10.11-00.30.34:776][426]LogEditorViewport: Clicking on Actor (context menu): BP_Sky_Sphere_C (Sky Sphere)
[2021.10.11-00.30.35:628][519]LogEditorViewport: Clicking on Actor (LMB): BP_Sky_Sphere_C (Sky Sphere)
[2021.10.11-00.31.39:051][343]LogContentBrowser: Native class hierarchy updated for 'BlueprintGraph' in 0.0013 seconds. Added 111 classes and 0 folders.
[2021.10.11-00.31.40:098][343]LogTexture:Display: Building textures: TilePatine_N (BC5)
[2021.10.11-00.31.40:136][343]LogTexture:Display: Building textures: TilePatine_D (AutoDXT)
[2021.10.11-00.32.38:860][776]LogSavePackage: Save=87.73ms
[2021.10.11-00.32.38:860][776]LogSavePackage: Moving '../../../../../GitHub Projects/Udemy_Unreal/Udemy_Pinball/Udemy_Pinball/Pinball/Saved/Untitled_1_Auto1846D36EA4F03543791D15E90711D2746.tmp' to '../../../../../GitHub Projects/Udemy_Unreal/Udemy_Pinball/Udemy_Pinball/Pinball/Saved/Autosaves/Temp/Untitled_1_Auto1.umap'
[2021.10.11-00.32.38:863][776]LogSavePackage:Display: Finished SavePackage ../../../../../GitHub Projects/Udemy_Unreal/Udemy_Pinball/Udemy_Pinball/Pinball/Saved/Autosaves/Temp/Untitled_1_Auto1.umap
[2021.10.11-00.32.38:886][776]LogFileHelpers: Editor autosave (incl. sublevels) for '/Temp/Untitled_1' took 0.171
[2021.10.11-00.32.38:886][776]LogFileHelpers: Editor autosave (incl. sublevels) for all levels took 0.171
[2021.10.11-00.32.38:890][776]OBJ SavePackage: Generating thumbnails for [1] asset(s) in package [/Game/Assets/BallSphere] ([1] browsable assets)...
[2021.10.11-00.32.38:901][776]OBJ SavePackage:     Rendered thumbnail for [StaticMesh /Game/Assets/BallSphere.BallSphere]
[2021.10.11-00.32.38:901][776]OBJ SavePackage: Finished generating thumbnails for package [/Game/Assets/BallSphere]
[2021.10.11-00.32.38:917][776]LogSavePackage: Save=12.44ms
[2021.10.11-00.32.38:917][776]LogSavePackage: Moving '../../../../../GitHub Projects/Udemy_Unreal/Udemy_Pinball/Udemy_Pinball/Pinball/Saved/BallSphere_Auto1C235C72743D25E1DE0529E9E6CAE149B.tmp' to '../../../../../GitHub Projects/Udemy_Unreal/Udemy_Pinball/Udemy_Pinball/Pinball/Saved/Autosaves/Game/Assets/BallSphere_Auto1.uasset'
[2021.10.11-00.32.38:920][776]LogSavePackage:Display: Finished SavePackage ../../../../../GitHub Projects/Udemy_Unreal/Udemy_Pinball/Udemy_Pinball/Pinball/Saved/Autosaves/Game/Assets/BallSphere_Auto1.uasset
[2021.10.11-00.32.38:923][776]OBJ SavePackage: Generating thumbnails for [0] asset(s) in package [/Game/Blueprints/BP_Ball] ([1] browsable assets)...
[2021.10.11-00.32.38:923][776]OBJ SavePackage: Finished generating thumbnails for package [/Game/Blueprints/BP_Ball]
[2021.10.11-00.32.38:934][776]LogSavePackage: Save=8.37ms
[2021.10.11-00.32.38:934][776]LogSavePackage: Moving '../../../../../GitHub Projects/Udemy_Unreal/Udemy_Pinball/Udemy_Pinball/Pinball/Saved/BP_Ball_Auto13745E7104349EFA5717152B31D694654.tmp' to '../../../../../GitHub Projects/Udemy_Unreal/Udemy_Pinball/Udemy_Pinball/Pinball/Saved/Autosaves/Game/Blueprints/BP_Ball_Auto1.uasset'
[2021.10.11-00.32.38:937][776]LogSavePackage:Display: Finished SavePackage ../../../../../GitHub Projects/Udemy_Unreal/Udemy_Pinball/Udemy_Pinball/Pinball/Saved/Autosaves/Game/Blueprints/BP_Ball_Auto1.uasset
[2021.10.11-00.32.38:937][776]LogFileHelpers: Auto-saving content packages took 0.050
[2021.10.11-00.35.37:784][251]BlueprintLog: New page: Compile BP_Ball
[2021.10.11-00.35.38:903][306]Cmd: OBJ SAVEPACKAGE PACKAGE="/Game/Blueprints/BP_Ball" FILE="../../../../../GitHub Projects/Udemy_Unreal/Udemy_Pinball/Udemy_Pinball/Pinball/Content/Blueprints/BP_Ball.uasset" SILENT=true
[2021.10.11-00.35.38:923][306]LogSavePackage: Save=17.58ms
[2021.10.11-00.35.38:923][306]LogSavePackage: Moving '../../../../../GitHub Projects/Udemy_Unreal/Udemy_Pinball/Udemy_Pinball/Pinball/Saved/BP_BallA184CFB74EA8F35621CBD7903C7D52F9.tmp' to '../../../../../GitHub Projects/Udemy_Unreal/Udemy_Pinball/Udemy_Pinball/Pinball/Content/Blueprints/BP_Ball.uasset'
[2021.10.11-00.35.38:930][306]LogSavePackage:Display: Finished SavePackage ../../../../../GitHub Projects/Udemy_Unreal/Udemy_Pinball/Udemy_Pinball/Pinball/Content/Blueprints/BP_Ball.uasset
[2021.10.11-00.39.23:464][896]BlueprintLog: New page: Compile BP_Ball
[2021.10.11-00.41.40:846][569]BlueprintLog: New page: Compile BP_Ball
[2021.10.11-00.41.41:811][651]Cmd: OBJ SAVEPACKAGE PACKAGE="/Game/Blueprints/BP_Ball" FILE="../../../../../GitHub Projects/Udemy_Unreal/Udemy_Pinball/Udemy_Pinball/Pinball/Content/Blueprints/BP_Ball.uasset" SILENT=true
[2021.10.11-00.41.41:962][651]LogSavePackage: Save=30.11ms
[2021.10.11-00.41.41:962][651]LogSavePackage: Moving '../../../../../GitHub Projects/Udemy_Unreal/Udemy_Pinball/Udemy_Pinball/Pinball/Saved/BP_Ball56333799473396E6C6FD218E05043E23.tmp' to '../../../../../GitHub Projects/Udemy_Unreal/Udemy_Pinball/Udemy_Pinball/Pinball/Content/Blueprints/BP_Ball.uasset'
[2021.10.11-00.41.41:968][651]LogSavePackage:Display: Finished SavePackage ../../../../../GitHub Projects/Udemy_Unreal/Udemy_Pinball/Udemy_Pinball/Pinball/Content/Blueprints/BP_Ball.uasset
[2021.10.11-00.41.47:015][220]LogTemp: Repeting last play command: Selected Viewport
[2021.10.11-00.41.47:027][220]LogPlayLevel: PlayLevel: No blueprints needed recompiling
[2021.10.11-00.41.47:028][220]PIE: New page: PIE session: Untitled_1 (Oct 10, 2021, 4:41:47 PM)
[2021.10.11-00.41.47:028][220]LogPlayLevel: Creating play world package: /Temp/UEDPIE_0_Untitled_1
[2021.10.11-00.41.47:030][220]LogPlayLevel: PIE: StaticDuplicateObject took: (0.002211s)
[2021.10.11-00.41.47:031][220]LogAIModule: Creating AISystem for world Untitled_1
[2021.10.11-00.41.47:031][220]LogPlayLevel: PIE: World Init took: (0.000822s)
[2021.10.11-00.41.47:031][220]LogPlayLevel: PIE: Created PIE world by copying editor world from /Temp/Untitled_1.Untitled_1 to /Temp/UEDPIE_0_Untitled_1.Untitled_1 (0.003300s)
[2021.10.11-00.41.47:080][220]LogInit: XAudio2 using 'Speakers (High Definition Audio Device)' : 2 channels at 48 kHz using 16 bits per sample (channel mask 0x3)
[2021.10.11-00.41.47:096][220]LogInit: FAudioDevice initialized.
[2021.10.11-00.41.47:142][220]LogLoad: Game class is 'GameModeBase'
[2021.10.11-00.41.47:143][220]LogWorld: Bringing World /Temp/UEDPIE_0_Untitled_1.Untitled_1 up for play (max tick rate 0) at 2021.10.10-20.41.47
[2021.10.11-00.41.47:144][220]LogWorld: Bringing up level for play took: 0.000914
[2021.10.11-00.41.47:144][220]PIE: Info Play in editor start time for /Temp/UEDPIE_0_Untitled_1 -0.1
[2021.10.11-00.42.21:568][185]LogEditorViewport: Clicking on Actor (LMB): StaticMeshActor (BallSphere)
[2021.10.11-00.42.23:826][446]Cmd: DELETE
[2021.10.11-00.42.23:827][446]Cmd: ACTOR DELETE
[2021.10.11-00.42.24:042][446]LogEditorActor: Deleted Actor: StaticMeshActor
[2021.10.11-00.42.24:057][446]LogEditorActor: Deleted 1 Actors (0.026 secs)
[2021.10.11-00.42.29:240][ 35]LogTemp: Repeting last play command: Selected Viewport
[2021.10.11-00.42.29:253][ 35]LogPlayLevel: PlayLevel: No blueprints needed recompiling
[2021.10.11-00.42.29:253][ 35]PIE: New page: PIE session: Untitled_1 (Oct 10, 2021, 4:42:29 PM)
[2021.10.11-00.42.29:253][ 35]LogPlayLevel: Creating play world package: /Temp/UEDPIE_0_Untitled_1
[2021.10.11-00.42.29:255][ 35]LogPlayLevel: PIE: StaticDuplicateObject took: (0.001885s)
[2021.10.11-00.42.29:256][ 35]LogAIModule: Creating AISystem for world Untitled_1
[2021.10.11-00.42.29:256][ 35]LogPlayLevel: PIE: World Init took: (0.000533s)
[2021.10.11-00.42.29:256][ 35]LogPlayLevel: PIE: Created PIE world by copying editor world from /Temp/Untitled_1.Untitled_1 to /Temp/UEDPIE_0_Untitled_1.Untitled_1 (0.002594s)
[2021.10.11-00.42.29:302][ 35]LogInit: XAudio2 using 'Speakers (High Definition Audio Device)' : 2 channels at 48 kHz using 16 bits per sample (channel mask 0x3)
[2021.10.11-00.42.29:318][ 35]LogInit: FAudioDevice initialized.
[2021.10.11-00.42.29:368][ 35]LogLoad: Game class is 'GameModeBase'
[2021.10.11-00.42.29:370][ 35]LogWorld: Bringing World /Temp/UEDPIE_0_Untitled_1.Untitled_1 up for play (max tick rate 0) at 2021.10.10-20.42.29
[2021.10.11-00.42.29:370][ 35]LogWorld: Bringing up level for play took: 0.001008
[2021.10.11-00.42.29:372][ 35]PIE: Info Play in editor start time for /Temp/UEDPIE_0_Untitled_1 0.127
[2021.10.11-00.43.15:050][395]Cmd: OBJ SAVEPACKAGE PACKAGE="/Game/Blueprints/BP_Ball" FILE="../../../../../GitHub Projects/Udemy_Unreal/Udemy_Pinball/Udemy_Pinball/Pinball/Content/Blueprints/BP_Ball.uasset" SILENT=true
[2021.10.11-00.43.15:076][395]LogSavePackage: Save=11.75ms
[2021.10.11-00.43.15:076][395]LogSavePackage: Moving '../../../../../GitHub Projects/Udemy_Unreal/Udemy_Pinball/Udemy_Pinball/Pinball/Saved/BP_BallF20C819B41A6703E6C4576AB3D9BFC68.tmp' to '../../../../../GitHub Projects/Udemy_Unreal/Udemy_Pinball/Udemy_Pinball/Pinball/Content/Blueprints/BP_Ball.uasset'
[2021.10.11-00.43.15:082][395]LogSavePackage:Display: Finished SavePackage ../../../../../GitHub Projects/Udemy_Unreal/Udemy_Pinball/Udemy_Pinball/Pinball/Content/Blueprints/BP_Ball.uasset
[2021.10.11-00.43.15:453][435]Cmd: OBJ SAVEPACKAGE PACKAGE="/Game/Blueprints/BP_Ball" FILE="../../../../../GitHub Projects/Udemy_Unreal/Udemy_Pinball/Udemy_Pinball/Pinball/Content/Blueprints/BP_Ball.uasset" SILENT=true
[2021.10.11-00.43.15:469][435]LogSavePackage: Save=12.03ms
[2021.10.11-00.43.15:469][435]LogSavePackage: Moving '../../../../../GitHub Projects/Udemy_Unreal/Udemy_Pinball/Udemy_Pinball/Pinball/Saved/BP_Ball1BFA30B3496A388BEE76828B2FF4612D.tmp' to '../../../../../GitHub Projects/Udemy_Unreal/Udemy_Pinball/Udemy_Pinball/Pinball/Content/Blueprints/BP_Ball.uasset'
[2021.10.11-00.43.15:472][435]LogSavePackage:Display: Finished SavePackage ../../../../../GitHub Projects/Udemy_Unreal/Udemy_Pinball/Udemy_Pinball/Pinball/Content/Blueprints/BP_Ball.uasset
[2021.10.11-00.43.18:337][764]Cmd: OBJ SAVEPACKAGE PACKAGE="/Game/Assets/BallSphere" FILE="../../../../../GitHub Projects/Udemy_Unreal/Udemy_Pinball/Udemy_Pinball/Pinball/Content/Assets/BallSphere.uasset" SILENT=true
[2021.10.11-00.43.18:352][764]LogSavePackage: Save=11.89ms
[2021.10.11-00.43.18:352][764]LogSavePackage: Moving '../../../../../GitHub Projects/Udemy_Unreal/Udemy_Pinball/Udemy_Pinball/Pinball/Saved/BallSphere7E80309D446EF7131CCAD589FCFEA5BF.tmp' to '../../../../../GitHub Projects/Udemy_Unreal/Udemy_Pinball/Udemy_Pinball/Pinball/Content/Assets/BallSphere.uasset'
[2021.10.11-00.43.18:358][764]LogSavePackage:Display: Finished SavePackage ../../../../../GitHub Projects/Udemy_Unreal/Udemy_Pinball/Udemy_Pinball/Pinball/Content/Assets/BallSphere.uasset
[2021.10.11-00.43.23:196][329]LogTemp: Repeting last play command: Selected Viewport
[2021.10.11-00.43.23:205][329]LogPlayLevel: PlayLevel: No blueprints needed recompiling
[2021.10.11-00.43.23:205][329]PIE: New page: PIE session: Untitled_1 (Oct 10, 2021, 4:43:23 PM)
[2021.10.11-00.43.23:205][329]LogPlayLevel: Creating play world package: /Temp/UEDPIE_0_Untitled_1
[2021.10.11-00.43.23:207][329]LogPlayLevel: PIE: StaticDuplicateObject took: (0.001851s)
[2021.10.11-00.43.23:207][329]LogAIModule: Creating AISystem for world Untitled_1
[2021.10.11-00.43.23:207][329]LogPlayLevel: PIE: World Init took: (0.000562s)
[2021.10.11-00.43.23:207][329]LogPlayLevel: PIE: Created PIE world by copying editor world from /Temp/Untitled_1.Untitled_1 to /Temp/UEDPIE_0_Untitled_1.Untitled_1 (0.002587s)
[2021.10.11-00.43.23:256][329]LogInit: XAudio2 using 'Speakers (High Definition Audio Device)' : 2 channels at 48 kHz using 16 bits per sample (channel mask 0x3)
[2021.10.11-00.43.23:269][329]LogInit: FAudioDevice initialized.
[2021.10.11-00.43.23:304][329]LogLoad: Game class is 'GameModeBase'
[2021.10.11-00.43.23:307][329]LogWorld: Bringing World /Temp/UEDPIE_0_Untitled_1.Untitled_1 up for play (max tick rate 0) at 2021.10.10-20.43.23
[2021.10.11-00.43.23:307][329]LogWorld: Bringing up level for play took: 0.001159
[2021.10.11-00.43.23:308][329]PIE: Info Play in editor start time for /Temp/UEDPIE_0_Untitled_1 0.063
[2021.10.11-00.43.46:911][409]BlueprintLog: New page: Compile BP_Ball
[2021.10.11-00.43.47:563][469]Cmd: OBJ SAVEPACKAGE PACKAGE="/Game/Blueprints/BP_Ball" FILE="../../../../../GitHub Projects/Udemy_Unreal/Udemy_Pinball/Udemy_Pinball/Pinball/Content/Blueprints/BP_Ball.uasset" SILENT=true
[2021.10.11-00.43.47:588][469]LogSavePackage: Save=19.76ms
[2021.10.11-00.43.47:588][469]LogSavePackage: Moving '../../../../../GitHub Projects/Udemy_Unreal/Udemy_Pinball/Udemy_Pinball/Pinball/Saved/BP_Ball4F3C32C240EA2997FC4C75ABE36B4C70.tmp' to '../../../../../GitHub Projects/Udemy_Unreal/Udemy_Pinball/Udemy_Pinball/Pinball/Content/Blueprints/BP_Ball.uasset'
[2021.10.11-00.43.47:595][469]LogSavePackage:Display: Finished SavePackage ../../../../../GitHub Projects/Udemy_Unreal/Udemy_Pinball/Udemy_Pinball/Pinball/Content/Blueprints/BP_Ball.uasset
[2021.10.11-00.43.50:365][779]LogTemp: Repeting last play command: Selected Viewport
[2021.10.11-00.43.50:373][779]LogPlayLevel: PlayLevel: No blueprints needed recompiling
[2021.10.11-00.43.50:373][779]PIE: New page: PIE session: Untitled_1 (Oct 10, 2021, 4:43:50 PM)
[2021.10.11-00.43.50:373][779]LogPlayLevel: Creating play world package: /Temp/UEDPIE_0_Untitled_1
[2021.10.11-00.43.50:375][779]LogPlayLevel: PIE: StaticDuplicateObject took: (0.001605s)
[2021.10.11-00.43.50:375][779]LogAIModule: Creating AISystem for world Untitled_1
[2021.10.11-00.43.50:375][779]LogPlayLevel: PIE: World Init took: (0.000525s)
[2021.10.11-00.43.50:375][779]LogPlayLevel: PIE: Created PIE world by copying editor world from /Temp/Untitled_1.Untitled_1 to /Temp/UEDPIE_0_Untitled_1.Untitled_1 (0.002318s)
[2021.10.11-00.43.50:421][779]LogInit: XAudio2 using 'Speakers (High Definition Audio Device)' : 2 channels at 48 kHz using 16 bits per sample (channel mask 0x3)
[2021.10.11-00.43.50:437][779]LogInit: FAudioDevice initialized.
[2021.10.11-00.43.50:468][779]LogLoad: Game class is 'GameModeBase'
[2021.10.11-00.43.50:470][779]LogWorld: Bringing World /Temp/UEDPIE_0_Untitled_1.Untitled_1 up for play (max tick rate 0) at 2021.10.10-20.43.50
[2021.10.11-00.43.50:470][779]LogWorld: Bringing up level for play took: 0.000769
[2021.10.11-00.43.50:471][779]PIE: Info Play in editor start time for /Temp/UEDPIE_0_Untitled_1 -0.774
[2021.10.11-00.43.52:205][975]LogTemp: Repeting last play command: Selected Viewport
[2021.10.11-00.43.52:214][975]LogPlayLevel: PlayLevel: No blueprints needed recompiling
[2021.10.11-00.43.52:214][975]PIE: New page: PIE session: Untitled_1 (Oct 10, 2021, 4:43:52 PM)
[2021.10.11-00.43.52:214][975]LogPlayLevel: Creating play world package: /Temp/UEDPIE_0_Untitled_1
[2021.10.11-00.43.52:215][975]LogPlayLevel: PIE: StaticDuplicateObject took: (0.001331s)
[2021.10.11-00.43.52:215][975]LogAIModule: Creating AISystem for world Untitled_1
[2021.10.11-00.43.52:216][975]LogPlayLevel: PIE: World Init took: (0.000653s)
[2021.10.11-00.43.52:216][975]LogPlayLevel: PIE: Created PIE world by copying editor world from /Temp/Untitled_1.Untitled_1 to /Temp/UEDPIE_0_Untitled_1.Untitled_1 (0.002439s)
[2021.10.11-00.43.52:261][975]LogInit: XAudio2 using 'Speakers (High Definition Audio Device)' : 2 channels at 48 kHz using 16 bits per sample (channel mask 0x3)
[2021.10.11-00.43.52:274][975]LogInit: FAudioDevice initialized.
[2021.10.11-00.43.52:308][975]LogLoad: Game class is 'GameModeBase'
[2021.10.11-00.43.52:310][975]LogWorld: Bringing World /Temp/UEDPIE_0_Untitled_1.Untitled_1 up for play (max tick rate 0) at 2021.10.10-20.43.52
[2021.10.11-00.43.52:310][975]LogWorld: Bringing up level for play took: 0.001369
[2021.10.11-00.43.52:330][975]PIE: Info Play in editor start time for /Temp/UEDPIE_0_Untitled_1 1.085
[2021.10.11-00.44.15:809][912]LogSavePackage: Save=25.94ms
[2021.10.11-00.44.15:809][912]LogSavePackage: Moving '../../../../../GitHub Projects/Udemy_Unreal/Udemy_Pinball/Udemy_Pinball/Pinball/Saved/MainLevel026959CB4065EEE386468CADDAFCEA7F.tmp' to '../../../../../GitHub Projects/Udemy_Unreal/Udemy_Pinball/Udemy_Pinball/Pinball/Content/Maps/MainLevel.umap'
